13:43:05.512 [main] INFO  com.billhub.qa.base.TestBase - Waiting for web element to be clickable: [[ChromeDriver: chrome on windows (9ee107bfc8335ac5824fa96230a514fc)] -> xpath: //span[normalize-space()='Create Memo']]
13:43:08.692 [main] INFO  com.billhub.qa.base.TestBase - Waiting for element invisibility: By.className: modal-container
15:00:39.511 [main] INFO  com.billhub.qa.base.TestBase - Waiting for element invisibility: By.className: modal-container
15:00:54.563 [main] INFO  com.billhub.qa.base.TestBase - Waiting for web element to be clickable: [[ChromeDriver: chrome on windows (9a691c710ca1dc6f93b25ac51cf6b472)] -> xpath: //button[@class='btn btn-primary ng-star-inserted']]
15:00:54.819 [main] INFO  com.billhub.qa.base.TestBase - Waiting for web element to be clickable: [[ChromeDriver: chrome on windows (9a691c710ca1dc6f93b25ac51cf6b472)] -> xpath: //span[normalize-space()='Create Memo']]
15:00:58.044 [main] INFO  com.billhub.qa.base.TestBase - Waiting for element invisibility: By.className: modal-container
15:03:05.725 [main] INFO  com.billhub.qa.base.TestBase - Waiting for element invisibility: By.className: modal-container
15:03:20.803 [main] INFO  com.billhub.qa.base.TestBase - Waiting for web element to be clickable: [[ChromeDriver: chrome on windows (01bad390f1a7c8cf831ba4c670aca6ee)] -> xpath: //button[@class='btn btn-primary ng-star-inserted']]
15:03:21.270 [main] INFO  com.billhub.qa.base.TestBase - Waiting for web element to be clickable: [[ChromeDriver: chrome on windows (01bad390f1a7c8cf831ba4c670aca6ee)] -> xpath: //span[normalize-space()='Create Memo']]
15:03:42.116 [main] INFO  com.billhub.qa.base.TestBase - Waiting for element invisibility: By.className: modal-container
15:03:57.187 [main] INFO  com.billhub.qa.base.TestBase - Waiting for web element to be clickable: [[ChromeDriver: chrome on windows (8e7e118777605cb0c2b5fcbf60029082)] -> xpath: //button[@class='btn btn-primary ng-star-inserted']]
15:03:57.568 [main] INFO  com.billhub.qa.base.TestBase - Waiting for web element to be clickable: [[ChromeDriver: chrome on windows (8e7e118777605cb0c2b5fcbf60029082)] -> xpath: //span[normalize-space()='Create Memo']]
15:04:00.786 [main] INFO  com.billhub.qa.base.TestBase - Waiting for element invisibility: By.className: modal-container
15:04:16.474 [main] INFO  com.billhub.qa.base.TestBase - Checking if success toast is displayed for message: Invoice created successfully.
15:04:31.493 [main] ERROR com.billhub.qa.base.TestBase - TimeoutException: Success toast not displayed for message - Invoice created successfully.
15:05:33.195 [main] INFO  com.billhub.qa.base.TestBase - Waiting for element invisibility: By.className: modal-container
15:05:48.266 [main] INFO  com.billhub.qa.base.TestBase - Waiting for web element to be clickable: [[ChromeDriver: chrome on windows (1f43d689ec16ceb4771726cf51788f6f)] -> xpath: //button[@class='btn btn-primary ng-star-inserted']]
15:05:48.531 [main] INFO  com.billhub.qa.base.TestBase - Waiting for web element to be clickable: [[ChromeDriver: chrome on windows (1f43d689ec16ceb4771726cf51788f6f)] -> xpath: //span[normalize-space()='Create Memo']]
15:05:51.797 [main] INFO  com.billhub.qa.base.TestBase - Waiting for element invisibility: By.className: modal-container
15:06:07.388 [main] INFO  com.billhub.qa.base.TestBase - Waiting for web element to be clickable: [[ChromeDriver: chrome on windows (1f43d689ec16ceb4771726cf51788f6f)] -> xpath: //button[normalize-space()='SAVE']]
15:06:07.568 [main] INFO  com.billhub.qa.base.TestBase - Checking if success toast is displayed for message: Invoice created successfully.
15:06:22.582 [main] ERROR com.billhub.qa.base.TestBase - TimeoutException: Success toast not displayed for message - Invoice created successfully.
15:14:42.614 [main] INFO  com.billhub.qa.base.TestBase - Waiting for element invisibility: By.className: modal-container
15:14:57.680 [main] INFO  com.billhub.qa.base.TestBase - Waiting for web element to be clickable: [[ChromeDriver: chrome on windows (7be771d22d41cf04a148b3391e92d1ec)] -> xpath: //button[@class='btn btn-primary ng-star-inserted']]
15:14:57.962 [main] INFO  com.billhub.qa.base.TestBase - Waiting for web element to be clickable: [[ChromeDriver: chrome on windows (7be771d22d41cf04a148b3391e92d1ec)] -> xpath: //span[normalize-space()='Create Memo']]
15:15:01.285 [main] INFO  com.billhub.qa.base.TestBase - Waiting for element invisibility: By.className: modal-container
15:15:15.734 [main] INFO  com.billhub.qa.base.TestBase - Waiting for element invisibility: By.className: modal-container
15:15:31.154 [main] INFO  com.billhub.qa.base.TestBase - Waiting for element invisibility: By.className: modal-container
15:15:46.587 [main] INFO  com.billhub.qa.base.TestBase - Waiting for element invisibility: By.className: modal-container
15:16:17.336 [main] INFO  com.billhub.qa.base.TestBase - Waiting for element invisibility: By.className: modal-container
15:16:32.423 [main] INFO  com.billhub.qa.base.TestBase - Waiting for web element to be clickable: [[ChromeDriver: chrome on windows (ea5a9c1b0636b629651413b97a8e2ace)] -> xpath: //button[@class='btn btn-primary ng-star-inserted']]
15:16:32.745 [main] INFO  com.billhub.qa.base.TestBase - Waiting for web element to be clickable: [[ChromeDriver: chrome on windows (ea5a9c1b0636b629651413b97a8e2ace)] -> xpath: //span[normalize-space()='Create Memo']]
15:16:36.434 [main] INFO  com.billhub.qa.base.TestBase - Waiting for element invisibility: By.className: modal-container
15:16:52.043 [main] INFO  com.billhub.qa.base.TestBase - Waiting for element invisibility: By.className: modal-container
15:17:07.569 [main] INFO  com.billhub.qa.base.TestBase - Waiting for element invisibility: By.className: modal-container
15:17:23.089 [main] INFO  com.billhub.qa.base.TestBase - Waiting for element invisibility: By.className: modal-container
15:17:38.598 [main] INFO  com.billhub.qa.base.TestBase - Waiting for web element to be clickable: [[ChromeDriver: chrome on windows (ea5a9c1b0636b629651413b97a8e2ace)] -> xpath: //button[normalize-space()='SAVE']]
15:17:38.751 [main] INFO  com.billhub.qa.base.TestBase - Checking if success toast is displayed for message: Invoice created successfully.
15:17:53.784 [main] ERROR com.billhub.qa.base.TestBase - TimeoutException: Success toast not displayed for message - Invoice created successfully.
18:31:35.464 [main] INFO  com.billhub.qa.base.TestBase - Waiting for element invisibility: By.className: modal-container
18:31:50.554 [main] INFO  com.billhub.qa.base.TestBase - Waiting for web element to be clickable: [[ChromeDriver: chrome on windows (38e1c656dbac857b3f2c56003d7e500b)] -> xpath: //button[@class='btn btn-primary ng-star-inserted']]
18:31:51.088 [main] INFO  com.billhub.qa.base.TestBase - Waiting for web element to be clickable: [[ChromeDriver: chrome on windows (38e1c656dbac857b3f2c56003d7e500b)] -> xpath: //span[normalize-space()='Create Memo']]
18:31:54.783 [main] INFO  com.billhub.qa.base.TestBase - Waiting for element invisibility: By.className: modal-container
18:32:10.356 [main] INFO  com.billhub.qa.base.TestBase - Waiting for element invisibility: By.className: modal-container
18:32:25.908 [main] INFO  com.billhub.qa.base.TestBase - Waiting for element invisibility: By.className: modal-container
18:32:41.422 [main] INFO  com.billhub.qa.base.TestBase - Waiting for element invisibility: By.className: modal-container
18:32:57.026 [main] INFO  com.billhub.qa.base.TestBase - Waiting for web element to be clickable: [[ChromeDriver: chrome on windows (38e1c656dbac857b3f2c56003d7e500b)] -> xpath: //button[normalize-space()='SAVE']]
18:32:57.184 [main] INFO  com.billhub.qa.base.TestBase - Checking if success toast is displayed for message: Invoice created successfully.
18:33:12.230 [main] ERROR com.billhub.qa.base.TestBase - TimeoutException: Success toast not displayed for message - Invoice created successfully.
18:39:11.407 [main] INFO  com.billhub.qa.base.TestBase - Waiting for element invisibility: By.className: modal-container
18:39:26.450 [main] INFO  com.billhub.qa.base.TestBase - Waiting for web element to be clickable: [[ChromeDriver: chrome on windows (fd290c4a87f329274ef0ead95781af40)] -> xpath: //button[@class='btn btn-primary ng-star-inserted']]
18:39:27.009 [main] INFO  com.billhub.qa.base.TestBase - Waiting for web element to be clickable: [[ChromeDriver: chrome on windows (fd290c4a87f329274ef0ead95781af40)] -> xpath: //span[normalize-space()='Create Memo']]
18:39:30.870 [main] INFO  com.billhub.qa.base.TestBase - Waiting for element invisibility: By.className: modal-container
18:39:46.414 [main] INFO  com.billhub.qa.base.TestBase - Waiting for element invisibility: By.className: modal-container
18:40:01.917 [main] INFO  com.billhub.qa.base.TestBase - Waiting for element invisibility: By.className: modal-container
18:40:17.416 [main] INFO  com.billhub.qa.base.TestBase - Waiting for element invisibility: By.className: modal-container
18:40:32.998 [main] INFO  com.billhub.qa.base.TestBase - Waiting for web element to be clickable: [[ChromeDriver: chrome on windows (fd290c4a87f329274ef0ead95781af40)] -> xpath: //button[normalize-space()='SAVE']]
18:40:33.238 [main] INFO  com.billhub.qa.base.TestBase - Checking if success toast is displayed for message: Invoice created successfully.
18:40:48.258 [main] ERROR com.billhub.qa.base.TestBase - TimeoutException: Success toast not displayed for message - Invoice created successfully.
18:45:32.407 [main] INFO  com.billhub.qa.base.TestBase - Waiting for element invisibility: By.className: modal-container
18:45:47.489 [main] INFO  com.billhub.qa.base.TestBase - Waiting for web element to be clickable: [[ChromeDriver: chrome on windows (b89ee9510036603a32279897b30224df)] -> xpath: //button[@class='btn btn-primary ng-star-inserted']]
18:45:48.191 [main] INFO  com.billhub.qa.base.TestBase - Waiting for web element to be clickable: [[ChromeDriver: chrome on windows (b89ee9510036603a32279897b30224df)] -> xpath: //span[normalize-space()='Create Memo']]
18:45:51.966 [main] INFO  com.billhub.qa.base.TestBase - Waiting for element invisibility: By.className: modal-container
