20:46:54.387 [main] INFO  com.billhub.qa.base.TestBase - Waiting for web element to be clickable: [[ChromeDriver: chrome on windows (cec60eec8737dde581e545d35bcfd1a3)] -> xpath: //button[@class='btn btn-primary ng-star-inserted']]
20:46:54.768 [main] INFO  com.billhub.qa.base.TestBase - Waiting for web element to be clickable: [[ChromeDriver: chrome on windows (cec60eec8737dde581e545d35bcfd1a3)] -> xpath: //span[normalize-space()='Create Memo']]
20:46:55.680 [main] INFO  com.billhub.qa.base.TestBase - Waiting for element invisibility: By.className: modal-container
20:47:10.855 [main] INFO  com.billhub.qa.base.TestBase - Waiting for element invisibility: By.className: modal-container
20:47:25.910 [main] INFO  com.billhub.qa.base.TestBase - Waiting for web element to be clickable: [[ChromeDriver: chrome on windows (cec60eec8737dde581e545d35bcfd1a3)] -> xpath: /html/body/modal-container/div/div/app-add-po-popup/div[2]/div[2]/div[1]/table/tbody/tr[1]/td[1]/div/input]
20:47:26.101 [main] INFO  com.billhub.qa.base.TestBase - Waiting for element invisibility: By.className: modal-container
20:47:41.199 [main] INFO  com.billhub.qa.base.TestBase - Waiting for element visibility: By.cssSelector: .btn.btn-warning.btn-acknowledge
20:47:45.607 [main] INFO  com.billhub.qa.base.TestBase - Waiting for web element to be clickable: [[ChromeDriver: chrome on windows (cec60eec8737dde581e545d35bcfd1a3)] -> css selector: .btn.btn-warning.btn-acknowledge]
20:50:30.730 [main] INFO  com.billhub.qa.base.TestBase - Waiting for element invisibility: By.className: modal-container
20:50:45.816 [main] INFO  com.billhub.qa.base.TestBase - Waiting for web element to be clickable: [[ChromeDriver: chrome on windows (9a9b9a7baa9fbaf8e84d896a89b4bb12)] -> xpath: //button[@class='btn btn-primary ng-star-inserted']]
20:50:46.089 [main] INFO  com.billhub.qa.base.TestBase - Waiting for web element to be clickable: [[ChromeDriver: chrome on windows (9a9b9a7baa9fbaf8e84d896a89b4bb12)] -> xpath: //span[normalize-space()='Create Memo']]
20:50:46.987 [main] INFO  com.billhub.qa.base.TestBase - Waiting for element invisibility: By.className: modal-container
20:51:02.192 [main] INFO  com.billhub.qa.base.TestBase - Waiting for element invisibility: By.className: modal-container
20:51:17.231 [main] INFO  com.billhub.qa.base.TestBase - Waiting for web element to be clickable: [[ChromeDriver: chrome on windows (9a9b9a7baa9fbaf8e84d896a89b4bb12)] -> xpath: /html/body/modal-container/div/div/app-add-po-popup/div[2]/div[2]/div[1]/table/tbody/tr[1]/td[1]/div/input]
20:51:17.410 [main] INFO  com.billhub.qa.base.TestBase - Waiting for element invisibility: By.className: modal-container
20:51:32.501 [main] INFO  com.billhub.qa.base.TestBase - Waiting for element visibility: By.cssSelector: .btn.btn-warning.btn-acknowledge
20:51:36.780 [main] INFO  com.billhub.qa.base.TestBase - Waiting for web element to be clickable: [[ChromeDriver: chrome on windows (9a9b9a7baa9fbaf8e84d896a89b4bb12)] -> css selector: .btn.btn-warning.btn-acknowledge]
20:51:36.885 [main] INFO  com.billhub.qa.base.TestBase - Waiting for element invisibility: By.className: modal-container
20:51:43.498 [main] INFO  com.billhub.qa.base.TestBase - Waiting for element invisibility: By.className: modal-container
20:54:22.048 [main] INFO  com.billhub.qa.base.TestBase - Waiting for element invisibility: By.className: modal-container
20:54:37.102 [main] INFO  com.billhub.qa.base.TestBase - Waiting for web element to be clickable: [[ChromeDriver: chrome on windows (8e2e5717c1ea3eb838a345ae9d807f54)] -> xpath: //button[@class='btn btn-primary ng-star-inserted']]
20:54:37.376 [main] INFO  com.billhub.qa.base.TestBase - Waiting for web element to be clickable: [[ChromeDriver: chrome on windows (8e2e5717c1ea3eb838a345ae9d807f54)] -> xpath: //span[normalize-space()='Create Memo']]
20:54:38.270 [main] INFO  com.billhub.qa.base.TestBase - Waiting for element invisibility: By.className: modal-container
20:54:53.492 [main] INFO  com.billhub.qa.base.TestBase - Waiting for element invisibility: By.className: modal-container
20:55:08.551 [main] INFO  com.billhub.qa.base.TestBase - Waiting for web element to be clickable: [[ChromeDriver: chrome on windows (8e2e5717c1ea3eb838a345ae9d807f54)] -> xpath: /html/body/modal-container/div/div/app-add-po-popup/div[2]/div[2]/div[1]/table/tbody/tr[1]/td[1]/div/input]
20:55:08.740 [main] INFO  com.billhub.qa.base.TestBase - Waiting for element invisibility: By.className: modal-container
20:55:23.810 [main] INFO  com.billhub.qa.base.TestBase - Waiting for element visibility: By.cssSelector: .btn.btn-warning.btn-acknowledge
20:55:28.130 [main] INFO  com.billhub.qa.base.TestBase - Waiting for web element to be clickable: [[ChromeDriver: chrome on windows (8e2e5717c1ea3eb838a345ae9d807f54)] -> css selector: .btn.btn-warning.btn-acknowledge]
20:55:28.241 [main] INFO  com.billhub.qa.base.TestBase - Waiting for element invisibility: By.className: modal-container
20:55:43.291 [main] INFO  com.billhub.qa.base.TestBase - Waiting for element invisibility: By.className: modal-container
20:56:28.631 [main] INFO  com.billhub.qa.base.TestBase - Waiting for element invisibility: By.className: modal-container
20:56:43.713 [main] INFO  com.billhub.qa.base.TestBase - Waiting for web element to be clickable: [[ChromeDriver: chrome on windows (8e2e5717c1ea3eb838a345ae9d807f54)] -> xpath: //button[@class='btn btn-primary ng-star-inserted']]
20:56:44.433 [main] INFO  com.billhub.qa.base.TestBase - Waiting for web element to be clickable: [[ChromeDriver: chrome on windows (8e2e5717c1ea3eb838a345ae9d807f54)] -> xpath: //span[normalize-space()='Create Memo']]
20:56:45.350 [main] INFO  com.billhub.qa.base.TestBase - Waiting for element invisibility: By.className: modal-container
20:59:13.892 [main] INFO  com.billhub.qa.base.TestBase - Waiting for element invisibility: By.className: modal-container
20:59:28.947 [main] INFO  com.billhub.qa.base.TestBase - Waiting for web element to be clickable: [[ChromeDriver: chrome on windows (aba470f15fcf478bb448652fd21e3568)] -> xpath: //button[@class='btn btn-primary ng-star-inserted']]
20:59:29.461 [main] INFO  com.billhub.qa.base.TestBase - Waiting for web element to be clickable: [[ChromeDriver: chrome on windows (aba470f15fcf478bb448652fd21e3568)] -> xpath: //span[normalize-space()='Create Memo']]
20:59:30.375 [main] INFO  com.billhub.qa.base.TestBase - Waiting for element invisibility: By.className: modal-container
20:59:45.588 [main] INFO  com.billhub.qa.base.TestBase - Waiting for element invisibility: By.className: modal-container
21:00:00.619 [main] INFO  com.billhub.qa.base.TestBase - Waiting for web element to be clickable: [[ChromeDriver: chrome on windows (aba470f15fcf478bb448652fd21e3568)] -> xpath: /html/body/modal-container/div/div/app-add-po-popup/div[2]/div[2]/div[1]/table/tbody/tr[1]/td[1]/div/input]
21:00:00.811 [main] INFO  com.billhub.qa.base.TestBase - Waiting for element invisibility: By.className: modal-container
21:00:15.872 [main] INFO  com.billhub.qa.base.TestBase - Waiting for element visibility: By.cssSelector: .btn.btn-warning.btn-acknowledge
21:00:20.144 [main] INFO  com.billhub.qa.base.TestBase - Waiting for web element to be clickable: [[ChromeDriver: chrome on windows (aba470f15fcf478bb448652fd21e3568)] -> css selector: .btn.btn-warning.btn-acknowledge]
21:00:20.252 [main] INFO  com.billhub.qa.base.TestBase - Waiting for element invisibility: By.className: modal-container
21:00:35.297 [main] INFO  com.billhub.qa.base.TestBase - Waiting for element invisibility: By.className: modal-container
21:01:20.630 [main] INFO  com.billhub.qa.base.TestBase - Waiting for element invisibility: By.className: modal-container
21:04:04.655 [main] INFO  com.billhub.qa.base.TestBase - Waiting for element invisibility: By.className: modal-container
21:04:19.747 [main] INFO  com.billhub.qa.base.TestBase - Waiting for web element to be clickable: [[ChromeDriver: chrome on windows (112c3a4f49c7734ad72bb1f3b1021aed)] -> xpath: //button[@class='btn btn-primary ng-star-inserted']]
21:04:20.063 [main] INFO  com.billhub.qa.base.TestBase - Waiting for web element to be clickable: [[ChromeDriver: chrome on windows (112c3a4f49c7734ad72bb1f3b1021aed)] -> xpath: //span[normalize-space()='Create Memo']]
21:04:20.963 [main] INFO  com.billhub.qa.base.TestBase - Waiting for element invisibility: By.className: modal-container
21:05:56.432 [main] INFO  com.billhub.qa.base.TestBase - Waiting for element invisibility: By.className: modal-container
21:06:11.531 [main] INFO  com.billhub.qa.base.TestBase - Waiting for web element to be clickable: [[ChromeDriver: chrome on windows (d6e5007935131d2dff4e31c6157bbb38)] -> xpath: //button[@class='btn btn-primary ng-star-inserted']]
21:06:11.848 [main] INFO  com.billhub.qa.base.TestBase - Waiting for web element to be clickable: [[ChromeDriver: chrome on windows (d6e5007935131d2dff4e31c6157bbb38)] -> xpath: //span[normalize-space()='Create Memo']]
21:06:12.747 [main] INFO  com.billhub.qa.base.TestBase - Waiting for element invisibility: By.className: modal-container
21:06:27.961 [main] INFO  com.billhub.qa.base.TestBase - Waiting for element invisibility: By.className: modal-container
21:06:42.996 [main] INFO  com.billhub.qa.base.TestBase - Waiting for web element to be clickable: [[ChromeDriver: chrome on windows (d6e5007935131d2dff4e31c6157bbb38)] -> xpath: /html/body/modal-container/div/div/app-add-po-popup/div[2]/div[2]/div[1]/table/tbody/tr[1]/td[1]/div/input]
21:06:43.185 [main] INFO  com.billhub.qa.base.TestBase - Waiting for element invisibility: By.className: modal-container
21:06:58.285 [main] INFO  com.billhub.qa.base.TestBase - Waiting for element visibility: By.cssSelector: .btn.btn-warning.btn-acknowledge
21:07:02.688 [main] INFO  com.billhub.qa.base.TestBase - Waiting for web element to be clickable: [[ChromeDriver: chrome on windows (d6e5007935131d2dff4e31c6157bbb38)] -> css selector: .btn.btn-warning.btn-acknowledge]
21:07:02.795 [main] INFO  com.billhub.qa.base.TestBase - Waiting for element invisibility: By.className: modal-container
21:07:17.812 [main] INFO  com.billhub.qa.base.TestBase - Waiting for element invisibility: By.className: modal-container
