18:51:45.865 [main] INFO  com.billhub.qa.base.TestBase - Waiting for web element to be clickable: [[ChromeDriver: chrome on windows (6d82a36ab7f92339023d9a26df391dec)] -> xpath: /html/body/modal-container/div/div/app-memo-submit-confirm/div[3]/div/div[2]/button]
18:51:45.926 [main] INFO  com.billhub.qa.base.TestBase - Waiting for element invisibility: By.className: loader
18:51:51.796 [main] INFO  com.billhub.qa.base.TestBase - Waiting for element invisibility: By.className: modal-container
18:52:11.871 [main] INFO  com.billhub.qa.base.TestBase - Waiting for element invisibility: By.className: loader
18:52:12.160 [main] INFO  com.billhub.qa.base.TestBase - Waiting for element invisibility: By.className: loader
18:52:12.902 [main] INFO  com.billhub.qa.base.TestBase - Waiting for element visibility: By.xpath: /html/body/app-root/app-layout/div[1]/main/div/div/app-dashboard/div/div[1]/div[2]/div/typeahead-container/button
18:52:13.469 [main] INFO  com.billhub.qa.base.TestBase - Waiting for element invisibility: By.className: loader
18:52:15.107 [main] INFO  com.billhub.qa.base.TestBase - Waiting for element invisibility: By.className: loader
18:52:15.143 [main] INFO  com.billhub.qa.base.TestBase - Waiting for web element to be clickable: [[ChromeDriver: chrome on windows (dc81b49531effc737f1ab8e7fcb953f2)] -> xpath: //button[@class='btn btn-link']]
18:52:15.940 [main] INFO  com.billhub.qa.base.TestBase - Waiting for web element to be clickable: [[ChromeDriver: chrome on windows (dc81b49531effc737f1ab8e7fcb953f2)] -> xpath: //span[normalize-space()='Dashboard']]
18:52:16.605 [main] INFO  com.billhub.qa.base.TestBase - Waiting for element invisibility: By.className: loader
18:52:17.573 [main] INFO  com.billhub.qa.base.TestBase - Waiting for element invisibility: By.className: loader
18:52:17.712 [main] INFO  com.billhub.qa.base.TestBase - Waiting for element visibility: By.xpath: /html/body/app-root/app-layout/div[1]/main/div/div/app-dashboard/div/div[1]/div[2]/div/typeahead-container/button
18:52:18.233 [main] INFO  com.billhub.qa.base.TestBase - Waiting for element invisibility: By.className: loader
18:52:18.873 [main] INFO  com.billhub.qa.base.TestBase - Waiting for element invisibility: By.className: loader
18:52:20.512 [main] INFO  com.billhub.qa.base.TestBase - Waiting for element invisibility: By.className: loader
18:52:20.823 [main] INFO  com.billhub.qa.base.TestBase - Waiting for element invisibility: By.className: loader
18:52:20.966 [main] INFO  com.billhub.qa.base.TestBase - Checking if success toast is displayed for message: Invoice verified and simulate successfully
18:52:22.437 [main] INFO  com.billhub.qa.base.TestBase - Waiting for element invisibility: By.className: loader
18:52:23.006 [main] INFO  com.billhub.qa.base.TestBase - Waiting for web element to be clickable: [[ChromeDriver: chrome on windows (dc81b49531effc737f1ab8e7fcb953f2)] -> xpath: //span[normalize-space()='Dashboard']]
18:52:23.115 [main] INFO  com.billhub.qa.base.TestBase - Waiting for element invisibility: By.className: loader
18:52:24.108 [main] INFO  com.billhub.qa.base.TestBase - Waiting for element invisibility: By.className: loader
18:52:24.146 [main] INFO  com.billhub.qa.base.TestBase - Waiting for web element to be clickable: [[ChromeDriver: chrome on windows (dc81b49531effc737f1ab8e7fcb953f2)] -> xpath: //*[@id="sidebar"]/div[1]/perfect-scrollbar/div/div[1]/div[2]/ul/li[3]/a]
18:52:24.245 [main] INFO  com.billhub.qa.base.TestBase - Waiting for web element to be clickable: [[ChromeDriver: chrome on windows (dc81b49531effc737f1ab8e7fcb953f2)] -> xpath: //a[normalize-space()='Approve invoice for Booking']]
18:52:24.662 [main] INFO  com.billhub.qa.base.TestBase - Waiting for element invisibility: By.className: loader
18:52:25.734 [main] INFO  com.billhub.qa.base.TestBase - Waiting for web element to be clickable: [[ChromeDriver: chrome on windows (dc81b49531effc737f1ab8e7fcb953f2)] -> xpath: /html/body/modal-container/div/div/app-book-invoice-confirm/div[3]/div/div[2]/button]
18:52:27.276 [main] INFO  com.billhub.qa.base.TestBase - Waiting for element to be clickable: By.xpath: /html/body/modal-container/div/div/app-notify-dialog/div[1]/button
18:52:27.351 [main] INFO  com.billhub.qa.base.TestBase - Waiting for element invisibility: By.className: loader
18:52:27.381 [main] INFO  com.billhub.qa.base.TestBase - Waiting for web element to be clickable: [[ChromeDriver: chrome on windows (dc81b49531effc737f1ab8e7fcb953f2)] -> xpath: //*[@id="sidebar"]/div[1]/perfect-scrollbar/div/div[1]/div[2]/ul/li[3]/a]
18:52:28.180 [main] INFO  com.billhub.qa.base.TestBase - Waiting for web element to be clickable: [[ChromeDriver: chrome on windows (dc81b49531effc737f1ab8e7fcb953f2)] -> xpath: //a[normalize-space()='Review Invoice Posting']]
18:52:28.923 [main] INFO  com.billhub.qa.base.TestBase - Waiting for element visibility: By.xpath: /html/body/app-root/app-layout/div[1]/main/div/div/app-search-batch/div/div/div[1]/div[2]/div/div/typeahead-container/button/span/strong
18:52:29.345 [main] INFO  com.billhub.qa.base.TestBase - Waiting for element invisibility: By.className: loader
18:52:29.376 [main] INFO  com.billhub.qa.base.TestBase - Waiting for web element to be clickable: [[ChromeDriver: chrome on windows (dc81b49531effc737f1ab8e7fcb953f2)] -> xpath: //span[normalize-space()='Dashboard']]
18:52:29.489 [main] INFO  com.billhub.qa.base.TestBase - Waiting for element invisibility: By.className: loader
18:52:30.243 [main] INFO  com.billhub.qa.base.TestBase - Waiting for element invisibility: By.className: loader
18:52:30.864 [main] INFO  com.billhub.qa.base.TestBase - Waiting for element visibility: By.xpath: /html/body/modal-container/div/div/app-invoice-info-popup/div[2]/div[1]/div/div/div[2]/div[3]/div[4]/div[2]
18:52:31.797 [main] INFO  com.billhub.qa.base.TestBase - Waiting for element invisibility: By.className: modal-container
18:52:56.258 [main] INFO  com.billhub.qa.base.TestBase - Waiting for element invisibility: By.className: modal-container
18:53:16.337 [main] INFO  com.billhub.qa.base.TestBase - Waiting for element invisibility: By.className: loader
18:53:16.367 [main] INFO  com.billhub.qa.base.TestBase - Waiting for element invisibility: By.className: loader
18:53:16.455 [main] INFO  com.billhub.qa.base.TestBase - Waiting for element invisibility: By.className: loader
18:53:16.715 [main] INFO  com.billhub.qa.base.TestBase - Waiting for web element to be clickable: [[ChromeDriver: chrome on windows (f4914b0dc3398d3a7b09e924779cb215)] -> xpath: //*[@id="main"]/main/div/div/app-account/div/div/div[2]/div/div/div[1]/div/ul/li/form/div[1]/ngx-select-dropdown/div/div/ul[2]/li]
18:53:17.058 [main] INFO  com.billhub.qa.base.TestBase - Waiting for web element to be clickable: [[ChromeDriver: chrome on windows (f4914b0dc3398d3a7b09e924779cb215)] -> xpath: //*[@id="main"]/main/div/div/app-account/div/div/div[2]/div/div/div[1]/div/ul/li/form/div[3]/ngx-select-dropdown/div/div/ul[2]/li[1]]
18:53:17.355 [main] INFO  com.billhub.qa.base.TestBase - Waiting for element invisibility: By.className: loader
18:53:18.141 [main] INFO  com.billhub.qa.base.TestBase - Waiting for element invisibility: By.className: loader
18:53:18.223 [main] INFO  com.billhub.qa.base.TestBase - Checking if success toast is displayed for message: Invoice updated successfully
18:53:23.633 [main] INFO  com.billhub.qa.base.TestBase - Waiting for element invisibility: By.className: modal-container
18:53:43.746 [main] INFO  com.billhub.qa.base.TestBase - Waiting for element invisibility: By.className: loader
18:53:43.778 [main] INFO  com.billhub.qa.base.TestBase - Waiting for element invisibility: By.className: loader
18:53:43.889 [main] INFO  com.billhub.qa.base.TestBase - Waiting for element invisibility: By.className: loader
18:53:44.176 [main] INFO  com.billhub.qa.base.TestBase - Waiting for web element to be clickable: [[ChromeDriver: chrome on windows (2ba893d0524bbe61dd5f91b3c66c415c)] -> xpath: //*[@id="main"]/main/div/div/app-account/div/div/div[2]/div/div/div[1]/div/ul/li/form/div[1]/ngx-select-dropdown/div/div/ul[2]/li]
18:53:44.506 [main] INFO  com.billhub.qa.base.TestBase - Waiting for web element to be clickable: [[ChromeDriver: chrome on windows (2ba893d0524bbe61dd5f91b3c66c415c)] -> xpath: //*[@id="main"]/main/div/div/app-account/div/div/div[2]/div/div/div[1]/div/ul/li/form/div[3]/ngx-select-dropdown/div/div/ul[2]/li[1]]
18:53:44.798 [main] INFO  com.billhub.qa.base.TestBase - Waiting for element invisibility: By.className: loader
18:53:45.560 [main] INFO  com.billhub.qa.base.TestBase - Waiting for element invisibility: By.className: loader
18:53:45.639 [main] INFO  com.billhub.qa.base.TestBase - Checking if success toast is displayed for message: Invoice updated successfully
18:53:50.990 [main] INFO  com.billhub.qa.base.TestBase - Waiting for element invisibility: By.className: modal-container
18:54:11.106 [main] INFO  com.billhub.qa.base.TestBase - Waiting for element invisibility: By.className: loader
18:54:11.151 [main] INFO  com.billhub.qa.base.TestBase - Waiting for web element to be clickable: [[ChromeDriver: chrome on windows (69cdb121093ba819b91a19722f381a4b)] -> xpath: //button[@class='btn btn-link']]
18:54:11.261 [main] INFO  com.billhub.qa.base.TestBase - Waiting for web element to be clickable: [[ChromeDriver: chrome on windows (69cdb121093ba819b91a19722f381a4b)] -> xpath: //*[@id="sidebar"]/div[1]/perfect-scrollbar/div/div[1]/div[2]/ul/li[3]/a]
18:54:11.896 [main] INFO  com.billhub.qa.base.TestBase - Waiting for web element to be clickable: [[ChromeDriver: chrome on windows (69cdb121093ba819b91a19722f381a4b)] -> xpath: //*[@id="sidebar"]/div[1]/perfect-scrollbar/div/div[1]/div[2]/ul/li[3]/div/ul/li[4]/a]
18:54:12.532 [main] INFO  com.billhub.qa.base.TestBase - Waiting for element invisibility: By.className: loader
18:54:13.108 [main] INFO  com.billhub.qa.base.TestBase - Waiting for web element to be clickable: [[ChromeDriver: chrome on windows (69cdb121093ba819b91a19722f381a4b)] -> xpath: //*[@id="ngb-typeahead-0-0"]]
18:54:13.199 [main] INFO  com.billhub.qa.base.TestBase - Waiting for element invisibility: By.className: loader
