11:05:53.280 [main] INFO  com.billhub.qa.base.TestBase - Waiting for element invisibility: By.className: loader
11:05:53.558 [main] INFO  com.billhub.qa.base.TestBase - Waiting for element invisibility: By.className: loader
11:05:54.328 [main] INFO  com.billhub.qa.base.TestBase - Waiting for element invisibility: By.className: loader
11:05:54.660 [main] INFO  com.billhub.qa.base.TestBase - Waiting for element invisibility: By.className: loader
11:05:55.764 [main] INFO  com.billhub.qa.base.TestBase - Waiting for web element to be clickable: [[ChromeDriver: chrome on windows (2893005db422ad1b480c3c70415237b7)] -> xpath: //button[normalize-space()='Done']]
11:05:55.866 [main] INFO  com.billhub.qa.base.TestBase - Waiting for element invisibility: By.className: loader
11:05:56.689 [main] INFO  com.billhub.qa.base.TestBase - Waiting for element invisibility: By.className: loader
11:05:57.958 [main] INFO  com.billhub.qa.base.TestBase - Waiting for element invisibility: By.className: loader
11:05:58.539 [main] INFO  com.billhub.qa.base.TestBase - Waiting for web element to be clickable: [[ChromeDriver: chrome on windows (2893005db422ad1b480c3c70415237b7)] -> xpath: /html/body/modal-container/div/div/app-add-po-popup/div[2]/div[2]/div[1]/table/tbody/tr[1]/td[1]/div/input]
11:05:59.049 [main] INFO  com.billhub.qa.base.TestBase - Waiting for web element to be clickable: [[ChromeDriver: chrome on windows (2893005db422ad1b480c3c70415237b7)] -> xpath: //button[normalize-space()='SAVE']]
11:05:59.866 [main] INFO  com.billhub.qa.base.TestBase - Waiting for element invisibility: By.className: loader
11:06:01.561 [main] INFO  com.billhub.qa.base.TestBase - Waiting for element invisibility: By.className: loader
11:06:02.191 [main] INFO  com.billhub.qa.base.TestBase - Waiting for element invisibility: By.className: loader
11:06:02.213 [main] INFO  com.billhub.qa.base.TestBase - Waiting for toast to disappear
11:06:04.394 [main] INFO  com.billhub.qa.base.TestBase - Waiting for web element to be clickable: [[ChromeDriver: chrome on windows (2893005db422ad1b480c3c70415237b7)] -> xpath: //*[@id="main"]/main/div/div/app-create-memo/div/div/div[2]/div/form/div/div[6]/button]
11:06:04.516 [main] INFO  com.billhub.qa.base.TestBase - Waiting for element invisibility: By.className: loader
11:06:05.084 [main] INFO  com.billhub.qa.base.TestBase - Waiting for element visibility: By.xpath: //button[@type='submit']
11:06:05.112 [main] INFO  com.billhub.qa.base.TestBase - Waiting for web element to be clickable: [[ChromeDriver: chrome on windows (2893005db422ad1b480c3c70415237b7)] -> xpath: //button[@type='submit']]
11:06:05.193 [main] INFO  com.billhub.qa.base.TestBase - Waiting for element visibility: By.xpath: /html/body/modal-container/div/div/app-memo-submit-confirm/div[3]/div/div[2]/button
11:06:05.782 [main] INFO  com.billhub.qa.base.TestBase - Waiting for web element to be clickable: [[ChromeDriver: chrome on windows (2893005db422ad1b480c3c70415237b7)] -> xpath: /html/body/modal-container/div/div/app-memo-submit-confirm/div[3]/div/div[2]/button]
11:06:05.846 [main] INFO  com.billhub.qa.base.TestBase - Waiting for element invisibility: By.className: loader
11:06:12.950 [main] INFO  com.billhub.qa.base.TestBase - Waiting for element invisibility: By.className: modal-container
11:06:33.029 [main] INFO  com.billhub.qa.base.TestBase - Waiting for element invisibility: By.className: loader
11:06:33.333 [main] INFO  com.billhub.qa.base.TestBase - Waiting for element invisibility: By.className: loader
11:06:34.082 [main] INFO  com.billhub.qa.base.TestBase - Waiting for element visibility: By.xpath: /html/body/app-root/app-layout/div[1]/main/div/div/app-dashboard/div/div[1]/div[2]/div/typeahead-container/button
11:06:35.491 [main] INFO  com.billhub.qa.base.TestBase - Waiting for element invisibility: By.className: loader
11:07:36.646 [main] INFO  com.billhub.qa.base.TestBase - Waiting for element invisibility: By.className: loader
11:07:36.693 [main] INFO  com.billhub.qa.base.TestBase - Waiting for web element to be clickable: [[ChromeDriver: chrome on windows (1ff879e15ad0b3aca7c9a4f581e3a9fb)] -> xpath: //button[@class='btn btn-link']]
11:07:36.854 [main] INFO  com.billhub.qa.base.TestBase - Waiting for web element to be clickable: [[ChromeDriver: chrome on windows (1ff879e15ad0b3aca7c9a4f581e3a9fb)] -> xpath: //span[normalize-space()='Dashboard']]
11:07:37.557 [main] INFO  com.billhub.qa.base.TestBase - Waiting for element invisibility: By.className: loader
11:07:38.726 [main] INFO  com.billhub.qa.base.TestBase - Waiting for element invisibility: By.className: loader
11:07:38.895 [main] INFO  com.billhub.qa.base.TestBase - Waiting for element visibility: By.xpath: /html/body/app-root/app-layout/div[1]/main/div/div/app-dashboard/div/div[1]/div[2]/div/typeahead-container/button
11:07:39.518 [main] INFO  com.billhub.qa.base.TestBase - Waiting for element invisibility: By.className: loader
11:20:57.505 [main] INFO  com.billhub.qa.base.TestBase - Waiting for element invisibility: By.className: modal-container
11:21:17.546 [main] INFO  com.billhub.qa.base.TestBase - Waiting for element invisibility: By.className: loader
11:21:17.607 [main] INFO  com.billhub.qa.base.TestBase - Waiting for web element to be clickable: [[ChromeDriver: chrome on windows (dd0a2e89cdff68c089d3e9f135147a9d)] -> xpath: //*[@id="main"]/main/div/div/app-dashboard/div/div[1]/div[2]/button[2]]
11:21:17.859 [main] INFO  com.billhub.qa.base.TestBase - Waiting for web element to be clickable: [[ChromeDriver: chrome on windows (dd0a2e89cdff68c089d3e9f135147a9d)] -> xpath: //span[normalize-space()='Create Memo']]
11:21:20.644 [main] INFO  com.billhub.qa.base.TestBase - Waiting for element invisibility: By.className: loader
11:21:21.111 [main] INFO  com.billhub.qa.base.TestBase - Waiting for element invisibility: By.className: loader
11:21:21.213 [main] INFO  com.billhub.qa.base.TestBase - Waiting for element invisibility: By.className: loader
11:21:22.159 [main] INFO  com.billhub.qa.base.TestBase - Waiting for element invisibility: By.className: loader
11:21:22.245 [main] INFO  com.billhub.qa.base.TestBase - Waiting for element invisibility: By.className: loader
11:21:23.205 [main] INFO  com.billhub.qa.base.TestBase - Waiting for element invisibility: By.className: loader
11:21:23.298 [main] INFO  com.billhub.qa.base.TestBase - Waiting for element invisibility: By.className: loader
11:21:24.382 [main] INFO  com.billhub.qa.base.TestBase - Waiting for web element to be clickable: [[ChromeDriver: chrome on windows (dd0a2e89cdff68c089d3e9f135147a9d)] -> xpath: //button[normalize-space()='SAVE']]
11:21:24.537 [main] INFO  com.billhub.qa.base.TestBase - Checking if success toast is displayed for message: Invoice created successfully.
11:21:44.558 [main] ERROR com.billhub.qa.base.TestBase - TimeoutException: Success toast not displayed for message - Invoice created successfully.
11:21:44.563 [main] INFO  com.billhub.qa.base.TestBase - Waiting for element invisibility: By.className: loader
11:21:44.779 [main] INFO  com.billhub.qa.base.TestBase - Waiting for element invisibility: By.className: loader
11:21:45.470 [main] INFO  com.billhub.qa.base.TestBase - Waiting for element invisibility: By.className: loader
11:21:45.739 [main] INFO  com.billhub.qa.base.TestBase - Waiting for element invisibility: By.className: loader
11:21:46.847 [main] INFO  com.billhub.qa.base.TestBase - Waiting for web element to be clickable: [[ChromeDriver: chrome on windows (dd0a2e89cdff68c089d3e9f135147a9d)] -> xpath: //button[normalize-space()='Done']]
11:21:46.946 [main] INFO  com.billhub.qa.base.TestBase - Waiting for element invisibility: By.className: loader
11:21:47.812 [main] INFO  com.billhub.qa.base.TestBase - Waiting for element invisibility: By.className: loader
11:21:48.533 [main] INFO  com.billhub.qa.base.TestBase - Waiting for element invisibility: By.className: loader
11:21:49.107 [main] INFO  com.billhub.qa.base.TestBase - Waiting for web element to be clickable: [[ChromeDriver: chrome on windows (dd0a2e89cdff68c089d3e9f135147a9d)] -> xpath: /html/body/modal-container/div/div/app-add-po-popup/div[2]/div[2]/div[1]/table/tbody/tr[1]/td[1]/div/input]
11:21:49.580 [main] INFO  com.billhub.qa.base.TestBase - Waiting for web element to be clickable: [[ChromeDriver: chrome on windows (dd0a2e89cdff68c089d3e9f135147a9d)] -> xpath: //button[normalize-space()='SAVE']]
11:21:50.394 [main] INFO  com.billhub.qa.base.TestBase - Waiting for element invisibility: By.className: loader
11:21:51.539 [main] INFO  com.billhub.qa.base.TestBase - Waiting for element invisibility: By.className: loader
11:21:52.160 [main] INFO  com.billhub.qa.base.TestBase - Waiting for element invisibility: By.className: loader
11:21:52.179 [main] INFO  com.billhub.qa.base.TestBase - Waiting for toast to disappear
11:21:55.427 [main] INFO  com.billhub.qa.base.TestBase - Waiting for web element to be clickable: [[ChromeDriver: chrome on windows (dd0a2e89cdff68c089d3e9f135147a9d)] -> xpath: //*[@id="main"]/main/div/div/app-create-memo/div/div/div[2]/div/form/div/div[6]/button]
11:21:55.546 [main] INFO  com.billhub.qa.base.TestBase - Waiting for element invisibility: By.className: loader
11:21:56.644 [main] INFO  com.billhub.qa.base.TestBase - Waiting for element visibility: By.xpath: //button[@type='submit']
11:21:56.675 [main] INFO  com.billhub.qa.base.TestBase - Waiting for web element to be clickable: [[ChromeDriver: chrome on windows (dd0a2e89cdff68c089d3e9f135147a9d)] -> xpath: //button[@type='submit']]
11:21:56.743 [main] INFO  com.billhub.qa.base.TestBase - Waiting for element visibility: By.xpath: /html/body/modal-container/div/div/app-memo-submit-confirm/div[3]/div/div[2]/button
11:21:57.298 [main] INFO  com.billhub.qa.base.TestBase - Waiting for web element to be clickable: [[ChromeDriver: chrome on windows (dd0a2e89cdff68c089d3e9f135147a9d)] -> xpath: /html/body/modal-container/div/div/app-memo-submit-confirm/div[3]/div/div[2]/button]
11:21:57.366 [main] INFO  com.billhub.qa.base.TestBase - Waiting for element invisibility: By.className: loader
11:21:58.835 [main] INFO  com.billhub.qa.base.TestBase - Waiting for element invisibility: By.className: loader
