20:35:53.097 [main] INFO  com.billhub.qa.base.TestBase - Waiting for element invisibility: By.className: loader
20:35:53.820 [main] INFO  com.billhub.qa.base.TestBase - Waiting for element invisibility: By.className: loader
20:35:53.896 [main] INFO  com.billhub.qa.base.TestBase - Waiting for element invisibility: By.className: loader
20:35:54.512 [main] INFO  com.billhub.qa.base.TestBase - Waiting for element invisibility: By.className: loader
20:35:55.182 [main] INFO  com.billhub.qa.base.TestBase - Waiting for element visibility: By.xpath: /html/body/modal-container[2]/div/div/app-invoice-log/div[2]/table/tbody/tr/td[4]/div
20:35:55.897 [main] INFO  com.billhub.qa.base.TestBase - Waiting for element invisibility: By.className: loader
20:35:55.979 [main] INFO  com.billhub.qa.base.TestBase - Waiting for element invisibility: By.className: loader
20:35:56.754 [main] INFO  com.billhub.qa.base.TestBase - Waiting for element invisibility: By.className: loader
20:35:56.796 [main] INFO  com.billhub.qa.base.TestBase - Waiting for web element to be clickable: [[ChromeDriver: chrome on windows (c503caee12c482e1eb5c950426a75abf)] -> xpath: //button[@class='btn btn-link']]
20:35:57.549 [main] INFO  com.billhub.qa.base.TestBase - Waiting for web element to be clickable: [[ChromeDriver: chrome on windows (c503caee12c482e1eb5c950426a75abf)] -> xpath: //span[normalize-space()='Dashboard']]
20:35:58.217 [main] INFO  com.billhub.qa.base.TestBase - Waiting for element invisibility: By.className: loader
20:35:58.926 [main] INFO  com.billhub.qa.base.TestBase - Waiting for element visibility: By.xpath: /html/body/app-root/app-layout/div[1]/main/div/div/app-dashboard/div/div[1]/div[2]/div/typeahead-container/button
20:35:59.436 [main] INFO  com.billhub.qa.base.TestBase - Waiting for element invisibility: By.className: loader
20:36:00.050 [main] INFO  com.billhub.qa.base.TestBase - Waiting for element invisibility: By.className: loader
20:36:00.113 [main] INFO  com.billhub.qa.base.TestBase - Waiting for element invisibility: By.className: loader
20:36:00.719 [main] INFO  com.billhub.qa.base.TestBase - Waiting for element invisibility: By.className: loader
20:36:41.527 [main] INFO  com.billhub.qa.base.TestBase - Waiting for element invisibility: By.className: loader
20:36:41.627 [main] INFO  com.billhub.qa.base.TestBase - Waiting for element invisibility: By.className: loader
20:36:41.670 [main] INFO  com.billhub.qa.base.TestBase - Waiting for web element to be clickable: [[ChromeDriver: chrome on windows (c503caee12c482e1eb5c950426a75abf)] -> xpath: //span[normalize-space()='Dashboard']]
20:36:42.510 [main] INFO  com.billhub.qa.base.TestBase - Waiting for element invisibility: By.className: loader
20:36:43.217 [main] INFO  com.billhub.qa.base.TestBase - Waiting for element visibility: By.xpath: /html/body/app-root/app-layout/div[1]/main/div/div/app-dashboard/div/div[1]/div[2]/div/typeahead-container/button
20:36:43.737 [main] INFO  com.billhub.qa.base.TestBase - Waiting for element invisibility: By.className: loader
20:36:44.358 [main] INFO  com.billhub.qa.base.TestBase - Waiting for element invisibility: By.className: loader
20:36:44.433 [main] INFO  com.billhub.qa.base.TestBase - Waiting for element invisibility: By.className: loader
20:36:45.045 [main] INFO  com.billhub.qa.base.TestBase - Waiting for element invisibility: By.className: loader
20:38:41.582 [main] INFO  com.billhub.qa.base.TestBase - Waiting for element invisibility: By.className: modal-container
20:39:01.638 [main] INFO  com.billhub.qa.base.TestBase - Waiting for element invisibility: By.className: loader
20:39:01.690 [main] INFO  com.billhub.qa.base.TestBase - Waiting for web element to be clickable: [[ChromeDriver: chrome on windows (4c6ec3e8557a4ee728a192b14f3ca5ab)] -> xpath: //button[@class='btn btn-link']]
20:39:01.811 [main] INFO  com.billhub.qa.base.TestBase - Waiting for web element to be clickable: [[ChromeDriver: chrome on windows (4c6ec3e8557a4ee728a192b14f3ca5ab)] -> xpath: //span[normalize-space()='Master']]
20:39:02.552 [main] INFO  com.billhub.qa.base.TestBase - Waiting for web element to be clickable: [[ChromeDriver: chrome on windows (4c6ec3e8557a4ee728a192b14f3ca5ab)] -> link text: User]
20:39:05.173 [main] INFO  com.billhub.qa.base.TestBase - Waiting for element invisibility: By.className: loader
20:39:05.203 [main] INFO  com.billhub.qa.base.TestBase - Waiting for toast to disappear
20:39:05.311 [main] INFO  com.billhub.qa.base.TestBase - Waiting for element invisibility: By.className: loader
20:39:06.476 [main] INFO  com.billhub.qa.base.TestBase - Waiting for element visibility: By.cssSelector: button[class='btn btn-success']
20:39:06.551 [main] INFO  com.billhub.qa.base.TestBase - Waiting for element visibility: By.cssSelector: #Company_ID
20:39:06.580 [main] INFO  com.billhub.qa.base.TestBase - Waiting for element visibility: By.cssSelector: .dropdown-btn
20:39:06.650 [main] INFO  com.billhub.qa.base.TestBase - Waiting for element invisibility: By.className: loader
20:39:06.729 [main] INFO  com.billhub.qa.base.TestBase - Waiting for element invisibility: By.className: loader
20:39:07.284 [main] INFO  com.billhub.qa.base.TestBase - Waiting for element to be clickable: By.cssSelector: li.multiselect-item-checkbox
20:39:07.323 [main] INFO  com.billhub.qa.base.TestBase - Waiting for element to be clickable: By.cssSelector: input[aria-label='Bangalore']
20:39:07.502 [main] INFO  com.billhub.qa.base.TestBase - Waiting for element invisibility: By.className: loader
20:39:07.598 [main] INFO  com.billhub.qa.base.TestBase - Checking if success toast is displayed for message: User Data Added successfully
20:39:08.332 [main] INFO  com.billhub.qa.base.TestBase - Waiting for element invisibility: By.className: loader
20:39:08.906 [main] INFO  com.billhub.qa.base.TestBase - Waiting for toast to disappear
20:39:11.650 [main] INFO  com.billhub.qa.base.TestBase - Waiting for element invisibility: By.className: loader
20:39:12.788 [main] INFO  com.billhub.qa.base.TestBase - Waiting for element invisibility: By.className: loader
20:39:12.880 [main] INFO  com.billhub.qa.base.TestBase - Waiting for element invisibility: By.className: loader
20:39:12.956 [main] INFO  com.billhub.qa.base.TestBase - Checking if success toast is displayed for message: User Data Added successfully
20:39:13.105 [main] INFO  com.billhub.qa.base.TestBase - Waiting for element invisibility: By.className: loader
20:39:13.138 [main] INFO  com.billhub.qa.base.TestBase - Waiting for element invisibility: By.className: loader
20:39:13.358 [main] INFO  com.billhub.qa.base.TestBase - Waiting for element invisibility: By.className: loader
20:39:13.827 [main] INFO  com.billhub.qa.base.TestBase - Waiting for element invisibility: By.className: loader
20:39:14.414 [main] INFO  com.billhub.qa.base.TestBase - Waiting for element visibility: By.xpath: //*[@id="main"]/main/div/div/app-list-user/div/div/div[3]/div/table/tbody/tr[1]/td[8]
20:39:14.456 [main] INFO  com.billhub.qa.base.TestBase - Waiting for element invisibility: By.className: loader
20:39:14.478 [main] INFO  com.billhub.qa.base.TestBase - Waiting for element invisibility: By.className: loader
20:39:14.657 [main] INFO  com.billhub.qa.base.TestBase - Waiting for element invisibility: By.className: loader
20:39:14.728 [main] INFO  com.billhub.qa.base.TestBase - Waiting for element invisibility: By.className: loader
20:39:15.307 [main] INFO  com.billhub.qa.base.TestBase - Waiting for element invisibility: By.className: loader
20:39:15.330 [main] INFO  com.billhub.qa.base.TestBase - Waiting for toast to disappear
20:39:16.489 [main] INFO  com.billhub.qa.base.TestBase - Waiting for element invisibility: By.className: loader
20:39:17.594 [main] INFO  com.billhub.qa.base.TestBase - Waiting for element invisibility: By.className: loader
20:39:18.187 [main] INFO  com.billhub.qa.base.TestBase - Checking if success toast is displayed for message: User Data Added successfully
20:39:38.246 [main] ERROR com.billhub.qa.base.TestBase - TimeoutException: Success toast not displayed for message - User Data Added successfully
20:39:38.303 [main] INFO  com.billhub.qa.base.TestBase - Waiting for toast to disappear
20:39:39.114 [main] INFO  com.billhub.qa.base.TestBase - Waiting for element invisibility: By.className: loader
20:39:40.263 [main] INFO  com.billhub.qa.base.TestBase - Waiting for element invisibility: By.className: loader
20:39:40.341 [main] INFO  com.billhub.qa.base.TestBase - Checking if success toast is displayed for message: User Data Added successfully
20:40:00.404 [main] ERROR com.billhub.qa.base.TestBase - TimeoutException: Success toast not displayed for message - User Data Added successfully
20:40:00.456 [main] INFO  com.billhub.qa.base.TestBase - Waiting for element invisibility: By.className: loader
20:40:01.012 [main] INFO  com.billhub.qa.base.TestBase - Waiting for toast to disappear
20:40:01.249 [main] INFO  com.billhub.qa.base.TestBase - Waiting for element invisibility: By.className: loader
20:40:02.162 [main] INFO  com.billhub.qa.base.TestBase - Waiting for element invisibility: By.className: loader
20:40:02.232 [main] INFO  com.billhub.qa.base.TestBase - Checking if success toast is displayed for message: User Data Added successfully
20:40:22.241 [main] ERROR com.billhub.qa.base.TestBase - TimeoutException: Success toast not displayed for message - User Data Added successfully
20:40:22.299 [main] INFO  com.billhub.qa.base.TestBase - Waiting for element invisibility: By.className: loader
20:40:23.049 [main] INFO  com.billhub.qa.base.TestBase - Waiting for element invisibility: By.className: loader
20:40:23.153 [main] INFO  com.billhub.qa.base.TestBase - Waiting for element invisibility: By.className: loader
20:40:23.752 [main] INFO  com.billhub.qa.base.TestBase - Waiting for element invisibility: By.className: loader
20:40:23.934 [main] INFO  com.billhub.qa.base.TestBase - Waiting for element invisibility: By.className: loader
20:40:24.004 [main] INFO  com.billhub.qa.base.TestBase - Waiting for element invisibility: By.className: loader
20:40:24.587 [main] INFO  com.billhub.qa.base.TestBase - Waiting for element invisibility: By.className: loader
