15:26:45.959 [main] INFO  com.billhub.qa.base.TestBase - Waiting for element invisibility: By.className: modal_container
15:27:03.268 [main] INFO  com.billhub.qa.base.TestBase - Waiting for element visibility: By.className: dashboard-table
15:29:44.464 [main] INFO  com.billhub.qa.base.TestBase - Waiting for element invisibility: By.className: modal-container
15:29:59.879 [main] INFO  com.billhub.qa.base.TestBase - Waiting for element invisibility: By.className: modal-container
15:30:15.072 [main] INFO  com.billhub.qa.base.TestBase - Waiting for element invisibility: By.className: modal-container
15:30:30.849 [main] INFO  com.billhub.qa.base.TestBase - Waiting for element visibility: By.className: dashboard-table
15:30:32.772 [main] INFO  com.billhub.qa.base.TestBase - Waiting for element visibility: By.className: dashboard-table
15:30:32.967 [main] INFO  com.billhub.qa.base.TestBase - Waiting for element invisibility: By.className: modal-container
15:30:48.734 [main] INFO  com.billhub.qa.base.TestBase - Waiting for element visibility: By.className: dashboard-table
15:30:48.831 [main] INFO  com.billhub.qa.base.TestBase - Waiting for element invisibility: By.className: modal-container
15:31:04.004 [main] INFO  com.billhub.qa.base.TestBase - Waiting for element invisibility: By.className: modal-container
15:31:19.161 [main] INFO  com.billhub.qa.base.TestBase - Waiting for element invisibility: By.className: modal-container
15:31:34.860 [main] INFO  com.billhub.qa.base.TestBase - Waiting for element visibility: By.className: dashboard-table
15:31:34.948 [main] INFO  com.billhub.qa.base.TestBase - Waiting for element to be clickable: By.className: fa-times
15:31:36.175 [main] INFO  com.billhub.qa.base.TestBase - Waiting for element invisibility: By.className: modal-container
15:31:51.591 [main] INFO  com.billhub.qa.base.TestBase - Waiting for element invisibility: By.className: modal-container
15:32:06.729 [main] INFO  com.billhub.qa.base.TestBase - Waiting for element visibility: By.className: dashboard-table
15:32:11.843 [main] INFO  com.billhub.qa.base.TestBase - Waiting for element invisibility: By.className: modal-container
15:32:27.332 [main] INFO  com.billhub.qa.base.TestBase - Waiting for element visibility: By.className: dashboard-table
15:32:32.389 [main] INFO  com.billhub.qa.base.TestBase - Waiting for element invisibility: By.className: modal-container
15:32:48.990 [main] INFO  com.billhub.qa.base.TestBase - Waiting for element visibility: By.className: dashboard-table
15:32:54.687 [main] INFO  com.billhub.qa.base.TestBase - Waiting for element invisibility: By.className: modal_container
15:33:09.830 [main] INFO  com.billhub.qa.base.TestBase - Waiting for element invisibility: By.className: modal_container
15:33:25.274 [main] INFO  com.billhub.qa.base.TestBase - Waiting for element invisibility: By.className: modal_container
15:33:43.186 [main] INFO  com.billhub.qa.base.TestBase - Waiting for element visibility: By.className: dashboard-table
15:35:17.058 [main] INFO  com.billhub.qa.base.TestBase - Waiting for element invisibility: By.className: modal-container
15:35:32.455 [main] INFO  com.billhub.qa.base.TestBase - Waiting for element invisibility: By.className: modal-container
15:35:47.611 [main] INFO  com.billhub.qa.base.TestBase - Waiting for element invisibility: By.className: modal-container
15:36:03.382 [main] INFO  com.billhub.qa.base.TestBase - Waiting for element visibility: By.className: dashboard-table
15:36:08.644 [main] INFO  com.billhub.qa.base.TestBase - Waiting for element visibility: By.className: dashboard-table
15:36:09.180 [main] INFO  com.billhub.qa.base.TestBase - Waiting for element invisibility: By.className: modal-container
15:36:24.997 [main] INFO  com.billhub.qa.base.TestBase - Waiting for element visibility: By.className: dashboard-table
15:36:25.111 [main] INFO  com.billhub.qa.base.TestBase - Waiting for element invisibility: By.className: modal-container
15:36:40.300 [main] INFO  com.billhub.qa.base.TestBase - Waiting for element invisibility: By.className: modal-container
15:36:55.426 [main] INFO  com.billhub.qa.base.TestBase - Waiting for element invisibility: By.className: modal-container
15:37:11.109 [main] INFO  com.billhub.qa.base.TestBase - Waiting for element visibility: By.className: dashboard-table
15:37:11.199 [main] INFO  com.billhub.qa.base.TestBase - Waiting for element invisibility: By.className: modal-container
15:37:26.373 [main] INFO  com.billhub.qa.base.TestBase - Waiting for element invisibility: By.className: modal-container
15:37:56.460 [main] INFO  com.billhub.qa.base.TestBase - Waiting for element invisibility: By.className: modal-container
15:38:11.913 [main] INFO  com.billhub.qa.base.TestBase - Waiting for element invisibility: By.className: modal-container
15:38:27.071 [main] INFO  com.billhub.qa.base.TestBase - Waiting for element visibility: By.className: dashboard-table
15:38:27.179 [main] INFO  com.billhub.qa.base.TestBase - Waiting for element invisibility: By.className: modal-container
15:38:42.680 [main] INFO  com.billhub.qa.base.TestBase - Waiting for element visibility: By.className: dashboard-table
15:38:42.782 [main] INFO  com.billhub.qa.base.TestBase - Waiting for element invisibility: By.className: modal-container
15:38:59.434 [main] INFO  com.billhub.qa.base.TestBase - Waiting for element visibility: By.className: dashboard-table
15:38:59.718 [main] INFO  com.billhub.qa.base.TestBase - Waiting for element invisibility: By.className: modal_container
15:39:14.859 [main] INFO  com.billhub.qa.base.TestBase - Waiting for element invisibility: By.className: modal_container
15:39:30.216 [main] INFO  com.billhub.qa.base.TestBase - Waiting for element invisibility: By.className: modal_container
15:44:49.115 [main] INFO  com.billhub.qa.base.TestBase - Waiting for element invisibility: By.className: modal-container
15:45:04.549 [main] INFO  com.billhub.qa.base.TestBase - Waiting for element invisibility: By.className: modal-container
15:45:19.735 [main] INFO  com.billhub.qa.base.TestBase - Waiting for element invisibility: By.className: modal-container
15:45:35.432 [main] INFO  com.billhub.qa.base.TestBase - Waiting for element visibility: By.className: dashboard-table
15:45:37.898 [main] INFO  com.billhub.qa.base.TestBase - Waiting for element visibility: By.className: dashboard-table
15:45:38.091 [main] INFO  com.billhub.qa.base.TestBase - Waiting for element invisibility: By.className: modal-container
15:45:53.875 [main] INFO  com.billhub.qa.base.TestBase - Waiting for element visibility: By.className: dashboard-table
15:45:53.974 [main] INFO  com.billhub.qa.base.TestBase - Waiting for element invisibility: By.className: modal-container
15:46:09.136 [main] INFO  com.billhub.qa.base.TestBase - Waiting for element invisibility: By.className: modal-container
15:46:24.274 [main] INFO  com.billhub.qa.base.TestBase - Waiting for element invisibility: By.className: modal-container
15:46:39.965 [main] INFO  com.billhub.qa.base.TestBase - Waiting for element visibility: By.className: dashboard-table
15:46:40.056 [main] INFO  com.billhub.qa.base.TestBase - Waiting for element invisibility: By.className: modal-container
15:46:55.176 [main] INFO  com.billhub.qa.base.TestBase - Waiting for element invisibility: By.className: modal-container
15:47:10.220 [main] INFO  com.billhub.qa.base.TestBase - Waiting for element to be clickable: By.className: btn-primary
15:47:25.401 [main] INFO  com.billhub.qa.base.TestBase - Waiting for element invisibility: By.className: modal-container
15:47:40.835 [main] INFO  com.billhub.qa.base.TestBase - Waiting for element invisibility: By.className: modal-container
15:47:56.075 [main] INFO  com.billhub.qa.base.TestBase - Waiting for element visibility: By.className: dashboard-table
15:47:56.196 [main] INFO  com.billhub.qa.base.TestBase - Waiting for element invisibility: By.className: modal-container
15:48:11.766 [main] INFO  com.billhub.qa.base.TestBase - Waiting for element visibility: By.className: dashboard-table
15:48:11.885 [main] INFO  com.billhub.qa.base.TestBase - Waiting for element invisibility: By.className: modal-container
15:48:28.570 [main] INFO  com.billhub.qa.base.TestBase - Waiting for element visibility: By.className: dashboard-table
15:48:28.921 [main] INFO  com.billhub.qa.base.TestBase - Waiting for element invisibility: By.className: modal_container
15:48:44.318 [main] INFO  com.billhub.qa.base.TestBase - Waiting for element invisibility: By.className: modal_container
15:48:59.670 [main] INFO  com.billhub.qa.base.TestBase - Waiting for element invisibility: By.className: modal_container
15:49:16.929 [main] INFO  com.billhub.qa.base.TestBase - Waiting for element visibility: By.className: dashboard-table
18:18:20.366 [main] INFO  com.billhub.qa.base.TestBase - Waiting for element invisibility: By.className: modal-container
18:18:35.801 [main] INFO  com.billhub.qa.base.TestBase - Waiting for element invisibility: By.className: modal-container
18:18:50.958 [main] INFO  com.billhub.qa.base.TestBase - Waiting for element invisibility: By.className: modal-container
18:19:06.711 [main] INFO  com.billhub.qa.base.TestBase - Waiting for element visibility: By.className: dashboard-table
18:19:08.632 [main] INFO  com.billhub.qa.base.TestBase - Waiting for element visibility: By.className: dashboard-table
18:19:08.917 [main] INFO  com.billhub.qa.base.TestBase - Waiting for element invisibility: By.className: modal-container
18:19:24.637 [main] INFO  com.billhub.qa.base.TestBase - Waiting for element visibility: By.className: dashboard-table
18:19:24.738 [main] INFO  com.billhub.qa.base.TestBase - Waiting for element invisibility: By.className: modal-container
18:19:39.853 [main] INFO  com.billhub.qa.base.TestBase - Waiting for element invisibility: By.className: modal-container
18:19:55.049 [main] INFO  com.billhub.qa.base.TestBase - Waiting for element invisibility: By.className: modal-container
18:20:10.728 [main] INFO  com.billhub.qa.base.TestBase - Waiting for element visibility: By.className: dashboard-table
18:20:10.806 [main] INFO  com.billhub.qa.base.TestBase - Waiting for element invisibility: By.className: modal-container
