18:12:51.305 [main] INFO  com.billhub.qa.base.TestBase - Waiting for element invisibility: By.className: loader
18:12:52.032 [main] INFO  com.billhub.qa.base.TestBase - Waiting for element invisibility: By.className: loader
18:12:52.610 [main] INFO  com.billhub.qa.base.TestBase - Waiting for web element to be clickable: [[ChromeDriver: chrome on windows (fb8b1f510dceb73839e4649104a24cde)] -> xpath: /html/body/modal-container/div/div/app-add-po-popup/div[2]/div[2]/div[1]/table/tbody/tr[1]/td[1]/div/input]
18:12:53.094 [main] INFO  com.billhub.qa.base.TestBase - Waiting for web element to be clickable: [[ChromeDriver: chrome on windows (fb8b1f510dceb73839e4649104a24cde)] -> xpath: //button[normalize-space()='SAVE']]
18:12:53.892 [main] INFO  com.billhub.qa.base.TestBase - Waiting for element invisibility: By.className: loader
18:12:55.060 [main] INFO  com.billhub.qa.base.TestBase - Waiting for element invisibility: By.className: loader
18:12:55.690 [main] INFO  com.billhub.qa.base.TestBase - Waiting for element invisibility: By.className: loader
18:12:55.725 [main] INFO  com.billhub.qa.base.TestBase - Waiting for web element to be clickable: [[ChromeDriver: chrome on windows (fb8b1f510dceb73839e4649104a24cde)] -> xpath: //*[@id="main"]/main/div/div/app-create-memo/div/div/div[2]/div/form/div/div[6]/button]
18:13:03.460 [main] INFO  com.billhub.qa.base.TestBase - Waiting for element invisibility: By.className: modal-container
18:13:04.124 [main] INFO  com.billhub.qa.base.TestBase - Waiting for element invisibility: By.className: loader
18:15:46.113 [main] INFO  com.billhub.qa.base.TestBase - Waiting for element invisibility: By.className: modal-container
18:16:06.178 [main] INFO  com.billhub.qa.base.TestBase - Waiting for element invisibility: By.className: loader-overlay
18:16:06.237 [main] INFO  com.billhub.qa.base.TestBase - Waiting for web element to be clickable: [[ChromeDriver: chrome on windows (e3f40a4fb4f5e47541e27447554a024d)] -> xpath: //*[@id="main"]/main/div/div/app-dashboard/div/div[1]/div[2]/button[2]]
18:16:06.497 [main] INFO  com.billhub.qa.base.TestBase - Waiting for web element to be clickable: [[ChromeDriver: chrome on windows (e3f40a4fb4f5e47541e27447554a024d)] -> xpath: //span[normalize-space()='Create Memo']]
18:16:08.982 [main] INFO  com.billhub.qa.base.TestBase - Waiting for element invisibility: By.className: loader
18:16:57.975 [main] INFO  com.billhub.qa.base.TestBase - Waiting for element invisibility: By.className: modal-container
18:17:18.056 [main] INFO  com.billhub.qa.base.TestBase - Waiting for element invisibility: By.className: loader-overlay
18:17:18.117 [main] INFO  com.billhub.qa.base.TestBase - Waiting for web element to be clickable: [[ChromeDriver: chrome on windows (d2e4809083b8d39bd98709c4aca7e2b7)] -> xpath: //*[@id="main"]/main/div/div/app-dashboard/div/div[1]/div[2]/button[2]]
18:17:18.557 [main] INFO  com.billhub.qa.base.TestBase - Waiting for web element to be clickable: [[ChromeDriver: chrome on windows (d2e4809083b8d39bd98709c4aca7e2b7)] -> xpath: //span[normalize-space()='Create Memo']]
18:17:21.146 [main] INFO  com.billhub.qa.base.TestBase - Waiting for element invisibility: By.className: loader
18:17:21.389 [main] INFO  com.billhub.qa.base.TestBase - Waiting for element invisibility: By.className: loader
18:17:22.094 [main] INFO  com.billhub.qa.base.TestBase - Waiting for element invisibility: By.className: loader
18:17:22.360 [main] INFO  com.billhub.qa.base.TestBase - Waiting for element invisibility: By.className: loader
18:17:23.484 [main] INFO  com.billhub.qa.base.TestBase - Waiting for web element to be clickable: [[ChromeDriver: chrome on windows (d2e4809083b8d39bd98709c4aca7e2b7)] -> xpath: //button[normalize-space()='Done']]
18:17:23.583 [main] INFO  com.billhub.qa.base.TestBase - Waiting for element invisibility: By.className: loader
18:17:24.440 [main] INFO  com.billhub.qa.base.TestBase - Waiting for element invisibility: By.className: loader
18:17:25.161 [main] INFO  com.billhub.qa.base.TestBase - Waiting for element invisibility: By.className: loader
18:17:25.733 [main] INFO  com.billhub.qa.base.TestBase - Waiting for web element to be clickable: [[ChromeDriver: chrome on windows (d2e4809083b8d39bd98709c4aca7e2b7)] -> xpath: /html/body/modal-container/div/div/app-add-po-popup/div[2]/div[2]/div[1]/table/tbody/tr[1]/td[1]/div/input]
18:17:26.205 [main] INFO  com.billhub.qa.base.TestBase - Waiting for web element to be clickable: [[ChromeDriver: chrome on windows (d2e4809083b8d39bd98709c4aca7e2b7)] -> xpath: //button[normalize-space()='SAVE']]
18:17:27.001 [main] INFO  com.billhub.qa.base.TestBase - Waiting for element invisibility: By.className: loader
18:17:28.160 [main] INFO  com.billhub.qa.base.TestBase - Waiting for element invisibility: By.className: loader
18:17:28.784 [main] INFO  com.billhub.qa.base.TestBase - Waiting for element invisibility: By.className: loader
18:17:28.807 [main] INFO  com.billhub.qa.base.TestBase - Waiting for toast to disappear
18:17:32.043 [main] INFO  com.billhub.qa.base.TestBase - Waiting for web element to be clickable: [[ChromeDriver: chrome on windows (d2e4809083b8d39bd98709c4aca7e2b7)] -> xpath: //*[@id="main"]/main/div/div/app-create-memo/div/div/div[2]/div/form/div/div[6]/button]
18:17:32.151 [main] INFO  com.billhub.qa.base.TestBase - Waiting for element invisibility: By.className: loader
18:17:32.725 [main] INFO  com.billhub.qa.base.TestBase - Waiting for element visibility: By.xpath: //button[@type='submit']
18:17:32.754 [main] INFO  com.billhub.qa.base.TestBase - Waiting for web element to be clickable: [[ChromeDriver: chrome on windows (d2e4809083b8d39bd98709c4aca7e2b7)] -> xpath: //button[@type='submit']]
18:17:32.821 [main] INFO  com.billhub.qa.base.TestBase - Waiting for element visibility: By.xpath: /html/body/modal-container/div/div/app-memo-submit-confirm/div[3]/div/div[2]/button
18:17:33.393 [main] INFO  com.billhub.qa.base.TestBase - Waiting for web element to be clickable: [[ChromeDriver: chrome on windows (d2e4809083b8d39bd98709c4aca7e2b7)] -> xpath: /html/body/modal-container/div/div/app-memo-submit-confirm/div[3]/div/div[2]/button]
18:17:33.453 [main] INFO  com.billhub.qa.base.TestBase - Waiting for element invisibility: By.className: loader
18:17:39.439 [main] INFO  com.billhub.qa.base.TestBase - Waiting for element invisibility: By.className: modal-container
18:17:59.494 [main] INFO  com.billhub.qa.base.TestBase - Waiting for element invisibility: By.className: loader
18:17:59.792 [main] INFO  com.billhub.qa.base.TestBase - Waiting for element invisibility: By.className: loader
18:18:00.531 [main] INFO  com.billhub.qa.base.TestBase - Waiting for element visibility: By.xpath: /html/body/app-root/app-layout/div[1]/main/div/div/app-dashboard/div/div[1]/div[2]/div/typeahead-container/button
18:18:01.102 [main] INFO  com.billhub.qa.base.TestBase - Waiting for element invisibility: By.className: loader
18:18:02.698 [main] INFO  com.billhub.qa.base.TestBase - Waiting for element invisibility: By.className: loader
18:18:02.735 [main] INFO  com.billhub.qa.base.TestBase - Waiting for web element to be clickable: [[ChromeDriver: chrome on windows (1138b60bb41745b4ffa3eea3a16e5a58)] -> xpath: //button[@class='btn btn-link']]
18:18:03.535 [main] INFO  com.billhub.qa.base.TestBase - Waiting for web element to be clickable: [[ChromeDriver: chrome on windows (1138b60bb41745b4ffa3eea3a16e5a58)] -> xpath: //span[normalize-space()='Dashboard']]
18:18:04.191 [main] INFO  com.billhub.qa.base.TestBase - Waiting for element invisibility: By.className: loader
18:18:05.212 [main] INFO  com.billhub.qa.base.TestBase - Waiting for element invisibility: By.className: loader
18:18:05.363 [main] INFO  com.billhub.qa.base.TestBase - Waiting for element visibility: By.xpath: /html/body/app-root/app-layout/div[1]/main/div/div/app-dashboard/div/div[1]/div[2]/div/typeahead-container/button
18:18:05.889 [main] INFO  com.billhub.qa.base.TestBase - Waiting for element invisibility: By.className: loader
18:18:06.529 [main] INFO  com.billhub.qa.base.TestBase - Waiting for element invisibility: By.className: loader
18:18:08.170 [main] INFO  com.billhub.qa.base.TestBase - Waiting for element invisibility: By.className: loader
18:18:08.477 [main] INFO  com.billhub.qa.base.TestBase - Waiting for element invisibility: By.className: loader
18:18:08.619 [main] INFO  com.billhub.qa.base.TestBase - Checking if success toast is displayed for message: Invoice verified and simulate successfully
18:18:10.345 [main] INFO  com.billhub.qa.base.TestBase - Waiting for element invisibility: By.className: loader
18:18:10.914 [main] INFO  com.billhub.qa.base.TestBase - Waiting for web element to be clickable: [[ChromeDriver: chrome on windows (1138b60bb41745b4ffa3eea3a16e5a58)] -> xpath: //span[normalize-space()='Dashboard']]
18:18:11.031 [main] INFO  com.billhub.qa.base.TestBase - Waiting for element invisibility: By.className: loader
18:18:12.033 [main] INFO  com.billhub.qa.base.TestBase - Waiting for element invisibility: By.className: loader
18:18:12.070 [main] INFO  com.billhub.qa.base.TestBase - Waiting for web element to be clickable: [[ChromeDriver: chrome on windows (1138b60bb41745b4ffa3eea3a16e5a58)] -> xpath: //*[@id="sidebar"]/div[1]/perfect-scrollbar/div/div[1]/div[2]/ul/li[3]/a]
18:18:12.186 [main] INFO  com.billhub.qa.base.TestBase - Waiting for web element to be clickable: [[ChromeDriver: chrome on windows (1138b60bb41745b4ffa3eea3a16e5a58)] -> xpath: //a[normalize-space()='Approve invoice for Booking']]
18:18:12.609 [main] INFO  com.billhub.qa.base.TestBase - Waiting for element invisibility: By.className: loader
18:18:13.623 [main] INFO  com.billhub.qa.base.TestBase - Waiting for web element to be clickable: [[ChromeDriver: chrome on windows (1138b60bb41745b4ffa3eea3a16e5a58)] -> xpath: /html/body/modal-container/div/div/app-book-invoice-confirm/div[3]/div/div[2]/button]
18:18:15.046 [main] INFO  com.billhub.qa.base.TestBase - Waiting for element to be clickable: By.xpath: /html/body/modal-container/div/div/app-notify-dialog/div[1]/button
18:18:15.119 [main] INFO  com.billhub.qa.base.TestBase - Waiting for element invisibility: By.className: loader
