18:02:39.018 [main] INFO  com.billhub.qa.base.TestBase - Waiting for element invisibility: By.className: modal-container
18:02:54.136 [main] INFO  com.billhub.qa.base.TestBase - Waiting for web element to be clickable: [[ChromeDriver: chrome on windows (ce00ad63af96f0db6f4997c710e2fd5f)] -> xpath: //button[@class='btn btn-primary ng-star-inserted']]
18:02:54.627 [main] INFO  com.billhub.qa.base.TestBase - Waiting for web element to be clickable: [[ChromeDriver: chrome on windows (ce00ad63af96f0db6f4997c710e2fd5f)] -> xpath: //span[normalize-space()='Create Memo']]
18:03:03.131 [main] INFO  com.billhub.qa.base.TestBase - Waiting for element invisibility: By.className: modal-container
18:03:18.590 [main] INFO  com.billhub.qa.base.TestBase - Waiting for element invisibility: By.className: modal-container
18:03:35.083 [main] INFO  com.billhub.qa.base.TestBase - Waiting for element invisibility: By.className: modal-container
18:03:50.176 [main] INFO  com.billhub.qa.base.TestBase - Waiting for web element to be clickable: [[ChromeDriver: chrome on windows (ce00ad63af96f0db6f4997c710e2fd5f)] -> xpath: //button[normalize-space()='Done']]
18:03:51.452 [main] INFO  com.billhub.qa.base.TestBase - Waiting for element invisibility: By.className: modal-container
18:04:06.864 [main] INFO  com.billhub.qa.base.TestBase - Waiting for element invisibility: By.className: modal-container
18:04:22.219 [main] INFO  com.billhub.qa.base.TestBase - Waiting for element invisibility: By.className: modal-container
18:04:37.993 [main] INFO  com.billhub.qa.base.TestBase - Waiting for element invisibility: By.className: modal-container
18:04:53.084 [main] INFO  com.billhub.qa.base.TestBase - Waiting for web element to be clickable: [[ChromeDriver: chrome on windows (ce00ad63af96f0db6f4997c710e2fd5f)] -> xpath: //tbody/tr[1]/td[1]]
18:04:54.003 [main] INFO  com.billhub.qa.base.TestBase - Waiting for web element to be clickable: [[ChromeDriver: chrome on windows (ce00ad63af96f0db6f4997c710e2fd5f)] -> xpath: //button[normalize-space()='SAVE']]
18:04:54.813 [main] INFO  com.billhub.qa.base.TestBase - Waiting for element invisibility: By.className: modal-container
18:05:10.232 [main] INFO  com.billhub.qa.base.TestBase - Waiting for element invisibility: By.className: modal-container
18:05:25.501 [main] INFO  com.billhub.qa.base.TestBase - Waiting for element invisibility: By.className: modal-container
18:05:40.966 [main] INFO  com.billhub.qa.base.TestBase - Waiting for element visibility: By.xpath: //*[@id="main"]/main/div/div/app-memo-list/div/div/div[2]/div/form/div/div[6]/button
18:05:41.409 [main] INFO  com.billhub.qa.base.TestBase - Waiting for element visibility: By.xpath: /html/body/modal-container/div/div/app-memo-submit-confirm/div[3]/div/div[2]/button
18:05:42.061 [main] INFO  com.billhub.qa.base.TestBase - Waiting for web element to be clickable: [[ChromeDriver: chrome on windows (ce00ad63af96f0db6f4997c710e2fd5f)] -> xpath: /html/body/modal-container/div/div/app-memo-submit-confirm/div[3]/div/div[2]/button]
18:05:42.260 [main] INFO  com.billhub.qa.base.TestBase - Waiting for element invisibility: By.className: modal-container
18:06:04.620 [main] INFO  com.billhub.qa.base.TestBase - Waiting for element invisibility: By.className: modal-container
18:06:20.210 [main] INFO  com.billhub.qa.base.TestBase - Waiting for element invisibility: By.className: modal-container
18:06:35.872 [main] INFO  com.billhub.qa.base.TestBase - Waiting for element invisibility: By.className: modal-container
18:06:51.491 [main] INFO  com.billhub.qa.base.TestBase - Waiting for element visibility: By.xpath: /html/body/app-root/app-layout/div[1]/main/div/div/app-dashboard/div/div[1]/div[2]/div/typeahead-container/button
18:06:53.728 [main] INFO  com.billhub.qa.base.TestBase - Waiting for element invisibility: By.className: modal-container
18:07:08.804 [main] INFO  com.billhub.qa.base.TestBase - Waiting for web element to be clickable: [[ChromeDriver: chrome on windows (570e1b1add52e446dad51f2c54f1067b)] -> xpath: //button[@class='btn btn-link']]
18:07:09.217 [main] INFO  com.billhub.qa.base.TestBase - Waiting for web element to be clickable: [[ChromeDriver: chrome on windows (570e1b1add52e446dad51f2c54f1067b)] -> xpath: //span[normalize-space()='Dashboard']]
18:07:09.457 [main] INFO  com.billhub.qa.base.TestBase - Waiting for element invisibility: By.className: modal-container
18:08:27.721 [main] INFO  com.billhub.qa.base.TestBase - Waiting for element invisibility: By.className: modal-container
18:09:13.535 [main] INFO  com.billhub.qa.base.TestBase - Waiting for element invisibility: By.className: modal-container
18:09:29.121 [main] INFO  com.billhub.qa.base.TestBase - Waiting for element invisibility: By.className: modal-container
18:09:44.901 [main] INFO  com.billhub.qa.base.TestBase - Waiting for element invisibility: By.className: modal-container
18:10:00.507 [main] INFO  com.billhub.qa.base.TestBase - Waiting for element visibility: By.xpath: /html/body/app-root/app-layout/div[1]/main/div/div/app-dashboard/div/div[1]/div[2]/div/typeahead-container/button
18:10:01.367 [main] INFO  com.billhub.qa.base.TestBase - Waiting for element invisibility: By.className: modal-container
18:10:17.901 [main] INFO  com.billhub.qa.base.TestBase - Waiting for element invisibility: By.className: modal-container
18:10:33.011 [main] INFO  com.billhub.qa.base.TestBase - Waiting for web element to be clickable: [[ChromeDriver: chrome on windows (8cbe31e903d7737d42fbe5879c19b734)] -> xpath: //button[@class='btn btn-link']]
18:10:33.462 [main] INFO  com.billhub.qa.base.TestBase - Waiting for web element to be clickable: [[ChromeDriver: chrome on windows (8cbe31e903d7737d42fbe5879c19b734)] -> xpath: //span[normalize-space()='Dashboard']]
18:10:33.857 [main] INFO  com.billhub.qa.base.TestBase - Waiting for element invisibility: By.className: modal-container
18:10:49.930 [main] INFO  com.billhub.qa.base.TestBase - Waiting for element invisibility: By.className: modal-container
18:11:05.322 [main] INFO  com.billhub.qa.base.TestBase - Waiting for element visibility: By.xpath: /html/body/app-root/app-layout/div[1]/main/div/div/app-dashboard/div/div[1]/div[2]/div/typeahead-container/button
18:11:07.570 [main] INFO  com.billhub.qa.base.TestBase - Waiting for element invisibility: By.className: modal-container
18:11:22.672 [main] INFO  com.billhub.qa.base.TestBase - Waiting for web element to be clickable: [[ChromeDriver: chrome on windows (8cbe31e903d7737d42fbe5879c19b734)] -> xpath: //span[normalize-space()='Dashboard']]
18:11:23.082 [main] INFO  com.billhub.qa.base.TestBase - Waiting for element invisibility: By.className: modal-container
18:11:39.183 [main] INFO  com.billhub.qa.base.TestBase - Waiting for element invisibility: By.className: modal-container
18:11:54.247 [main] INFO  com.billhub.qa.base.TestBase - Waiting for web element to be clickable: [[ChromeDriver: chrome on windows (8cbe31e903d7737d42fbe5879c19b734)] -> xpath: //*[@id="sidebar"]/div[1]/perfect-scrollbar/div/div[1]/div[2]/ul/li[3]/a]
18:11:54.700 [main] INFO  com.billhub.qa.base.TestBase - Waiting for web element to be clickable: [[ChromeDriver: chrome on windows (8cbe31e903d7737d42fbe5879c19b734)] -> xpath: //a[normalize-space()='Approve invoice for Booking']]
18:11:55.297 [main] INFO  com.billhub.qa.base.TestBase - Waiting for element invisibility: By.className: modal-container
18:21:07.363 [main] INFO  com.billhub.qa.base.TestBase - Waiting for element invisibility: By.className: modal-container
18:23:13.065 [main] INFO  com.billhub.qa.base.TestBase - Waiting for element invisibility: By.className: modal-container
18:24:32.133 [main] INFO  com.billhub.qa.base.TestBase - Waiting for element invisibility: By.className: modal-container
18:24:47.268 [main] INFO  com.billhub.qa.base.TestBase - Waiting for web element to be clickable: [[ChromeDriver: chrome on windows (d21991def7f44ab5214b867518155067)] -> xpath: //button[@class='btn btn-link']]
18:24:47.573 [main] INFO  com.billhub.qa.base.TestBase - Waiting for web element to be clickable: [[ChromeDriver: chrome on windows (d21991def7f44ab5214b867518155067)] -> xpath: //span[normalize-space()='Dashboard']]
18:24:47.835 [main] INFO  com.billhub.qa.base.TestBase - Waiting for element invisibility: By.className: modal-container
18:27:09.688 [main] INFO  com.billhub.qa.base.TestBase - Waiting for element invisibility: By.className: modal-container
18:27:24.783 [main] INFO  com.billhub.qa.base.TestBase - Waiting for web element to be clickable: [[ChromeDriver: chrome on windows (8e8fb604a25f2232a50b5e555436247f)] -> xpath: //button[@class='btn btn-link']]
18:27:25.144 [main] INFO  com.billhub.qa.base.TestBase - Waiting for web element to be clickable: [[ChromeDriver: chrome on windows (8e8fb604a25f2232a50b5e555436247f)] -> xpath: //span[normalize-space()='Dashboard']]
18:27:25.387 [main] INFO  com.billhub.qa.base.TestBase - Waiting for element invisibility: By.className: modal-container
18:29:45.229 [main] INFO  com.billhub.qa.base.TestBase - Waiting for element invisibility: By.className: modal-container
18:30:00.346 [main] INFO  com.billhub.qa.base.TestBase - Waiting for web element to be clickable: [[ChromeDriver: chrome on windows (81d2d03abecd7b8c0635211848e98f35)] -> xpath: //button[@class='btn btn-link']]
18:30:00.702 [main] INFO  com.billhub.qa.base.TestBase - Waiting for web element to be clickable: [[ChromeDriver: chrome on windows (81d2d03abecd7b8c0635211848e98f35)] -> xpath: //span[normalize-space()='Dashboard']]
18:30:00.865 [main] INFO  com.billhub.qa.base.TestBase - Waiting for element invisibility: By.className: modal-container
18:37:37.326 [main] INFO  com.billhub.qa.base.TestBase - Waiting for element invisibility: By.className: modal-container
18:38:35.244 [main] INFO  com.billhub.qa.base.TestBase - Waiting for element invisibility: By.className: modal-container
18:38:50.945 [main] INFO  com.billhub.qa.base.TestBase - Waiting for element invisibility: By.className: modal-container
18:40:39.380 [main] INFO  com.billhub.qa.base.TestBase - Waiting for element invisibility: By.className: modal-container
18:40:55.149 [main] INFO  com.billhub.qa.base.TestBase - Waiting for element invisibility: By.className: modal-container
