20:33:45.404 [main] INFO  com.billhub.qa.base.TestBase - Waiting for element invisibility: By.className: modal-container
20:35:10.335 [main] INFO  com.billhub.qa.base.TestBase - Waiting for element invisibility: By.className: modal-container
20:35:25.406 [main] INFO  com.billhub.qa.base.TestBase - Waiting for web element to be clickable: [[ChromeDriver: chrome on windows (ad788a6a886cdb845163b630f6501a6b)] -> xpath: //button[@class='btn btn-link']]
20:35:25.529 [main] INFO  com.billhub.qa.base.TestBase - Waiting for web element to be clickable: [[ChromeDriver: chrome on windows (ad788a6a886cdb845163b630f6501a6b)] -> xpath: //*[@id="sidebar"]/div[1]/perfect-scrollbar/div/div[1]/div[2]/ul/li[3]/a]
20:35:26.205 [main] INFO  com.billhub.qa.base.TestBase - Waiting for web element to be clickable: [[ChromeDriver: chrome on windows (ad788a6a886cdb845163b630f6501a6b)] -> xpath: //a[normalize-space()='Approve invoice for Booking']]
20:35:27.358 [main] INFO  com.billhub.qa.base.TestBase - Waiting for element invisibility: By.className: modal-container
20:35:42.501 [main] INFO  com.billhub.qa.base.TestBase - Checking if success toast is displayed for message: success
20:35:57.566 [main] ERROR com.billhub.qa.base.TestBase - TimeoutException: Success toast not displayed for message - success
20:38:13.107 [main] INFO  com.billhub.qa.base.TestBase - Waiting for element invisibility: By.className: modal-container
20:38:28.157 [main] INFO  com.billhub.qa.base.TestBase - Waiting for web element to be clickable: [[ChromeDriver: chrome on windows (614ed165c0205b5a7dffad6871d2a96c)] -> xpath: //button[@class='btn btn-link']]
20:38:28.289 [main] INFO  com.billhub.qa.base.TestBase - Waiting for web element to be clickable: [[ChromeDriver: chrome on windows (614ed165c0205b5a7dffad6871d2a96c)] -> xpath: //*[@id="sidebar"]/div[1]/perfect-scrollbar/div/div[1]/div[2]/ul/li[3]/a]
20:38:28.960 [main] INFO  com.billhub.qa.base.TestBase - Waiting for web element to be clickable: [[ChromeDriver: chrome on windows (614ed165c0205b5a7dffad6871d2a96c)] -> xpath: //a[normalize-space()='Approve invoice for Booking']]
20:38:30.009 [main] INFO  com.billhub.qa.base.TestBase - Waiting for element invisibility: By.className: modal-container
20:38:45.166 [main] INFO  com.billhub.qa.base.TestBase - Waiting for web element to be clickable: [[ChromeDriver: chrome on windows (614ed165c0205b5a7dffad6871d2a96c)] -> xpath: /html/body/modal-container/div/div/app-book-invoice-confirm/div[3]/div/div[2]/button]
20:38:45.801 [main] INFO  com.billhub.qa.base.TestBase - Checking if success toast is displayed for message: success
20:39:00.829 [main] ERROR com.billhub.qa.base.TestBase - TimeoutException: Success toast not displayed for message - success
21:17:52.862 [main] INFO  com.billhub.qa.base.TestBase - Waiting for element invisibility: By.className: modal-container
21:18:07.910 [main] INFO  com.billhub.qa.base.TestBase - Waiting for web element to be clickable: [[ChromeDriver: chrome on windows (e2ea982d6c7cbc55e4332d41b999126a)] -> xpath: //button[@class='btn btn-link']]
21:18:08.022 [main] INFO  com.billhub.qa.base.TestBase - Waiting for web element to be clickable: [[ChromeDriver: chrome on windows (e2ea982d6c7cbc55e4332d41b999126a)] -> xpath: //*[@id="sidebar"]/div[1]/perfect-scrollbar/div/div[1]/div[2]/ul/li[3]/a]
21:18:08.693 [main] INFO  com.billhub.qa.base.TestBase - Waiting for web element to be clickable: [[ChromeDriver: chrome on windows (e2ea982d6c7cbc55e4332d41b999126a)] -> xpath: //a[normalize-space()='Review Invoice Posting']]
21:23:52.899 [main] INFO  com.billhub.qa.base.TestBase - Waiting for element invisibility: By.className: modal-container
21:24:07.940 [main] INFO  com.billhub.qa.base.TestBase - Waiting for web element to be clickable: [[ChromeDriver: chrome on windows (26f0d950865f536a9368faf72acbb3f8)] -> xpath: //button[@class='btn btn-link']]
21:24:08.068 [main] INFO  com.billhub.qa.base.TestBase - Waiting for web element to be clickable: [[ChromeDriver: chrome on windows (26f0d950865f536a9368faf72acbb3f8)] -> xpath: //*[@id="sidebar"]/div[1]/perfect-scrollbar/div/div[1]/div[2]/ul/li[3]/a]
21:24:08.202 [main] INFO  com.billhub.qa.base.TestBase - Waiting for web element to be clickable: [[ChromeDriver: chrome on windows (26f0d950865f536a9368faf72acbb3f8)] -> xpath: //a[normalize-space()='Review Invoice Posting']]
21:24:10.144 [main] INFO  com.billhub.qa.base.TestBase - Waiting for element visibility: By.xpath: /html/body/app-root/app-layout/div[1]/main/div/div/app-search-batch/div/div/div[1]/div[2]/div/div/typeahead-container/button/span/strong
21:25:26.430 [main] INFO  com.billhub.qa.base.TestBase - Waiting for element invisibility: By.className: modal-container
21:25:41.531 [main] INFO  com.billhub.qa.base.TestBase - Waiting for web element to be clickable: [[ChromeDriver: chrome on windows (c0be0d0159b60a4da3ae624d09c02902)] -> xpath: //button[@class='btn btn-link']]
21:25:41.665 [main] INFO  com.billhub.qa.base.TestBase - Waiting for web element to be clickable: [[ChromeDriver: chrome on windows (c0be0d0159b60a4da3ae624d09c02902)] -> xpath: //*[@id="sidebar"]/div[1]/perfect-scrollbar/div/div[1]/div[2]/ul/li[3]/a]
21:25:42.322 [main] INFO  com.billhub.qa.base.TestBase - Waiting for web element to be clickable: [[ChromeDriver: chrome on windows (c0be0d0159b60a4da3ae624d09c02902)] -> xpath: //a[normalize-space()='Review Invoice Posting']]
21:25:43.688 [main] INFO  com.billhub.qa.base.TestBase - Waiting for element visibility: By.xpath: /html/body/app-root/app-layout/div[1]/main/div/div/app-search-batch/div/div/div[1]/div[2]/div/div/typeahead-container/button/span/strong
21:29:17.429 [main] INFO  com.billhub.qa.base.TestBase - Waiting for element invisibility: By.className: modal-container
21:29:32.506 [main] INFO  com.billhub.qa.base.TestBase - Waiting for web element to be clickable: [[ChromeDriver: chrome on windows (cc78ee41fee201eb0959725de56adde7)] -> xpath: //button[@class='btn btn-link']]
21:29:32.639 [main] INFO  com.billhub.qa.base.TestBase - Waiting for web element to be clickable: [[ChromeDriver: chrome on windows (cc78ee41fee201eb0959725de56adde7)] -> xpath: //*[@id="sidebar"]/div[1]/perfect-scrollbar/div/div[1]/div[2]/ul/li[3]/a]
21:29:33.324 [main] INFO  com.billhub.qa.base.TestBase - Waiting for web element to be clickable: [[ChromeDriver: chrome on windows (cc78ee41fee201eb0959725de56adde7)] -> xpath: //a[normalize-space()='Review Invoice Posting']]
21:29:35.480 [main] INFO  com.billhub.qa.base.TestBase - Waiting for element visibility: By.xpath: /html/body/app-root/app-layout/div[1]/main/div/div/app-search-batch/div/div/div[1]/div[2]/div/div/typeahead-container/button/span/strong
11:51:26.477 [main] INFO  com.billhub.qa.base.TestBase - Waiting for element visibility: By.xpath: /html/body/app-root/app-layout/div[1]/main/div/div/app-dashboard/div/div[1]/div[2]/div/typeahead-container/button
11:51:27.245 [main] INFO  com.billhub.qa.base.TestBase - Waiting for element invisibility: By.className: modal-container
11:51:42.388 [main] INFO  com.billhub.qa.base.TestBase - Waiting for element invisibility: By.className: modal-container
11:51:57.551 [main] INFO  com.billhub.qa.base.TestBase - Checking if success toast is displayed for message: Invoice rejected successfully
11:52:12.576 [main] ERROR com.billhub.qa.base.TestBase - TimeoutException: Success toast not displayed for message - Invoice rejected successfully
11:53:44.224 [main] INFO  com.billhub.qa.base.TestBase - Waiting for element visibility: By.xpath: /html/body/app-root/app-layout/div[1]/main/div/div/app-dashboard/div/div[1]/div[2]/div/typeahead-container/button
11:53:44.917 [main] INFO  com.billhub.qa.base.TestBase - Waiting for element invisibility: By.className: modal-container
11:54:00.040 [main] INFO  com.billhub.qa.base.TestBase - Waiting for element invisibility: By.className: modal-container
11:54:15.189 [main] INFO  com.billhub.qa.base.TestBase - Checking if success toast is displayed for message: Invoice rejected successFully
12:38:59.344 [main] INFO  com.billhub.qa.base.TestBase - Waiting for element invisibility: By.className: modal-container
12:39:14.434 [main] INFO  com.billhub.qa.base.TestBase - Waiting for web element to be clickable: [[ChromeDriver: chrome on windows (82baef9bb71cc08d156e00f72f2105f0)] -> xpath: //button[@class='btn btn-primary ng-star-inserted']]
12:39:14.815 [main] INFO  com.billhub.qa.base.TestBase - Waiting for web element to be clickable: [[ChromeDriver: chrome on windows (82baef9bb71cc08d156e00f72f2105f0)] -> xpath: //span[normalize-space()='Create Memo']]
12:39:15.853 [main] ERROR com.billhub.qa.base.TestBase - FileNotFoundException: C:\Users\nisha\eclipse-workspace\BillHubTest\src\main\java\com\billhub\qa\testdata\BillHubTestdata.xlsx (The process cannot access the file because it is being used by another process)
12:39:15.953 [main] ERROR com.billhub.qa.base.TestBase - FileNotFoundException: C:\Users\nisha\eclipse-workspace\BillHubTest\src\main\java\com\billhub\qa\testdata\BillHubTestdata.xlsx (The process cannot access the file because it is being used by another process)
12:39:16.039 [main] ERROR com.billhub.qa.base.TestBase - FileNotFoundException: C:\Users\nisha\eclipse-workspace\BillHubTest\src\main\java\com\billhub\qa\testdata\BillHubTestdata.xlsx (The process cannot access the file because it is being used by another process)
12:39:16.122 [main] ERROR com.billhub.qa.base.TestBase - FileNotFoundException: C:\Users\nisha\eclipse-workspace\BillHubTest\src\main\java\com\billhub\qa\testdata\BillHubTestdata.xlsx (The process cannot access the file because it is being used by another process)
12:39:16.202 [main] ERROR com.billhub.qa.base.TestBase - FileNotFoundException: C:\Users\nisha\eclipse-workspace\BillHubTest\src\main\java\com\billhub\qa\testdata\BillHubTestdata.xlsx (The process cannot access the file because it is being used by another process)
12:39:16.279 [main] ERROR com.billhub.qa.base.TestBase - FileNotFoundException: C:\Users\nisha\eclipse-workspace\BillHubTest\src\main\java\com\billhub\qa\testdata\BillHubTestdata.xlsx (The process cannot access the file because it is being used by another process)
