16:35:39.017 [main] INFO  com.billhub.qa.base.TestBase - Waiting for web element to be clickable: [[ChromeDriver: chrome on windows (ed7c900a66182e4f6fb543c36a9a1b2a)] -> xpath: /html/body/modal-container/div/div/app-memo-submit-confirm/div[3]/div/div[2]/button]
16:35:39.083 [main] INFO  com.billhub.qa.base.TestBase - Waiting for element invisibility: By.className: loader
16:35:46.536 [main] INFO  com.billhub.qa.base.TestBase - Waiting for element invisibility: By.className: modal-container
16:36:06.585 [main] INFO  com.billhub.qa.base.TestBase - Waiting for element invisibility: By.className: loader-overlay
16:36:07.172 [main] INFO  com.billhub.qa.base.TestBase - Waiting for element invisibility: By.className: loader-overlay
16:36:07.503 [main] INFO  com.billhub.qa.base.TestBase - Waiting for element invisibility: By.className: loader-overlay
16:36:08.276 [main] INFO  com.billhub.qa.base.TestBase - Waiting for element visibility: By.xpath: /html/body/app-root/app-layout/div[1]/main/div/div/app-dashboard/div/div[1]/div[2]/div/typeahead-container/button
16:36:08.946 [main] INFO  com.billhub.qa.base.TestBase - Waiting for element invisibility: By.className: loader-overlay
16:36:11.459 [main] INFO  com.billhub.qa.base.TestBase - Waiting for web element to be clickable: [[ChromeDriver: chrome on windows (341c3295d9476f5141bbabfbf426e266)] -> xpath: //button[@class='btn btn-link']]
16:36:12.260 [main] INFO  com.billhub.qa.base.TestBase - Waiting for web element to be clickable: [[ChromeDriver: chrome on windows (341c3295d9476f5141bbabfbf426e266)] -> xpath: //span[normalize-space()='Dashboard']]
16:36:13.042 [main] INFO  com.billhub.qa.base.TestBase - Waiting for element invisibility: By.className: loader
16:36:14.529 [main] INFO  com.billhub.qa.base.TestBase - Waiting for element invisibility: By.className: loader
16:36:15.137 [main] INFO  com.billhub.qa.base.TestBase - Waiting for element invisibility: By.className: loader-overlay
16:36:15.326 [main] INFO  com.billhub.qa.base.TestBase - Waiting for element visibility: By.xpath: /html/body/app-root/app-layout/div[1]/main/div/div/app-dashboard/div/div[1]/div[2]/div/typeahead-container/button
16:36:15.866 [main] INFO  com.billhub.qa.base.TestBase - Waiting for element invisibility: By.className: model-container
16:36:35.977 [main] INFO  com.billhub.qa.base.TestBase - Waiting for element invisibility: By.className: loader
16:36:36.675 [main] INFO  com.billhub.qa.base.TestBase - Waiting for element invisibility: By.className: loader
16:36:38.502 [main] INFO  com.billhub.qa.base.TestBase - Waiting for element invisibility: By.className: loader
16:36:39.268 [main] INFO  com.billhub.qa.base.TestBase - Waiting for element invisibility: By.className: loader
16:36:39.666 [main] INFO  com.billhub.qa.base.TestBase - Waiting for element invisibility: By.className: loader
16:36:39.830 [main] INFO  com.billhub.qa.base.TestBase - Checking if success toast is displayed for message: Invoice verified and simulate successfully
16:36:41.059 [main] INFO  com.billhub.qa.base.TestBase - Waiting for web element to be clickable: [[ChromeDriver: chrome on windows (341c3295d9476f5141bbabfbf426e266)] -> xpath: //span[normalize-space()='Dashboard']]
16:36:41.340 [main] INFO  com.billhub.qa.base.TestBase - Waiting for element invisibility: By.className: loader
16:36:42.706 [main] INFO  com.billhub.qa.base.TestBase - Waiting for web element to be clickable: [[ChromeDriver: chrome on windows (341c3295d9476f5141bbabfbf426e266)] -> xpath: //span[normalize-space()='Dashboard']]
16:36:42.818 [main] INFO  com.billhub.qa.base.TestBase - Waiting for element invisibility: By.className: loader
16:36:42.849 [main] INFO  com.billhub.qa.base.TestBase - Waiting for web element to be clickable: [[ChromeDriver: chrome on windows (341c3295d9476f5141bbabfbf426e266)] -> xpath: //*[@id="sidebar"]/div[1]/perfect-scrollbar/div/div[1]/div[2]/ul/li[3]/a]
16:36:42.978 [main] INFO  com.billhub.qa.base.TestBase - Waiting for web element to be clickable: [[ChromeDriver: chrome on windows (341c3295d9476f5141bbabfbf426e266)] -> xpath: //a[normalize-space()='Approve invoice for Booking']]
16:36:43.412 [main] INFO  com.billhub.qa.base.TestBase - Waiting for element invisibility: By.className: loader
16:36:44.359 [main] INFO  com.billhub.qa.base.TestBase - Waiting for web element to be clickable: [[ChromeDriver: chrome on windows (341c3295d9476f5141bbabfbf426e266)] -> xpath: /html/body/modal-container/div/div/app-book-invoice-confirm/div[3]/div/div[2]/button]
16:36:45.888 [main] INFO  com.billhub.qa.base.TestBase - Waiting for element to be clickable: By.xpath: /html/body/modal-container/div/div/app-notify-dialog/div[1]/button
16:36:45.960 [main] INFO  com.billhub.qa.base.TestBase - Waiting for web element to be clickable: [[ChromeDriver: chrome on windows (341c3295d9476f5141bbabfbf426e266)] -> xpath: //*[@id="sidebar"]/div[1]/perfect-scrollbar/div/div[1]/div[2]/ul/li[3]/a]
16:36:46.779 [main] INFO  com.billhub.qa.base.TestBase - Waiting for web element to be clickable: [[ChromeDriver: chrome on windows (341c3295d9476f5141bbabfbf426e266)] -> xpath: //a[normalize-space()='Review Invoice Posting']]
16:36:47.377 [main] INFO  com.billhub.qa.base.TestBase - Waiting for element visibility: By.xpath: /html/body/app-root/app-layout/div[1]/main/div/div/app-search-batch/div/div/div[1]/div[2]/div/div/typeahead-container/button/span/strong
16:36:48.079 [main] INFO  com.billhub.qa.base.TestBase - Waiting for element invisibility: By.className: loader
16:36:48.136 [main] INFO  com.billhub.qa.base.TestBase - Waiting for web element to be clickable: [[ChromeDriver: chrome on windows (341c3295d9476f5141bbabfbf426e266)] -> xpath: //span[normalize-space()='Dashboard']]
16:36:48.358 [main] INFO  com.billhub.qa.base.TestBase - Waiting for element invisibility: By.className: loader
16:36:49.874 [main] INFO  com.billhub.qa.base.TestBase - Waiting for element invisibility: By.className: loader
16:36:50.546 [main] INFO  com.billhub.qa.base.TestBase - Waiting for element visibility: By.xpath: /html/body/modal-container/div/div/app-invoice-info-popup/div[2]/div[1]/div/div/div[1]/div/div[2]/div/b
16:36:51.151 [main] INFO  com.billhub.qa.base.TestBase - Waiting for element visibility: By.xpath: /html/body/modal-container/div/div/app-invoice-info-popup/div[2]/div[1]/div/div/div[2]/div[3]/div[4]/div[2]
16:36:58.054 [main] INFO  com.billhub.qa.base.TestBase - Waiting for element invisibility: By.className: modal-container
16:37:18.174 [main] INFO  com.billhub.qa.base.TestBase - Waiting for element invisibility: By.className: loader
16:37:18.202 [main] INFO  com.billhub.qa.base.TestBase - Waiting for element invisibility: By.className: loader
16:37:18.289 [main] INFO  com.billhub.qa.base.TestBase - Waiting for element invisibility: By.className: loader
16:37:18.582 [main] INFO  com.billhub.qa.base.TestBase - Waiting for web element to be clickable: [[ChromeDriver: chrome on windows (9d7b294730b8f22aab1b87a801a345ce)] -> xpath: //*[@id="main"]/main/div/div/app-account/div/div/div[2]/div/div/div[1]/div/ul/li/form/div[1]/ngx-select-dropdown/div/div/ul[2]/li]
16:37:18.951 [main] INFO  com.billhub.qa.base.TestBase - Waiting for web element to be clickable: [[ChromeDriver: chrome on windows (9d7b294730b8f22aab1b87a801a345ce)] -> xpath: //*[@id="main"]/main/div/div/app-account/div/div/div[2]/div/div/div[1]/div/ul/li/form/div[3]/ngx-select-dropdown/div/div/ul[2]/li[1]]
16:37:19.238 [main] INFO  com.billhub.qa.base.TestBase - Waiting for element invisibility: By.className: loader
16:37:22.325 [main] INFO  com.billhub.qa.base.TestBase - Waiting for element invisibility: By.className: loader
16:37:22.432 [main] INFO  com.billhub.qa.base.TestBase - Checking if success toast is displayed for message: Invoice updated successfully
16:37:30.625 [main] INFO  com.billhub.qa.base.TestBase - Waiting for element invisibility: By.className: modal-container
16:37:50.739 [main] INFO  com.billhub.qa.base.TestBase - Waiting for element invisibility: By.className: loader
16:37:50.769 [main] INFO  com.billhub.qa.base.TestBase - Waiting for element invisibility: By.className: loader
16:37:50.853 [main] INFO  com.billhub.qa.base.TestBase - Waiting for element invisibility: By.className: loader
16:37:51.137 [main] INFO  com.billhub.qa.base.TestBase - Waiting for web element to be clickable: [[ChromeDriver: chrome on windows (3bb8b841afe7b6660d605bfbbe6db328)] -> xpath: //*[@id="main"]/main/div/div/app-account/div/div/div[2]/div/div/div[1]/div/ul/li/form/div[1]/ngx-select-dropdown/div/div/ul[2]/li]
16:37:51.508 [main] INFO  com.billhub.qa.base.TestBase - Waiting for web element to be clickable: [[ChromeDriver: chrome on windows (3bb8b841afe7b6660d605bfbbe6db328)] -> xpath: //*[@id="main"]/main/div/div/app-account/div/div/div[2]/div/div/div[1]/div/ul/li/form/div[3]/ngx-select-dropdown/div/div/ul[2]/li[1]]
16:37:51.785 [main] INFO  com.billhub.qa.base.TestBase - Waiting for element invisibility: By.className: loader
16:37:52.821 [main] INFO  com.billhub.qa.base.TestBase - Waiting for element invisibility: By.className: loader
16:37:52.974 [main] INFO  com.billhub.qa.base.TestBase - Checking if success toast is displayed for message: Invoice updated successfully
16:38:00.301 [main] INFO  com.billhub.qa.base.TestBase - Waiting for element invisibility: By.className: modal-container
16:38:20.421 [main] INFO  com.billhub.qa.base.TestBase - Waiting for element invisibility: By.className: loader
16:38:20.462 [main] INFO  com.billhub.qa.base.TestBase - Waiting for web element to be clickable: [[ChromeDriver: chrome on windows (86b95f7b436cbf5fcbb3a5b9dd0375a7)] -> xpath: //button[@class='btn btn-link']]
16:38:20.552 [main] INFO  com.billhub.qa.base.TestBase - Waiting for web element to be clickable: [[ChromeDriver: chrome on windows (86b95f7b436cbf5fcbb3a5b9dd0375a7)] -> xpath: //*[@id="sidebar"]/div[1]/perfect-scrollbar/div/div[1]/div[2]/ul/li[3]/a]
16:38:21.250 [main] INFO  com.billhub.qa.base.TestBase - Waiting for web element to be clickable: [[ChromeDriver: chrome on windows (86b95f7b436cbf5fcbb3a5b9dd0375a7)] -> xpath: //*[@id="sidebar"]/div[1]/perfect-scrollbar/div/div[1]/div[2]/ul/li[3]/div/ul/li[4]/a]
