18:47:07.193 [main] INFO  com.billhub.qa.base.TestBase - Waiting for web element to be clickable: [[ChromeDriver: chrome on windows (d91033929710e7d3d15ef1b10fb51cac)] -> xpath: /html/body/modal-container/div/div/app-book-invoice-confirm/div[3]/div/div[2]/button]
18:47:08.659 [main] INFO  com.billhub.qa.base.TestBase - Waiting for element to be clickable: By.xpath: /html/body/modal-container/div/div/app-notify-dialog/div[1]/button
18:47:08.729 [main] INFO  com.billhub.qa.base.TestBase - Waiting for element invisibility: By.className: loader
18:47:08.761 [main] INFO  com.billhub.qa.base.TestBase - Waiting for web element to be clickable: [[ChromeDriver: chrome on windows (d91033929710e7d3d15ef1b10fb51cac)] -> xpath: //*[@id="sidebar"]/div[1]/perfect-scrollbar/div/div[1]/div[2]/ul/li[3]/a]
18:47:09.567 [main] INFO  com.billhub.qa.base.TestBase - Waiting for web element to be clickable: [[ChromeDriver: chrome on windows (d91033929710e7d3d15ef1b10fb51cac)] -> xpath: //a[normalize-space()='Review Invoice Posting']]
18:47:10.333 [main] INFO  com.billhub.qa.base.TestBase - Waiting for element visibility: By.xpath: /html/body/app-root/app-layout/div[1]/main/div/div/app-search-batch/div/div/div[1]/div[2]/div/div/typeahead-container/button/span/strong
18:47:10.814 [main] INFO  com.billhub.qa.base.TestBase - Waiting for element invisibility: By.className: loader
18:47:10.846 [main] INFO  com.billhub.qa.base.TestBase - Waiting for web element to be clickable: [[ChromeDriver: chrome on windows (d91033929710e7d3d15ef1b10fb51cac)] -> xpath: //span[normalize-space()='Dashboard']]
18:47:10.961 [main] INFO  com.billhub.qa.base.TestBase - Waiting for element invisibility: By.className: loader
18:47:11.721 [main] INFO  com.billhub.qa.base.TestBase - Waiting for element invisibility: By.className: loader
18:47:12.354 [main] INFO  com.billhub.qa.base.TestBase - Waiting for element visibility: By.xpath: /html/body/modal-container/div/div/app-invoice-info-popup/div[2]/div[1]/div/div/div[2]/div[3]/div[4]/div[2]
18:47:13.318 [main] INFO  com.billhub.qa.base.TestBase - Waiting for element invisibility: By.className: modal-container
18:47:38.369 [main] INFO  com.billhub.qa.base.TestBase - Waiting for element invisibility: By.className: modal-container
18:47:58.420 [main] INFO  com.billhub.qa.base.TestBase - Waiting for element invisibility: By.className: loader
18:47:58.448 [main] INFO  com.billhub.qa.base.TestBase - Waiting for element invisibility: By.className: loader
18:47:58.535 [main] INFO  com.billhub.qa.base.TestBase - Waiting for element invisibility: By.className: loader
18:47:58.808 [main] INFO  com.billhub.qa.base.TestBase - Waiting for web element to be clickable: [[ChromeDriver: chrome on windows (8d4ca84d035ab1458cae192cec5e9731)] -> xpath: //*[@id="main"]/main/div/div/app-account/div/div/div[2]/div/div/div[1]/div/ul/li/form/div[1]/ngx-select-dropdown/div/div/ul[2]/li]
18:47:59.139 [main] INFO  com.billhub.qa.base.TestBase - Waiting for web element to be clickable: [[ChromeDriver: chrome on windows (8d4ca84d035ab1458cae192cec5e9731)] -> xpath: //*[@id="main"]/main/div/div/app-account/div/div/div[2]/div/div/div[1]/div/ul/li/form/div[3]/ngx-select-dropdown/div/div/ul[2]/li[1]]
18:47:59.419 [main] INFO  com.billhub.qa.base.TestBase - Waiting for element invisibility: By.className: loader
18:48:00.197 [main] INFO  com.billhub.qa.base.TestBase - Waiting for element invisibility: By.className: loader
18:48:00.280 [main] INFO  com.billhub.qa.base.TestBase - Checking if success toast is displayed for message: Invoice updated successfully
18:48:05.825 [main] INFO  com.billhub.qa.base.TestBase - Waiting for element invisibility: By.className: modal-container
18:48:25.909 [main] INFO  com.billhub.qa.base.TestBase - Waiting for element invisibility: By.className: loader
18:48:25.941 [main] INFO  com.billhub.qa.base.TestBase - Waiting for element invisibility: By.className: loader
18:48:26.041 [main] INFO  com.billhub.qa.base.TestBase - Waiting for element invisibility: By.className: loader
18:48:26.313 [main] INFO  com.billhub.qa.base.TestBase - Waiting for web element to be clickable: [[ChromeDriver: chrome on windows (9de418cf33fb526a0c96ab8b2a98b876)] -> xpath: //*[@id="main"]/main/div/div/app-account/div/div/div[2]/div/div/div[1]/div/ul/li/form/div[1]/ngx-select-dropdown/div/div/ul[2]/li]
18:48:26.659 [main] INFO  com.billhub.qa.base.TestBase - Waiting for web element to be clickable: [[ChromeDriver: chrome on windows (9de418cf33fb526a0c96ab8b2a98b876)] -> xpath: //*[@id="main"]/main/div/div/app-account/div/div/div[2]/div/div/div[1]/div/ul/li/form/div[3]/ngx-select-dropdown/div/div/ul[2]/li[1]]
18:48:26.927 [main] INFO  com.billhub.qa.base.TestBase - Waiting for element invisibility: By.className: loader
18:48:27.694 [main] INFO  com.billhub.qa.base.TestBase - Waiting for element invisibility: By.className: loader
18:48:27.779 [main] INFO  com.billhub.qa.base.TestBase - Checking if success toast is displayed for message: Invoice updated successfully
18:48:32.078 [main] INFO  com.billhub.qa.base.TestBase - Waiting for element invisibility: By.className: modal-container
18:48:52.188 [main] INFO  com.billhub.qa.base.TestBase - Waiting for element invisibility: By.className: loader
18:48:52.233 [main] INFO  com.billhub.qa.base.TestBase - Waiting for web element to be clickable: [[ChromeDriver: chrome on windows (cc6b2befd37d08e98718723713046c30)] -> xpath: //button[@class='btn btn-link']]
18:48:52.366 [main] INFO  com.billhub.qa.base.TestBase - Waiting for web element to be clickable: [[ChromeDriver: chrome on windows (cc6b2befd37d08e98718723713046c30)] -> xpath: //*[@id="sidebar"]/div[1]/perfect-scrollbar/div/div[1]/div[2]/ul/li[3]/a]
18:48:53.009 [main] INFO  com.billhub.qa.base.TestBase - Waiting for web element to be clickable: [[ChromeDriver: chrome on windows (cc6b2befd37d08e98718723713046c30)] -> xpath: //*[@id="sidebar"]/div[1]/perfect-scrollbar/div/div[1]/div[2]/ul/li[3]/div/ul/li[4]/a]
18:48:53.633 [main] INFO  com.billhub.qa.base.TestBase - Waiting for element invisibility: By.className: loader
18:48:54.238 [main] INFO  com.billhub.qa.base.TestBase - Waiting for web element to be clickable: [[ChromeDriver: chrome on windows (cc6b2befd37d08e98718723713046c30)] -> xpath: //*[@id="ngb-typeahead-0-0"]]
18:48:54.331 [main] INFO  com.billhub.qa.base.TestBase - Waiting for element invisibility: By.className: loader
18:48:54.966 [main] INFO  com.billhub.qa.base.TestBase - Waiting for element invisibility: By.className: loader
18:49:15.153 [main] INFO  com.billhub.qa.base.TestBase - Waiting for web element to be clickable: Proxy element for: DefaultElementLocator 'By.xpath: //*[@id="main"]/main/div/div/create-payment-request/div/div/div[5]/div/table/tbody/tr/td[1]/div/input'
18:51:10.601 [main] INFO  com.billhub.qa.base.TestBase - Waiting for element invisibility: By.className: modal-container
18:51:30.654 [main] INFO  com.billhub.qa.base.TestBase - Waiting for element invisibility: By.className: loader-overlay
18:51:30.718 [main] INFO  com.billhub.qa.base.TestBase - Waiting for web element to be clickable: [[ChromeDriver: chrome on windows (6d82a36ab7f92339023d9a26df391dec)] -> xpath: //*[@id="main"]/main/div/div/app-dashboard/div/div[1]/div[2]/button[2]]
18:51:30.975 [main] INFO  com.billhub.qa.base.TestBase - Waiting for web element to be clickable: [[ChromeDriver: chrome on windows (6d82a36ab7f92339023d9a26df391dec)] -> xpath: //span[normalize-space()='Create Memo']]
18:51:33.622 [main] INFO  com.billhub.qa.base.TestBase - Waiting for element invisibility: By.className: loader
18:51:33.850 [main] INFO  com.billhub.qa.base.TestBase - Waiting for element invisibility: By.className: loader
18:51:34.545 [main] INFO  com.billhub.qa.base.TestBase - Waiting for element invisibility: By.className: loader
18:51:34.861 [main] INFO  com.billhub.qa.base.TestBase - Waiting for element invisibility: By.className: loader
18:51:35.970 [main] INFO  com.billhub.qa.base.TestBase - Waiting for web element to be clickable: [[ChromeDriver: chrome on windows (6d82a36ab7f92339023d9a26df391dec)] -> xpath: //button[normalize-space()='Done']]
18:51:36.061 [main] INFO  com.billhub.qa.base.TestBase - Waiting for element invisibility: By.className: loader
18:51:36.876 [main] INFO  com.billhub.qa.base.TestBase - Waiting for element invisibility: By.className: loader
18:51:37.604 [main] INFO  com.billhub.qa.base.TestBase - Waiting for element invisibility: By.className: loader
18:51:38.178 [main] INFO  com.billhub.qa.base.TestBase - Waiting for web element to be clickable: [[ChromeDriver: chrome on windows (6d82a36ab7f92339023d9a26df391dec)] -> xpath: /html/body/modal-container/div/div/app-add-po-popup/div[2]/div[2]/div[1]/table/tbody/tr[1]/td[1]/div/input]
18:51:38.646 [main] INFO  com.billhub.qa.base.TestBase - Waiting for web element to be clickable: [[ChromeDriver: chrome on windows (6d82a36ab7f92339023d9a26df391dec)] -> xpath: //button[normalize-space()='SAVE']]
18:51:39.462 [main] INFO  com.billhub.qa.base.TestBase - Waiting for element invisibility: By.className: loader
18:51:40.622 [main] INFO  com.billhub.qa.base.TestBase - Waiting for element invisibility: By.className: loader
18:51:41.254 [main] INFO  com.billhub.qa.base.TestBase - Waiting for element invisibility: By.className: loader
18:51:41.277 [main] INFO  com.billhub.qa.base.TestBase - Waiting for toast to disappear
18:51:44.534 [main] INFO  com.billhub.qa.base.TestBase - Waiting for web element to be clickable: [[ChromeDriver: chrome on windows (6d82a36ab7f92339023d9a26df391dec)] -> xpath: //*[@id="main"]/main/div/div/app-create-memo/div/div/div[2]/div/form/div/div[6]/button]
18:51:44.647 [main] INFO  com.billhub.qa.base.TestBase - Waiting for element invisibility: By.className: loader
18:51:45.210 [main] INFO  com.billhub.qa.base.TestBase - Waiting for element visibility: By.xpath: //button[@type='submit']
18:51:45.239 [main] INFO  com.billhub.qa.base.TestBase - Waiting for web element to be clickable: [[ChromeDriver: chrome on windows (6d82a36ab7f92339023d9a26df391dec)] -> xpath: //button[@type='submit']]
18:51:45.305 [main] INFO  com.billhub.qa.base.TestBase - Waiting for element visibility: By.xpath: /html/body/modal-container/div/div/app-memo-submit-confirm/div[3]/div/div[2]/button
