15:31:50.496 [main] INFO  com.billhub.qa.base.TestBase - Waiting for element invisibility: By.className: loader
15:31:53.138 [main] INFO  com.billhub.qa.base.TestBase - Waiting for element invisibility: By.className: loader
15:31:53.607 [main] INFO  com.billhub.qa.base.TestBase - Waiting for element invisibility: By.className: loader
15:31:53.707 [main] INFO  com.billhub.qa.base.TestBase - Waiting for element invisibility: By.className: loader
15:31:54.707 [main] INFO  com.billhub.qa.base.TestBase - Waiting for element invisibility: By.className: loader
15:31:54.810 [main] INFO  com.billhub.qa.base.TestBase - Waiting for element invisibility: By.className: loader
15:31:55.879 [main] INFO  com.billhub.qa.base.TestBase - Waiting for web element to be clickable: [[ChromeDriver: chrome on windows (3d47f5d83aff01e49e6648eed7fba7be)] -> xpath: //button[normalize-space()='SAVE']]
15:31:56.050 [main] INFO  com.billhub.qa.base.TestBase - Checking if success toast is displayed for message: Invoice created successfully.
15:32:16.107 [main] ERROR com.billhub.qa.base.TestBase - TimeoutException: Success toast not displayed for message - Invoice created successfully.
15:32:16.111 [main] INFO  com.billhub.qa.base.TestBase - Waiting for element invisibility: By.className: loader
15:32:16.370 [main] INFO  com.billhub.qa.base.TestBase - Waiting for element invisibility: By.className: loader
15:32:17.038 [main] INFO  com.billhub.qa.base.TestBase - Waiting for element invisibility: By.className: loader
15:32:17.345 [main] INFO  com.billhub.qa.base.TestBase - Waiting for element invisibility: By.className: loader
15:32:17.934 [main] INFO  com.billhub.qa.base.TestBase - Waiting for web element to be clickable: [[ChromeDriver: chrome on windows (3d47f5d83aff01e49e6648eed7fba7be)] -> xpath: //button[normalize-space()='Done']]
15:32:18.034 [main] INFO  com.billhub.qa.base.TestBase - Waiting for element invisibility: By.className: loader
15:32:18.854 [main] INFO  com.billhub.qa.base.TestBase - Waiting for element invisibility: By.className: loader
15:32:19.578 [main] INFO  com.billhub.qa.base.TestBase - Waiting for element invisibility: By.className: loader
15:32:20.160 [main] INFO  com.billhub.qa.base.TestBase - Waiting for web element to be clickable: [[ChromeDriver: chrome on windows (3d47f5d83aff01e49e6648eed7fba7be)] -> xpath: /html/body/modal-container/div/div/app-add-po-popup/div[2]/div[2]/div[1]/table/tbody/tr[1]/td[1]/div/input]
15:32:20.653 [main] INFO  com.billhub.qa.base.TestBase - Waiting for web element to be clickable: [[ChromeDriver: chrome on windows (3d47f5d83aff01e49e6648eed7fba7be)] -> xpath: //button[normalize-space()='SAVE']]
15:32:21.467 [main] INFO  com.billhub.qa.base.TestBase - Waiting for element invisibility: By.className: loader
15:32:23.152 [main] INFO  com.billhub.qa.base.TestBase - Waiting for element invisibility: By.className: loader
15:32:23.787 [main] INFO  com.billhub.qa.base.TestBase - Waiting for element invisibility: By.className: loader
15:32:23.811 [main] INFO  com.billhub.qa.base.TestBase - Waiting for toast to disappear
15:32:25.455 [main] INFO  com.billhub.qa.base.TestBase - Waiting for web element to be clickable: [[ChromeDriver: chrome on windows (3d47f5d83aff01e49e6648eed7fba7be)] -> xpath: //*[@id="main"]/main/div/div/app-create-memo/div/div/div[2]/div/form/div/div[6]/button]
15:32:25.582 [main] INFO  com.billhub.qa.base.TestBase - Waiting for element invisibility: By.className: loader
15:32:26.139 [main] INFO  com.billhub.qa.base.TestBase - Waiting for element visibility: By.xpath: //button[@type='submit']
15:32:26.166 [main] INFO  com.billhub.qa.base.TestBase - Waiting for web element to be clickable: [[ChromeDriver: chrome on windows (3d47f5d83aff01e49e6648eed7fba7be)] -> xpath: //button[@type='submit']]
15:32:26.240 [main] INFO  com.billhub.qa.base.TestBase - Waiting for element visibility: By.xpath: /html/body/modal-container/div/div/app-memo-submit-confirm/div[3]/div/div[2]/button
15:32:26.797 [main] INFO  com.billhub.qa.base.TestBase - Waiting for web element to be clickable: [[ChromeDriver: chrome on windows (3d47f5d83aff01e49e6648eed7fba7be)] -> xpath: /html/body/modal-container/div/div/app-memo-submit-confirm/div[3]/div/div[2]/button]
15:32:26.861 [main] INFO  com.billhub.qa.base.TestBase - Waiting for element invisibility: By.className: loader
15:32:28.411 [main] INFO  com.billhub.qa.base.TestBase - Waiting for element invisibility: By.className: loader
15:32:30.056 [main] INFO  com.billhub.qa.base.TestBase - Waiting for web element to be clickable: [[ChromeDriver: chrome on windows (3d47f5d83aff01e49e6648eed7fba7be)] -> xpath: //*[@id="main"]/main/div/div/app-dashboard/div/div[1]/div[2]/button[2]]
15:32:30.356 [main] INFO  com.billhub.qa.base.TestBase - Waiting for web element to be clickable: [[ChromeDriver: chrome on windows (3d47f5d83aff01e49e6648eed7fba7be)] -> xpath: //span[normalize-space()='Create Memo']]
15:32:31.259 [main] INFO  com.billhub.qa.base.TestBase - Waiting for element invisibility: By.className: loader
15:32:33.120 [main] INFO  com.billhub.qa.base.TestBase - Checking if success toast is displayed for message: Invoice Number Exist try another!
15:32:33.150 [main] INFO  com.billhub.qa.base.TestBase - Waiting for element invisibility: By.className: loader
15:32:33.708 [main] INFO  com.billhub.qa.base.TestBase - Waiting for element invisibility: By.className: loader
15:32:33.909 [main] INFO  com.billhub.qa.base.TestBase - Waiting for element invisibility: By.className: loader
15:32:34.631 [main] INFO  com.billhub.qa.base.TestBase - Waiting for element invisibility: By.className: loader
15:32:34.930 [main] INFO  com.billhub.qa.base.TestBase - Waiting for element invisibility: By.className: loader
15:32:35.500 [main] INFO  com.billhub.qa.base.TestBase - Waiting for web element to be clickable: [[ChromeDriver: chrome on windows (3d47f5d83aff01e49e6648eed7fba7be)] -> xpath: //button[normalize-space()='Done']]
15:32:35.589 [main] INFO  com.billhub.qa.base.TestBase - Waiting for element invisibility: By.className: loader
15:32:36.444 [main] INFO  com.billhub.qa.base.TestBase - Waiting for element invisibility: By.className: loader
15:32:38.183 [main] INFO  com.billhub.qa.base.TestBase - Waiting for element invisibility: By.className: loader
15:32:38.762 [main] INFO  com.billhub.qa.base.TestBase - Waiting for web element to be clickable: [[ChromeDriver: chrome on windows (3d47f5d83aff01e49e6648eed7fba7be)] -> xpath: /html/body/modal-container/div/div/app-add-po-popup/div[2]/div[2]/div[1]/table/tbody/tr[1]/td[1]/div/input]
15:32:39.186 [main] INFO  com.billhub.qa.base.TestBase - Waiting for element invisibility: By.className: loader
15:32:39.217 [main] INFO  com.billhub.qa.base.TestBase - Waiting for web element to be clickable: [[ChromeDriver: chrome on windows (3d47f5d83aff01e49e6648eed7fba7be)] -> xpath: //button[normalize-space()='SAVE']]
15:32:40.008 [main] INFO  com.billhub.qa.base.TestBase - Waiting for element invisibility: By.className: loader
15:32:41.154 [main] INFO  com.billhub.qa.base.TestBase - Waiting for element invisibility: By.className: loader
15:32:41.256 [main] INFO  com.billhub.qa.base.TestBase - Waiting for element invisibility: By.className: loader
15:32:41.285 [main] INFO  com.billhub.qa.base.TestBase - Waiting for toast to disappear
15:32:43.970 [main] INFO  com.billhub.qa.base.TestBase - Waiting for web element to be clickable: [[ChromeDriver: chrome on windows (3d47f5d83aff01e49e6648eed7fba7be)] -> xpath: //*[@id="main"]/main/div/div/app-create-memo/div/div/div[2]/div/form/div/div[6]/button]
15:32:44.073 [main] INFO  com.billhub.qa.base.TestBase - Waiting for element visibility: By.xpath: //button[@type='submit']
15:32:44.098 [main] INFO  com.billhub.qa.base.TestBase - Waiting for web element to be clickable: [[ChromeDriver: chrome on windows (3d47f5d83aff01e49e6648eed7fba7be)] -> xpath: //button[@type='submit']]
15:32:45.059 [main] INFO  com.billhub.qa.base.TestBase - Waiting for element visibility: By.xpath: /html/body/modal-container/div/div/app-memo-submit-confirm/div[3]/div/div[2]/button
15:32:45.618 [main] INFO  com.billhub.qa.base.TestBase - Waiting for web element to be clickable: [[ChromeDriver: chrome on windows (3d47f5d83aff01e49e6648eed7fba7be)] -> xpath: /html/body/modal-container/div/div/app-memo-submit-confirm/div[3]/div/div[2]/button]
15:32:45.682 [main] INFO  com.billhub.qa.base.TestBase - Waiting for element invisibility: By.className: loader
15:40:16.268 [main] INFO  com.billhub.qa.base.TestBase - Waiting for element invisibility: By.className: modal-container
15:40:36.355 [main] INFO  com.billhub.qa.base.TestBase - Waiting for element invisibility: By.className: loader
15:40:36.417 [main] INFO  com.billhub.qa.base.TestBase - Waiting for web element to be clickable: [[ChromeDriver: chrome on windows (e01c3b03ec6da1073ae6961f1077614e)] -> xpath: //*[@id="main"]/main/div/div/app-dashboard/div/div[1]/div[2]/button[2]]
15:40:37.150 [main] INFO  com.billhub.qa.base.TestBase - Waiting for web element to be clickable: [[ChromeDriver: chrome on windows (e01c3b03ec6da1073ae6961f1077614e)] -> xpath: //span[normalize-space()='Create Memo']]
15:40:39.875 [main] INFO  com.billhub.qa.base.TestBase - Waiting for element invisibility: By.className: loader
15:40:40.635 [main] INFO  com.billhub.qa.base.TestBase - Waiting for element invisibility: By.className: loader
15:40:41.343 [main] INFO  com.billhub.qa.base.TestBase - Waiting for element invisibility: By.className: loader
15:40:41.616 [main] INFO  com.billhub.qa.base.TestBase - Waiting for element invisibility: By.className: loader
15:40:42.192 [main] INFO  com.billhub.qa.base.TestBase - Waiting for web element to be clickable: [[ChromeDriver: chrome on windows (e01c3b03ec6da1073ae6961f1077614e)] -> xpath: //button[normalize-space()='Done']]
15:40:42.285 [main] INFO  com.billhub.qa.base.TestBase - Waiting for element invisibility: By.className: loader
15:40:43.079 [main] INFO  com.billhub.qa.base.TestBase - Waiting for element invisibility: By.className: loader
15:40:43.801 [main] INFO  com.billhub.qa.base.TestBase - Waiting for element invisibility: By.className: loader
