<<<<<<< HEAD
08:19:45.682 [main] INFO  com.billhub.qa.base.TestBase - Waiting for web element to be clickable: [[ChromeDriver: chrome on windows (0754f14629f64a90620b84b3965d754d)] -> link text: Customer]
08:19:45.812 [main] INFO  com.billhub.qa.base.TestBase - Setting cell data in sheet: Customer, row: 1, col: 1, data: 105448
08:19:46.713 [main] INFO  com.billhub.qa.base.TestBase - Setting cell data in sheet: Customer, row: 3, col: 1, data: 858362
08:19:46.962 [main] INFO  com.billhub.qa.base.TestBase - Waiting for toast to disappear
08:19:47.776 [main] INFO  com.billhub.qa.base.TestBase - Checking if success toast is displayed for message: customer Added successfully
08:20:45.164 [main] INFO  com.billhub.qa.base.TestBase - Waiting for element invisibility: By.className: modal-container
08:21:00.283 [main] INFO  com.billhub.qa.base.TestBase - Waiting for web element to be clickable: [[ChromeDriver: chrome on windows (43517db2ce16bda36f7b4938bb2b4348)] -> xpath: //button[@class='btn btn-link']]
08:21:00.383 [main] INFO  com.billhub.qa.base.TestBase - Waiting for web element to be clickable: [[ChromeDriver: chrome on windows (43517db2ce16bda36f7b4938bb2b4348)] -> xpath: //span[normalize-space()='Master']]
08:21:01.077 [main] INFO  com.billhub.qa.base.TestBase - Waiting for web element to be clickable: [[ChromeDriver: chrome on windows (43517db2ce16bda36f7b4938bb2b4348)] -> link text: Customer]
08:21:01.184 [main] INFO  com.billhub.qa.base.TestBase - Setting cell data in sheet: Customer, row: 1, col: 1, data: 289370
08:21:02.051 [main] INFO  com.billhub.qa.base.TestBase - Setting cell data in sheet: Customer, row: 3, col: 1, data: 260749
08:21:02.313 [main] INFO  com.billhub.qa.base.TestBase - Waiting for toast to disappear
08:21:03.140 [main] INFO  com.billhub.qa.base.TestBase - Checking if success toast is displayed for message: customer Added successfully
08:21:27.650 [main] INFO  com.billhub.qa.base.TestBase - Waiting for element invisibility: By.className: modal-container
08:21:42.715 [main] INFO  com.billhub.qa.base.TestBase - Waiting for web element to be clickable: [[ChromeDriver: chrome on windows (938ba51ffd213a06b892fdb70cf4594b)] -> xpath: //button[@class='btn btn-link']]
08:21:42.811 [main] INFO  com.billhub.qa.base.TestBase - Waiting for web element to be clickable: [[ChromeDriver: chrome on windows (938ba51ffd213a06b892fdb70cf4594b)] -> xpath: //span[normalize-space()='Master']]
08:21:43.502 [main] INFO  com.billhub.qa.base.TestBase - Waiting for web element to be clickable: [[ChromeDriver: chrome on windows (938ba51ffd213a06b892fdb70cf4594b)] -> link text: Customer]
08:21:43.606 [main] INFO  com.billhub.qa.base.TestBase - Setting cell data in sheet: Customer, row: 1, col: 1, data: 669663
08:21:44.502 [main] INFO  com.billhub.qa.base.TestBase - Setting cell data in sheet: Customer, row: 3, col: 1, data: 196984
=======
08:29:44.528 [main] INFO  com.billhub.qa.base.TestBase - Waiting for element invisibility: By.className: modal-container
08:29:59.597 [main] INFO  com.billhub.qa.base.TestBase - Waiting for web element to be clickable: [[ChromeDriver: chrome on windows (3484edb899f0559e30a2a1dd473fcfd3)] -> xpath: //button[@class='btn btn-primary ng-star-inserted']]
08:30:00.297 [main] INFO  com.billhub.qa.base.TestBase - Waiting for web element to be clickable: [[ChromeDriver: chrome on windows (3484edb899f0559e30a2a1dd473fcfd3)] -> xpath: //span[normalize-space()='Create Memo']]
08:30:01.337 [main] INFO  com.billhub.qa.base.TestBase - Waiting for element invisibility: By.className: modal-container
08:30:17.139 [main] INFO  com.billhub.qa.base.TestBase - Checking if success toast is displayed for message: Invoice Number Exist try another
08:30:32.185 [main] ERROR com.billhub.qa.base.TestBase - TimeoutException: Success toast not displayed for message - Invoice Number Exist try another
08:32:11.370 [main] INFO  com.billhub.qa.base.TestBase - Waiting for element invisibility: By.className: modal-container
08:32:26.440 [main] INFO  com.billhub.qa.base.TestBase - Waiting for web element to be clickable: [[ChromeDriver: chrome on windows (e8de6f9fc532497b5ba9977f00bdee23)] -> xpath: //button[@class='btn btn-primary ng-star-inserted']]
08:32:27.087 [main] INFO  com.billhub.qa.base.TestBase - Waiting for web element to be clickable: [[ChromeDriver: chrome on windows (e8de6f9fc532497b5ba9977f00bdee23)] -> xpath: //span[normalize-space()='Create Memo']]
08:32:28.182 [main] INFO  com.billhub.qa.base.TestBase - Waiting for element invisibility: By.className: modal-container
08:32:43.971 [main] INFO  com.billhub.qa.base.TestBase - Checking if success toast is displayed for message: Invoice Number Exist try another!
08:33:26.895 [main] INFO  com.billhub.qa.base.TestBase - Waiting for element invisibility: By.className: modal-container
08:33:41.977 [main] INFO  com.billhub.qa.base.TestBase - Waiting for web element to be clickable: [[ChromeDriver: chrome on windows (4f413154ef7565909520bd517d6e74c8)] -> xpath: //button[@class='btn btn-primary ng-star-inserted']]
08:33:42.427 [main] INFO  com.billhub.qa.base.TestBase - Waiting for web element to be clickable: [[ChromeDriver: chrome on windows (4f413154ef7565909520bd517d6e74c8)] -> xpath: //span[normalize-space()='Create Memo']]
08:33:43.474 [main] INFO  com.billhub.qa.base.TestBase - Waiting for element invisibility: By.className: modal-container
08:34:34.030 [main] INFO  com.billhub.qa.base.TestBase - Waiting for element invisibility: By.className: modal-container
08:34:49.078 [main] INFO  com.billhub.qa.base.TestBase - Waiting for web element to be clickable: [[ChromeDriver: chrome on windows (de0334af2955a901f4a1e650589406db)] -> xpath: //button[@class='btn btn-primary ng-star-inserted']]
08:34:49.845 [main] INFO  com.billhub.qa.base.TestBase - Waiting for web element to be clickable: [[ChromeDriver: chrome on windows (de0334af2955a901f4a1e650589406db)] -> xpath: //span[normalize-space()='Create Memo']]
08:34:53.208 [main] INFO  com.billhub.qa.base.TestBase - Waiting for element invisibility: By.className: modal-container
08:35:08.773 [main] INFO  com.billhub.qa.base.TestBase - Waiting for element invisibility: By.className: modal-container
08:35:24.319 [main] INFO  com.billhub.qa.base.TestBase - Waiting for element invisibility: By.className: modal-container
08:35:39.825 [main] INFO  com.billhub.qa.base.TestBase - Waiting for element invisibility: By.className: modal-container
08:35:55.434 [main] INFO  com.billhub.qa.base.TestBase - Waiting for web element to be clickable: [[ChromeDriver: chrome on windows (de0334af2955a901f4a1e650589406db)] -> xpath: //button[normalize-space()='SAVE']]
08:35:56.434 [main] INFO  com.billhub.qa.base.TestBase - Checking if success toast is displayed for message: Invoice created successfully.
08:36:11.468 [main] ERROR com.billhub.qa.base.TestBase - TimeoutException: Success toast not displayed for message - Invoice created successfully.
08:36:11.472 [main] INFO  com.billhub.qa.base.TestBase - Waiting for element invisibility: By.className: modal-container
08:36:26.697 [main] INFO  com.billhub.qa.base.TestBase - Waiting for element invisibility: By.className: modal-container
08:36:42.442 [main] INFO  com.billhub.qa.base.TestBase - Waiting for element invisibility: By.className: modal-container
08:36:58.222 [main] INFO  com.billhub.qa.base.TestBase - Waiting for element invisibility: By.className: modal-container
08:37:13.286 [main] INFO  com.billhub.qa.base.TestBase - Waiting for web element to be clickable: [[ChromeDriver: chrome on windows (de0334af2955a901f4a1e650589406db)] -> xpath: //button[normalize-space()='Done']]
08:37:13.422 [main] INFO  com.billhub.qa.base.TestBase - Waiting for element invisibility: By.className: modal-container
08:37:28.559 [main] INFO  com.billhub.qa.base.TestBase - Waiting for element invisibility: By.className: modal-container
08:37:43.632 [main] INFO  com.billhub.qa.base.TestBase - Waiting for web element to be clickable: [[ChromeDriver: chrome on windows (de0334af2955a901f4a1e650589406db)] -> xpath: /html/body/modal-container/div/div/app-add-po-popup/div[2]/div[2]/div[1]/table/tbody/tr/td[1]/div/input]
08:37:44.157 [main] INFO  com.billhub.qa.base.TestBase - Waiting for web element to be clickable: [[ChromeDriver: chrome on windows (de0334af2955a901f4a1e650589406db)] -> xpath: //button[normalize-space()='SAVE']]
08:37:44.966 [main] INFO  com.billhub.qa.base.TestBase - Waiting for element invisibility: By.className: modal-container
08:38:00.068 [main] INFO  com.billhub.qa.base.TestBase - Waiting for element invisibility: By.className: modal-container
>>>>>>> 8eec1bfaa99550ed9f2dfbe5385571ed33507373
09:16:46.534 [main] INFO  com.billhub.qa.base.TestBase - Waiting for element invisibility: By.className: modal-container
09:17:01.620 [main] INFO  com.billhub.qa.base.TestBase - Waiting for web element to be clickable: [[ChromeDriver: chrome on windows (59b3cef2eb69d897bb2c9fab2846cc36)] -> xpath: //button[@class='btn btn-primary ng-star-inserted']]
09:17:02.250 [main] INFO  com.billhub.qa.base.TestBase - Waiting for web element to be clickable: [[ChromeDriver: chrome on windows (59b3cef2eb69d897bb2c9fab2846cc36)] -> xpath: //span[normalize-space()='Create Memo']]
09:17:03.243 [main] INFO  com.billhub.qa.base.TestBase - Waiting for element invisibility: By.className: modal-container
09:17:18.544 [main] INFO  com.billhub.qa.base.TestBase - Waiting for element invisibility: By.className: modal-container
09:17:34.257 [main] INFO  com.billhub.qa.base.TestBase - Waiting for web element to be clickable: [[ChromeDriver: chrome on windows (59b3cef2eb69d897bb2c9fab2846cc36)] -> xpath: //button[normalize-space()='SAVE']]
09:20:17.450 [main] INFO  com.billhub.qa.base.TestBase - Waiting for element invisibility: By.className: modal-container
09:20:32.576 [main] INFO  com.billhub.qa.base.TestBase - Waiting for web element to be clickable: [[ChromeDriver: chrome on windows (4dcbcf7c24f8bbf1ab03fea72e762f42)] -> xpath: //button[@class='btn btn-primary ng-star-inserted']]
09:20:33.417 [main] INFO  com.billhub.qa.base.TestBase - Waiting for web element to be clickable: [[ChromeDriver: chrome on windows (4dcbcf7c24f8bbf1ab03fea72e762f42)] -> xpath: //span[normalize-space()='Create Memo']]
