08:49:50.189 [main] INFO  com.billhub.qa.base.TestBase - Waiting for web element to be clickable: [[ChromeDriver: chrome on windows (adb481b7a664f68750f05416f724791c)] -> xpath: //span[normalize-space()='Create Memo']]
08:49:53.431 [main] INFO  com.billhub.qa.base.TestBase - Waiting for element invisibility: By.className: modal-container
08:50:23.485 [main] INFO  com.billhub.qa.base.TestBase - Waiting for web element to be clickable: Proxy element for: DefaultElementLocator 'By.xpath: //button[@class='btn btn-primary ng-star-inserted']'
08:51:57.859 [main] INFO  com.billhub.qa.base.TestBase - Waiting for element invisibility: By.className: modal-container
08:52:12.962 [main] INFO  com.billhub.qa.base.TestBase - Waiting for web element to be clickable: [[ChromeDriver: chrome on windows (49bd3460ae1f84f8b5cae6db16935dab)] -> xpath: //button[@class='btn btn-primary ng-star-inserted']]
08:52:13.590 [main] INFO  com.billhub.qa.base.TestBase - Waiting for web element to be clickable: [[ChromeDriver: chrome on windows (49bd3460ae1f84f8b5cae6db16935dab)] -> xpath: //span[normalize-space()='Create Memo']]
08:52:16.874 [main] INFO  com.billhub.qa.base.TestBase - Waiting for element invisibility: By.className: modal-container
08:52:47.003 [main] INFO  com.billhub.qa.base.TestBase - Waiting for web element to be clickable: Proxy element for: DefaultElementLocator 'By.xpath: //button[@class='btn btn-primary ng-star-inserted']'
08:57:00.542 [main] INFO  com.billhub.qa.base.TestBase - Waiting for element invisibility: By.className: modal-container
08:57:15.659 [main] INFO  com.billhub.qa.base.TestBase - Waiting for web element to be clickable: [[ChromeDriver: chrome on windows (434f86168b161c14175cf000ca0a710d)] -> xpath: //button[@class='btn btn-primary ng-star-inserted']]
08:57:16.337 [main] INFO  com.billhub.qa.base.TestBase - Waiting for web element to be clickable: [[ChromeDriver: chrome on windows (434f86168b161c14175cf000ca0a710d)] -> xpath: //span[normalize-space()='Create Memo']]
08:57:19.650 [main] INFO  com.billhub.qa.base.TestBase - Waiting for element invisibility: By.className: modal-container
08:57:49.773 [main] INFO  com.billhub.qa.base.TestBase - Waiting for web element to be clickable: Proxy element for: DefaultElementLocator 'By.xpath: //button[@class='btn btn-primary ng-star-inserted']'
10:22:00.820 [main] INFO  com.billhub.qa.base.TestBase - Waiting for element invisibility: By.className: modal-container
10:22:15.862 [main] INFO  com.billhub.qa.base.TestBase - Waiting for web element to be clickable: [[ChromeDriver: chrome on windows (c25915d5f165b80715424e2a8f165766)] -> xpath: //button[@class='btn btn-primary ng-star-inserted']]
10:22:16.176 [main] INFO  com.billhub.qa.base.TestBase - Waiting for web element to be clickable: [[ChromeDriver: chrome on windows (c25915d5f165b80715424e2a8f165766)] -> xpath: //span[normalize-space()='Create Memo']]
10:22:19.439 [main] INFO  com.billhub.qa.base.TestBase - Waiting for element invisibility: By.className: modal-container
10:22:49.593 [main] INFO  com.billhub.qa.base.TestBase - Waiting for web element to be clickable: Proxy element for: DefaultElementLocator 'By.xpath: //button[@class='btn btn-primary ng-star-inserted']'
10:25:01.824 [main] INFO  com.billhub.qa.base.TestBase - Waiting for element invisibility: By.className: modal-container
10:25:16.864 [main] INFO  com.billhub.qa.base.TestBase - Waiting for web element to be clickable: [[ChromeDriver: chrome on windows (c6cb92ccb65aa51ca9dfd52a9995cea3)] -> xpath: //button[@class='btn btn-primary ng-star-inserted']]
10:25:18.572 [main] INFO  com.billhub.qa.base.TestBase - Waiting for web element to be clickable: [[ChromeDriver: chrome on windows (c6cb92ccb65aa51ca9dfd52a9995cea3)] -> xpath: //span[normalize-space()='Create Memo']]
10:25:21.792 [main] INFO  com.billhub.qa.base.TestBase - Waiting for element invisibility: By.className: modal-container
10:25:43.683 [main] INFO  com.billhub.qa.base.TestBase - Waiting for web element to be clickable: [[ChromeDriver: chrome on windows (c6cb92ccb65aa51ca9dfd52a9995cea3)] -> xpath: //button[@class='btn btn-primary ng-star-inserted']]
10:29:28.388 [main] INFO  com.billhub.qa.base.TestBase - Waiting for element invisibility: By.className: modal-container
10:29:43.507 [main] INFO  com.billhub.qa.base.TestBase - Waiting for web element to be clickable: [[ChromeDriver: chrome on windows (9b89cb1078a4635235496dda6c5f91da)] -> xpath: //button[@class='btn btn-primary ng-star-inserted']]
10:29:43.805 [main] INFO  com.billhub.qa.base.TestBase - Waiting for web element to be clickable: [[ChromeDriver: chrome on windows (9b89cb1078a4635235496dda6c5f91da)] -> xpath: //span[normalize-space()='Create Memo']]
10:29:46.964 [main] INFO  com.billhub.qa.base.TestBase - Waiting for element invisibility: By.className: modal-container
10:30:02.025 [main] INFO  com.billhub.qa.base.TestBase - Waiting for element invisibility: By.className: modal-container
10:30:17.305 [main] INFO  com.billhub.qa.base.TestBase - Waiting for element invisibility: By.className: modal-container
10:30:32.956 [main] INFO  com.billhub.qa.base.TestBase - Waiting for element invisibility: By.className: modal-container
10:30:48.319 [main] INFO  com.billhub.qa.base.TestBase - Waiting for element invisibility: By.className: modal-container
10:31:03.404 [main] INFO  com.billhub.qa.base.TestBase - Waiting for web element to be clickable: [[ChromeDriver: chrome on windows (9b89cb1078a4635235496dda6c5f91da)] -> xpath: //button[normalize-space()='Done']]
10:31:03.508 [main] INFO  com.billhub.qa.base.TestBase - Waiting for element invisibility: By.className: modal-container
10:31:18.698 [main] INFO  com.billhub.qa.base.TestBase - Waiting for element invisibility: By.className: modal-container
10:31:33.805 [main] INFO  com.billhub.qa.base.TestBase - Waiting for element invisibility: By.className: modal-container
10:31:48.935 [main] INFO  com.billhub.qa.base.TestBase - Waiting for element invisibility: By.className: modal-container
10:32:03.999 [main] INFO  com.billhub.qa.base.TestBase - Waiting for web element to be clickable: [[ChromeDriver: chrome on windows (9b89cb1078a4635235496dda6c5f91da)] -> xpath: //td[@scope='row']//input[@type='checkbox']]
10:32:04.312 [main] INFO  com.billhub.qa.base.TestBase - Waiting for element invisibility: By.className: modal-container
10:32:19.393 [main] INFO  com.billhub.qa.base.TestBase - Waiting for web element to be clickable: [[ChromeDriver: chrome on windows (9b89cb1078a4635235496dda6c5f91da)] -> xpath: //button[normalize-space()='SAVE']]
10:32:19.493 [main] INFO  com.billhub.qa.base.TestBase - Waiting for element invisibility: By.className: modal-container
10:32:34.759 [main] INFO  com.billhub.qa.base.TestBase - Waiting for element invisibility: By.className: modal-container
10:32:50.360 [main] INFO  com.billhub.qa.base.TestBase - Waiting for element invisibility: By.className: modal-container
10:33:05.718 [main] INFO  com.billhub.qa.base.TestBase - Waiting for element invisibility: By.className: modal-container
10:33:20.770 [main] INFO  com.billhub.qa.base.TestBase - Waiting for web element to be clickable: [[ChromeDriver: chrome on windows (9b89cb1078a4635235496dda6c5f91da)] -> xpath: //button[normalize-space()='Done']]
10:33:20.865 [main] INFO  com.billhub.qa.base.TestBase - Waiting for element invisibility: By.className: modal-container
10:33:36.025 [main] INFO  com.billhub.qa.base.TestBase - Waiting for element invisibility: By.className: modal-container
10:35:49.508 [main] INFO  com.billhub.qa.base.TestBase - Waiting for element invisibility: By.className: modal-container
10:36:04.629 [main] INFO  com.billhub.qa.base.TestBase - Waiting for web element to be clickable: [[ChromeDriver: chrome on windows (54e4d0a54970dbe27a021b49113670e6)] -> xpath: //button[@class='btn btn-primary ng-star-inserted']]
10:36:04.932 [main] INFO  com.billhub.qa.base.TestBase - Waiting for web element to be clickable: [[ChromeDriver: chrome on windows (54e4d0a54970dbe27a021b49113670e6)] -> xpath: //span[normalize-space()='Create Memo']]
10:36:08.273 [main] INFO  com.billhub.qa.base.TestBase - Waiting for element invisibility: By.className: modal-container
10:36:23.353 [main] INFO  com.billhub.qa.base.TestBase - Waiting for element invisibility: By.className: modal-container
10:37:23.753 [main] INFO  com.billhub.qa.base.TestBase - Waiting for element invisibility: By.className: modal-container
10:37:38.824 [main] INFO  com.billhub.qa.base.TestBase - Waiting for web element to be clickable: [[ChromeDriver: chrome on windows (6505c4d94e5e08d60a9f7912132cc5d4)] -> xpath: //button[@class='btn btn-primary ng-star-inserted']]
10:37:39.108 [main] INFO  com.billhub.qa.base.TestBase - Waiting for web element to be clickable: [[ChromeDriver: chrome on windows (6505c4d94e5e08d60a9f7912132cc5d4)] -> xpath: //span[normalize-space()='Create Memo']]
10:37:42.107 [main] INFO  com.billhub.qa.base.TestBase - Waiting for element invisibility: By.className: modal-container
10:37:57.167 [main] INFO  com.billhub.qa.base.TestBase - Waiting for element invisibility: By.className: modal-container
10:39:10.231 [main] INFO  com.billhub.qa.base.TestBase - Waiting for element invisibility: By.className: modal-container
10:39:25.370 [main] INFO  com.billhub.qa.base.TestBase - Waiting for web element to be clickable: [[ChromeDriver: chrome on windows (aa87dcdc6cc63ab4ca2b027527bda711)] -> xpath: //button[@class='btn btn-primary ng-star-inserted']]
10:39:25.612 [main] INFO  com.billhub.qa.base.TestBase - Waiting for web element to be clickable: [[ChromeDriver: chrome on windows (aa87dcdc6cc63ab4ca2b027527bda711)] -> xpath: //span[normalize-space()='Create Memo']]
10:39:28.783 [main] INFO  com.billhub.qa.base.TestBase - Waiting for element invisibility: By.className: modal-container
10:39:43.861 [main] INFO  com.billhub.qa.base.TestBase - Waiting for element invisibility: By.className: modal-container
10:39:59.151 [main] INFO  com.billhub.qa.base.TestBase - Waiting for element invisibility: By.className: modal-container
10:40:14.766 [main] INFO  com.billhub.qa.base.TestBase - Waiting for element invisibility: By.className: modal-container
