21:47:51.866 [main] INFO  com.billhub.qa.base.TestBase - Waiting for element invisibility: By.className: modal-container
21:48:06.904 [main] INFO  com.billhub.qa.base.TestBase - Waiting for web element to be clickable: [[ChromeDriver: chrome on windows (485c80d3e0588cbcc619e75389772d9b)] -> xpath: //button[normalize-space()='SAVE']]
11:13:46.042 [main] INFO  com.billhub.qa.base.TestBase - Waiting for element invisibility: By.className: modal-container
11:14:01.112 [main] INFO  com.billhub.qa.base.TestBase - Waiting for web element to be clickable: [[ChromeDriver: chrome on windows (34ae41f2a310d3bbd7578cb8f7e1d0bc)] -> xpath: //button[@class='btn btn-primary ng-star-inserted']]
11:14:01.431 [main] INFO  com.billhub.qa.base.TestBase - Waiting for web element to be clickable: [[ChromeDriver: chrome on windows (34ae41f2a310d3bbd7578cb8f7e1d0bc)] -> xpath: //span[normalize-space()='Create Memo']]
11:14:02.337 [main] INFO  com.billhub.qa.base.TestBase - Setting cell data in sheet: POBasedInvoice, row: 1, col: 0, data: TESTINV3111
11:14:02.646 [main] INFO  com.billhub.qa.base.TestBase - Setting cell data in sheet: POBasedInvoice, row: 1, col: 1, data: 2
11:14:02.776 [main] INFO  com.billhub.qa.base.TestBase - Setting cell data in sheet: POBasedInvoice, row: 1, col: 2, data: 0.36
11:14:02.900 [main] INFO  com.billhub.qa.base.TestBase - Setting cell data in sheet: POBasedInvoice, row: 2, col: 0, data: TESTINV1783
11:14:03.007 [main] INFO  com.billhub.qa.base.TestBase - Setting cell data in sheet: POBasedInvoice, row: 2, col: 1, data: 3
11:14:03.107 [main] INFO  com.billhub.qa.base.TestBase - Setting cell data in sheet: POBasedInvoice, row: 2, col: 2, data: 0.54
11:14:03.229 [main] INFO  com.billhub.qa.base.TestBase - Setting cell data in sheet: POBasedInvoice, row: 3, col: 0, data: TESTINV7856
11:14:03.325 [main] INFO  com.billhub.qa.base.TestBase - Setting cell data in sheet: POBasedInvoice, row: 3, col: 1, data: 0
11:14:03.426 [main] INFO  com.billhub.qa.base.TestBase - Setting cell data in sheet: POBasedInvoice, row: 3, col: 2, data: 0.0
11:14:03.519 [main] INFO  com.billhub.qa.base.TestBase - Setting cell data in sheet: POBasedInvoice, row: 4, col: 0, data: TESTINV6945
11:14:03.601 [main] INFO  com.billhub.qa.base.TestBase - Setting cell data in sheet: POBasedInvoice, row: 4, col: 1, data: 4
11:14:03.685 [main] INFO  com.billhub.qa.base.TestBase - Setting cell data in sheet: POBasedInvoice, row: 4, col: 2, data: 0.72
11:14:03.772 [main] INFO  com.billhub.qa.base.TestBase - Setting cell data in sheet: POBasedInvoice, row: 5, col: 0, data: TESTINV5650
11:14:03.848 [main] INFO  com.billhub.qa.base.TestBase - Setting cell data in sheet: POBasedInvoice, row: 5, col: 1, data: 3
11:14:03.919 [main] INFO  com.billhub.qa.base.TestBase - Setting cell data in sheet: POBasedInvoice, row: 5, col: 2, data: 0.54
11:14:03.998 [main] INFO  com.billhub.qa.base.TestBase - Setting cell data in sheet: POBasedInvoice, row: 6, col: 0, data: TESTINV6811
11:14:04.076 [main] INFO  com.billhub.qa.base.TestBase - Setting cell data in sheet: POBasedInvoice, row: 6, col: 1, data: 1
11:14:04.149 [main] INFO  com.billhub.qa.base.TestBase - Setting cell data in sheet: POBasedInvoice, row: 6, col: 2, data: 0.18
11:14:04.218 [main] INFO  com.billhub.qa.base.TestBase - Setting cell data in sheet: POBasedInvoice, row: 7, col: 0, data: TESTINV2135
11:14:04.296 [main] INFO  com.billhub.qa.base.TestBase - Setting cell data in sheet: POBasedInvoice, row: 7, col: 1, data: 8
11:14:04.364 [main] INFO  com.billhub.qa.base.TestBase - Setting cell data in sheet: POBasedInvoice, row: 7, col: 2, data: 1.44
11:14:04.435 [main] INFO  com.billhub.qa.base.TestBase - Setting cell data in sheet: POBasedInvoice, row: 8, col: 0, data: TESTINV9327
11:14:04.507 [main] INFO  com.billhub.qa.base.TestBase - Setting cell data in sheet: POBasedInvoice, row: 8, col: 1, data: 5
11:14:04.577 [main] INFO  com.billhub.qa.base.TestBase - Setting cell data in sheet: POBasedInvoice, row: 8, col: 2, data: 0.8999999999999999
11:14:04.718 [main] INFO  com.billhub.qa.base.TestBase - Waiting for element invisibility: By.className: modal-container
11:16:05.427 [main] INFO  com.billhub.qa.base.TestBase - Waiting for element invisibility: By.className: modal-container
11:16:20.484 [main] INFO  com.billhub.qa.base.TestBase - Waiting for web element to be clickable: [[ChromeDriver: chrome on windows (f1bb8b472f65ae9dbb26aa903c41067f)] -> xpath: //button[@class='btn btn-primary ng-star-inserted']]
11:16:20.759 [main] INFO  com.billhub.qa.base.TestBase - Waiting for web element to be clickable: [[ChromeDriver: chrome on windows (f1bb8b472f65ae9dbb26aa903c41067f)] -> xpath: //span[normalize-space()='Create Memo']]
11:16:21.691 [main] INFO  com.billhub.qa.base.TestBase - Setting cell data in sheet: POBasedInvoice, row: 1, col: 0, data: TESTINV7386
11:16:22.006 [main] INFO  com.billhub.qa.base.TestBase - Setting cell data in sheet: POBasedInvoice, row: 1, col: 1, data: 1
11:16:22.136 [main] INFO  com.billhub.qa.base.TestBase - Setting cell data in sheet: POBasedInvoice, row: 1, col: 2, data: 0.18
11:16:22.268 [main] INFO  com.billhub.qa.base.TestBase - Setting cell data in sheet: POBasedInvoice, row: 2, col: 0, data: TESTINV9770
11:16:22.379 [main] INFO  com.billhub.qa.base.TestBase - Setting cell data in sheet: POBasedInvoice, row: 2, col: 1, data: 5
11:16:22.494 [main] INFO  com.billhub.qa.base.TestBase - Setting cell data in sheet: POBasedInvoice, row: 2, col: 2, data: 0.8999999999999999
11:16:22.608 [main] INFO  com.billhub.qa.base.TestBase - Setting cell data in sheet: POBasedInvoice, row: 3, col: 0, data: TESTINV6828
11:16:22.698 [main] INFO  com.billhub.qa.base.TestBase - Setting cell data in sheet: POBasedInvoice, row: 3, col: 1, data: 4
11:16:22.793 [main] INFO  com.billhub.qa.base.TestBase - Setting cell data in sheet: POBasedInvoice, row: 3, col: 2, data: 0.72
11:16:22.889 [main] INFO  com.billhub.qa.base.TestBase - Setting cell data in sheet: POBasedInvoice, row: 4, col: 0, data: TESTINV2118
11:16:22.980 [main] INFO  com.billhub.qa.base.TestBase - Setting cell data in sheet: POBasedInvoice, row: 4, col: 1, data: 8
11:16:23.085 [main] INFO  com.billhub.qa.base.TestBase - Setting cell data in sheet: POBasedInvoice, row: 4, col: 2, data: 1.44
11:16:23.188 [main] INFO  com.billhub.qa.base.TestBase - Setting cell data in sheet: POBasedInvoice, row: 5, col: 0, data: TESTINV9054
11:16:23.313 [main] INFO  com.billhub.qa.base.TestBase - Setting cell data in sheet: POBasedInvoice, row: 5, col: 1, data: 4
11:16:23.399 [main] INFO  com.billhub.qa.base.TestBase - Setting cell data in sheet: POBasedInvoice, row: 5, col: 2, data: 0.72
11:16:23.486 [main] INFO  com.billhub.qa.base.TestBase - Setting cell data in sheet: POBasedInvoice, row: 6, col: 0, data: TESTINV8316
11:16:23.574 [main] INFO  com.billhub.qa.base.TestBase - Setting cell data in sheet: POBasedInvoice, row: 6, col: 1, data: 0
11:16:23.645 [main] INFO  com.billhub.qa.base.TestBase - Setting cell data in sheet: POBasedInvoice, row: 6, col: 2, data: 0.0
11:16:23.720 [main] INFO  com.billhub.qa.base.TestBase - Setting cell data in sheet: POBasedInvoice, row: 7, col: 0, data: TESTINV6876
11:16:23.787 [main] INFO  com.billhub.qa.base.TestBase - Setting cell data in sheet: POBasedInvoice, row: 7, col: 1, data: 6
11:16:23.855 [main] INFO  com.billhub.qa.base.TestBase - Setting cell data in sheet: POBasedInvoice, row: 7, col: 2, data: 1.08
11:16:23.923 [main] INFO  com.billhub.qa.base.TestBase - Setting cell data in sheet: POBasedInvoice, row: 8, col: 0, data: TESTINV9336
11:16:23.987 [main] INFO  com.billhub.qa.base.TestBase - Setting cell data in sheet: POBasedInvoice, row: 8, col: 1, data: 3
11:16:24.051 [main] INFO  com.billhub.qa.base.TestBase - Setting cell data in sheet: POBasedInvoice, row: 8, col: 2, data: 0.54
11:16:24.198 [main] INFO  com.billhub.qa.base.TestBase - Waiting for element invisibility: By.className: modal-container
11:16:39.431 [main] INFO  com.billhub.qa.base.TestBase - Waiting for element invisibility: By.className: modal-container
11:16:55.493 [main] INFO  com.billhub.qa.base.TestBase - Waiting for element invisibility: By.className: modal-container
11:17:10.537 [main] INFO  com.billhub.qa.base.TestBase - Waiting for web element to be clickable: [[ChromeDriver: chrome on windows (f1bb8b472f65ae9dbb26aa903c41067f)] -> xpath: //button[normalize-space()='Done']]
11:17:11.460 [main] INFO  com.billhub.qa.base.TestBase - Waiting for element invisibility: By.className: modal-container
11:17:26.528 [main] INFO  com.billhub.qa.base.TestBase - Waiting for web element to be clickable: [[ChromeDriver: chrome on windows (f1bb8b472f65ae9dbb26aa903c41067f)] -> xpath: /html/body/modal-container/div/div/app-add-po-popup/div[2]/div[2]/div[1]/table/tbody/tr/td[1]/div/input]
11:17:27.028 [main] INFO  com.billhub.qa.base.TestBase - Waiting for element invisibility: By.className: modal-container
11:17:42.069 [main] INFO  com.billhub.qa.base.TestBase - Waiting for web element to be clickable: [[ChromeDriver: chrome on windows (f1bb8b472f65ae9dbb26aa903c41067f)] -> xpath: //button[normalize-space()='SAVE']]
11:17:42.371 [main] INFO  com.billhub.qa.base.TestBase - Waiting for element invisibility: By.className: modal-container
11:17:58.407 [main] INFO  com.billhub.qa.base.TestBase - Waiting for element invisibility: By.className: modal-container
11:18:13.441 [main] INFO  com.billhub.qa.base.TestBase - Waiting for web element to be clickable: [[ChromeDriver: chrome on windows (f1bb8b472f65ae9dbb26aa903c41067f)] -> xpath: //button[normalize-space()='Done']]
11:18:14.344 [main] INFO  com.billhub.qa.base.TestBase - Waiting for element invisibility: By.className: modal-container
11:18:29.430 [main] INFO  com.billhub.qa.base.TestBase - Waiting for web element to be clickable: [[ChromeDriver: chrome on windows (f1bb8b472f65ae9dbb26aa903c41067f)] -> xpath: /html/body/modal-container/div/div/app-add-po-popup/div[2]/div[2]/div[1]/table/tbody/tr/td[1]/div/input]
11:18:29.914 [main] INFO  com.billhub.qa.base.TestBase - Waiting for element invisibility: By.className: modal-container
11:18:44.952 [main] INFO  com.billhub.qa.base.TestBase - Waiting for web element to be clickable: [[ChromeDriver: chrome on windows (f1bb8b472f65ae9dbb26aa903c41067f)] -> xpath: //button[normalize-space()='SAVE']]
