16:21:33.831 [main] INFO  com.billhub.qa.base.TestBase - Waiting for web element to be clickable: [[ChromeDriver: chrome on windows (c32e449908617de7e9bd981ea4fbf582)] -> xpath: //*[@id="main"]/main/div/div/app-account/div/div/div[2]/div/div/div[1]/div/ul/li/form/div[3]/ngx-select-dropdown/div/div/ul[2]/li[1]]
16:21:34.139 [main] INFO  com.billhub.qa.base.TestBase - Waiting for element invisibility: By.className: loader
16:21:36.607 [main] INFO  com.billhub.qa.base.TestBase - Waiting for element invisibility: By.className: loader
16:21:36.699 [main] INFO  com.billhub.qa.base.TestBase - Checking if success toast is displayed for message: Invoice updated successfully
16:25:20.263 [main] INFO  com.billhub.qa.base.TestBase - Waiting for element invisibility: By.className: modal-container
16:25:40.334 [main] INFO  com.billhub.qa.base.TestBase - Waiting for element invisibility: By.className: loader
16:25:40.429 [main] INFO  com.billhub.qa.base.TestBase - Waiting for web element to be clickable: [[ChromeDriver: chrome on windows (61099bf0baf070c2a853db71f7360c64)] -> xpath: //*[@id="main"]/main/div/div/app-dashboard/div/div[1]/div[2]/button[2]]
16:25:41.111 [main] INFO  com.billhub.qa.base.TestBase - Waiting for web element to be clickable: [[ChromeDriver: chrome on windows (61099bf0baf070c2a853db71f7360c64)] -> xpath: //span[normalize-space()='Create Memo']]
16:25:42.067 [main] INFO  com.billhub.qa.base.TestBase - Waiting for element invisibility: By.className: loader
16:25:47.998 [main] INFO  com.billhub.qa.base.TestBase - Waiting for element invisibility: By.className: loader
16:25:48.260 [main] INFO  com.billhub.qa.base.TestBase - Waiting for element invisibility: By.className: loader
16:25:49.515 [main] INFO  com.billhub.qa.base.TestBase - Waiting for element invisibility: By.className: loader
16:25:50.675 [main] INFO  com.billhub.qa.base.TestBase - Waiting for web element to be clickable: [[ChromeDriver: chrome on windows (61099bf0baf070c2a853db71f7360c64)] -> xpath: //button[normalize-space()='Done']]
16:25:51.645 [main] INFO  com.billhub.qa.base.TestBase - Waiting for element invisibility: By.className: loader
16:25:52.414 [main] INFO  com.billhub.qa.base.TestBase - Waiting for element invisibility: By.className: loader
16:25:53.170 [main] INFO  com.billhub.qa.base.TestBase - Waiting for element invisibility: By.className: loader
16:25:54.026 [main] INFO  com.billhub.qa.base.TestBase - Waiting for element invisibility: By.className: loader
16:25:54.651 [main] INFO  com.billhub.qa.base.TestBase - Waiting for web element to be clickable: [[ChromeDriver: chrome on windows (61099bf0baf070c2a853db71f7360c64)] -> xpath: //tbody/tr[1]/td[1]]
16:25:55.142 [main] INFO  com.billhub.qa.base.TestBase - Waiting for web element to be clickable: [[ChromeDriver: chrome on windows (61099bf0baf070c2a853db71f7360c64)] -> xpath: //button[normalize-space()='SAVE']]
16:25:55.933 [main] INFO  com.billhub.qa.base.TestBase - Waiting for element invisibility: By.className: loader
16:25:56.730 [main] INFO  com.billhub.qa.base.TestBase - Waiting for element invisibility: By.className: loader
16:25:57.449 [main] INFO  com.billhub.qa.base.TestBase - Waiting for element invisibility: By.className: loader
16:25:57.492 [main] INFO  com.billhub.qa.base.TestBase - Waiting for toast to disappear
16:25:59.873 [main] INFO  com.billhub.qa.base.TestBase - Waiting for element visibility: By.xpath: //*[@id="main"]/main/div/div/app-memo-list/div/div/div[2]/div/form/div/div[6]/button
16:25:59.908 [main] INFO  com.billhub.qa.base.TestBase - Waiting for element invisibility: By.className: loader
16:26:01.107 [main] INFO  com.billhub.qa.base.TestBase - Waiting for element visibility: By.xpath: /html/body/modal-container/div/div/app-memo-submit-confirm/div[3]/div/div[2]/button
16:26:01.713 [main] INFO  com.billhub.qa.base.TestBase - Waiting for element invisibility: By.className: loader
16:26:01.751 [main] INFO  com.billhub.qa.base.TestBase - Waiting for web element to be clickable: [[ChromeDriver: chrome on windows (61099bf0baf070c2a853db71f7360c64)] -> xpath: /html/body/modal-container/div/div/app-memo-submit-confirm/div[3]/div/div[2]/button]
16:26:01.870 [main] INFO  com.billhub.qa.base.TestBase - Waiting for element invisibility: By.className: loader
16:26:10.087 [main] INFO  com.billhub.qa.base.TestBase - Waiting for element invisibility: By.className: modal-container
16:26:30.161 [main] INFO  com.billhub.qa.base.TestBase - Waiting for element invisibility: By.className: loader-overlay
16:26:30.644 [main] INFO  com.billhub.qa.base.TestBase - Waiting for element invisibility: By.className: loader-overlay
16:26:31.140 [main] INFO  com.billhub.qa.base.TestBase - Waiting for element invisibility: By.className: loader-overlay
16:26:32.097 [main] INFO  com.billhub.qa.base.TestBase - Waiting for element visibility: By.xpath: /html/body/app-root/app-layout/div[1]/main/div/div/app-dashboard/div/div[1]/div[2]/div/typeahead-container/button
16:26:32.808 [main] INFO  com.billhub.qa.base.TestBase - Waiting for element invisibility: By.className: loader-overlay
16:26:35.089 [main] INFO  com.billhub.qa.base.TestBase - Waiting for web element to be clickable: [[ChromeDriver: chrome on windows (9f6a8f08ac571ed95d9e1a0a8a011e65)] -> xpath: //button[@class='btn btn-link']]
16:26:35.900 [main] INFO  com.billhub.qa.base.TestBase - Waiting for web element to be clickable: [[ChromeDriver: chrome on windows (9f6a8f08ac571ed95d9e1a0a8a011e65)] -> xpath: //span[normalize-space()='Dashboard']]
16:26:36.691 [main] INFO  com.billhub.qa.base.TestBase - Waiting for element invisibility: By.className: loader
16:26:38.198 [main] INFO  com.billhub.qa.base.TestBase - Waiting for element invisibility: By.className: loader
16:26:38.842 [main] INFO  com.billhub.qa.base.TestBase - Waiting for element invisibility: By.className: loader-overlay
16:26:39.038 [main] INFO  com.billhub.qa.base.TestBase - Waiting for element visibility: By.xpath: /html/body/app-root/app-layout/div[1]/main/div/div/app-dashboard/div/div[1]/div[2]/div/typeahead-container/button
16:26:39.511 [main] INFO  com.billhub.qa.base.TestBase - Waiting for element invisibility: By.className: model-container
16:26:59.642 [main] INFO  com.billhub.qa.base.TestBase - Waiting for element invisibility: By.className: loader
16:27:00.294 [main] INFO  com.billhub.qa.base.TestBase - Waiting for element invisibility: By.className: loader
16:27:01.629 [main] INFO  com.billhub.qa.base.TestBase - Waiting for element invisibility: By.className: loader
16:27:02.335 [main] INFO  com.billhub.qa.base.TestBase - Waiting for element invisibility: By.className: loader
16:27:02.637 [main] INFO  com.billhub.qa.base.TestBase - Waiting for element invisibility: By.className: loader
16:27:02.766 [main] INFO  com.billhub.qa.base.TestBase - Checking if success toast is displayed for message: Invoice verified and simulate successfully
16:27:04.558 [main] INFO  com.billhub.qa.base.TestBase - Waiting for web element to be clickable: [[ChromeDriver: chrome on windows (9f6a8f08ac571ed95d9e1a0a8a011e65)] -> xpath: //span[normalize-space()='Dashboard']]
16:27:04.764 [main] INFO  com.billhub.qa.base.TestBase - Waiting for element invisibility: By.className: loader
16:27:06.631 [main] INFO  com.billhub.qa.base.TestBase - Waiting for web element to be clickable: [[ChromeDriver: chrome on windows (9f6a8f08ac571ed95d9e1a0a8a011e65)] -> xpath: //span[normalize-space()='Dashboard']]
16:27:06.800 [main] INFO  com.billhub.qa.base.TestBase - Waiting for element invisibility: By.className: loader
16:27:06.871 [main] INFO  com.billhub.qa.base.TestBase - Waiting for web element to be clickable: [[ChromeDriver: chrome on windows (9f6a8f08ac571ed95d9e1a0a8a011e65)] -> xpath: //*[@id="sidebar"]/div[1]/perfect-scrollbar/div/div[1]/div[2]/ul/li[3]/a]
16:27:07.107 [main] INFO  com.billhub.qa.base.TestBase - Waiting for web element to be clickable: [[ChromeDriver: chrome on windows (9f6a8f08ac571ed95d9e1a0a8a011e65)] -> xpath: //a[normalize-space()='Approve invoice for Booking']]
16:27:07.597 [main] INFO  com.billhub.qa.base.TestBase - Waiting for element invisibility: By.className: loader
16:27:08.322 [main] INFO  com.billhub.qa.base.TestBase - Waiting for web element to be clickable: [[ChromeDriver: chrome on windows (9f6a8f08ac571ed95d9e1a0a8a011e65)] -> xpath: /html/body/modal-container/div/div/app-book-invoice-confirm/div[3]/div/div[2]/button]
16:27:09.871 [main] INFO  com.billhub.qa.base.TestBase - Waiting for element to be clickable: By.xpath: /html/body/modal-container/div/div/app-notify-dialog/div[1]/button
16:27:10.038 [main] INFO  com.billhub.qa.base.TestBase - Waiting for web element to be clickable: [[ChromeDriver: chrome on windows (9f6a8f08ac571ed95d9e1a0a8a011e65)] -> xpath: //*[@id="sidebar"]/div[1]/perfect-scrollbar/div/div[1]/div[2]/ul/li[3]/a]
16:27:10.870 [main] INFO  com.billhub.qa.base.TestBase - Waiting for web element to be clickable: [[ChromeDriver: chrome on windows (9f6a8f08ac571ed95d9e1a0a8a011e65)] -> xpath: //a[normalize-space()='Review Invoice Posting']]
16:27:11.423 [main] INFO  com.billhub.qa.base.TestBase - Waiting for element visibility: By.xpath: /html/body/app-root/app-layout/div[1]/main/div/div/app-search-batch/div/div/div[1]/div[2]/div/div/typeahead-container/button/span/strong
16:27:12.405 [main] INFO  com.billhub.qa.base.TestBase - Waiting for element invisibility: By.className: loader
16:27:12.447 [main] INFO  com.billhub.qa.base.TestBase - Waiting for web element to be clickable: [[ChromeDriver: chrome on windows (9f6a8f08ac571ed95d9e1a0a8a011e65)] -> xpath: //span[normalize-space()='Dashboard']]
16:27:12.600 [main] INFO  com.billhub.qa.base.TestBase - Waiting for element invisibility: By.className: loader
16:27:14.076 [main] INFO  com.billhub.qa.base.TestBase - Waiting for element invisibility: By.className: loader
16:27:14.803 [main] INFO  com.billhub.qa.base.TestBase - Waiting for element visibility: By.xpath: /html/body/modal-container/div/div/app-invoice-info-popup/div[2]/div[1]/div/div/div[1]/div/div[2]/div/b
16:27:15.415 [main] INFO  com.billhub.qa.base.TestBase - Waiting for element visibility: By.xpath: /html/body/modal-container/div/div/app-invoice-info-popup/div[2]/div[1]/div/div/div[2]/div[3]/div[4]/div[2]
