18:18:15.152 [main] INFO  com.billhub.qa.base.TestBase - Waiting for web element to be clickable: [[ChromeDriver: chrome on windows (1138b60bb41745b4ffa3eea3a16e5a58)] -> xpath: //*[@id="sidebar"]/div[1]/perfect-scrollbar/div/div[1]/div[2]/ul/li[3]/a]
18:18:15.895 [main] INFO  com.billhub.qa.base.TestBase - Waiting for web element to be clickable: [[ChromeDriver: chrome on windows (1138b60bb41745b4ffa3eea3a16e5a58)] -> xpath: //a[normalize-space()='Review Invoice Posting']]
18:18:16.652 [main] INFO  com.billhub.qa.base.TestBase - Waiting for element visibility: By.xpath: /html/body/app-root/app-layout/div[1]/main/div/div/app-search-batch/div/div/div[1]/div[2]/div/div/typeahead-container/button/span/strong
18:18:17.192 [main] INFO  com.billhub.qa.base.TestBase - Waiting for element invisibility: By.className: loader
18:18:17.222 [main] INFO  com.billhub.qa.base.TestBase - Waiting for web element to be clickable: [[ChromeDriver: chrome on windows (1138b60bb41745b4ffa3eea3a16e5a58)] -> xpath: //span[normalize-space()='Dashboard']]
18:18:17.333 [main] INFO  com.billhub.qa.base.TestBase - Waiting for element invisibility: By.className: loader
18:18:18.085 [main] INFO  com.billhub.qa.base.TestBase - Waiting for element invisibility: By.className: loader
18:18:18.704 [main] INFO  com.billhub.qa.base.TestBase - Waiting for element visibility: By.xpath: /html/body/modal-container/div/div/app-invoice-info-popup/div[2]/div[1]/div/div/div[2]/div[3]/div[4]/div[2]
18:18:23.895 [main] INFO  com.billhub.qa.base.TestBase - Waiting for element invisibility: By.className: modal-container
18:18:43.923 [main] INFO  com.billhub.qa.base.TestBase - Waiting for element invisibility: By.className: loader
18:18:43.956 [main] INFO  com.billhub.qa.base.TestBase - Waiting for element invisibility: By.className: loader
18:18:44.049 [main] INFO  com.billhub.qa.base.TestBase - Waiting for element invisibility: By.className: loader
18:18:44.366 [main] INFO  com.billhub.qa.base.TestBase - Waiting for web element to be clickable: [[ChromeDriver: chrome on windows (7b01ba2fe38eb66809257c4908d5d2c9)] -> xpath: //*[@id="main"]/main/div/div/app-account/div/div/div[2]/div/div/div[1]/div/ul/li/form/div[1]/ngx-select-dropdown/div/div/ul[2]/li]
18:18:44.705 [main] INFO  com.billhub.qa.base.TestBase - Waiting for web element to be clickable: [[ChromeDriver: chrome on windows (7b01ba2fe38eb66809257c4908d5d2c9)] -> xpath: //*[@id="main"]/main/div/div/app-account/div/div/div[2]/div/div/div[1]/div/ul/li/form/div[3]/ngx-select-dropdown/div/div/ul[2]/li[1]]
18:18:45.003 [main] INFO  com.billhub.qa.base.TestBase - Waiting for element invisibility: By.className: loader
18:19:10.150 [main] INFO  com.billhub.qa.base.TestBase - Waiting for element invisibility: By.className: modal-container
18:19:30.242 [main] INFO  com.billhub.qa.base.TestBase - Waiting for element invisibility: By.className: modal-container
18:19:50.252 [main] INFO  com.billhub.qa.base.TestBase - Waiting for element invisibility: By.className: modal-container
18:20:10.391 [main] INFO  com.billhub.qa.base.TestBase - Waiting for element invisibility: By.className: modal-container
18:20:30.785 [main] INFO  com.billhub.qa.base.TestBase - Waiting for web element to be clickable: [[ChromeDriver: chrome on windows (da7c1c7c081534c56dd94c7b374684a7)] -> xpath: //*[@id="main"]/main/div/div/app-account/div/div/div[2]/div/div/div[1]/div/ul/li/form/div[1]/ngx-select-dropdown/div/div/ul[2]/li]
18:20:31.126 [main] INFO  com.billhub.qa.base.TestBase - Waiting for web element to be clickable: [[ChromeDriver: chrome on windows (da7c1c7c081534c56dd94c7b374684a7)] -> xpath: //*[@id="main"]/main/div/div/app-account/div/div/div[2]/div/div/div[1]/div/ul/li/form/div[3]/ngx-select-dropdown/div/div/ul[2]/li[1]]
18:20:31.426 [main] INFO  com.billhub.qa.base.TestBase - Waiting for element invisibility: By.className: modal-container
18:20:51.733 [main] INFO  com.billhub.qa.base.TestBase - Waiting for element invisibility: By.className: modal-container
18:21:11.881 [main] INFO  com.billhub.qa.base.TestBase - Checking if success toast is displayed for message: Invoice updated successfully
18:21:18.093 [main] INFO  com.billhub.qa.base.TestBase - Waiting for element invisibility: By.className: modal-container
18:21:38.186 [main] INFO  com.billhub.qa.base.TestBase - Waiting for element invisibility: By.className: loader
18:21:38.232 [main] INFO  com.billhub.qa.base.TestBase - Waiting for web element to be clickable: [[ChromeDriver: chrome on windows (43caaafedaf803c3ee9cf0a5dac1e74e)] -> xpath: //button[@class='btn btn-link']]
18:21:38.355 [main] INFO  com.billhub.qa.base.TestBase - Waiting for web element to be clickable: [[ChromeDriver: chrome on windows (43caaafedaf803c3ee9cf0a5dac1e74e)] -> xpath: //*[@id="sidebar"]/div[1]/perfect-scrollbar/div/div[1]/div[2]/ul/li[3]/a]
18:21:39.004 [main] INFO  com.billhub.qa.base.TestBase - Waiting for web element to be clickable: [[ChromeDriver: chrome on windows (43caaafedaf803c3ee9cf0a5dac1e74e)] -> xpath: //*[@id="sidebar"]/div[1]/perfect-scrollbar/div/div[1]/div[2]/ul/li[3]/div/ul/li[4]/a]
18:21:39.644 [main] INFO  com.billhub.qa.base.TestBase - Waiting for element invisibility: By.className: loader
18:21:41.100 [main] INFO  com.billhub.qa.base.TestBase - Waiting for web element to be clickable: [[ChromeDriver: chrome on windows (43caaafedaf803c3ee9cf0a5dac1e74e)] -> xpath: //*[@id="ngb-typeahead-0-0"]]
18:21:41.208 [main] INFO  com.billhub.qa.base.TestBase - Waiting for element invisibility: By.className: loader
18:21:41.854 [main] INFO  com.billhub.qa.base.TestBase - Waiting for element invisibility: By.className: loader
18:21:53.091 [main] INFO  com.billhub.qa.base.TestBase - Waiting for web element to be clickable: Proxy element for: DefaultElementLocator 'By.xpath: //*[@id="main"]/main/div/div/create-payment-request/div/div/div[5]/div/table/tbody/tr/td[1]/div/input'
18:28:40.243 [main] INFO  com.billhub.qa.base.TestBase - Waiting for element invisibility: By.className: modal-container
18:29:00.313 [main] INFO  com.billhub.qa.base.TestBase - Waiting for element invisibility: By.className: loader-overlay
18:29:00.374 [main] INFO  com.billhub.qa.base.TestBase - Waiting for web element to be clickable: [[ChromeDriver: chrome on windows (f1509557832e3e5f29c1437e10d42106)] -> xpath: //*[@id="main"]/main/div/div/app-dashboard/div/div[1]/div[2]/button[2]]
18:29:00.627 [main] INFO  com.billhub.qa.base.TestBase - Waiting for web element to be clickable: [[ChromeDriver: chrome on windows (f1509557832e3e5f29c1437e10d42106)] -> xpath: //span[normalize-space()='Create Memo']]
18:29:03.208 [main] INFO  com.billhub.qa.base.TestBase - Waiting for element invisibility: By.className: loader
18:29:03.443 [main] INFO  com.billhub.qa.base.TestBase - Waiting for element invisibility: By.className: loader
18:29:04.141 [main] INFO  com.billhub.qa.base.TestBase - Waiting for element invisibility: By.className: loader
18:29:04.406 [main] INFO  com.billhub.qa.base.TestBase - Waiting for element invisibility: By.className: loader
18:29:05.511 [main] INFO  com.billhub.qa.base.TestBase - Waiting for web element to be clickable: [[ChromeDriver: chrome on windows (f1509557832e3e5f29c1437e10d42106)] -> xpath: //button[normalize-space()='Done']]
18:29:05.610 [main] INFO  com.billhub.qa.base.TestBase - Waiting for element invisibility: By.className: loader
18:29:06.426 [main] INFO  com.billhub.qa.base.TestBase - Waiting for element invisibility: By.className: loader
18:29:07.160 [main] INFO  com.billhub.qa.base.TestBase - Waiting for element invisibility: By.className: loader
18:29:07.732 [main] INFO  com.billhub.qa.base.TestBase - Waiting for web element to be clickable: [[ChromeDriver: chrome on windows (f1509557832e3e5f29c1437e10d42106)] -> xpath: /html/body/modal-container/div/div/app-add-po-popup/div[2]/div[2]/div[1]/table/tbody/tr[1]/td[1]/div/input]
18:29:08.207 [main] INFO  com.billhub.qa.base.TestBase - Waiting for web element to be clickable: [[ChromeDriver: chrome on windows (f1509557832e3e5f29c1437e10d42106)] -> xpath: //button[normalize-space()='SAVE']]
18:29:09.000 [main] INFO  com.billhub.qa.base.TestBase - Waiting for element invisibility: By.className: loader
18:29:10.142 [main] INFO  com.billhub.qa.base.TestBase - Waiting for element invisibility: By.className: loader
18:29:10.763 [main] INFO  com.billhub.qa.base.TestBase - Waiting for element invisibility: By.className: loader
18:29:10.784 [main] INFO  com.billhub.qa.base.TestBase - Waiting for toast to disappear
18:29:14.053 [main] INFO  com.billhub.qa.base.TestBase - Waiting for web element to be clickable: [[ChromeDriver: chrome on windows (f1509557832e3e5f29c1437e10d42106)] -> xpath: //*[@id="main"]/main/div/div/app-create-memo/div/div/div[2]/div/form/div/div[6]/button]
18:29:14.167 [main] INFO  com.billhub.qa.base.TestBase - Waiting for element invisibility: By.className: loader
18:29:14.726 [main] INFO  com.billhub.qa.base.TestBase - Waiting for element visibility: By.xpath: //button[@type='submit']
18:29:14.756 [main] INFO  com.billhub.qa.base.TestBase - Waiting for web element to be clickable: [[ChromeDriver: chrome on windows (f1509557832e3e5f29c1437e10d42106)] -> xpath: //button[@type='submit']]
18:29:14.826 [main] INFO  com.billhub.qa.base.TestBase - Waiting for element visibility: By.xpath: /html/body/modal-container/div/div/app-memo-submit-confirm/div[3]/div/div[2]/button
18:29:15.391 [main] INFO  com.billhub.qa.base.TestBase - Waiting for web element to be clickable: [[ChromeDriver: chrome on windows (f1509557832e3e5f29c1437e10d42106)] -> xpath: /html/body/modal-container/div/div/app-memo-submit-confirm/div[3]/div/div[2]/button]
18:29:15.457 [main] INFO  com.billhub.qa.base.TestBase - Waiting for element invisibility: By.className: loader
18:29:21.219 [main] INFO  com.billhub.qa.base.TestBase - Waiting for element invisibility: By.className: modal-container
18:29:41.259 [main] INFO  com.billhub.qa.base.TestBase - Waiting for element invisibility: By.className: loader
18:29:41.552 [main] INFO  com.billhub.qa.base.TestBase - Waiting for element invisibility: By.className: loader
18:29:42.295 [main] INFO  com.billhub.qa.base.TestBase - Waiting for element visibility: By.xpath: /html/body/app-root/app-layout/div[1]/main/div/div/app-dashboard/div/div[1]/div[2]/div/typeahead-container/button
