14:53:51.329 [main] INFO  com.billhub.qa.base.TestBase - Waiting for element invisibility: By.className: loader
14:53:51.457 [main] INFO  com.billhub.qa.base.TestBase - Checking if success toast is displayed for message: Create Payment Request
14:53:53.005 [main] INFO  com.billhub.qa.base.TestBase - Waiting for element invisibility: By.className: loader
14:53:53.086 [main] INFO  com.billhub.qa.base.TestBase - Waiting for web element to be clickable: [[ChromeDriver: chrome on windows (4a62c48c25c12416638b8d310e182692)] -> xpath: //span[normalize-space()='Dashboard']]
14:53:53.298 [main] INFO  com.billhub.qa.base.TestBase - Waiting for element invisibility: By.className: loader
14:53:55.945 [main] INFO  com.billhub.qa.base.TestBase - Waiting for element invisibility: By.className: loader
14:53:55.982 [main] INFO  com.billhub.qa.base.TestBase - Waiting for web element to be clickable: [[ChromeDriver: chrome on windows (4a62c48c25c12416638b8d310e182692)] -> xpath: //*[@id="sidebar"]/div[1]/perfect-scrollbar/div/div[1]/div[2]/ul/li[3]/a]
14:53:56.073 [main] INFO  com.billhub.qa.base.TestBase - Waiting for web element to be clickable: [[ChromeDriver: chrome on windows (4a62c48c25c12416638b8d310e182692)] -> xpath: //*[@id="sidebar"]/div[1]/perfect-scrollbar/div/div[1]/div[2]/ul/li[3]/div/ul/li[5]/a]
14:53:56.748 [main] INFO  com.billhub.qa.base.TestBase - Waiting for element invisibility: By.className: loader
14:54:01.422 [main] INFO  com.billhub.qa.base.TestBase - Waiting for element invisibility: By.className: loader
14:54:02.568 [main] INFO  com.billhub.qa.base.TestBase - Waiting for web element to be clickable: [[ChromeDriver: chrome on windows (4a62c48c25c12416638b8d310e182692)] -> xpath: /html/body/app-root/app-layout/div[1]/main/div/div/app-reject-payment-request/div/div[1]/div[1]/div[3]/div/typeahead-container/button]
15:07:25.401 [main] INFO  com.billhub.qa.base.TestBase - Waiting for element invisibility: By.className: modal-container
15:07:46.717 [main] INFO  com.billhub.qa.base.TestBase - Waiting for element invisibility: By.className: loader
15:07:46.755 [main] INFO  com.billhub.qa.base.TestBase - Waiting for element invisibility: By.className: loader
15:07:46.855 [main] INFO  com.billhub.qa.base.TestBase - Waiting for element invisibility: By.className: loader
15:07:47.174 [main] INFO  com.billhub.qa.base.TestBase - Waiting for web element to be clickable: [[ChromeDriver: chrome on windows (983149fa1a7651b3c1245e03f8f2e1b8)] -> xpath: //*[@id="main"]/main/div/div/app-account/div/div/div[2]/div/div/div[1]/div/ul/li/form/div[1]/ngx-select-dropdown/div/div/ul[2]/li]
15:07:47.540 [main] INFO  com.billhub.qa.base.TestBase - Waiting for web element to be clickable: [[ChromeDriver: chrome on windows (983149fa1a7651b3c1245e03f8f2e1b8)] -> xpath: //*[@id="main"]/main/div/div/app-account/div/div/div[2]/div/div/div[1]/div/ul/li/form/div[3]/ngx-select-dropdown/div/div/ul[2]/li[1]]
15:07:47.854 [main] INFO  com.billhub.qa.base.TestBase - Waiting for element invisibility: By.className: loader
15:07:48.909 [main] INFO  com.billhub.qa.base.TestBase - Waiting for element invisibility: By.className: loader
15:07:49.094 [main] INFO  com.billhub.qa.base.TestBase - Checking if success toast is displayed for message: Invoice updated successfully
15:07:56.776 [main] INFO  com.billhub.qa.base.TestBase - Waiting for element invisibility: By.className: modal-container
15:08:17.080 [main] INFO  com.billhub.qa.base.TestBase - Waiting for element invisibility: By.className: loader
15:08:17.111 [main] INFO  com.billhub.qa.base.TestBase - Waiting for element invisibility: By.className: loader
15:08:17.195 [main] INFO  com.billhub.qa.base.TestBase - Waiting for element invisibility: By.className: loader
15:08:17.494 [main] INFO  com.billhub.qa.base.TestBase - Waiting for web element to be clickable: [[ChromeDriver: chrome on windows (5adf6e1474e2eea69d3e2c9e504fda84)] -> xpath: //*[@id="main"]/main/div/div/app-account/div/div/div[2]/div/div/div[1]/div/ul/li/form/div[1]/ngx-select-dropdown/div/div/ul[2]/li]
15:08:17.841 [main] INFO  com.billhub.qa.base.TestBase - Waiting for web element to be clickable: [[ChromeDriver: chrome on windows (5adf6e1474e2eea69d3e2c9e504fda84)] -> xpath: //*[@id="main"]/main/div/div/app-account/div/div/div[2]/div/div/div[1]/div/ul/li/form/div[3]/ngx-select-dropdown/div/div/ul[2]/li[1]]
15:08:18.143 [main] INFO  com.billhub.qa.base.TestBase - Waiting for element invisibility: By.className: loader
15:08:19.745 [main] INFO  com.billhub.qa.base.TestBase - Waiting for element invisibility: By.className: loader
15:08:19.961 [main] INFO  com.billhub.qa.base.TestBase - Checking if success toast is displayed for message: Invoice updated successfully
15:08:27.924 [main] INFO  com.billhub.qa.base.TestBase - Waiting for element invisibility: By.className: modal-container
15:08:48.154 [main] INFO  com.billhub.qa.base.TestBase - Waiting for element invisibility: By.className: loader
15:08:48.200 [main] INFO  com.billhub.qa.base.TestBase - Waiting for web element to be clickable: [[ChromeDriver: chrome on windows (cfe245d8ba532249b0519644db3ab2c3)] -> xpath: //button[@class='btn btn-link']]
15:08:48.298 [main] INFO  com.billhub.qa.base.TestBase - Waiting for web element to be clickable: [[ChromeDriver: chrome on windows (cfe245d8ba532249b0519644db3ab2c3)] -> xpath: //*[@id="sidebar"]/div[1]/perfect-scrollbar/div/div[1]/div[2]/ul/li[3]/a]
15:08:49.021 [main] INFO  com.billhub.qa.base.TestBase - Waiting for web element to be clickable: [[ChromeDriver: chrome on windows (cfe245d8ba532249b0519644db3ab2c3)] -> xpath: //*[@id="sidebar"]/div[1]/perfect-scrollbar/div/div[1]/div[2]/ul/li[3]/div/ul/li[4]/a]
15:08:49.714 [main] INFO  com.billhub.qa.base.TestBase - Waiting for element invisibility: By.className: loader
15:08:50.864 [main] INFO  com.billhub.qa.base.TestBase - Waiting for web element to be clickable: [[ChromeDriver: chrome on windows (cfe245d8ba532249b0519644db3ab2c3)] -> xpath: /html/body/app-root/app-layout/div[1]/main/div/div/create-payment-request/div/div/div[1]/div[2]/div/typeahead-container/button[6]]
15:08:50.952 [main] INFO  com.billhub.qa.base.TestBase - Waiting for element invisibility: By.className: loader
15:08:51.649 [main] INFO  com.billhub.qa.base.TestBase - Waiting for element invisibility: By.className: loader
15:08:51.818 [main] INFO  com.billhub.qa.base.TestBase - Waiting for web element to be clickable: [[ChromeDriver: chrome on windows (cfe245d8ba532249b0519644db3ab2c3)] -> xpath: //*[@id="main"]/main/div/div/create-payment-request/div/div/div[5]/div/table/tbody/tr/td[1]/div/input]
15:08:51.989 [main] INFO  com.billhub.qa.base.TestBase - Waiting for element invisibility: By.className: loader
15:08:52.086 [main] INFO  com.billhub.qa.base.TestBase - Checking if success toast is displayed for message: Create Payment Request
15:08:53.427 [main] INFO  com.billhub.qa.base.TestBase - Waiting for element invisibility: By.className: loader
15:08:53.498 [main] INFO  com.billhub.qa.base.TestBase - Waiting for web element to be clickable: [[ChromeDriver: chrome on windows (cfe245d8ba532249b0519644db3ab2c3)] -> xpath: //span[normalize-space()='Dashboard']]
15:08:53.974 [main] INFO  com.billhub.qa.base.TestBase - Waiting for element invisibility: By.className: loader
15:08:55.099 [main] INFO  com.billhub.qa.base.TestBase - Waiting for toast to disappear
15:08:57.148 [main] INFO  com.billhub.qa.base.TestBase - Waiting for element invisibility: By.className: loader
15:08:57.878 [main] INFO  com.billhub.qa.base.TestBase - Waiting for element visibility: By.xpath: /html/body/modal-container/div/div/app-invoice-info-popup/div[2]/div[2]/div[1]/div/div[3]/div[2]/table/tbody/tr/td[2]
15:08:58.899 [main] INFO  com.billhub.qa.base.TestBase - Waiting for element invisibility: By.className: loader
15:08:58.935 [main] INFO  com.billhub.qa.base.TestBase - Waiting for web element to be clickable: [[ChromeDriver: chrome on windows (cfe245d8ba532249b0519644db3ab2c3)] -> xpath: //*[@id="sidebar"]/div[1]/perfect-scrollbar/div/div[1]/div[2]/ul/li[3]/a]
15:08:59.070 [main] INFO  com.billhub.qa.base.TestBase - Waiting for web element to be clickable: [[ChromeDriver: chrome on windows (cfe245d8ba532249b0519644db3ab2c3)] -> xpath: //*[@id="sidebar"]/div[1]/perfect-scrollbar/div/div[1]/div[2]/ul/li[3]/div/ul/li[5]/a]
15:08:59.847 [main] INFO  com.billhub.qa.base.TestBase - Waiting for element invisibility: By.className: loader
15:09:00.668 [main] INFO  com.billhub.qa.base.TestBase - Waiting for element invisibility: By.className: loader
15:09:01.833 [main] INFO  com.billhub.qa.base.TestBase - Waiting for web element to be clickable: [[ChromeDriver: chrome on windows (cfe245d8ba532249b0519644db3ab2c3)] -> xpath: /html/body/app-root/app-layout/div[1]/main/div/div/app-reject-payment-request/div/div[1]/div[1]/div[3]/div/typeahead-container/button]
15:25:04.544 [main] INFO  com.billhub.qa.base.TestBase - Waiting for element invisibility: By.className: modal-container
15:25:22.171 [main] INFO  com.billhub.qa.base.TestBase - Waiting for element invisibility: By.className: loader
15:30:04.269 [main] INFO  com.billhub.qa.base.TestBase - Waiting for element invisibility: By.className: modal-container
15:30:24.338 [main] INFO  com.billhub.qa.base.TestBase - Waiting for element invisibility: By.className: loader
15:30:24.413 [main] INFO  com.billhub.qa.base.TestBase - Waiting for web element to be clickable: [[ChromeDriver: chrome on windows (018def705e4f882b4689ab7d405221b2)] -> xpath: //*[@id="main"]/main/div/div/app-dashboard/div/div[1]/div[2]/button[2]]
15:30:25.096 [main] INFO  com.billhub.qa.base.TestBase - Waiting for web element to be clickable: [[ChromeDriver: chrome on windows (018def705e4f882b4689ab7d405221b2)] -> xpath: //span[normalize-space()='Create Memo']]
15:30:26.899 [main] INFO  com.billhub.qa.base.TestBase - Waiting for element invisibility: By.className: loader
15:30:32.063 [main] INFO  com.billhub.qa.base.TestBase - Waiting for element invisibility: By.className: loader
15:32:29.895 [main] INFO  com.billhub.qa.base.TestBase - Waiting for element invisibility: By.className: modal-container
15:32:49.951 [main] INFO  com.billhub.qa.base.TestBase - Waiting for element invisibility: By.className: loader
