18:33:01.714 [main] INFO  com.billhub.qa.base.TestBase - Waiting for web element to be clickable: [[ChromeDriver: chrome on windows (c89eb987017f733dc79ce3fe48c4341d)] -> xpath: //*[@id="sidebar"]/div[1]/perfect-scrollbar/div/div[1]/div[2]/ul/li[3]/div/ul/li[5]/a]
18:33:02.373 [main] INFO  com.billhub.qa.base.TestBase - Waiting for element invisibility: By.className: modal-container
18:33:23.331 [main] INFO  com.billhub.qa.base.TestBase - Waiting for element invisibility: By.className: modal-container
18:36:39.019 [main] INFO  com.billhub.qa.base.TestBase - Waiting for element invisibility: By.className: modal-container
18:36:59.083 [main] INFO  com.billhub.qa.base.TestBase - Waiting for web element to be clickable: [[ChromeDriver: chrome on windows (86c4d02cd7ceb6e5556a8b9ac2a67613)] -> xpath: //button[@class='btn btn-link']]
18:36:59.219 [main] INFO  com.billhub.qa.base.TestBase - Waiting for web element to be clickable: [[ChromeDriver: chrome on windows (86c4d02cd7ceb6e5556a8b9ac2a67613)] -> xpath: //*[@id="sidebar"]/div[1]/perfect-scrollbar/div/div[1]/div[2]/ul/li[3]/a]
18:36:59.882 [main] INFO  com.billhub.qa.base.TestBase - Waiting for web element to be clickable: [[ChromeDriver: chrome on windows (86c4d02cd7ceb6e5556a8b9ac2a67613)] -> xpath: //*[@id="sidebar"]/div[1]/perfect-scrollbar/div/div[1]/div[2]/ul/li[3]/div/ul/li[5]/a]
18:37:00.521 [main] INFO  com.billhub.qa.base.TestBase - Waiting for element invisibility: By.className: modal-container
18:37:40.707 [main] INFO  com.billhub.qa.base.TestBase - Waiting for web element to be clickable: Proxy element for: DefaultElementLocator 'By.xpath: //*[@id="ngb-typeahead-2-0"]'
18:40:14.481 [main] INFO  com.billhub.qa.base.TestBase - Waiting for element invisibility: By.className: modal-container
18:40:34.516 [main] INFO  com.billhub.qa.base.TestBase - Waiting for web element to be clickable: [[ChromeDriver: chrome on windows (41c7beb5d61476eee1c3cdcd15e5cf18)] -> xpath: //button[@class='btn btn-link']]
18:40:34.642 [main] INFO  com.billhub.qa.base.TestBase - Waiting for web element to be clickable: [[ChromeDriver: chrome on windows (41c7beb5d61476eee1c3cdcd15e5cf18)] -> xpath: //*[@id="sidebar"]/div[1]/perfect-scrollbar/div/div[1]/div[2]/ul/li[3]/a]
18:40:34.784 [main] INFO  com.billhub.qa.base.TestBase - Waiting for web element to be clickable: [[ChromeDriver: chrome on windows (41c7beb5d61476eee1c3cdcd15e5cf18)] -> xpath: //*[@id="sidebar"]/div[1]/perfect-scrollbar/div/div[1]/div[2]/ul/li[3]/div/ul/li[5]/a]
18:40:35.439 [main] INFO  com.billhub.qa.base.TestBase - Waiting for element invisibility: By.className: modal-container
18:41:15.666 [main] INFO  com.billhub.qa.base.TestBase - Waiting for web element to be clickable: Proxy element for: DefaultElementLocator 'By.xpath: //*[@id="ngb-typeahead-2-0"]'
18:42:20.815 [main] INFO  com.billhub.qa.base.TestBase - Waiting for element invisibility: By.className: modal-container
18:42:40.865 [main] INFO  com.billhub.qa.base.TestBase - Waiting for web element to be clickable: [[ChromeDriver: chrome on windows (7372edf11f8f2b2b701b5657472de183)] -> xpath: //button[@class='btn btn-link']]
18:42:40.984 [main] INFO  com.billhub.qa.base.TestBase - Waiting for web element to be clickable: [[ChromeDriver: chrome on windows (7372edf11f8f2b2b701b5657472de183)] -> xpath: //*[@id="sidebar"]/div[1]/perfect-scrollbar/div/div[1]/div[2]/ul/li[3]/a]
18:42:41.658 [main] INFO  com.billhub.qa.base.TestBase - Waiting for web element to be clickable: [[ChromeDriver: chrome on windows (7372edf11f8f2b2b701b5657472de183)] -> xpath: //*[@id="sidebar"]/div[1]/perfect-scrollbar/div/div[1]/div[2]/ul/li[3]/div/ul/li[5]/a]
18:42:42.303 [main] INFO  com.billhub.qa.base.TestBase - Waiting for element invisibility: By.className: modal-container
18:43:22.520 [main] INFO  com.billhub.qa.base.TestBase - Waiting for web element to be clickable: Proxy element for: DefaultElementLocator 'By.xpath: //*[@id="ngb-typeahead-2-0"]/span'
18:44:20.976 [main] INFO  com.billhub.qa.base.TestBase - Waiting for element invisibility: By.className: modal-container
18:44:41.012 [main] INFO  com.billhub.qa.base.TestBase - Waiting for web element to be clickable: [[ChromeDriver: chrome on windows (4a2a51759b340ae556a0435c5cfb2830)] -> xpath: //button[@class='btn btn-link']]
18:44:41.138 [main] INFO  com.billhub.qa.base.TestBase - Waiting for web element to be clickable: [[ChromeDriver: chrome on windows (4a2a51759b340ae556a0435c5cfb2830)] -> xpath: //*[@id="sidebar"]/div[1]/perfect-scrollbar/div/div[1]/div[2]/ul/li[3]/a]
18:44:41.802 [main] INFO  com.billhub.qa.base.TestBase - Waiting for web element to be clickable: [[ChromeDriver: chrome on windows (4a2a51759b340ae556a0435c5cfb2830)] -> xpath: //*[@id="sidebar"]/div[1]/perfect-scrollbar/div/div[1]/div[2]/ul/li[3]/div/ul/li[5]/a]
18:44:42.456 [main] INFO  com.billhub.qa.base.TestBase - Waiting for element invisibility: By.className: modal-container
18:45:02.657 [main] INFO  com.billhub.qa.base.TestBase - Waiting for element invisibility: By.className: modal-container
18:45:42.762 [main] INFO  com.billhub.qa.base.TestBase - Waiting for web element to be clickable: Proxy element for: DefaultElementLocator 'By.xpath: //*[@id="ngb-typeahead-2-0"]/span'
18:47:22.292 [main] INFO  com.billhub.qa.base.TestBase - Waiting for element invisibility: By.className: modal-container
18:47:42.365 [main] INFO  com.billhub.qa.base.TestBase - Waiting for web element to be clickable: [[ChromeDriver: chrome on windows (8e4b2e265594bcfc82507f3652563465)] -> xpath: //button[@class='btn btn-link']]
18:47:42.489 [main] INFO  com.billhub.qa.base.TestBase - Waiting for web element to be clickable: [[ChromeDriver: chrome on windows (8e4b2e265594bcfc82507f3652563465)] -> xpath: //*[@id="sidebar"]/div[1]/perfect-scrollbar/div/div[1]/div[2]/ul/li[3]/a]
18:47:43.156 [main] INFO  com.billhub.qa.base.TestBase - Waiting for web element to be clickable: [[ChromeDriver: chrome on windows (8e4b2e265594bcfc82507f3652563465)] -> xpath: //*[@id="sidebar"]/div[1]/perfect-scrollbar/div/div[1]/div[2]/ul/li[3]/div/ul/li[5]/a]
18:47:43.801 [main] INFO  com.billhub.qa.base.TestBase - Waiting for element invisibility: By.className: modal-container
18:48:03.969 [main] INFO  com.billhub.qa.base.TestBase - Waiting for element invisibility: By.className: modal-container
18:48:44.095 [main] INFO  com.billhub.qa.base.TestBase - Waiting for web element to be clickable: Proxy element for: DefaultElementLocator 'By.xpath: //*[@id="ngb-typeahead-2-0"]'
18:50:30.760 [main] INFO  com.billhub.qa.base.TestBase - Waiting for element invisibility: By.className: modal-container
18:50:30.908 [main] INFO  com.billhub.qa.base.TestBase - Waiting for element invisibility: By.className: modal-container
18:50:50.822 [main] INFO  com.billhub.qa.base.TestBase - Waiting for web element to be clickable: [[ChromeDriver: chrome on windows (4cc01042dddef61894d35516a5aa2f3b)] -> xpath: //button[@class='btn btn-link']]
18:50:50.952 [main] INFO  com.billhub.qa.base.TestBase - Waiting for web element to be clickable: [[ChromeDriver: chrome on windows (4cc01042dddef61894d35516a5aa2f3b)] -> xpath: //*[@id="sidebar"]/div[1]/perfect-scrollbar/div/div[1]/div[2]/ul/li[3]/a]
18:50:50.994 [main] INFO  com.billhub.qa.base.TestBase - Waiting for web element to be clickable: [[ChromeDriver: chrome on windows (1bc109dc61535eb105a7da89da0b0366)] -> xpath: //button[@class='btn btn-link']]
18:50:51.154 [main] INFO  com.billhub.qa.base.TestBase - Waiting for web element to be clickable: [[ChromeDriver: chrome on windows (4cc01042dddef61894d35516a5aa2f3b)] -> xpath: //*[@id="sidebar"]/div[1]/perfect-scrollbar/div/div[1]/div[2]/ul/li[3]/div/ul/li[5]/a]
18:50:51.198 [main] INFO  com.billhub.qa.base.TestBase - Waiting for web element to be clickable: [[ChromeDriver: chrome on windows (1bc109dc61535eb105a7da89da0b0366)] -> xpath: //*[@id="sidebar"]/div[1]/perfect-scrollbar/div/div[1]/div[2]/ul/li[3]/a]
18:50:51.395 [main] INFO  com.billhub.qa.base.TestBase - Waiting for web element to be clickable: [[ChromeDriver: chrome on windows (1bc109dc61535eb105a7da89da0b0366)] -> xpath: //*[@id="sidebar"]/div[1]/perfect-scrollbar/div/div[1]/div[2]/ul/li[3]/div/ul/li[5]/a]
18:50:51.844 [main] INFO  com.billhub.qa.base.TestBase - Waiting for element invisibility: By.className: modal-container
18:50:52.051 [main] INFO  com.billhub.qa.base.TestBase - Waiting for element invisibility: By.className: modal-container
18:51:12.030 [main] INFO  com.billhub.qa.base.TestBase - Waiting for element invisibility: By.className: modal-container
18:51:12.273 [main] INFO  com.billhub.qa.base.TestBase - Waiting for element invisibility: By.className: modal-container
18:51:52.078 [main] INFO  com.billhub.qa.base.TestBase - Waiting for web element to be clickable: Proxy element for: DefaultElementLocator 'By.id: ngb-typeahead-2-0'
18:51:52.333 [main] INFO  com.billhub.qa.base.TestBase - Waiting for web element to be clickable: Proxy element for: DefaultElementLocator 'By.id: ngb-typeahead-2-0'
18:54:02.918 [main] INFO  com.billhub.qa.base.TestBase - Waiting for element invisibility: By.className: modal-container
18:54:22.981 [main] INFO  com.billhub.qa.base.TestBase - Waiting for web element to be clickable: [[ChromeDriver: chrome on windows (6b702440a11b8e465fe88598bbec6b33)] -> xpath: //button[@class='btn btn-link']]
18:54:23.107 [main] INFO  com.billhub.qa.base.TestBase - Waiting for web element to be clickable: [[ChromeDriver: chrome on windows (6b702440a11b8e465fe88598bbec6b33)] -> xpath: //*[@id="sidebar"]/div[1]/perfect-scrollbar/div/div[1]/div[2]/ul/li[3]/a]
18:54:23.775 [main] INFO  com.billhub.qa.base.TestBase - Waiting for web element to be clickable: [[ChromeDriver: chrome on windows (6b702440a11b8e465fe88598bbec6b33)] -> xpath: //*[@id="sidebar"]/div[1]/perfect-scrollbar/div/div[1]/div[2]/ul/li[3]/div/ul/li[5]/a]
18:54:24.415 [main] INFO  com.billhub.qa.base.TestBase - Waiting for element invisibility: By.className: modal-container
18:54:44.590 [main] INFO  com.billhub.qa.base.TestBase - Waiting for element invisibility: By.className: modal-container
18:56:19.552 [main] INFO  com.billhub.qa.base.TestBase - Waiting for element invisibility: By.className: modal-container
