18:10:07.848 [main] INFO  com.billhub.qa.base.TestBase - Waiting for element invisibility: By.className: modal-container
18:10:22.898 [main] INFO  com.billhub.qa.base.TestBase - Waiting for web element to be clickable: [[ChromeDriver: chrome on windows (323db8aaf07c73302f806718ff44701f)] -> xpath: //button[@class='btn btn-link']]
18:10:23.037 [main] INFO  com.billhub.qa.base.TestBase - Waiting for web element to be clickable: [[ChromeDriver: chrome on windows (323db8aaf07c73302f806718ff44701f)] -> xpath: //span[normalize-space()='Master']]
18:10:23.783 [main] INFO  com.billhub.qa.base.TestBase - Waiting for web element to be clickable: [[ChromeDriver: chrome on windows (323db8aaf07c73302f806718ff44701f)] -> link text: BA]
18:10:24.672 [main] ERROR com.billhub.qa.base.TestBase - FileNotFoundException: C:\Users\nisha\eclipse-workspace\BillHubTest\src\main\java\com\billhub\qa\testdata\BillHubTestdata.xlsx (The process cannot access the file because it is being used by another process)
18:10:24.804 [main] ERROR com.billhub.qa.base.TestBase - FileNotFoundException: C:\Users\nisha\eclipse-workspace\BillHubTest\src\main\java\com\billhub\qa\testdata\BillHubTestdata.xlsx (The process cannot access the file because it is being used by another process)
18:10:24.917 [main] ERROR com.billhub.qa.base.TestBase - FileNotFoundException: C:\Users\nisha\eclipse-workspace\BillHubTest\src\main\java\com\billhub\qa\testdata\BillHubTestdata.xlsx (The process cannot access the file because it is being used by another process)
18:10:25.015 [main] ERROR com.billhub.qa.base.TestBase - FileNotFoundException: C:\Users\nisha\eclipse-workspace\BillHubTest\src\main\java\com\billhub\qa\testdata\BillHubTestdata.xlsx (The process cannot access the file because it is being used by another process)
18:10:25.170 [main] INFO  com.billhub.qa.base.TestBase - Waiting for toast to disappear
18:10:35.595 [main] INFO  com.billhub.qa.base.TestBase - Checking if success toast is displayed for message: BA Data Added successfully
18:11:13.869 [main] INFO  com.billhub.qa.base.TestBase - Waiting for element invisibility: By.className: modal-container
18:11:28.917 [main] INFO  com.billhub.qa.base.TestBase - Waiting for web element to be clickable: [[ChromeDriver: chrome on windows (f2841b53140690ffd4e99261e1d46c4c)] -> xpath: //button[@class='btn btn-link']]
18:11:29.036 [main] INFO  com.billhub.qa.base.TestBase - Waiting for web element to be clickable: [[ChromeDriver: chrome on windows (f2841b53140690ffd4e99261e1d46c4c)] -> xpath: //span[normalize-space()='Master']]
18:11:29.792 [main] INFO  com.billhub.qa.base.TestBase - Waiting for web element to be clickable: [[ChromeDriver: chrome on windows (f2841b53140690ffd4e99261e1d46c4c)] -> link text: BA]
18:11:31.525 [main] INFO  com.billhub.qa.base.TestBase - Waiting for toast to disappear
18:11:32.974 [main] INFO  com.billhub.qa.base.TestBase - Checking if success toast is displayed for message: BA Data Added successfully
18:11:33.014 [main] INFO  com.billhub.qa.base.TestBase - Waiting for toast to disappear
18:11:37.595 [main] INFO  com.billhub.qa.base.TestBase - Checking if success toast is displayed for message: BA Data Added successfully
18:11:38.780 [main] INFO  com.billhub.qa.base.TestBase - Waiting for element visibility: By.xpath: //*[@id="main"]/main/div/div/app-list-ba/div/div/div[3]/div/table/tbody/tr[1]/td[9]
18:11:39.079 [main] INFO  com.billhub.qa.base.TestBase - Waiting for toast to disappear
18:11:42.211 [main] INFO  com.billhub.qa.base.TestBase - Checking if success toast is displayed for message: BA Data Added successfully
18:11:57.218 [main] ERROR com.billhub.qa.base.TestBase - TimeoutException: Success toast not displayed for message - BA Data Added successfully
18:11:57.222 [main] INFO  com.billhub.qa.base.TestBase - Waiting for toast to disappear
18:11:58.321 [main] INFO  com.billhub.qa.base.TestBase - Checking if success toast is displayed for message: BA Data Added successfully
18:12:13.383 [main] ERROR com.billhub.qa.base.TestBase - TimeoutException: Success toast not displayed for message - BA Data Added successfully
18:12:13.386 [main] INFO  com.billhub.qa.base.TestBase - Waiting for toast to disappear
18:12:14.241 [main] INFO  com.billhub.qa.base.TestBase - Checking if success toast is displayed for message: BA Data Added successfully
18:12:29.288 [main] ERROR com.billhub.qa.base.TestBase - TimeoutException: Success toast not displayed for message - BA Data Added successfully
18:12:29.847 [main] INFO  com.billhub.qa.base.TestBase - Waiting for toast to disappear
18:33:06.595 [main] INFO  com.billhub.qa.base.TestBase - Waiting for element invisibility: By.className: modal-container
18:33:21.632 [main] INFO  com.billhub.qa.base.TestBase - Waiting for web element to be clickable: [[ChromeDriver: chrome on windows (7882bfc26ce8235a613b921cda72c0f0)] -> xpath: //button[@class='btn btn-link']]
18:33:21.763 [main] INFO  com.billhub.qa.base.TestBase - Waiting for web element to be clickable: [[ChromeDriver: chrome on windows (7882bfc26ce8235a613b921cda72c0f0)] -> xpath: //span[normalize-space()='Master']]
18:33:22.495 [main] INFO  com.billhub.qa.base.TestBase - Waiting for web element to be clickable: [[ChromeDriver: chrome on windows (7882bfc26ce8235a613b921cda72c0f0)] -> link text: User]
18:33:24.495 [main] INFO  com.billhub.qa.base.TestBase - Waiting for toast to disappear
18:33:25.236 [main] INFO  com.billhub.qa.base.TestBase - Waiting for element visibility: By.cssSelector: button[class='btn btn-success']
18:33:25.311 [main] INFO  com.billhub.qa.base.TestBase - Waiting for element visibility: By.cssSelector: #Company_ID
18:33:25.341 [main] INFO  com.billhub.qa.base.TestBase - Waiting for element visibility: By.cssSelector: .dropdown-btn
18:33:25.468 [main] INFO  com.billhub.qa.base.TestBase - Waiting for element to be clickable: By.cssSelector: li.multiselect-item-checkbox
18:33:25.710 [main] INFO  com.billhub.qa.base.TestBase - Waiting for element to be clickable: By.cssSelector: input[aria-label='Bangalore']
18:33:26.278 [main] INFO  com.billhub.qa.base.TestBase - Checking if success toast is displayed for message: User Data Added successfully
18:33:26.314 [main] INFO  com.billhub.qa.base.TestBase - Waiting for toast to disappear
18:33:30.515 [main] INFO  com.billhub.qa.base.TestBase - Checking if success toast is displayed for message: User Data Added successfully
18:33:31.748 [main] INFO  com.billhub.qa.base.TestBase - Waiting for element visibility: By.xpath: //*[@id="main"]/main/div/div/app-list-user/div/div/div[3]/div/table/tbody/tr[1]/td[8]
18:33:32.028 [main] INFO  com.billhub.qa.base.TestBase - Waiting for toast to disappear
18:33:36.086 [main] INFO  com.billhub.qa.base.TestBase - Waiting for toast to disappear
18:33:37.333 [main] INFO  com.billhub.qa.base.TestBase - Waiting for toast to disappear
18:33:42.845 [main] INFO  com.billhub.qa.base.TestBase - Waiting for toast to disappear
18:33:45.570 [main] INFO  com.billhub.qa.base.TestBase - Waiting for toast to disappear
18:40:07.794 [main] INFO  com.billhub.qa.base.TestBase - Waiting for element invisibility: By.className: modal-container
18:41:16.731 [main] INFO  com.billhub.qa.base.TestBase - Waiting for element invisibility: By.className: modal-container
18:41:31.799 [main] INFO  com.billhub.qa.base.TestBase - Waiting for web element to be clickable: [[ChromeDriver: chrome on windows (7819ffa3fe64586fa210c24a3fffc207)] -> xpath: //button[@class='btn btn-link']]
18:41:31.920 [main] INFO  com.billhub.qa.base.TestBase - Waiting for web element to be clickable: [[ChromeDriver: chrome on windows (7819ffa3fe64586fa210c24a3fffc207)] -> xpath: //span[normalize-space()='Master']]
18:41:32.662 [main] INFO  com.billhub.qa.base.TestBase - Waiting for web element to be clickable: [[ChromeDriver: chrome on windows (7819ffa3fe64586fa210c24a3fffc207)] -> link text: User]
18:41:34.661 [main] INFO  com.billhub.qa.base.TestBase - Waiting for toast to disappear
18:41:35.376 [main] INFO  com.billhub.qa.base.TestBase - Waiting for element visibility: By.cssSelector: button[class='btn btn-success']
18:41:35.453 [main] INFO  com.billhub.qa.base.TestBase - Waiting for element visibility: By.cssSelector: #Company_ID
18:41:35.482 [main] INFO  com.billhub.qa.base.TestBase - Waiting for element visibility: By.cssSelector: .dropdown-btn
18:41:35.608 [main] INFO  com.billhub.qa.base.TestBase - Waiting for element to be clickable: By.cssSelector: li.multiselect-item-checkbox
18:41:35.773 [main] INFO  com.billhub.qa.base.TestBase - Waiting for element to be clickable: By.cssSelector: input[aria-label='Bangalore']
18:41:36.810 [main] INFO  com.billhub.qa.base.TestBase - Checking if success toast is displayed for message: User Data Added successfully
18:41:36.847 [main] INFO  com.billhub.qa.base.TestBase - Waiting for toast to disappear
18:41:40.997 [main] INFO  com.billhub.qa.base.TestBase - Checking if success toast is displayed for message: User Data Added successfully
18:41:42.210 [main] INFO  com.billhub.qa.base.TestBase - Waiting for element visibility: By.xpath: //*[@id="main"]/main/div/div/app-list-user/div/div/div[3]/div/table/tbody/tr[1]/td[8]
18:41:42.501 [main] INFO  com.billhub.qa.base.TestBase - Waiting for toast to disappear
18:41:45.361 [main] INFO  com.billhub.qa.base.TestBase - Waiting for element invisibility: By.className: modal-container
18:42:00.426 [main] INFO  com.billhub.qa.base.TestBase - Checking if success toast is displayed for message: User Data Added successfully
18:42:15.473 [main] ERROR com.billhub.qa.base.TestBase - TimeoutException: Success toast not displayed for message - User Data Added successfully
18:42:15.477 [main] INFO  com.billhub.qa.base.TestBase - Waiting for toast to disappear
18:42:16.410 [main] INFO  com.billhub.qa.base.TestBase - Waiting for element invisibility: By.className: modal-container
18:42:31.474 [main] INFO  com.billhub.qa.base.TestBase - Checking if success toast is displayed for message: User Data Added successfully
18:42:46.534 [main] ERROR com.billhub.qa.base.TestBase - TimeoutException: Success toast not displayed for message - User Data Added successfully
18:42:46.538 [main] INFO  com.billhub.qa.base.TestBase - Waiting for toast to disappear
