09:43:32.895 [main] INFO  com.billhub.qa.base.TestBase - Waiting for element invisibility: By.className: modal-container
09:43:47.959 [main] INFO  com.billhub.qa.base.TestBase - Waiting for web element to be clickable: [[ChromeDriver: chrome on windows (4ed91399ed315dce0365248f814f32e9)] -> xpath: //button[@class='btn btn-primary ng-star-inserted']]
09:43:48.225 [main] INFO  com.billhub.qa.base.TestBase - Waiting for web element to be clickable: [[ChromeDriver: chrome on windows (4ed91399ed315dce0365248f814f32e9)] -> xpath: //span[normalize-space()='Create Memo']]
09:43:49.146 [main] INFO  com.billhub.qa.base.TestBase - Waiting for element invisibility: By.className: modal-container
09:45:10.002 [main] INFO  com.billhub.qa.base.TestBase - Waiting for element invisibility: By.className: modal-container
09:45:25.061 [main] INFO  com.billhub.qa.base.TestBase - Waiting for web element to be clickable: [[ChromeDriver: chrome on windows (5fd483413690e6ca75cf8426c0c93607)] -> xpath: //button[@class='btn btn-primary ng-star-inserted']]
09:45:25.383 [main] INFO  com.billhub.qa.base.TestBase - Waiting for web element to be clickable: [[ChromeDriver: chrome on windows (5fd483413690e6ca75cf8426c0c93607)] -> xpath: //span[normalize-space()='Create Memo']]
09:45:26.277 [main] INFO  com.billhub.qa.base.TestBase - Waiting for element invisibility: By.className: modal-container
09:45:41.469 [main] INFO  com.billhub.qa.base.TestBase - Waiting for element invisibility: By.className: modal-container
09:45:56.500 [main] INFO  com.billhub.qa.base.TestBase - Waiting for web element to be clickable: [[ChromeDriver: chrome on windows (5fd483413690e6ca75cf8426c0c93607)] -> xpath: /html/body/modal-container/div/div/app-add-po-popup/div[2]/div[2]/div[1]/table/tbody/tr[1]/td[1]/div/input]
09:45:56.696 [main] INFO  com.billhub.qa.base.TestBase - Waiting for element invisibility: By.className: modal-container
09:47:12.602 [main] INFO  com.billhub.qa.base.TestBase - Waiting for element invisibility: By.className: modal-container
09:47:27.654 [main] INFO  com.billhub.qa.base.TestBase - Waiting for web element to be clickable: [[ChromeDriver: chrome on windows (f4994c7f5721f4b6af4509b3d8d6d98c)] -> xpath: //button[@class='btn btn-primary ng-star-inserted']]
09:47:28.410 [main] INFO  com.billhub.qa.base.TestBase - Waiting for web element to be clickable: [[ChromeDriver: chrome on windows (f4994c7f5721f4b6af4509b3d8d6d98c)] -> xpath: //span[normalize-space()='Create Memo']]
09:47:29.335 [main] INFO  com.billhub.qa.base.TestBase - Waiting for element invisibility: By.className: modal-container
09:47:44.528 [main] INFO  com.billhub.qa.base.TestBase - Waiting for element invisibility: By.className: modal-container
09:47:59.607 [main] INFO  com.billhub.qa.base.TestBase - Waiting for web element to be clickable: [[ChromeDriver: chrome on windows (f4994c7f5721f4b6af4509b3d8d6d98c)] -> xpath: /html/body/modal-container/div/div/app-add-po-popup/div[2]/div[2]/div[1]/table/tbody/tr[1]/td[1]/div/input]
09:47:59.789 [main] INFO  com.billhub.qa.base.TestBase - Waiting for element invisibility: By.className: modal-container
09:49:01.062 [main] INFO  com.billhub.qa.base.TestBase - Waiting for element invisibility: By.className: modal-container
09:49:16.158 [main] INFO  com.billhub.qa.base.TestBase - Waiting for web element to be clickable: [[ChromeDriver: chrome on windows (e95c872e8b311c1baeade234f3c3775c)] -> xpath: //button[@class='btn btn-primary ng-star-inserted']]
09:49:16.446 [main] INFO  com.billhub.qa.base.TestBase - Waiting for web element to be clickable: [[ChromeDriver: chrome on windows (e95c872e8b311c1baeade234f3c3775c)] -> xpath: //span[normalize-space()='Create Memo']]
09:49:17.353 [main] INFO  com.billhub.qa.base.TestBase - Waiting for element invisibility: By.className: modal-container
09:49:32.567 [main] INFO  com.billhub.qa.base.TestBase - Waiting for element invisibility: By.className: modal-container
09:49:47.614 [main] INFO  com.billhub.qa.base.TestBase - Waiting for web element to be clickable: [[ChromeDriver: chrome on windows (e95c872e8b311c1baeade234f3c3775c)] -> xpath: /html/body/modal-container/div/div/app-add-po-popup/div[2]/div[2]/div[1]/table/tbody/tr[1]/td[1]/div/input]
09:49:47.799 [main] INFO  com.billhub.qa.base.TestBase - Waiting for element invisibility: By.className: modal-container
09:50:02.905 [main] INFO  com.billhub.qa.base.TestBase - Waiting for element visibility: By.cssSelector: .btn.btn-warning.btn-acknowledge
09:50:07.263 [main] INFO  com.billhub.qa.base.TestBase - Waiting for web element to be clickable: [[ChromeDriver: chrome on windows (e95c872e8b311c1baeade234f3c3775c)] -> css selector: .btn.btn-warning.btn-acknowledge]
09:50:07.376 [main] INFO  com.billhub.qa.base.TestBase - Waiting for element invisibility: By.className: modal-container
09:50:22.442 [main] INFO  com.billhub.qa.base.TestBase - Waiting for element invisibility: By.className: modal-container
09:50:37.562 [main] INFO  com.billhub.qa.base.TestBase - Waiting for element invisibility: By.className: modal-container
09:51:27.069 [main] INFO  com.billhub.qa.base.TestBase - Waiting for element invisibility: By.className: modal-container
09:51:42.158 [main] INFO  com.billhub.qa.base.TestBase - Waiting for web element to be clickable: [[ChromeDriver: chrome on windows (93d9d691ef0bcdd71fa987586eb58e3b)] -> xpath: //button[@class='btn btn-primary ng-star-inserted']]
09:51:42.538 [main] INFO  com.billhub.qa.base.TestBase - Waiting for web element to be clickable: [[ChromeDriver: chrome on windows (93d9d691ef0bcdd71fa987586eb58e3b)] -> xpath: //span[normalize-space()='Create Memo']]
09:51:43.462 [main] INFO  com.billhub.qa.base.TestBase - Waiting for element invisibility: By.className: modal-container
09:55:43.993 [main] INFO  com.billhub.qa.base.TestBase - Waiting for element invisibility: By.className: modal-container
09:55:59.051 [main] INFO  com.billhub.qa.base.TestBase - Waiting for web element to be clickable: [[ChromeDriver: chrome on windows (3ca733cee376695c19f38c304c0c12b8)] -> xpath: //button[@class='btn btn-primary ng-star-inserted']]
09:55:59.366 [main] INFO  com.billhub.qa.base.TestBase - Waiting for web element to be clickable: [[ChromeDriver: chrome on windows (3ca733cee376695c19f38c304c0c12b8)] -> xpath: //span[normalize-space()='Create Memo']]
09:56:00.274 [main] INFO  com.billhub.qa.base.TestBase - Waiting for element invisibility: By.className: modal-container
09:56:15.490 [main] INFO  com.billhub.qa.base.TestBase - Waiting for element invisibility: By.className: modal-container
09:56:30.572 [main] INFO  com.billhub.qa.base.TestBase - Waiting for web element to be clickable: [[ChromeDriver: chrome on windows (3ca733cee376695c19f38c304c0c12b8)] -> xpath: /html/body/modal-container/div/div/app-add-po-popup/div[2]/div[2]/div[1]/table/tbody/tr[1]/td[1]/div/input]
09:56:30.755 [main] INFO  com.billhub.qa.base.TestBase - Waiting for element invisibility: By.className: modal-container
09:56:45.823 [main] INFO  com.billhub.qa.base.TestBase - Waiting for element visibility: By.cssSelector: .btn.btn-warning.btn-acknowledge
09:56:50.154 [main] INFO  com.billhub.qa.base.TestBase - Waiting for web element to be clickable: [[ChromeDriver: chrome on windows (3ca733cee376695c19f38c304c0c12b8)] -> css selector: .btn.btn-warning.btn-acknowledge]
09:56:50.270 [main] INFO  com.billhub.qa.base.TestBase - Waiting for element invisibility: By.className: modal-container
09:57:07.029 [main] INFO  com.billhub.qa.base.TestBase - Waiting for element invisibility: By.className: modal-container
09:57:22.315 [main] INFO  com.billhub.qa.base.TestBase - Waiting for element invisibility: By.className: modal-container
09:57:37.367 [main] INFO  com.billhub.qa.base.TestBase - Waiting for web element to be clickable: [[ChromeDriver: chrome on windows (3ca733cee376695c19f38c304c0c12b8)] -> xpath: //button[normalize-space()='Done']]
09:57:37.511 [main] INFO  com.billhub.qa.base.TestBase - Waiting for web element to be clickable: [[ChromeDriver: chrome on windows (3ca733cee376695c19f38c304c0c12b8)] -> xpath: //button[normalize-space()='SAVE']]
09:57:38.322 [main] INFO  com.billhub.qa.base.TestBase - Waiting for element invisibility: By.className: modal-container
09:57:53.445 [main] INFO  com.billhub.qa.base.TestBase - Waiting for element invisibility: By.className: modal-container
09:58:08.630 [main] INFO  com.billhub.qa.base.TestBase - Waiting for element visibility: By.xpath: //button[@type='submit']
09:58:08.659 [main] INFO  com.billhub.qa.base.TestBase - Waiting for web element to be clickable: [[ChromeDriver: chrome on windows (3ca733cee376695c19f38c304c0c12b8)] -> xpath: //button[@type='submit']]
09:58:09.429 [main] INFO  com.billhub.qa.base.TestBase - Waiting for element visibility: By.xpath: /html/body/modal-container/div/div/app-memo-submit-confirm/div[3]/div/div[2]/button
09:58:09.987 [main] INFO  com.billhub.qa.base.TestBase - Waiting for web element to be clickable: [[ChromeDriver: chrome on windows (3ca733cee376695c19f38c304c0c12b8)] -> xpath: /html/body/modal-container/div/div/app-memo-submit-confirm/div[3]/div/div[2]/button]
09:58:10.052 [main] INFO  com.billhub.qa.base.TestBase - Waiting for element invisibility: By.className: modal-container
09:58:25.215 [main] INFO  com.billhub.qa.base.TestBase - Waiting for element invisibility: By.className: modal-container
09:58:40.290 [main] INFO  com.billhub.qa.base.TestBase - Waiting for web element to be clickable: [[ChromeDriver: chrome on windows (3ca733cee376695c19f38c304c0c12b8)] -> xpath: //button[@class='btn btn-primary ng-star-inserted']]
09:58:40.551 [main] INFO  com.billhub.qa.base.TestBase - Waiting for web element to be clickable: [[ChromeDriver: chrome on windows (3ca733cee376695c19f38c304c0c12b8)] -> xpath: //span[normalize-space()='Create Memo']]
09:58:41.433 [main] INFO  com.billhub.qa.base.TestBase - Waiting for element invisibility: By.className: modal-container
09:58:56.647 [main] INFO  com.billhub.qa.base.TestBase - Waiting for element invisibility: By.className: modal-container
09:59:11.731 [main] INFO  com.billhub.qa.base.TestBase - Waiting for web element to be clickable: [[ChromeDriver: chrome on windows (3ca733cee376695c19f38c304c0c12b8)] -> xpath: /html/body/modal-container/div/div/app-add-po-popup/div[2]/div[2]/div[1]/table/tbody/tr[1]/td[1]/div/input]
