12:16:18.318 [main] INFO  com.billhub.qa.base.TestBase - Waiting for element invisibility: By.className: modal-container
12:16:38.464 [main] INFO  com.billhub.qa.base.TestBase - Waiting for element invisibility: By.className: modal-container
12:16:58.655 [main] INFO  com.billhub.qa.base.TestBase - Checking if success toast is displayed for message: Kindly fill out all the mandatory fields
12:17:18.692 [main] ERROR com.billhub.qa.base.TestBase - TimeoutException: Success toast not displayed for message - Kindly fill out all the mandatory fields
12:17:18.695 [main] INFO  com.billhub.qa.base.TestBase - Waiting for element invisibility: By.className: modal-container
12:17:38.761 [main] INFO  com.billhub.qa.base.TestBase - Waiting for toast to disappear
12:17:38.876 [main] INFO  com.billhub.qa.base.TestBase - Waiting for element invisibility: By.className: modal-container
12:17:59.325 [main] INFO  com.billhub.qa.base.TestBase - Waiting for element invisibility: By.className: modal-container
12:18:19.480 [main] INFO  com.billhub.qa.base.TestBase - Waiting for element invisibility: By.className: modal-container
12:18:39.648 [main] INFO  com.billhub.qa.base.TestBase - Checking if success toast is displayed for message: customer Added successfully
12:18:59.668 [main] ERROR com.billhub.qa.base.TestBase - TimeoutException: Success toast not displayed for message - customer Added successfully
12:18:59.671 [main] INFO  com.billhub.qa.base.TestBase - Waiting for element invisibility: By.className: modal-container
12:19:19.945 [main] INFO  com.billhub.qa.base.TestBase - Waiting for element invisibility: By.className: modal-container
12:19:40.490 [main] INFO  com.billhub.qa.base.TestBase - Waiting for element invisibility: By.className: modal-container
12:20:00.566 [main] INFO  com.billhub.qa.base.TestBase - Waiting for element invisibility: By.className: modal-container
12:20:21.003 [main] INFO  com.billhub.qa.base.TestBase - Waiting for element invisibility: By.className: modal-container
12:20:41.131 [main] INFO  com.billhub.qa.base.TestBase - Waiting for element invisibility: By.className: modal-container
12:21:01.372 [main] INFO  com.billhub.qa.base.TestBase - Waiting for element invisibility: By.className: modal-container
12:24:35.161 [main] INFO  com.billhub.qa.base.TestBase - Waiting for element invisibility: By.className: modal-container
12:24:55.221 [main] INFO  com.billhub.qa.base.TestBase - Waiting for web element to be clickable: [[ChromeDriver: chrome on windows (d07d3d4aa7f33586b27ff634b4f9387d)] -> xpath: //button[@class='btn btn-link']]
12:24:55.348 [main] INFO  com.billhub.qa.base.TestBase - Waiting for web element to be clickable: [[ChromeDriver: chrome on windows (d07d3d4aa7f33586b27ff634b4f9387d)] -> xpath: //span[normalize-space()='Master']]
12:24:56.096 [main] INFO  com.billhub.qa.base.TestBase - Waiting for web element to be clickable: [[ChromeDriver: chrome on windows (d07d3d4aa7f33586b27ff634b4f9387d)] -> link text: Customer]
12:24:57.976 [main] INFO  com.billhub.qa.base.TestBase - Waiting for element invisibility: By.className: modal-container
12:25:18.114 [main] INFO  com.billhub.qa.base.TestBase - Waiting for element invisibility: By.className: modal-container
12:25:38.562 [main] INFO  com.billhub.qa.base.TestBase - Waiting for element invisibility: By.className: modal-container
12:25:58.655 [main] INFO  com.billhub.qa.base.TestBase - Waiting for element invisibility: By.className: modal-container
12:26:18.726 [main] INFO  com.billhub.qa.base.TestBase - Waiting for element invisibility: By.className: modal-container
12:26:38.968 [main] INFO  com.billhub.qa.base.TestBase - Waiting for element invisibility: By.className: modal-container
12:30:21.647 [main] INFO  com.billhub.qa.base.TestBase - Waiting for element invisibility: By.className: modal-container
12:30:41.690 [main] INFO  com.billhub.qa.base.TestBase - Waiting for web element to be clickable: [[ChromeDriver: chrome on windows (9038f5c1783162590db37189706fd351)] -> xpath: //button[@class='btn btn-link']]
12:30:41.821 [main] INFO  com.billhub.qa.base.TestBase - Waiting for web element to be clickable: [[ChromeDriver: chrome on windows (9038f5c1783162590db37189706fd351)] -> xpath: //span[normalize-space()='Master']]
12:30:42.483 [main] INFO  com.billhub.qa.base.TestBase - Waiting for web element to be clickable: [[ChromeDriver: chrome on windows (9038f5c1783162590db37189706fd351)] -> link text: Customer]
12:30:44.344 [main] INFO  com.billhub.qa.base.TestBase - Waiting for element invisibility: By.className: modal-container
12:31:04.489 [main] INFO  com.billhub.qa.base.TestBase - Waiting for element invisibility: By.className: modal-container
12:31:24.955 [main] INFO  com.billhub.qa.base.TestBase - Waiting for element invisibility: By.className: modal-container
12:31:45.073 [main] INFO  com.billhub.qa.base.TestBase - Waiting for element invisibility: By.className: modal-container
12:32:05.131 [main] INFO  com.billhub.qa.base.TestBase - Waiting for element invisibility: By.className: modal-container
12:32:25.327 [main] INFO  com.billhub.qa.base.TestBase - Waiting for element invisibility: By.className: modal-container
12:34:18.549 [main] INFO  com.billhub.qa.base.TestBase - Waiting for element invisibility: By.className: modal-container
12:34:38.594 [main] INFO  com.billhub.qa.base.TestBase - Waiting for web element to be clickable: [[ChromeDriver: chrome on windows (b2407d89d402f7ad6b287513651607af)] -> xpath: //button[@class='btn btn-link']]
12:34:38.722 [main] INFO  com.billhub.qa.base.TestBase - Waiting for web element to be clickable: [[ChromeDriver: chrome on windows (b2407d89d402f7ad6b287513651607af)] -> xpath: //span[normalize-space()='Master']]
12:34:39.464 [main] INFO  com.billhub.qa.base.TestBase - Waiting for web element to be clickable: [[ChromeDriver: chrome on windows (b2407d89d402f7ad6b287513651607af)] -> link text: Customer]
12:34:40.509 [main] INFO  com.billhub.qa.base.TestBase - Waiting for element invisibility: By.className: modal-container
12:35:00.571 [main] INFO  com.billhub.qa.base.TestBase - Waiting for element invisibility: By.className: modal-container
12:35:20.815 [main] INFO  com.billhub.qa.base.TestBase - Waiting for element invisibility: By.className: modal-container
12:37:13.904 [main] INFO  com.billhub.qa.base.TestBase - Waiting for element invisibility: By.className: modal-container
12:37:33.951 [main] INFO  com.billhub.qa.base.TestBase - Waiting for web element to be clickable: [[ChromeDriver: chrome on windows (0a22cba16fc925c0c4fe4fa7cfcce638)] -> xpath: //button[@class='btn btn-link']]
12:37:34.082 [main] INFO  com.billhub.qa.base.TestBase - Waiting for web element to be clickable: [[ChromeDriver: chrome on windows (0a22cba16fc925c0c4fe4fa7cfcce638)] -> xpath: //span[normalize-space()='Master']]
12:37:34.745 [main] INFO  com.billhub.qa.base.TestBase - Waiting for web element to be clickable: [[ChromeDriver: chrome on windows (0a22cba16fc925c0c4fe4fa7cfcce638)] -> link text: Customer]
12:37:35.778 [main] INFO  com.billhub.qa.base.TestBase - Waiting for element invisibility: By.className: modal-container
12:37:55.842 [main] INFO  com.billhub.qa.base.TestBase - Waiting for element invisibility: By.className: modal-container
12:38:16.065 [main] INFO  com.billhub.qa.base.TestBase - Waiting for element invisibility: By.className: modal-container
12:38:36.568 [main] INFO  com.billhub.qa.base.TestBase - Waiting for element invisibility: By.className: modal-container
12:42:32.739 [main] INFO  com.billhub.qa.base.TestBase - Waiting for element invisibility: By.className: modal-container
12:42:52.840 [main] INFO  com.billhub.qa.base.TestBase - Waiting for web element to be clickable: [[ChromeDriver: chrome on windows (1685aa7a133235599dd0d1a2db24203c)] -> xpath: //button[@class='btn btn-link']]
12:42:52.976 [main] INFO  com.billhub.qa.base.TestBase - Waiting for web element to be clickable: [[ChromeDriver: chrome on windows (1685aa7a133235599dd0d1a2db24203c)] -> xpath: //span[normalize-space()='Master']]
12:42:53.654 [main] INFO  com.billhub.qa.base.TestBase - Waiting for web element to be clickable: [[ChromeDriver: chrome on windows (1685aa7a133235599dd0d1a2db24203c)] -> link text: BA]
12:42:55.475 [main] INFO  com.billhub.qa.base.TestBase - Waiting for element invisibility: By.className: modal-container
12:43:15.512 [main] INFO  com.billhub.qa.base.TestBase - Waiting for toast to disappear
12:43:15.630 [main] INFO  com.billhub.qa.base.TestBase - Waiting for element invisibility: By.className: modal-container
12:43:36.601 [main] INFO  com.billhub.qa.base.TestBase - Waiting for element invisibility: By.className: modal-container
12:43:56.690 [main] INFO  com.billhub.qa.base.TestBase - Checking if success toast is displayed for message: BA Data Added successfully
12:43:57.033 [main] INFO  com.billhub.qa.base.TestBase - Waiting for element invisibility: By.className: modal-container
12:44:17.050 [main] INFO  com.billhub.qa.base.TestBase - Waiting for toast to disappear
12:44:17.145 [main] INFO  com.billhub.qa.base.TestBase - Waiting for element invisibility: By.className: modal-container
12:44:38.114 [main] INFO  com.billhub.qa.base.TestBase - Waiting for element invisibility: By.className: modal-container
12:44:58.252 [main] INFO  com.billhub.qa.base.TestBase - Waiting for element invisibility: By.className: modal-container
12:45:18.370 [main] INFO  com.billhub.qa.base.TestBase - Checking if success toast is displayed for message: BA Data Added successfully
12:45:38.417 [main] ERROR com.billhub.qa.base.TestBase - TimeoutException: Success toast not displayed for message - BA Data Added successfully
12:45:38.590 [main] INFO  com.billhub.qa.base.TestBase - Waiting for element invisibility: By.className: modal-container
12:45:58.652 [main] INFO  com.billhub.qa.base.TestBase - Waiting for element invisibility: By.className: modal-container
12:46:18.931 [main] INFO  com.billhub.qa.base.TestBase - Waiting for element invisibility: By.className: modal-container
12:46:40.319 [main] INFO  com.billhub.qa.base.TestBase - Waiting for element invisibility: By.className: modal-container
12:47:00.382 [main] INFO  com.billhub.qa.base.TestBase - Waiting for element invisibility: By.className: modal-container
