17:32:33.392 [main] INFO  com.billhub.qa.base.TestBase - Waiting for element invisibility: By.className: modal-container
17:32:43.477 [main] INFO  com.billhub.qa.base.TestBase - Waiting for web element to be clickable: [[ChromeDriver: chrome on windows (253038a631dc78471fda486d58e7e42a)] -> xpath: //button[@class='btn btn-primary ng-star-inserted']]
17:32:43.593 [main] INFO  com.billhub.qa.base.TestBase - clicking on edit draft button.
17:32:44.072 [main] INFO  com.billhub.qa.base.TestBase - Waiting for element invisibility: By.className: modal-container
17:36:24.071 [main] INFO  com.billhub.qa.base.TestBase - Waiting for element invisibility: By.className: modal-container
17:36:34.110 [main] INFO  com.billhub.qa.base.TestBase - Waiting for web element to be clickable: [[ChromeDriver: chrome on windows (830dd59341193008c5378f2ebfad9f17)] -> xpath: //button[@class='btn btn-link']]
17:36:34.223 [main] INFO  com.billhub.qa.base.TestBase - Waiting for web element to be clickable: [[ChromeDriver: chrome on windows (830dd59341193008c5378f2ebfad9f17)] -> xpath: //span[normalize-space()='Master']]
17:36:34.899 [main] INFO  com.billhub.qa.base.TestBase - Waiting for web element to be clickable: [[ChromeDriver: chrome on windows (830dd59341193008c5378f2ebfad9f17)] -> link text: Customer]
17:36:35.034 [main] INFO  com.billhub.qa.base.TestBase - Setting cell data in sheet: Customer, row: 1, col: 1, data: 242405
17:36:36.006 [main] INFO  com.billhub.qa.base.TestBase - Setting cell data in sheet: Customer, row: 3, col: 1, data: 818442
17:37:16.688 [main] INFO  com.billhub.qa.base.TestBase - Waiting for element invisibility: By.className: modal-container
17:37:26.781 [main] INFO  com.billhub.qa.base.TestBase - Waiting for web element to be clickable: [[ChromeDriver: chrome on windows (34e96ace9650c35f1ad5586964231731)] -> xpath: //button[@class='btn btn-link']]
17:37:26.915 [main] INFO  com.billhub.qa.base.TestBase - Waiting for web element to be clickable: [[ChromeDriver: chrome on windows (34e96ace9650c35f1ad5586964231731)] -> xpath: //span[normalize-space()='Master']]
17:37:27.671 [main] INFO  com.billhub.qa.base.TestBase - Waiting for web element to be clickable: [[ChromeDriver: chrome on windows (34e96ace9650c35f1ad5586964231731)] -> link text: Customer]
17:37:27.804 [main] INFO  com.billhub.qa.base.TestBase - Setting cell data in sheet: Customer, row: 1, col: 1, data: 787251
17:37:28.793 [main] INFO  com.billhub.qa.base.TestBase - Setting cell data in sheet: Customer, row: 3, col: 1, data: 098537
17:38:12.812 [main] INFO  com.billhub.qa.base.TestBase - Waiting for element invisibility: By.className: modal-container
17:38:22.887 [main] INFO  com.billhub.qa.base.TestBase - Waiting for web element to be clickable: [[ChromeDriver: chrome on windows (e63a19b9545422e2c92e2d64abb38254)] -> xpath: //button[@class='btn btn-link']]
17:38:23.015 [main] INFO  com.billhub.qa.base.TestBase - Waiting for web element to be clickable: [[ChromeDriver: chrome on windows (e63a19b9545422e2c92e2d64abb38254)] -> xpath: //span[normalize-space()='Master']]
17:38:23.763 [main] INFO  com.billhub.qa.base.TestBase - Waiting for web element to be clickable: [[ChromeDriver: chrome on windows (e63a19b9545422e2c92e2d64abb38254)] -> link text: Customer]
17:38:24.764 [main] INFO  com.billhub.qa.base.TestBase - Waiting for toast to disappear
17:38:25.394 [main] INFO  com.billhub.qa.base.TestBase - Checking if success toast is displayed for message: Kindly fill out all the mandatory fields
17:38:35.447 [main] ERROR com.billhub.qa.base.TestBase - TimeoutException: Success toast not displayed for message - Kindly fill out all the mandatory fields
20:06:03.779 [main] INFO  com.billhub.qa.base.TestBase - Waiting for element invisibility: By.className: modal-container
20:06:13.832 [main] INFO  com.billhub.qa.base.TestBase - Waiting for web element to be clickable: [[ChromeDriver: chrome on windows (5a7c638b1ffb5e1abb0a2a7eeecca6a6)] -> xpath: //button[@class='btn btn-primary ng-star-inserted']]
20:06:14.114 [main] INFO  com.billhub.qa.base.TestBase - Waiting for web element to be clickable: [[ChromeDriver: chrome on windows (5a7c638b1ffb5e1abb0a2a7eeecca6a6)] -> xpath: //span[normalize-space()='Create Memo']]
20:06:15.046 [main] INFO  com.billhub.qa.base.TestBase - Setting cell data in sheet: POBasedInvoice, row: 1, col: 0, data: TESTINV4156
20:07:09.376 [main] INFO  com.billhub.qa.base.TestBase - Waiting for element invisibility: By.className: modal-container
20:07:19.413 [main] INFO  com.billhub.qa.base.TestBase - Waiting for web element to be clickable: [[ChromeDriver: chrome on windows (e7ad9439915b23d4e53b27c0c8d4c82a)] -> xpath: //button[@class='btn btn-primary ng-star-inserted']]
20:07:19.675 [main] INFO  com.billhub.qa.base.TestBase - Waiting for web element to be clickable: [[ChromeDriver: chrome on windows (e7ad9439915b23d4e53b27c0c8d4c82a)] -> xpath: //span[normalize-space()='Create Memo']]
20:07:20.582 [main] INFO  com.billhub.qa.base.TestBase - Setting cell data in sheet: POBasedInvoice, row: 1, col: 0, data: TESTINV0479
20:07:21.486 [main] INFO  com.billhub.qa.base.TestBase - Setting cell data in sheet: POBasedInvoice, row: 1, col: 1, data: 41
20:07:21.613 [main] INFO  com.billhub.qa.base.TestBase - Setting cell data in sheet: POBasedInvoice, row: 1, col: 2, data: 7.38
20:07:21.720 [main] INFO  com.billhub.qa.base.TestBase - Setting cell data in sheet: POBasedInvoice, row: 2, col: 0, data: TESTINV4579
20:07:21.825 [main] INFO  com.billhub.qa.base.TestBase - Setting cell data in sheet: POBasedInvoice, row: 2, col: 1, data: 71
20:07:21.916 [main] INFO  com.billhub.qa.base.TestBase - Setting cell data in sheet: POBasedInvoice, row: 2, col: 2, data: 12.78
20:07:22.004 [main] INFO  com.billhub.qa.base.TestBase - Setting cell data in sheet: POBasedInvoice, row: 3, col: 0, data: TESTINV0730
20:07:22.091 [main] INFO  com.billhub.qa.base.TestBase - Setting cell data in sheet: POBasedInvoice, row: 3, col: 1, data: 21
20:07:22.177 [main] INFO  com.billhub.qa.base.TestBase - Setting cell data in sheet: POBasedInvoice, row: 3, col: 2, data: 3.78
20:07:22.273 [main] INFO  com.billhub.qa.base.TestBase - Setting cell data in sheet: POBasedInvoice, row: 4, col: 0, data: TESTINV9217
20:07:22.351 [main] INFO  com.billhub.qa.base.TestBase - Setting cell data in sheet: POBasedInvoice, row: 4, col: 1, data: 31
20:07:22.426 [main] INFO  com.billhub.qa.base.TestBase - Setting cell data in sheet: POBasedInvoice, row: 4, col: 2, data: 5.58
20:07:22.503 [main] INFO  com.billhub.qa.base.TestBase - Setting cell data in sheet: POBasedInvoice, row: 5, col: 0, data: TESTINV4053
20:07:22.571 [main] INFO  com.billhub.qa.base.TestBase - Setting cell data in sheet: POBasedInvoice, row: 5, col: 1, data: 11
20:07:22.643 [main] INFO  com.billhub.qa.base.TestBase - Setting cell data in sheet: POBasedInvoice, row: 5, col: 2, data: 1.98
20:07:22.716 [main] INFO  com.billhub.qa.base.TestBase - Setting cell data in sheet: POBasedInvoice, row: 6, col: 0, data: TESTINV8030
20:07:22.786 [main] INFO  com.billhub.qa.base.TestBase - Setting cell data in sheet: POBasedInvoice, row: 6, col: 1, data: 31
20:07:22.849 [main] INFO  com.billhub.qa.base.TestBase - Setting cell data in sheet: POBasedInvoice, row: 6, col: 2, data: 5.58
20:07:22.910 [main] INFO  com.billhub.qa.base.TestBase - Setting cell data in sheet: POBasedInvoice, row: 7, col: 0, data: TESTINV7235
20:07:22.969 [main] INFO  com.billhub.qa.base.TestBase - Setting cell data in sheet: POBasedInvoice, row: 7, col: 1, data: 91
20:07:23.026 [main] INFO  com.billhub.qa.base.TestBase - Setting cell data in sheet: POBasedInvoice, row: 7, col: 2, data: 16.38
20:07:23.084 [main] INFO  com.billhub.qa.base.TestBase - Setting cell data in sheet: POBasedInvoice, row: 8, col: 0, data: TESTINV2164
20:07:23.141 [main] INFO  com.billhub.qa.base.TestBase - Setting cell data in sheet: POBasedInvoice, row: 8, col: 1, data: 31
20:07:23.201 [main] INFO  com.billhub.qa.base.TestBase - Setting cell data in sheet: POBasedInvoice, row: 8, col: 2, data: 5.58
20:07:23.334 [main] INFO  com.billhub.qa.base.TestBase - Waiting for element invisibility: By.className: modal-container
20:26:55.107 [main] INFO  com.billhub.qa.base.TestBase - Waiting for element invisibility: By.className: modal-container
20:27:05.180 [main] INFO  com.billhub.qa.base.TestBase - Waiting for web element to be clickable: [[ChromeDriver: chrome on windows (146948d899bbeb83072a06224536143a)] -> xpath: //button[@class='btn btn-primary ng-star-inserted']]
20:27:05.428 [main] INFO  com.billhub.qa.base.TestBase - Waiting for web element to be clickable: [[ChromeDriver: chrome on windows (146948d899bbeb83072a06224536143a)] -> xpath: //span[normalize-space()='Create Memo']]
20:27:06.303 [main] INFO  com.billhub.qa.base.TestBase - Setting cell data in sheet: POBasedInvoice, row: 1, col: 0, data: TESTINV8385
20:27:07.376 [main] INFO  com.billhub.qa.base.TestBase - Setting cell data in sheet: POBasedInvoice, row: 1, col: 1, data: 31
20:27:07.500 [main] INFO  com.billhub.qa.base.TestBase - Setting cell data in sheet: POBasedInvoice, row: 1, col: 2, data: 5.58
20:27:07.615 [main] INFO  com.billhub.qa.base.TestBase - Setting cell data in sheet: POBasedInvoice, row: 2, col: 0, data: TESTINV9216
20:27:07.719 [main] INFO  com.billhub.qa.base.TestBase - Setting cell data in sheet: POBasedInvoice, row: 2, col: 1, data: 21
20:27:07.810 [main] INFO  com.billhub.qa.base.TestBase - Setting cell data in sheet: POBasedInvoice, row: 2, col: 2, data: 3.78
20:27:07.899 [main] INFO  com.billhub.qa.base.TestBase - Setting cell data in sheet: POBasedInvoice, row: 3, col: 0, data: TESTINV5300
20:27:08.010 [main] INFO  com.billhub.qa.base.TestBase - Setting cell data in sheet: POBasedInvoice, row: 3, col: 1, data: 51
20:27:08.098 [main] INFO  com.billhub.qa.base.TestBase - Setting cell data in sheet: POBasedInvoice, row: 3, col: 2, data: 9.18
20:27:08.187 [main] INFO  com.billhub.qa.base.TestBase - Setting cell data in sheet: POBasedInvoice, row: 4, col: 0, data: TESTINV6859
20:27:08.272 [main] INFO  com.billhub.qa.base.TestBase - Setting cell data in sheet: POBasedInvoice, row: 4, col: 1, data: 31
