20:50:17.441 [main] INFO  com.billhub.qa.base.TestBase - Waiting for web element to be clickable: [[ChromeDriver: chrome on windows (82d81a861bbfb8fdc028274c2701cf48)] -> xpath: //span[normalize-space()='Create Memo']]
20:50:23.288 [main] INFO  com.billhub.qa.base.TestBase - Waiting for element invisibility: By.className: modal-container
20:50:39.883 [main] INFO  com.billhub.qa.base.TestBase - Waiting for element invisibility: By.className: modal-container
20:50:56.144 [main] INFO  com.billhub.qa.base.TestBase - Waiting for element invisibility: By.className: modal-container
20:51:11.683 [main] INFO  com.billhub.qa.base.TestBase - Waiting for element invisibility: By.className: modal-container
20:51:26.769 [main] INFO  com.billhub.qa.base.TestBase - Waiting for element invisibility: By.className: modal-container
20:51:43.894 [main] INFO  com.billhub.qa.base.TestBase - Waiting for web element to be clickable: [[ChromeDriver: chrome on windows (82d81a861bbfb8fdc028274c2701cf48)] -> xpath: //button[normalize-space()='SAVE']]
20:51:44.242 [main] INFO  com.billhub.qa.base.TestBase - Waiting for element invisibility: By.className: modal-container
20:52:00.501 [main] INFO  com.billhub.qa.base.TestBase - Waiting for element invisibility: By.className: modal-container
20:52:16.250 [main] INFO  com.billhub.qa.base.TestBase - Waiting for element invisibility: By.className: modal-container
20:52:32.310 [main] INFO  com.billhub.qa.base.TestBase - Waiting for element invisibility: By.className: modal-container
20:52:47.340 [main] INFO  com.billhub.qa.base.TestBase - Waiting for web element to be clickable: [[ChromeDriver: chrome on windows (82d81a861bbfb8fdc028274c2701cf48)] -> xpath: //button[normalize-space()='Done']]
20:52:48.398 [main] INFO  com.billhub.qa.base.TestBase - Waiting for element invisibility: By.className: modal-container
20:53:03.769 [main] INFO  com.billhub.qa.base.TestBase - Waiting for element invisibility: By.className: modal-container
20:53:19.065 [main] INFO  com.billhub.qa.base.TestBase - Waiting for element invisibility: By.className: modal-container
20:53:34.165 [main] INFO  com.billhub.qa.base.TestBase - Waiting for web element to be clickable: [[ChromeDriver: chrome on windows (82d81a861bbfb8fdc028274c2701cf48)] -> xpath: //td[@scope='row']//input[@type='checkbox']]
20:53:34.797 [main] INFO  com.billhub.qa.base.TestBase - Waiting for web element to be clickable: [[ChromeDriver: chrome on windows (82d81a861bbfb8fdc028274c2701cf48)] -> xpath: //button[normalize-space()='SAVE']]
20:53:35.634 [main] INFO  com.billhub.qa.base.TestBase - Waiting for element invisibility: By.className: modal-container
20:53:50.999 [main] INFO  com.billhub.qa.base.TestBase - Waiting for element invisibility: By.className: modal-container
20:54:07.505 [main] INFO  com.billhub.qa.base.TestBase - Waiting for element invisibility: By.className: modal-container
20:54:23.524 [main] INFO  com.billhub.qa.base.TestBase - Checking if success toast is displayed for message: Invoice Number Exist try another!
20:54:23.555 [main] INFO  com.billhub.qa.base.TestBase - Waiting for element invisibility: By.className: modal-container
20:54:53.651 [main] INFO  com.billhub.qa.base.TestBase - Waiting for web element to be clickable: Proxy element for: DefaultElementLocator 'By.xpath: //button[@class='btn btn-primary ng-star-inserted']'
20:59:35.406 [main] INFO  com.billhub.qa.base.TestBase - Waiting for element invisibility: By.className: modal-container
20:59:50.595 [main] INFO  com.billhub.qa.base.TestBase - Waiting for web element to be clickable: [[ChromeDriver: chrome on windows (98ddcbc5535cd1a48b7e89830774257c)] -> xpath: //button[@class='btn btn-primary ng-star-inserted']]
20:59:51.081 [main] INFO  com.billhub.qa.base.TestBase - Waiting for web element to be clickable: [[ChromeDriver: chrome on windows (98ddcbc5535cd1a48b7e89830774257c)] -> xpath: //span[normalize-space()='Create Memo']]
20:59:56.860 [main] INFO  com.billhub.qa.base.TestBase - Waiting for element invisibility: By.className: modal-container
21:00:45.226 [main] INFO  com.billhub.qa.base.TestBase - Waiting for element invisibility: By.className: modal-container
21:01:00.378 [main] INFO  com.billhub.qa.base.TestBase - Waiting for web element to be clickable: [[ChromeDriver: chrome on windows (6ca05cd77506e6dff77b4367072b8b09)] -> xpath: //button[@class='btn btn-primary ng-star-inserted']]
21:01:00.907 [main] INFO  com.billhub.qa.base.TestBase - Waiting for web element to be clickable: [[ChromeDriver: chrome on windows (6ca05cd77506e6dff77b4367072b8b09)] -> xpath: //span[normalize-space()='Create Memo']]
21:01:06.676 [main] INFO  com.billhub.qa.base.TestBase - Waiting for element invisibility: By.className: modal-container
21:01:49.365 [main] INFO  com.billhub.qa.base.TestBase - Waiting for element invisibility: By.className: modal-container
21:02:04.551 [main] INFO  com.billhub.qa.base.TestBase - Waiting for web element to be clickable: [[ChromeDriver: chrome on windows (3f6094263bd936e11228b8eb0dc75fd4)] -> xpath: //button[@class='btn btn-primary ng-star-inserted']]
21:02:05.102 [main] INFO  com.billhub.qa.base.TestBase - Waiting for web element to be clickable: [[ChromeDriver: chrome on windows (3f6094263bd936e11228b8eb0dc75fd4)] -> xpath: //span[normalize-space()='Create Memo']]
21:02:11.064 [main] INFO  com.billhub.qa.base.TestBase - Waiting for element invisibility: By.className: modal-container
21:02:27.499 [main] INFO  com.billhub.qa.base.TestBase - Waiting for element invisibility: By.className: modal-container
21:02:43.999 [main] INFO  com.billhub.qa.base.TestBase - Waiting for element invisibility: By.className: modal-container
21:03:00.189 [main] INFO  com.billhub.qa.base.TestBase - Waiting for element invisibility: By.className: modal-container
21:03:15.271 [main] INFO  com.billhub.qa.base.TestBase - Waiting for element invisibility: By.className: modal-container
21:03:31.859 [main] INFO  com.billhub.qa.base.TestBase - Waiting for web element to be clickable: [[ChromeDriver: chrome on windows (3f6094263bd936e11228b8eb0dc75fd4)] -> xpath: //button[normalize-space()='SAVE']]
21:03:32.070 [main] INFO  com.billhub.qa.base.TestBase - Waiting for element invisibility: By.className: modal-container
21:03:48.352 [main] INFO  com.billhub.qa.base.TestBase - Waiting for element invisibility: By.className: modal-container
21:04:04.017 [main] INFO  com.billhub.qa.base.TestBase - Waiting for element invisibility: By.className: modal-container
21:04:20.324 [main] INFO  com.billhub.qa.base.TestBase - Waiting for element invisibility: By.className: modal-container
21:04:35.411 [main] INFO  com.billhub.qa.base.TestBase - Waiting for web element to be clickable: [[ChromeDriver: chrome on windows (3f6094263bd936e11228b8eb0dc75fd4)] -> xpath: //button[normalize-space()='Done']]
21:04:36.829 [main] INFO  com.billhub.qa.base.TestBase - Waiting for element invisibility: By.className: modal-container
21:04:52.140 [main] INFO  com.billhub.qa.base.TestBase - Waiting for element invisibility: By.className: modal-container
21:05:07.475 [main] INFO  com.billhub.qa.base.TestBase - Waiting for element invisibility: By.className: modal-container
21:05:22.573 [main] INFO  com.billhub.qa.base.TestBase - Waiting for web element to be clickable: [[ChromeDriver: chrome on windows (3f6094263bd936e11228b8eb0dc75fd4)] -> xpath: //td[@scope='row']//input[@type='checkbox']]
21:05:23.617 [main] INFO  com.billhub.qa.base.TestBase - Waiting for web element to be clickable: [[ChromeDriver: chrome on windows (3f6094263bd936e11228b8eb0dc75fd4)] -> xpath: //button[normalize-space()='SAVE']]
21:05:24.355 [main] INFO  com.billhub.qa.base.TestBase - Waiting for element invisibility: By.className: modal-container
21:05:39.628 [main] INFO  com.billhub.qa.base.TestBase - Waiting for element invisibility: By.className: modal-container
21:05:55.915 [main] INFO  com.billhub.qa.base.TestBase - Waiting for element invisibility: By.className: modal-container
21:06:12.780 [main] INFO  com.billhub.qa.base.TestBase - Checking if success toast is displayed for message: Invoice Number Exist try another!
21:06:12.828 [main] INFO  com.billhub.qa.base.TestBase - Waiting for element invisibility: By.className: modal-container
21:06:42.963 [main] INFO  com.billhub.qa.base.TestBase - Waiting for web element to be clickable: Proxy element for: DefaultElementLocator 'By.xpath: //button[@class='btn btn-primary ng-star-inserted']'
21:07:55.897 [main] INFO  com.billhub.qa.base.TestBase - Waiting for element invisibility: By.className: modal-container
21:08:10.988 [main] INFO  com.billhub.qa.base.TestBase - Waiting for web element to be clickable: [[ChromeDriver: chrome on windows (d126e6112488e3e074d6e6bad7424eb8)] -> xpath: //button[@class='btn btn-primary ng-star-inserted']]
21:08:11.561 [main] INFO  com.billhub.qa.base.TestBase - Waiting for web element to be clickable: [[ChromeDriver: chrome on windows (d126e6112488e3e074d6e6bad7424eb8)] -> xpath: //span[normalize-space()='Create Memo']]
21:08:17.851 [main] INFO  com.billhub.qa.base.TestBase - Waiting for element invisibility: By.className: modal-container
21:09:28.715 [main] INFO  com.billhub.qa.base.TestBase - Waiting for element invisibility: By.className: modal-container
21:09:43.828 [main] INFO  com.billhub.qa.base.TestBase - Waiting for web element to be clickable: [[ChromeDriver: chrome on windows (cf49e1abae52c8b2d2eacb5bb9aff3fd)] -> xpath: //button[@class='btn btn-primary ng-star-inserted']]
21:09:44.394 [main] INFO  com.billhub.qa.base.TestBase - Waiting for web element to be clickable: [[ChromeDriver: chrome on windows (cf49e1abae52c8b2d2eacb5bb9aff3fd)] -> xpath: //span[normalize-space()='Create Memo']]
21:09:50.153 [main] INFO  com.billhub.qa.base.TestBase - Waiting for element invisibility: By.className: modal-container
08:16:10.128 [main] INFO  com.billhub.qa.base.TestBase - Waiting for element invisibility: By.className: modal-container
08:16:25.311 [main] INFO  com.billhub.qa.base.TestBase - Waiting for web element to be clickable: [[ChromeDriver: chrome on windows (a222d3cde8e18897493882ae8fb803de)] -> xpath: //button[@class='btn btn-primary ng-star-inserted']]
