18:41:13.532 [main] INFO  com.billhub.qa.base.TestBase - Waiting for element invisibility: By.className: loader
18:41:13.859 [main] INFO  com.billhub.qa.base.TestBase - Waiting for element invisibility: By.className: loader
18:41:14.594 [main] INFO  com.billhub.qa.base.TestBase - Waiting for element invisibility: By.className: loader
18:41:14.927 [main] INFO  com.billhub.qa.base.TestBase - Waiting for element invisibility: By.className: loader
18:41:16.034 [main] INFO  com.billhub.qa.base.TestBase - Waiting for web element to be clickable: [[ChromeDriver: chrome on windows (95115dd7d803f0d0b970b4998fdaefb5)] -> xpath: //button[normalize-space()='Done']]
18:41:16.141 [main] INFO  com.billhub.qa.base.TestBase - Waiting for element invisibility: By.className: loader
18:41:16.947 [main] INFO  com.billhub.qa.base.TestBase - Waiting for element invisibility: By.className: loader
18:41:17.671 [main] INFO  com.billhub.qa.base.TestBase - Waiting for element invisibility: By.className: loader
18:41:18.242 [main] INFO  com.billhub.qa.base.TestBase - Waiting for web element to be clickable: [[ChromeDriver: chrome on windows (95115dd7d803f0d0b970b4998fdaefb5)] -> xpath: /html/body/modal-container/div/div/app-add-po-popup/div[2]/div[2]/div[1]/table/tbody/tr[1]/td[1]/div/input]
18:41:18.733 [main] INFO  com.billhub.qa.base.TestBase - Waiting for web element to be clickable: [[ChromeDriver: chrome on windows (95115dd7d803f0d0b970b4998fdaefb5)] -> xpath: //button[normalize-space()='SAVE']]
18:41:19.555 [main] INFO  com.billhub.qa.base.TestBase - Waiting for element invisibility: By.className: loader
18:41:20.723 [main] INFO  com.billhub.qa.base.TestBase - Waiting for element invisibility: By.className: loader
18:41:21.355 [main] INFO  com.billhub.qa.base.TestBase - Waiting for element invisibility: By.className: loader
18:41:21.378 [main] INFO  com.billhub.qa.base.TestBase - Waiting for toast to disappear
18:41:24.114 [main] INFO  com.billhub.qa.base.TestBase - Waiting for web element to be clickable: [[ChromeDriver: chrome on windows (95115dd7d803f0d0b970b4998fdaefb5)] -> xpath: //*[@id="main"]/main/div/div/app-create-memo/div/div/div[2]/div/form/div/div[6]/button]
18:41:24.230 [main] INFO  com.billhub.qa.base.TestBase - Waiting for element invisibility: By.className: loader
18:41:24.796 [main] INFO  com.billhub.qa.base.TestBase - Waiting for element visibility: By.xpath: //button[@type='submit']
18:41:24.829 [main] INFO  com.billhub.qa.base.TestBase - Waiting for web element to be clickable: [[ChromeDriver: chrome on windows (95115dd7d803f0d0b970b4998fdaefb5)] -> xpath: //button[@type='submit']]
18:41:24.905 [main] INFO  com.billhub.qa.base.TestBase - Waiting for element visibility: By.xpath: /html/body/modal-container/div/div/app-memo-submit-confirm/div[3]/div/div[2]/button
18:41:25.469 [main] INFO  com.billhub.qa.base.TestBase - Waiting for web element to be clickable: [[ChromeDriver: chrome on windows (95115dd7d803f0d0b970b4998fdaefb5)] -> xpath: /html/body/modal-container/div/div/app-memo-submit-confirm/div[3]/div/div[2]/button]
18:41:25.534 [main] INFO  com.billhub.qa.base.TestBase - Waiting for element invisibility: By.className: loader
18:41:38.268 [main] INFO  com.billhub.qa.base.TestBase - Waiting for element invisibility: By.className: modal-container
18:41:58.331 [main] INFO  com.billhub.qa.base.TestBase - Waiting for element invisibility: By.className: loader
18:41:58.644 [main] INFO  com.billhub.qa.base.TestBase - Waiting for element invisibility: By.className: loader
18:41:59.385 [main] INFO  com.billhub.qa.base.TestBase - Waiting for element visibility: By.xpath: /html/body/app-root/app-layout/div[1]/main/div/div/app-dashboard/div/div[1]/div[2]/div/typeahead-container/button
18:41:59.947 [main] INFO  com.billhub.qa.base.TestBase - Waiting for element invisibility: By.className: loader
18:42:02.640 [main] INFO  com.billhub.qa.base.TestBase - Waiting for element invisibility: By.className: loader
18:42:02.678 [main] INFO  com.billhub.qa.base.TestBase - Waiting for web element to be clickable: [[ChromeDriver: chrome on windows (a57db485ab20aa22e5f0ce0867e818e2)] -> xpath: //button[@class='btn btn-link']]
18:42:03.496 [main] INFO  com.billhub.qa.base.TestBase - Waiting for web element to be clickable: [[ChromeDriver: chrome on windows (a57db485ab20aa22e5f0ce0867e818e2)] -> xpath: //span[normalize-space()='Dashboard']]
18:42:04.166 [main] INFO  com.billhub.qa.base.TestBase - Waiting for element invisibility: By.className: loader
18:42:05.210 [main] INFO  com.billhub.qa.base.TestBase - Waiting for element invisibility: By.className: loader
18:42:05.350 [main] INFO  com.billhub.qa.base.TestBase - Waiting for element visibility: By.xpath: /html/body/app-root/app-layout/div[1]/main/div/div/app-dashboard/div/div[1]/div[2]/div/typeahead-container/button
18:42:05.966 [main] INFO  com.billhub.qa.base.TestBase - Waiting for element invisibility: By.className: loader
18:42:06.621 [main] INFO  com.billhub.qa.base.TestBase - Waiting for element invisibility: By.className: loader
18:42:08.269 [main] INFO  com.billhub.qa.base.TestBase - Waiting for element invisibility: By.className: loader
18:42:08.584 [main] INFO  com.billhub.qa.base.TestBase - Waiting for element invisibility: By.className: loader
18:42:08.719 [main] INFO  com.billhub.qa.base.TestBase - Checking if success toast is displayed for message: Invoice verified and simulate successfully
18:42:10.064 [main] INFO  com.billhub.qa.base.TestBase - Waiting for element invisibility: By.className: loader
18:42:10.642 [main] INFO  com.billhub.qa.base.TestBase - Waiting for web element to be clickable: [[ChromeDriver: chrome on windows (a57db485ab20aa22e5f0ce0867e818e2)] -> xpath: //span[normalize-space()='Dashboard']]
18:42:10.762 [main] INFO  com.billhub.qa.base.TestBase - Waiting for element invisibility: By.className: loader
18:42:11.752 [main] INFO  com.billhub.qa.base.TestBase - Waiting for element invisibility: By.className: loader
18:42:11.788 [main] INFO  com.billhub.qa.base.TestBase - Waiting for web element to be clickable: [[ChromeDriver: chrome on windows (a57db485ab20aa22e5f0ce0867e818e2)] -> xpath: //*[@id="sidebar"]/div[1]/perfect-scrollbar/div/div[1]/div[2]/ul/li[3]/a]
18:42:11.893 [main] INFO  com.billhub.qa.base.TestBase - Waiting for web element to be clickable: [[ChromeDriver: chrome on windows (a57db485ab20aa22e5f0ce0867e818e2)] -> xpath: //a[normalize-space()='Approve invoice for Booking']]
18:42:12.315 [main] INFO  com.billhub.qa.base.TestBase - Waiting for element invisibility: By.className: loader
18:42:13.403 [main] INFO  com.billhub.qa.base.TestBase - Waiting for web element to be clickable: [[ChromeDriver: chrome on windows (a57db485ab20aa22e5f0ce0867e818e2)] -> xpath: /html/body/modal-container/div/div/app-book-invoice-confirm/div[3]/div/div[2]/button]
18:42:14.865 [main] INFO  com.billhub.qa.base.TestBase - Waiting for element to be clickable: By.xpath: /html/body/modal-container/div/div/app-notify-dialog/div[1]/button
18:42:14.943 [main] INFO  com.billhub.qa.base.TestBase - Waiting for element invisibility: By.className: loader
18:42:14.977 [main] INFO  com.billhub.qa.base.TestBase - Waiting for web element to be clickable: [[ChromeDriver: chrome on windows (a57db485ab20aa22e5f0ce0867e818e2)] -> xpath: //*[@id="sidebar"]/div[1]/perfect-scrollbar/div/div[1]/div[2]/ul/li[3]/a]
18:42:15.778 [main] INFO  com.billhub.qa.base.TestBase - Waiting for web element to be clickable: [[ChromeDriver: chrome on windows (a57db485ab20aa22e5f0ce0867e818e2)] -> xpath: //a[normalize-space()='Review Invoice Posting']]
18:42:16.524 [main] INFO  com.billhub.qa.base.TestBase - Waiting for element visibility: By.xpath: /html/body/app-root/app-layout/div[1]/main/div/div/app-search-batch/div/div/div[1]/div[2]/div/div/typeahead-container/button/span/strong
18:42:17.205 [main] INFO  com.billhub.qa.base.TestBase - Waiting for element invisibility: By.className: loader
18:42:17.239 [main] INFO  com.billhub.qa.base.TestBase - Waiting for web element to be clickable: [[ChromeDriver: chrome on windows (a57db485ab20aa22e5f0ce0867e818e2)] -> xpath: //span[normalize-space()='Dashboard']]
18:42:17.354 [main] INFO  com.billhub.qa.base.TestBase - Waiting for element invisibility: By.className: loader
18:42:18.100 [main] INFO  com.billhub.qa.base.TestBase - Waiting for element invisibility: By.className: loader
18:42:18.717 [main] INFO  com.billhub.qa.base.TestBase - Waiting for element visibility: By.xpath: /html/body/modal-container/div/div/app-invoice-info-popup/div[2]/div[1]/div/div/div[2]/div[3]/div[4]/div[2]
18:42:24.539 [main] INFO  com.billhub.qa.base.TestBase - Waiting for element invisibility: By.className: modal-container
18:42:44.577 [main] INFO  com.billhub.qa.base.TestBase - Waiting for element invisibility: By.className: loader
18:42:44.612 [main] INFO  com.billhub.qa.base.TestBase - Waiting for element invisibility: By.className: loader
18:42:44.706 [main] INFO  com.billhub.qa.base.TestBase - Waiting for element invisibility: By.className: loader
18:42:44.984 [main] INFO  com.billhub.qa.base.TestBase - Waiting for web element to be clickable: [[ChromeDriver: chrome on windows (a8923a75c13001a2c637e9991d26e974)] -> xpath: //*[@id="main"]/main/div/div/app-account/div/div/div[2]/div/div/div[1]/div/ul/li/form/div[1]/ngx-select-dropdown/div/div/ul[2]/li]
18:42:45.331 [main] INFO  com.billhub.qa.base.TestBase - Waiting for web element to be clickable: [[ChromeDriver: chrome on windows (a8923a75c13001a2c637e9991d26e974)] -> xpath: //*[@id="main"]/main/div/div/app-account/div/div/div[2]/div/div/div[1]/div/ul/li/form/div[3]/ngx-select-dropdown/div/div/ul[2]/li[1]]
18:42:45.628 [main] INFO  com.billhub.qa.base.TestBase - Waiting for element invisibility: By.className: loader
18:42:46.407 [main] INFO  com.billhub.qa.base.TestBase - Waiting for element invisibility: By.className: loader
18:42:46.487 [main] INFO  com.billhub.qa.base.TestBase - Checking if success toast is displayed for message: Invoice updated successfully
18:42:52.089 [main] INFO  com.billhub.qa.base.TestBase - Waiting for element invisibility: By.className: modal-container
18:43:12.189 [main] INFO  com.billhub.qa.base.TestBase - Waiting for element invisibility: By.className: loader
