18:19:07.131 [main] INFO  com.billhub.qa.base.TestBase - Waiting for web element to be clickable: [[ChromeDriver: chrome on windows (0bb60890c7df465e9066d1ff1475c90b)] -> xpath: //button[normalize-space()='SAVE']]
18:19:07.302 [main] INFO  com.billhub.qa.base.TestBase - Checking if success toast is displayed for message: Invoice created successfully.
18:19:27.372 [main] ERROR com.billhub.qa.base.TestBase - TimeoutException: Success toast not displayed for message - Invoice created successfully.
18:19:27.376 [main] INFO  com.billhub.qa.base.TestBase - Waiting for element invisibility: By.className: loader
18:19:27.616 [main] INFO  com.billhub.qa.base.TestBase - Waiting for element invisibility: By.className: loader
18:19:28.333 [main] INFO  com.billhub.qa.base.TestBase - Waiting for element invisibility: By.className: loader
18:19:28.612 [main] INFO  com.billhub.qa.base.TestBase - Waiting for element invisibility: By.className: loader
18:19:29.726 [main] INFO  com.billhub.qa.base.TestBase - Waiting for web element to be clickable: [[ChromeDriver: chrome on windows (0bb60890c7df465e9066d1ff1475c90b)] -> xpath: //button[normalize-space()='Done']]
18:19:29.827 [main] INFO  com.billhub.qa.base.TestBase - Waiting for element invisibility: By.className: loader
18:19:30.645 [main] INFO  com.billhub.qa.base.TestBase - Waiting for element invisibility: By.className: loader
18:19:31.365 [main] INFO  com.billhub.qa.base.TestBase - Waiting for element invisibility: By.className: loader
18:19:31.944 [main] INFO  com.billhub.qa.base.TestBase - Waiting for web element to be clickable: [[ChromeDriver: chrome on windows (0bb60890c7df465e9066d1ff1475c90b)] -> xpath: /html/body/modal-container/div/div/app-add-po-popup/div[2]/div[2]/div[1]/table/tbody/tr[1]/td[1]/div/input]
18:19:32.447 [main] INFO  com.billhub.qa.base.TestBase - Waiting for web element to be clickable: [[ChromeDriver: chrome on windows (0bb60890c7df465e9066d1ff1475c90b)] -> xpath: //button[normalize-space()='SAVE']]
18:19:33.246 [main] INFO  com.billhub.qa.base.TestBase - Waiting for element invisibility: By.className: loader
18:19:34.411 [main] INFO  com.billhub.qa.base.TestBase - Waiting for element invisibility: By.className: loader
18:19:35.045 [main] INFO  com.billhub.qa.base.TestBase - Waiting for element invisibility: By.className: loader
18:19:35.070 [main] INFO  com.billhub.qa.base.TestBase - Waiting for toast to disappear
18:19:38.301 [main] INFO  com.billhub.qa.base.TestBase - Waiting for web element to be clickable: [[ChromeDriver: chrome on windows (0bb60890c7df465e9066d1ff1475c90b)] -> xpath: //*[@id="main"]/main/div/div/app-create-memo/div/div/div[2]/div/form/div/div[6]/button]
18:19:38.437 [main] INFO  com.billhub.qa.base.TestBase - Waiting for element invisibility: By.className: loader
18:19:39.000 [main] INFO  com.billhub.qa.base.TestBase - Waiting for element visibility: By.xpath: //button[@type='submit']
18:19:39.028 [main] INFO  com.billhub.qa.base.TestBase - Waiting for web element to be clickable: [[ChromeDriver: chrome on windows (0bb60890c7df465e9066d1ff1475c90b)] -> xpath: //button[@type='submit']]
18:19:39.100 [main] INFO  com.billhub.qa.base.TestBase - Waiting for element visibility: By.xpath: /html/body/modal-container/div/div/app-memo-submit-confirm/div[3]/div/div[2]/button
18:19:39.670 [main] INFO  com.billhub.qa.base.TestBase - Waiting for web element to be clickable: [[ChromeDriver: chrome on windows (0bb60890c7df465e9066d1ff1475c90b)] -> xpath: /html/body/modal-container/div/div/app-memo-submit-confirm/div[3]/div/div[2]/button]
18:19:39.738 [main] INFO  com.billhub.qa.base.TestBase - Waiting for element invisibility: By.className: loader
18:19:41.218 [main] INFO  com.billhub.qa.base.TestBase - Waiting for element invisibility: By.className: loader
18:19:42.885 [main] INFO  com.billhub.qa.base.TestBase - Waiting for web element to be clickable: [[ChromeDriver: chrome on windows (0bb60890c7df465e9066d1ff1475c90b)] -> xpath: //*[@id="main"]/main/div/div/app-dashboard/div/div[1]/div[2]/button[2]]
18:19:43.136 [main] INFO  com.billhub.qa.base.TestBase - Waiting for web element to be clickable: [[ChromeDriver: chrome on windows (0bb60890c7df465e9066d1ff1475c90b)] -> xpath: //span[normalize-space()='Create Memo']]
18:19:44.045 [main] INFO  com.billhub.qa.base.TestBase - Waiting for element invisibility: By.className: loader
18:19:45.859 [main] INFO  com.billhub.qa.base.TestBase - Checking if success toast is displayed for message: Invoice Number Exist try another!
18:19:45.889 [main] INFO  com.billhub.qa.base.TestBase - Waiting for element invisibility: By.className: loader
18:19:46.453 [main] INFO  com.billhub.qa.base.TestBase - Waiting for element invisibility: By.className: loader
18:19:46.656 [main] INFO  com.billhub.qa.base.TestBase - Waiting for element invisibility: By.className: loader
18:19:47.346 [main] INFO  com.billhub.qa.base.TestBase - Waiting for element invisibility: By.className: loader
18:19:47.590 [main] INFO  com.billhub.qa.base.TestBase - Waiting for element invisibility: By.className: loader
18:19:48.168 [main] INFO  com.billhub.qa.base.TestBase - Waiting for web element to be clickable: [[ChromeDriver: chrome on windows (0bb60890c7df465e9066d1ff1475c90b)] -> xpath: //button[normalize-space()='Done']]
18:19:48.261 [main] INFO  com.billhub.qa.base.TestBase - Waiting for element invisibility: By.className: loader
18:19:49.107 [main] INFO  com.billhub.qa.base.TestBase - Waiting for element invisibility: By.className: loader
18:19:49.819 [main] INFO  com.billhub.qa.base.TestBase - Waiting for element invisibility: By.className: loader
18:19:50.417 [main] INFO  com.billhub.qa.base.TestBase - Waiting for web element to be clickable: [[ChromeDriver: chrome on windows (0bb60890c7df465e9066d1ff1475c90b)] -> xpath: /html/body/modal-container/div/div/app-add-po-popup/div[2]/div[2]/div[1]/table/tbody/tr[1]/td[1]/div/input]
18:19:50.850 [main] INFO  com.billhub.qa.base.TestBase - Waiting for element invisibility: By.className: loader
18:19:50.881 [main] INFO  com.billhub.qa.base.TestBase - Waiting for web element to be clickable: [[ChromeDriver: chrome on windows (0bb60890c7df465e9066d1ff1475c90b)] -> xpath: //button[normalize-space()='SAVE']]
18:19:51.673 [main] INFO  com.billhub.qa.base.TestBase - Waiting for element invisibility: By.className: loader
18:19:52.835 [main] INFO  com.billhub.qa.base.TestBase - Waiting for element invisibility: By.className: loader
18:19:53.456 [main] INFO  com.billhub.qa.base.TestBase - Waiting for element invisibility: By.className: loader
18:19:53.481 [main] INFO  com.billhub.qa.base.TestBase - Waiting for toast to disappear
18:19:56.172 [main] INFO  com.billhub.qa.base.TestBase - Waiting for web element to be clickable: [[ChromeDriver: chrome on windows (0bb60890c7df465e9066d1ff1475c90b)] -> xpath: //*[@id="main"]/main/div/div/app-create-memo/div/div/div[2]/div/form/div/div[6]/button]
18:19:56.285 [main] INFO  com.billhub.qa.base.TestBase - Waiting for element visibility: By.xpath: //button[@type='submit']
18:19:56.320 [main] INFO  com.billhub.qa.base.TestBase - Waiting for web element to be clickable: [[ChromeDriver: chrome on windows (0bb60890c7df465e9066d1ff1475c90b)] -> xpath: //button[@type='submit']]
18:19:56.723 [main] INFO  com.billhub.qa.base.TestBase - Waiting for element visibility: By.xpath: /html/body/modal-container/div/div/app-memo-submit-confirm/div[3]/div/div[2]/button
18:19:57.290 [main] INFO  com.billhub.qa.base.TestBase - Waiting for web element to be clickable: [[ChromeDriver: chrome on windows (0bb60890c7df465e9066d1ff1475c90b)] -> xpath: /html/body/modal-container/div/div/app-memo-submit-confirm/div[3]/div/div[2]/button]
18:19:57.346 [main] INFO  com.billhub.qa.base.TestBase - Waiting for element invisibility: By.className: loader
18:20:44.483 [main] INFO  com.billhub.qa.base.TestBase - Waiting for element invisibility: By.className: modal-container
18:21:04.519 [main] INFO  com.billhub.qa.base.TestBase - Waiting for element invisibility: By.className: loader
18:21:04.569 [main] INFO  com.billhub.qa.base.TestBase - Waiting for web element to be clickable: [[ChromeDriver: chrome on windows (2a94f8e4019ae7d3b10f549cfff1aea6)] -> xpath: //*[@id="main"]/main/div/div/app-dashboard/div/div[1]/div[2]/button[2]]
18:21:05.009 [main] INFO  com.billhub.qa.base.TestBase - Waiting for web element to be clickable: [[ChromeDriver: chrome on windows (2a94f8e4019ae7d3b10f549cfff1aea6)] -> xpath: //span[normalize-space()='Create Memo']]
18:21:05.894 [main] INFO  com.billhub.qa.base.TestBase - Waiting for element invisibility: By.className: loader
18:21:06.620 [main] INFO  com.billhub.qa.base.TestBase - Waiting for element invisibility: By.className: loader
18:21:07.204 [main] INFO  com.billhub.qa.base.TestBase - Waiting for web element to be clickable: [[ChromeDriver: chrome on windows (2a94f8e4019ae7d3b10f549cfff1aea6)] -> xpath: /html/body/modal-container/div/div/app-add-po-popup/div[2]/div[2]/div[1]/table/tbody/tr[1]/td[1]/div/input]
18:21:07.376 [main] INFO  com.billhub.qa.base.TestBase - Waiting for element invisibility: By.className: loader
18:21:08.462 [main] INFO  com.billhub.qa.base.TestBase - Waiting for element visibility: By.cssSelector: .btn.btn-warning.btn-acknowledge
18:21:13.370 [main] INFO  com.billhub.qa.base.TestBase - Waiting for web element to be clickable: [[ChromeDriver: chrome on windows (2a94f8e4019ae7d3b10f549cfff1aea6)] -> css selector: .btn.btn-warning.btn-acknowledge]
18:21:13.468 [main] INFO  com.billhub.qa.base.TestBase - Waiting for element invisibility: By.className: loader
18:21:19.692 [main] INFO  com.billhub.qa.base.TestBase - Waiting for element invisibility: By.className: loader
18:21:20.499 [main] INFO  com.billhub.qa.base.TestBase - Waiting for element invisibility: By.className: loader
18:21:21.071 [main] INFO  com.billhub.qa.base.TestBase - Waiting for web element to be clickable: [[ChromeDriver: chrome on windows (2a94f8e4019ae7d3b10f549cfff1aea6)] -> xpath: //button[normalize-space()='Done']]
18:21:21.193 [main] INFO  com.billhub.qa.base.TestBase - Waiting for web element to be clickable: [[ChromeDriver: chrome on windows (2a94f8e4019ae7d3b10f549cfff1aea6)] -> xpath: //button[normalize-space()='SAVE']]
