14:40:27.974 [main] INFO  com.billhub.qa.base.TestBase - Waiting for element visibility: By.xpath: /html/body/app-root/app-layout/div[1]/main/div/div/app-dashboard/div/div[1]/div[2]/div/typeahead-container/button
14:40:28.983 [main] INFO  com.billhub.qa.base.TestBase - Waiting for element invisibility: By.className: modal-container
14:40:44.080 [main] INFO  com.billhub.qa.base.TestBase - Waiting for element invisibility: By.className: modal-container
14:40:59.139 [main] INFO  com.billhub.qa.base.TestBase - Waiting for element invisibility: By.className: modal-container
14:41:14.295 [main] INFO  com.billhub.qa.base.TestBase - Waiting for element invisibility: By.className: modal-container
14:41:29.355 [main] INFO  com.billhub.qa.base.TestBase - Checking if success toast is displayed for message: Advance document and debit notes fetched successfully
14:41:44.403 [main] ERROR com.billhub.qa.base.TestBase - TimeoutException: Success toast not displayed for message - Advance document and debit notes fetched successfully
14:42:54.789 [main] INFO  com.billhub.qa.base.TestBase - Waiting for element visibility: By.xpath: /html/body/app-root/app-layout/div[1]/main/div/div/app-dashboard/div/div[1]/div[2]/div/typeahead-container/button
14:42:55.492 [main] INFO  com.billhub.qa.base.TestBase - Waiting for element invisibility: By.className: modal-container
14:43:10.618 [main] INFO  com.billhub.qa.base.TestBase - Waiting for element invisibility: By.className: modal-container
14:43:25.654 [main] INFO  com.billhub.qa.base.TestBase - Waiting for element invisibility: By.className: modal-container
14:43:40.788 [main] INFO  com.billhub.qa.base.TestBase - Checking if success toast is displayed for message: Advance document and debit notes fetched successfully
14:43:42.745 [main] INFO  com.billhub.qa.base.TestBase - Waiting for element visibility: By.xpath: /html/body/app-root/app-layout/div[1]/main/div/div/app-verification/div/div/form/div/div[1]/div[1]/div[2]/table/tbody/tr/td[2]/ng-select/ng-dropdown-panel/div/div[2]/div
14:43:43.412 [main] INFO  com.billhub.qa.base.TestBase - Waiting for element invisibility: By.className: modal-container
14:45:43.933 [main] INFO  com.billhub.qa.base.TestBase - Waiting for element visibility: By.xpath: /html/body/app-root/app-layout/div[1]/main/div/div/app-dashboard/div/div[1]/div[2]/div/typeahead-container/button
14:45:44.818 [main] INFO  com.billhub.qa.base.TestBase - Waiting for element invisibility: By.className: modal-container
14:46:00.035 [main] INFO  com.billhub.qa.base.TestBase - Waiting for element invisibility: By.className: modal-container
14:46:15.054 [main] INFO  com.billhub.qa.base.TestBase - Waiting for element invisibility: By.className: modal-container
14:46:30.202 [main] INFO  com.billhub.qa.base.TestBase - Checking if success toast is displayed for message: Advance document and debit notes fetched successfully
14:46:32.287 [main] INFO  com.billhub.qa.base.TestBase - Waiting for element visibility: By.xpath: /html/body/app-root/app-layout/div[1]/main/div/div/app-verification/div/div/form/div/div[1]/div[1]/div[2]/table/tbody/tr/td[2]/ng-select/ng-dropdown-panel/div/div[2]/div
14:46:33.184 [main] INFO  com.billhub.qa.base.TestBase - Waiting for element invisibility: By.className: modal-container
14:46:48.411 [main] INFO  com.billhub.qa.base.TestBase - Waiting for element invisibility: By.className: modal-container
14:48:30.549 [main] INFO  com.billhub.qa.base.TestBase - Waiting for element visibility: By.xpath: /html/body/app-root/app-layout/div[1]/main/div/div/app-dashboard/div/div[1]/div[2]/div/typeahead-container/button
14:48:31.220 [main] INFO  com.billhub.qa.base.TestBase - Waiting for element invisibility: By.className: modal-container
14:48:46.375 [main] INFO  com.billhub.qa.base.TestBase - Waiting for element invisibility: By.className: modal-container
14:49:01.401 [main] INFO  com.billhub.qa.base.TestBase - Waiting for element invisibility: By.className: modal-container
14:49:16.561 [main] INFO  com.billhub.qa.base.TestBase - Checking if success toast is displayed for message: Advance document and debit notes fetched successfully
14:49:18.178 [main] INFO  com.billhub.qa.base.TestBase - Waiting for element visibility: By.xpath: /html/body/app-root/app-layout/div[1]/main/div/div/app-verification/div/div/form/div/div[1]/div[1]/div[2]/table/tbody/tr/td[2]/ng-select/ng-dropdown-panel/div/div[2]/div
14:49:58.546 [main] INFO  com.billhub.qa.base.TestBase - Waiting for element visibility: By.xpath: /html/body/app-root/app-layout/div[1]/main/div/div/app-dashboard/div/div[1]/div[2]/div/typeahead-container/button
14:49:59.223 [main] INFO  com.billhub.qa.base.TestBase - Waiting for element invisibility: By.className: modal-container
14:50:14.350 [main] INFO  com.billhub.qa.base.TestBase - Waiting for element invisibility: By.className: modal-container
14:50:29.420 [main] INFO  com.billhub.qa.base.TestBase - Waiting for element invisibility: By.className: modal-container
14:50:44.561 [main] INFO  com.billhub.qa.base.TestBase - Checking if success toast is displayed for message: Advance document and debit notes fetched successfully
14:50:46.897 [main] INFO  com.billhub.qa.base.TestBase - Waiting for element visibility: By.xpath: /html/body/app-root/app-layout/div[1]/main/div/div/app-verification/div/div/form/div/div[1]/div[1]/div[2]/table/tbody/tr/td[2]/ng-select/ng-dropdown-panel/div/div[2]/div
14:51:58.918 [main] INFO  com.billhub.qa.base.TestBase - Waiting for element visibility: By.xpath: /html/body/app-root/app-layout/div[1]/main/div/div/app-dashboard/div/div[1]/div[2]/div/typeahead-container/button
14:51:59.632 [main] INFO  com.billhub.qa.base.TestBase - Waiting for element invisibility: By.className: modal-container
14:52:14.778 [main] INFO  com.billhub.qa.base.TestBase - Waiting for element invisibility: By.className: modal-container
14:52:29.798 [main] INFO  com.billhub.qa.base.TestBase - Waiting for element invisibility: By.className: modal-container
14:52:44.906 [main] INFO  com.billhub.qa.base.TestBase - Checking if success toast is displayed for message: Advance document and debit notes fetched successfully
14:52:46.510 [main] INFO  com.billhub.qa.base.TestBase - Waiting for element invisibility: By.className: modal-container
14:53:01.696 [main] INFO  com.billhub.qa.base.TestBase - Waiting for element visibility: By.xpath: /html/body/app-root/app-layout/div[1]/main/div/div/app-verification/div/div/form/div/div[1]/div[1]/div[2]/table/tbody/tr/td[2]/ng-select/ng-dropdown-panel/div/div[2]/div
14:53:49.647 [main] INFO  com.billhub.qa.base.TestBase - Waiting for element visibility: By.xpath: /html/body/app-root/app-layout/div[1]/main/div/div/app-dashboard/div/div[1]/div[2]/div/typeahead-container/button
14:53:50.369 [main] INFO  com.billhub.qa.base.TestBase - Waiting for element invisibility: By.className: modal-container
14:54:05.486 [main] INFO  com.billhub.qa.base.TestBase - Waiting for element invisibility: By.className: modal-container
14:54:20.517 [main] INFO  com.billhub.qa.base.TestBase - Waiting for element invisibility: By.className: modal-container
14:55:26.721 [main] INFO  com.billhub.qa.base.TestBase - Waiting for element visibility: By.xpath: /html/body/app-root/app-layout/div[1]/main/div/div/app-dashboard/div/div[1]/div[2]/div/typeahead-container/button
14:57:54.163 [main] INFO  com.billhub.qa.base.TestBase - Waiting for element visibility: By.xpath: /html/body/app-root/app-layout/div[1]/main/div/div/app-dashboard/div/div[1]/div[2]/div/typeahead-container/button
14:57:54.847 [main] INFO  com.billhub.qa.base.TestBase - Waiting for element invisibility: By.className: modal-container
14:58:10.024 [main] INFO  com.billhub.qa.base.TestBase - Waiting for element invisibility: By.className: modal-container
14:58:25.040 [main] INFO  com.billhub.qa.base.TestBase - Waiting for element invisibility: By.className: modal-container
14:58:40.158 [main] INFO  com.billhub.qa.base.TestBase - Waiting for element invisibility: By.className: modal-container
14:58:55.193 [main] INFO  com.billhub.qa.base.TestBase - Checking if success toast is displayed for message: Advance document and debit notes fetched successfully
14:59:10.262 [main] ERROR com.billhub.qa.base.TestBase - TimeoutException: Success toast not displayed for message - Advance document and debit notes fetched successfully
14:59:10.339 [main] INFO  com.billhub.qa.base.TestBase - Waiting for element invisibility: By.className: modal-container
14:59:25.578 [main] INFO  com.billhub.qa.base.TestBase - Waiting for element visibility: By.xpath: /html/body/app-root/app-layout/div[1]/main/div/div/app-verification/div/div/form/div/div[1]/div[1]/div[2]/table/tbody/tr/td[2]/ng-select/ng-dropdown-panel/div/div[2]/div
15:01:57.333 [main] INFO  com.billhub.qa.base.TestBase - Waiting for element visibility: By.xpath: /html/body/app-root/app-layout/div[1]/main/div/div/app-dashboard/div/div[1]/div[2]/div/typeahead-container/button
15:01:58.313 [main] INFO  com.billhub.qa.base.TestBase - Waiting for element invisibility: By.className: modal-container
15:02:13.437 [main] INFO  com.billhub.qa.base.TestBase - Waiting for element invisibility: By.className: modal-container
15:02:28.473 [main] INFO  com.billhub.qa.base.TestBase - Waiting for element invisibility: By.className: modal-container
15:02:43.587 [main] INFO  com.billhub.qa.base.TestBase - Waiting for element invisibility: By.className: modal-container
15:02:58.656 [main] INFO  com.billhub.qa.base.TestBase - Checking if success toast is displayed for message: Advance document and debit notes fetched successfully
15:03:13.697 [main] ERROR com.billhub.qa.base.TestBase - TimeoutException: Success toast not displayed for message - Advance document and debit notes fetched successfully
15:03:13.845 [main] INFO  com.billhub.qa.base.TestBase - Waiting for element invisibility: By.className: modal-container
15:03:29.020 [main] INFO  com.billhub.qa.base.TestBase - Waiting for element visibility: By.xpath: /html/body/app-root/app-layout/div[1]/main/div/div/app-verification/div/div/form/div/div[1]/div[1]/div[2]/table/tbody/tr/td[2]/ng-select/ng-dropdown-panel/div/div[2]/div
