19:04:45.225 [main] INFO  com.billhub.qa.base.TestBase - Waiting for element invisibility: By.className: modal-container
19:05:15.341 [main] INFO  com.billhub.qa.base.TestBase - Waiting for web element to be clickable: Proxy element for: DefaultElementLocator 'By.xpath: //button[@class='btn btn-primary ng-star-inserted']'
19:14:14.648 [main] INFO  com.billhub.qa.base.TestBase - Waiting for element invisibility: By.className: modal-container
19:14:29.803 [main] INFO  com.billhub.qa.base.TestBase - Waiting for web element to be clickable: [[ChromeDriver: chrome on windows (d356d2f9f865d111da76e5ba7739b4f7)] -> xpath: //button[@class='btn btn-primary ng-star-inserted']]
19:14:30.396 [main] INFO  com.billhub.qa.base.TestBase - Waiting for web element to be clickable: [[ChromeDriver: chrome on windows (d356d2f9f865d111da76e5ba7739b4f7)] -> xpath: //span[normalize-space()='Create Memo']]
19:14:37.320 [main] INFO  com.billhub.qa.base.TestBase - Waiting for element invisibility: By.className: modal-container
19:14:53.048 [main] INFO  com.billhub.qa.base.TestBase - Waiting for element invisibility: By.className: modal-container
19:15:09.054 [main] INFO  com.billhub.qa.base.TestBase - Waiting for element invisibility: By.className: modal-container
19:15:25.475 [main] INFO  com.billhub.qa.base.TestBase - Waiting for element invisibility: By.className: modal-container
19:15:40.563 [main] INFO  com.billhub.qa.base.TestBase - Waiting for element invisibility: By.className: modal-container
19:15:56.381 [main] INFO  com.billhub.qa.base.TestBase - Waiting for web element to be clickable: [[ChromeDriver: chrome on windows (d356d2f9f865d111da76e5ba7739b4f7)] -> xpath: //button[normalize-space()='SAVE']]
19:15:56.512 [main] INFO  com.billhub.qa.base.TestBase - Waiting for element invisibility: By.className: modal-container
19:16:11.657 [main] INFO  com.billhub.qa.base.TestBase - Checking if success toast is displayed for message: Invoice created successfully.
19:16:26.730 [main] ERROR com.billhub.qa.base.TestBase - TimeoutException: Success toast not displayed for message - Invoice created successfully.
19:16:26.783 [main] INFO  com.billhub.qa.base.TestBase - Waiting for element invisibility: By.className: modal-container
19:16:42.105 [main] INFO  com.billhub.qa.base.TestBase - Waiting for element invisibility: By.className: modal-container
19:16:58.898 [main] INFO  com.billhub.qa.base.TestBase - Waiting for element invisibility: By.className: modal-container
19:17:13.992 [main] INFO  com.billhub.qa.base.TestBase - Waiting for web element to be clickable: [[ChromeDriver: chrome on windows (d356d2f9f865d111da76e5ba7739b4f7)] -> xpath: //button[normalize-space()='Done']]
19:17:15.492 [main] INFO  com.billhub.qa.base.TestBase - Waiting for element invisibility: By.className: modal-container
19:17:30.845 [main] INFO  com.billhub.qa.base.TestBase - Waiting for element invisibility: By.className: modal-container
19:17:46.028 [main] INFO  com.billhub.qa.base.TestBase - Waiting for element invisibility: By.className: modal-container
19:18:01.635 [main] INFO  com.billhub.qa.base.TestBase - Waiting for element invisibility: By.className: modal-container
19:18:16.702 [main] INFO  com.billhub.qa.base.TestBase - Waiting for web element to be clickable: [[ChromeDriver: chrome on windows (d356d2f9f865d111da76e5ba7739b4f7)] -> xpath: //tbody/tr[1]/td[1]]
19:18:17.653 [main] INFO  com.billhub.qa.base.TestBase - Waiting for web element to be clickable: [[ChromeDriver: chrome on windows (d356d2f9f865d111da76e5ba7739b4f7)] -> xpath: //button[normalize-space()='SAVE']]
19:18:18.957 [main] INFO  com.billhub.qa.base.TestBase - Waiting for element invisibility: By.className: modal-container
19:22:22.622 [main] INFO  com.billhub.qa.base.TestBase - Waiting for element invisibility: By.className: modal-container
19:22:37.760 [main] INFO  com.billhub.qa.base.TestBase - Waiting for web element to be clickable: [[ChromeDriver: chrome on windows (4a1958edd3c16b94ba71f86f75a89912)] -> xpath: //button[@class='btn btn-primary ng-star-inserted']]
19:22:38.393 [main] INFO  com.billhub.qa.base.TestBase - Waiting for web element to be clickable: [[ChromeDriver: chrome on windows (4a1958edd3c16b94ba71f86f75a89912)] -> xpath: //span[normalize-space()='Create Memo']]
19:22:44.659 [main] INFO  com.billhub.qa.base.TestBase - Waiting for element invisibility: By.className: modal-container
19:23:00.247 [main] INFO  com.billhub.qa.base.TestBase - Waiting for element invisibility: By.className: modal-container
19:23:16.592 [main] INFO  com.billhub.qa.base.TestBase - Waiting for element invisibility: By.className: modal-container
19:23:31.693 [main] INFO  com.billhub.qa.base.TestBase - Waiting for web element to be clickable: [[ChromeDriver: chrome on windows (4a1958edd3c16b94ba71f86f75a89912)] -> xpath: //button[normalize-space()='Done']]
19:23:32.833 [main] INFO  com.billhub.qa.base.TestBase - Waiting for element invisibility: By.className: modal-container
19:23:48.077 [main] INFO  com.billhub.qa.base.TestBase - Waiting for element invisibility: By.className: modal-container
19:24:03.345 [main] INFO  com.billhub.qa.base.TestBase - Waiting for element invisibility: By.className: modal-container
19:24:18.977 [main] INFO  com.billhub.qa.base.TestBase - Waiting for element invisibility: By.className: modal-container
19:24:34.068 [main] INFO  com.billhub.qa.base.TestBase - Waiting for web element to be clickable: [[ChromeDriver: chrome on windows (4a1958edd3c16b94ba71f86f75a89912)] -> xpath: //tbody/tr[1]/td[1]]
19:24:35.023 [main] INFO  com.billhub.qa.base.TestBase - Waiting for web element to be clickable: [[ChromeDriver: chrome on windows (4a1958edd3c16b94ba71f86f75a89912)] -> xpath: //button[normalize-space()='SAVE']]
19:24:35.810 [main] INFO  com.billhub.qa.base.TestBase - Waiting for element invisibility: By.className: modal-container
19:24:51.121 [main] INFO  com.billhub.qa.base.TestBase - Waiting for element invisibility: By.className: modal-container
19:25:06.496 [main] INFO  com.billhub.qa.base.TestBase - Waiting for element invisibility: By.className: modal-container
19:25:22.062 [main] INFO  com.billhub.qa.base.TestBase - Waiting for element visibility: By.xpath: //*[@id="main"]/main/div/div/app-memo-list/div/div/div[2]/div/form/div/div[6]/button
19:25:23.282 [main] INFO  com.billhub.qa.base.TestBase - Waiting for element visibility: By.xpath: /html/body/modal-container/div/div/app-memo-submit-confirm/div[3]/div/div[2]/button
19:25:23.936 [main] INFO  com.billhub.qa.base.TestBase - Waiting for web element to be clickable: [[ChromeDriver: chrome on windows (4a1958edd3c16b94ba71f86f75a89912)] -> xpath: /html/body/modal-container/div/div/app-memo-submit-confirm/div[3]/div/div[2]/button]
19:25:24.197 [main] INFO  com.billhub.qa.base.TestBase - Waiting for element invisibility: By.className: modal-container
19:28:49.611 [main] INFO  com.billhub.qa.base.TestBase - Waiting for element invisibility: By.className: modal-container
19:29:04.781 [main] INFO  com.billhub.qa.base.TestBase - Waiting for web element to be clickable: [[ChromeDriver: chrome on windows (c217bdaec8ab009e853d7d43504ce860)] -> xpath: //button[@class='btn btn-primary ng-star-inserted']]
19:29:05.325 [main] INFO  com.billhub.qa.base.TestBase - Waiting for web element to be clickable: [[ChromeDriver: chrome on windows (c217bdaec8ab009e853d7d43504ce860)] -> xpath: //span[normalize-space()='Create Memo']]
19:29:12.717 [main] INFO  com.billhub.qa.base.TestBase - Waiting for element invisibility: By.className: modal-container
19:30:25.310 [main] INFO  com.billhub.qa.base.TestBase - Waiting for element invisibility: By.className: modal-container
19:30:40.424 [main] INFO  com.billhub.qa.base.TestBase - Waiting for web element to be clickable: [[ChromeDriver: chrome on windows (1303c5c39a906c7100657f0f98fbd69b)] -> xpath: //button[@class='btn btn-primary ng-star-inserted']]
19:30:41.124 [main] INFO  com.billhub.qa.base.TestBase - Waiting for web element to be clickable: [[ChromeDriver: chrome on windows (1303c5c39a906c7100657f0f98fbd69b)] -> xpath: //span[normalize-space()='Create Memo']]
19:30:48.887 [main] INFO  com.billhub.qa.base.TestBase - Waiting for element invisibility: By.className: modal-container
19:31:05.611 [main] INFO  com.billhub.qa.base.TestBase - Waiting for element invisibility: By.className: modal-container
19:31:21.180 [main] INFO  com.billhub.qa.base.TestBase - Waiting for element invisibility: By.className: modal-container
19:31:38.152 [main] INFO  com.billhub.qa.base.TestBase - Waiting for element invisibility: By.className: modal-container
19:31:53.279 [main] INFO  com.billhub.qa.base.TestBase - Waiting for web element to be clickable: [[ChromeDriver: chrome on windows (1303c5c39a906c7100657f0f98fbd69b)] -> xpath: //button[normalize-space()='Done']]
19:31:54.588 [main] INFO  com.billhub.qa.base.TestBase - Waiting for element invisibility: By.className: modal-container
19:32:09.973 [main] INFO  com.billhub.qa.base.TestBase - Waiting for element invisibility: By.className: modal-container
19:32:25.347 [main] INFO  com.billhub.qa.base.TestBase - Waiting for element invisibility: By.className: modal-container
19:32:40.998 [main] INFO  com.billhub.qa.base.TestBase - Waiting for element invisibility: By.className: modal-container
19:32:56.107 [main] INFO  com.billhub.qa.base.TestBase - Waiting for web element to be clickable: [[ChromeDriver: chrome on windows (1303c5c39a906c7100657f0f98fbd69b)] -> xpath: //tbody/tr[1]/td[1]]
19:32:56.998 [main] INFO  com.billhub.qa.base.TestBase - Waiting for web element to be clickable: [[ChromeDriver: chrome on windows (1303c5c39a906c7100657f0f98fbd69b)] -> xpath: //button[normalize-space()='SAVE']]
19:32:57.790 [main] INFO  com.billhub.qa.base.TestBase - Waiting for element invisibility: By.className: modal-container
19:33:13.250 [main] INFO  com.billhub.qa.base.TestBase - Waiting for element invisibility: By.className: modal-container
19:33:28.560 [main] INFO  com.billhub.qa.base.TestBase - Waiting for element invisibility: By.className: modal-container
19:33:43.948 [main] INFO  com.billhub.qa.base.TestBase - Waiting for element visibility: By.xpath: //*[@id="main"]/main/div/div/app-memo-list/div/div/div[2]/div/form/div/div[6]/button
