12:10:54.823 [main] INFO  com.billhub.qa.base.TestBase - Waiting for element invisibility: By.className: modal-container
12:11:09.910 [main] INFO  com.billhub.qa.base.TestBase - Waiting for element invisibility: By.className: modal-container
12:11:25.450 [main] INFO  com.billhub.qa.base.TestBase - Waiting for element invisibility: By.className: modal-container
12:11:42.560 [main] INFO  com.billhub.qa.base.TestBase - Waiting for element invisibility: By.className: modal-container
12:11:58.198 [main] INFO  com.billhub.qa.base.TestBase - Waiting for element invisibility: By.className: modal-container
12:12:13.288 [main] INFO  com.billhub.qa.base.TestBase - Waiting for web element to be clickable: [[ChromeDriver: chrome on windows (dabd591407c96dc8ad51962a7f60dfc0)] -> xpath: //button[normalize-space()='Done']]
12:12:13.705 [main] INFO  com.billhub.qa.base.TestBase - Waiting for element invisibility: By.className: modal-container
12:12:28.972 [main] INFO  com.billhub.qa.base.TestBase - Waiting for element invisibility: By.className: modal-container
12:12:44.338 [main] INFO  com.billhub.qa.base.TestBase - Waiting for element invisibility: By.className: modal-container
12:12:59.644 [main] INFO  com.billhub.qa.base.TestBase - Waiting for element invisibility: By.className: modal-container
12:13:14.777 [main] INFO  com.billhub.qa.base.TestBase - Waiting for web element to be clickable: [[ChromeDriver: chrome on windows (dabd591407c96dc8ad51962a7f60dfc0)] -> xpath: //tbody/tr[1]/td[1]]
12:13:15.464 [main] INFO  com.billhub.qa.base.TestBase - Waiting for element invisibility: By.className: modal-container
12:13:30.590 [main] INFO  com.billhub.qa.base.TestBase - Waiting for web element to be clickable: [[ChromeDriver: chrome on windows (dabd591407c96dc8ad51962a7f60dfc0)] -> xpath: //button[normalize-space()='SAVE']]
12:13:30.988 [main] INFO  com.billhub.qa.base.TestBase - Waiting for element invisibility: By.className: modal-container
12:13:46.668 [main] INFO  com.billhub.qa.base.TestBase - Waiting for element invisibility: By.className: modal-container
12:14:02.989 [main] INFO  com.billhub.qa.base.TestBase - Waiting for element invisibility: By.className: modal-container
12:14:18.620 [main] INFO  com.billhub.qa.base.TestBase - Waiting for element invisibility: By.className: modal-container
12:14:33.758 [main] INFO  com.billhub.qa.base.TestBase - Waiting for web element to be clickable: [[ChromeDriver: chrome on windows (dabd591407c96dc8ad51962a7f60dfc0)] -> xpath: //button[normalize-space()='Done']]
12:14:34.152 [main] INFO  com.billhub.qa.base.TestBase - Waiting for element invisibility: By.className: modal-container
12:14:49.383 [main] INFO  com.billhub.qa.base.TestBase - Waiting for element invisibility: By.className: modal-container
13:32:48.591 [main] INFO  com.billhub.qa.base.TestBase - Waiting for element invisibility: By.className: modal-container
13:33:03.655 [main] INFO  com.billhub.qa.base.TestBase - Waiting for web element to be clickable: [[ChromeDriver: chrome on windows (c909e50227dcf553f5ce571b725279ef)] -> xpath: //button[@class='btn btn-primary ng-star-inserted']]
13:33:03.919 [main] INFO  com.billhub.qa.base.TestBase - Waiting for web element to be clickable: [[ChromeDriver: chrome on windows (c909e50227dcf553f5ce571b725279ef)] -> xpath: //span[normalize-space()='Create Memo']]
13:33:04.899 [main] ERROR com.billhub.qa.base.TestBase - FileNotFoundException: C:\Users\SURAJ PATEL\OneDrive\Desktop\BillHubTestAutomation\src\main\java\com\billhub\qa\testdata\BillHubTestdata.xlsx (The process cannot access the file because it is being used by another process)
13:33:04.988 [main] ERROR com.billhub.qa.base.TestBase - FileNotFoundException: C:\Users\SURAJ PATEL\OneDrive\Desktop\BillHubTestAutomation\src\main\java\com\billhub\qa\testdata\BillHubTestdata.xlsx (The process cannot access the file because it is being used by another process)
13:33:05.088 [main] ERROR com.billhub.qa.base.TestBase - FileNotFoundException: C:\Users\SURAJ PATEL\OneDrive\Desktop\BillHubTestAutomation\src\main\java\com\billhub\qa\testdata\BillHubTestdata.xlsx (The process cannot access the file because it is being used by another process)
13:33:05.184 [main] ERROR com.billhub.qa.base.TestBase - FileNotFoundException: C:\Users\SURAJ PATEL\OneDrive\Desktop\BillHubTestAutomation\src\main\java\com\billhub\qa\testdata\BillHubTestdata.xlsx (The process cannot access the file because it is being used by another process)
13:33:05.290 [main] ERROR com.billhub.qa.base.TestBase - FileNotFoundException: C:\Users\SURAJ PATEL\OneDrive\Desktop\BillHubTestAutomation\src\main\java\com\billhub\qa\testdata\BillHubTestdata.xlsx (The process cannot access the file because it is being used by another process)
13:33:05.355 [main] ERROR com.billhub.qa.base.TestBase - FileNotFoundException: C:\Users\SURAJ PATEL\OneDrive\Desktop\BillHubTestAutomation\src\main\java\com\billhub\qa\testdata\BillHubTestdata.xlsx (The process cannot access the file because it is being used by another process)
13:33:05.418 [main] ERROR com.billhub.qa.base.TestBase - FileNotFoundException: C:\Users\SURAJ PATEL\OneDrive\Desktop\BillHubTestAutomation\src\main\java\com\billhub\qa\testdata\BillHubTestdata.xlsx (The process cannot access the file because it is being used by another process)
13:33:05.475 [main] ERROR com.billhub.qa.base.TestBase - FileNotFoundException: C:\Users\SURAJ PATEL\OneDrive\Desktop\BillHubTestAutomation\src\main\java\com\billhub\qa\testdata\BillHubTestdata.xlsx (The process cannot access the file because it is being used by another process)
13:33:05.540 [main] ERROR com.billhub.qa.base.TestBase - FileNotFoundException: C:\Users\SURAJ PATEL\OneDrive\Desktop\BillHubTestAutomation\src\main\java\com\billhub\qa\testdata\BillHubTestdata.xlsx (The process cannot access the file because it is being used by another process)
13:33:05.608 [main] ERROR com.billhub.qa.base.TestBase - FileNotFoundException: C:\Users\SURAJ PATEL\OneDrive\Desktop\BillHubTestAutomation\src\main\java\com\billhub\qa\testdata\BillHubTestdata.xlsx (The process cannot access the file because it is being used by another process)
13:33:05.672 [main] ERROR com.billhub.qa.base.TestBase - FileNotFoundException: C:\Users\SURAJ PATEL\OneDrive\Desktop\BillHubTestAutomation\src\main\java\com\billhub\qa\testdata\BillHubTestdata.xlsx (The process cannot access the file because it is being used by another process)
13:33:05.720 [main] ERROR com.billhub.qa.base.TestBase - FileNotFoundException: C:\Users\SURAJ PATEL\OneDrive\Desktop\BillHubTestAutomation\src\main\java\com\billhub\qa\testdata\BillHubTestdata.xlsx (The process cannot access the file because it is being used by another process)
13:33:05.774 [main] ERROR com.billhub.qa.base.TestBase - FileNotFoundException: C:\Users\SURAJ PATEL\OneDrive\Desktop\BillHubTestAutomation\src\main\java\com\billhub\qa\testdata\BillHubTestdata.xlsx (The process cannot access the file because it is being used by another process)
13:33:05.830 [main] ERROR com.billhub.qa.base.TestBase - FileNotFoundException: C:\Users\SURAJ PATEL\OneDrive\Desktop\BillHubTestAutomation\src\main\java\com\billhub\qa\testdata\BillHubTestdata.xlsx (The process cannot access the file because it is being used by another process)
13:33:05.878 [main] ERROR com.billhub.qa.base.TestBase - FileNotFoundException: C:\Users\SURAJ PATEL\OneDrive\Desktop\BillHubTestAutomation\src\main\java\com\billhub\qa\testdata\BillHubTestdata.xlsx (The process cannot access the file because it is being used by another process)
13:33:05.928 [main] ERROR com.billhub.qa.base.TestBase - FileNotFoundException: C:\Users\SURAJ PATEL\OneDrive\Desktop\BillHubTestAutomation\src\main\java\com\billhub\qa\testdata\BillHubTestdata.xlsx (The process cannot access the file because it is being used by another process)
13:33:05.973 [main] ERROR com.billhub.qa.base.TestBase - FileNotFoundException: C:\Users\SURAJ PATEL\OneDrive\Desktop\BillHubTestAutomation\src\main\java\com\billhub\qa\testdata\BillHubTestdata.xlsx (The process cannot access the file because it is being used by another process)
13:33:06.017 [main] ERROR com.billhub.qa.base.TestBase - FileNotFoundException: C:\Users\SURAJ PATEL\OneDrive\Desktop\BillHubTestAutomation\src\main\java\com\billhub\qa\testdata\BillHubTestdata.xlsx (The process cannot access the file because it is being used by another process)
13:33:06.055 [main] ERROR com.billhub.qa.base.TestBase - FileNotFoundException: C:\Users\SURAJ PATEL\OneDrive\Desktop\BillHubTestAutomation\src\main\java\com\billhub\qa\testdata\BillHubTestdata.xlsx (The process cannot access the file because it is being used by another process)
13:33:06.099 [main] ERROR com.billhub.qa.base.TestBase - FileNotFoundException: C:\Users\SURAJ PATEL\OneDrive\Desktop\BillHubTestAutomation\src\main\java\com\billhub\qa\testdata\BillHubTestdata.xlsx (The process cannot access the file because it is being used by another process)
13:33:06.140 [main] ERROR com.billhub.qa.base.TestBase - FileNotFoundException: C:\Users\SURAJ PATEL\OneDrive\Desktop\BillHubTestAutomation\src\main\java\com\billhub\qa\testdata\BillHubTestdata.xlsx (The process cannot access the file because it is being used by another process)
13:33:06.174 [main] ERROR com.billhub.qa.base.TestBase - FileNotFoundException: C:\Users\SURAJ PATEL\OneDrive\Desktop\BillHubTestAutomation\src\main\java\com\billhub\qa\testdata\BillHubTestdata.xlsx (The process cannot access the file because it is being used by another process)
13:33:06.207 [main] ERROR com.billhub.qa.base.TestBase - FileNotFoundException: C:\Users\SURAJ PATEL\OneDrive\Desktop\BillHubTestAutomation\src\main\java\com\billhub\qa\testdata\BillHubTestdata.xlsx (The process cannot access the file because it is being used by another process)
13:33:06.247 [main] ERROR com.billhub.qa.base.TestBase - FileNotFoundException: C:\Users\SURAJ PATEL\OneDrive\Desktop\BillHubTestAutomation\src\main\java\com\billhub\qa\testdata\BillHubTestdata.xlsx (The process cannot access the file because it is being used by another process)
13:33:06.318 [main] INFO  com.billhub.qa.base.TestBase - Waiting for element invisibility: By.className: modal-container
13:33:21.343 [main] INFO  com.billhub.qa.base.TestBase - Waiting for element invisibility: By.className: modal-container
