20:27:08.353 [main] INFO  com.billhub.qa.base.TestBase - Setting cell data in sheet: POBasedInvoice, row: 4, col: 2, data: 5.58
20:27:08.428 [main] INFO  com.billhub.qa.base.TestBase - Setting cell data in sheet: POBasedInvoice, row: 5, col: 0, data: TESTINV4114
20:27:08.506 [main] INFO  com.billhub.qa.base.TestBase - Setting cell data in sheet: POBasedInvoice, row: 5, col: 1, data: 01
20:27:08.580 [main] INFO  com.billhub.qa.base.TestBase - Setting cell data in sheet: POBasedInvoice, row: 5, col: 2, data: 0.18
20:27:08.645 [main] INFO  com.billhub.qa.base.TestBase - Setting cell data in sheet: POBasedInvoice, row: 6, col: 0, data: TESTINV3683
20:27:08.717 [main] INFO  com.billhub.qa.base.TestBase - Setting cell data in sheet: POBasedInvoice, row: 6, col: 1, data: 91
20:27:08.778 [main] INFO  com.billhub.qa.base.TestBase - Setting cell data in sheet: POBasedInvoice, row: 6, col: 2, data: 16.38
20:27:08.837 [main] INFO  com.billhub.qa.base.TestBase - Setting cell data in sheet: POBasedInvoice, row: 7, col: 0, data: TESTINV1249
20:27:08.900 [main] INFO  com.billhub.qa.base.TestBase - Setting cell data in sheet: POBasedInvoice, row: 7, col: 1, data: 81
20:27:08.967 [main] INFO  com.billhub.qa.base.TestBase - Setting cell data in sheet: POBasedInvoice, row: 7, col: 2, data: 14.58
20:27:09.026 [main] INFO  com.billhub.qa.base.TestBase - Setting cell data in sheet: POBasedInvoice, row: 8, col: 0, data: TESTINV8391
20:27:09.086 [main] INFO  com.billhub.qa.base.TestBase - Setting cell data in sheet: POBasedInvoice, row: 8, col: 1, data: 11
20:27:09.144 [main] INFO  com.billhub.qa.base.TestBase - Setting cell data in sheet: POBasedInvoice, row: 8, col: 2, data: 1.98
20:27:09.285 [main] INFO  com.billhub.qa.base.TestBase - Waiting for element invisibility: By.className: modal-container
20:27:32.478 [main] INFO  com.billhub.qa.base.TestBase - Waiting for element invisibility: By.className: modal-container
20:27:42.538 [main] INFO  com.billhub.qa.base.TestBase - Waiting for web element to be clickable: [[ChromeDriver: chrome on windows (b8812d645054db2c8baa03addca83033)] -> xpath: //button[@class='btn btn-primary ng-star-inserted']]
20:27:42.850 [main] INFO  com.billhub.qa.base.TestBase - Waiting for web element to be clickable: [[ChromeDriver: chrome on windows (b8812d645054db2c8baa03addca83033)] -> xpath: //span[normalize-space()='Create Memo']]
20:27:43.731 [main] INFO  com.billhub.qa.base.TestBase - Setting cell data in sheet: POBasedInvoice, row: 1, col: 0, data: TESTINV3303
20:27:44.675 [main] INFO  com.billhub.qa.base.TestBase - Setting cell data in sheet: POBasedInvoice, row: 1, col: 1, data: 11
20:27:44.794 [main] INFO  com.billhub.qa.base.TestBase - Setting cell data in sheet: POBasedInvoice, row: 1, col: 2, data: 1.98
20:27:44.907 [main] INFO  com.billhub.qa.base.TestBase - Setting cell data in sheet: POBasedInvoice, row: 2, col: 0, data: TESTINV8993
20:27:45.004 [main] INFO  com.billhub.qa.base.TestBase - Setting cell data in sheet: POBasedInvoice, row: 2, col: 1, data: 31
20:27:45.098 [main] INFO  com.billhub.qa.base.TestBase - Setting cell data in sheet: POBasedInvoice, row: 2, col: 2, data: 5.58
20:27:45.187 [main] INFO  com.billhub.qa.base.TestBase - Setting cell data in sheet: POBasedInvoice, row: 3, col: 0, data: TESTINV1115
20:27:45.269 [main] INFO  com.billhub.qa.base.TestBase - Setting cell data in sheet: POBasedInvoice, row: 3, col: 1, data: 41
20:27:45.352 [main] INFO  com.billhub.qa.base.TestBase - Setting cell data in sheet: POBasedInvoice, row: 3, col: 2, data: 7.38
20:27:45.430 [main] INFO  com.billhub.qa.base.TestBase - Setting cell data in sheet: POBasedInvoice, row: 4, col: 0, data: TESTINV3615
20:27:45.503 [main] INFO  com.billhub.qa.base.TestBase - Setting cell data in sheet: POBasedInvoice, row: 4, col: 1, data: 81
20:27:45.590 [main] INFO  com.billhub.qa.base.TestBase - Setting cell data in sheet: POBasedInvoice, row: 4, col: 2, data: 14.58
20:27:45.661 [main] INFO  com.billhub.qa.base.TestBase - Setting cell data in sheet: POBasedInvoice, row: 5, col: 0, data: TESTINV5796
20:27:45.729 [main] INFO  com.billhub.qa.base.TestBase - Setting cell data in sheet: POBasedInvoice, row: 5, col: 1, data: 81
20:27:45.798 [main] INFO  com.billhub.qa.base.TestBase - Setting cell data in sheet: POBasedInvoice, row: 5, col: 2, data: 14.58
20:27:45.860 [main] INFO  com.billhub.qa.base.TestBase - Setting cell data in sheet: POBasedInvoice, row: 6, col: 0, data: TESTINV9797
20:27:45.929 [main] INFO  com.billhub.qa.base.TestBase - Setting cell data in sheet: POBasedInvoice, row: 6, col: 1, data: 01
20:27:45.996 [main] INFO  com.billhub.qa.base.TestBase - Setting cell data in sheet: POBasedInvoice, row: 6, col: 2, data: 0.18
20:27:46.060 [main] INFO  com.billhub.qa.base.TestBase - Setting cell data in sheet: POBasedInvoice, row: 7, col: 0, data: TESTINV6176
20:27:46.120 [main] INFO  com.billhub.qa.base.TestBase - Setting cell data in sheet: POBasedInvoice, row: 7, col: 1, data: 71
20:27:46.182 [main] INFO  com.billhub.qa.base.TestBase - Setting cell data in sheet: POBasedInvoice, row: 7, col: 2, data: 12.78
20:27:46.240 [main] INFO  com.billhub.qa.base.TestBase - Setting cell data in sheet: POBasedInvoice, row: 8, col: 0, data: TESTINV7783
20:27:46.293 [main] INFO  com.billhub.qa.base.TestBase - Setting cell data in sheet: POBasedInvoice, row: 8, col: 1, data: 21
20:27:46.343 [main] INFO  com.billhub.qa.base.TestBase - Setting cell data in sheet: POBasedInvoice, row: 8, col: 2, data: 3.78
20:27:46.481 [main] INFO  com.billhub.qa.base.TestBase - Waiting for element invisibility: By.className: modal-container
20:53:05.473 [main] INFO  com.billhub.qa.base.TestBase - Waiting for element invisibility: By.className: modal-container
20:53:15.558 [main] INFO  com.billhub.qa.base.TestBase - Waiting for web element to be clickable: [[ChromeDriver: chrome on windows (83506b92652347aebfe3e76cd3422914)] -> xpath: //button[@class='btn btn-primary ng-star-inserted']]
20:53:15.879 [main] INFO  com.billhub.qa.base.TestBase - Waiting for web element to be clickable: [[ChromeDriver: chrome on windows (83506b92652347aebfe3e76cd3422914)] -> xpath: //span[normalize-space()='Create Memo']]
20:53:16.783 [main] INFO  com.billhub.qa.base.TestBase - Setting cell data in sheet: POBasedInvoice, row: 1, col: 0, data: TESTINV7970
20:53:17.086 [main] INFO  com.billhub.qa.base.TestBase - Setting cell data in sheet: POBasedInvoice, row: 1, col: 1, data: 41
20:53:17.222 [main] INFO  com.billhub.qa.base.TestBase - Setting cell data in sheet: POBasedInvoice, row: 1, col: 2, data: 7.38
20:53:17.345 [main] INFO  com.billhub.qa.base.TestBase - Setting cell data in sheet: POBasedInvoice, row: 2, col: 0, data: TESTINV0756
20:53:17.468 [main] INFO  com.billhub.qa.base.TestBase - Setting cell data in sheet: POBasedInvoice, row: 2, col: 1, data: 51
20:53:17.575 [main] INFO  com.billhub.qa.base.TestBase - Setting cell data in sheet: POBasedInvoice, row: 2, col: 2, data: 9.18
20:53:17.681 [main] INFO  com.billhub.qa.base.TestBase - Setting cell data in sheet: POBasedInvoice, row: 3, col: 0, data: TESTINV5597
20:53:17.775 [main] INFO  com.billhub.qa.base.TestBase - Setting cell data in sheet: POBasedInvoice, row: 3, col: 1, data: 41
20:53:17.865 [main] INFO  com.billhub.qa.base.TestBase - Setting cell data in sheet: POBasedInvoice, row: 3, col: 2, data: 7.38
20:53:17.948 [main] INFO  com.billhub.qa.base.TestBase - Setting cell data in sheet: POBasedInvoice, row: 4, col: 0, data: TESTINV4207
20:53:18.022 [main] INFO  com.billhub.qa.base.TestBase - Setting cell data in sheet: POBasedInvoice, row: 4, col: 1, data: 71
20:53:18.120 [main] INFO  com.billhub.qa.base.TestBase - Setting cell data in sheet: POBasedInvoice, row: 4, col: 2, data: 12.78
20:53:18.200 [main] INFO  com.billhub.qa.base.TestBase - Setting cell data in sheet: POBasedInvoice, row: 5, col: 0, data: TESTINV6137
20:53:18.281 [main] INFO  com.billhub.qa.base.TestBase - Setting cell data in sheet: POBasedInvoice, row: 5, col: 1, data: 11
20:53:18.364 [main] INFO  com.billhub.qa.base.TestBase - Setting cell data in sheet: POBasedInvoice, row: 5, col: 2, data: 1.98
20:53:18.440 [main] INFO  com.billhub.qa.base.TestBase - Setting cell data in sheet: POBasedInvoice, row: 6, col: 0, data: TESTINV5535
20:53:18.512 [main] INFO  com.billhub.qa.base.TestBase - Setting cell data in sheet: POBasedInvoice, row: 6, col: 1, data: 41
20:53:18.582 [main] INFO  com.billhub.qa.base.TestBase - Setting cell data in sheet: POBasedInvoice, row: 6, col: 2, data: 7.38
20:53:18.650 [main] INFO  com.billhub.qa.base.TestBase - Setting cell data in sheet: POBasedInvoice, row: 7, col: 0, data: TESTINV9464
20:53:18.719 [main] INFO  com.billhub.qa.base.TestBase - Setting cell data in sheet: POBasedInvoice, row: 7, col: 1, data: 61
20:53:18.792 [main] INFO  com.billhub.qa.base.TestBase - Setting cell data in sheet: POBasedInvoice, row: 7, col: 2, data: 10.98
20:53:18.861 [main] INFO  com.billhub.qa.base.TestBase - Setting cell data in sheet: POBasedInvoice, row: 8, col: 0, data: TESTINV3913
20:53:18.920 [main] INFO  com.billhub.qa.base.TestBase - Setting cell data in sheet: POBasedInvoice, row: 8, col: 1, data: 31
20:53:18.980 [main] INFO  com.billhub.qa.base.TestBase - Setting cell data in sheet: POBasedInvoice, row: 8, col: 2, data: 5.58
20:53:22.742 [main] INFO  com.billhub.qa.base.TestBase - Waiting for element invisibility: By.className: modal-container
20:53:33.733 [main] INFO  com.billhub.qa.base.TestBase - Waiting for element invisibility: By.className: modal-container
20:55:27.718 [main] INFO  com.billhub.qa.base.TestBase - Waiting for element invisibility: By.className: modal-container
20:55:37.784 [main] INFO  com.billhub.qa.base.TestBase - Waiting for web element to be clickable: [[ChromeDriver: chrome on windows (93ab8ef329f01ab52c8ef13f3edc92fc)] -> xpath: //button[@class='btn btn-primary ng-star-inserted']]
20:55:38.050 [main] INFO  com.billhub.qa.base.TestBase - Waiting for web element to be clickable: [[ChromeDriver: chrome on windows (93ab8ef329f01ab52c8ef13f3edc92fc)] -> xpath: //span[normalize-space()='Create Memo']]
20:55:38.924 [main] INFO  com.billhub.qa.base.TestBase - Setting cell data in sheet: POBasedInvoice, row: 1, col: 0, data: TESTINV2008
