12:41:51.386 [main] INFO  com.billhub.qa.base.TestBase - Waiting for element invisibility: By.className: loader
12:41:51.997 [main] INFO  com.billhub.qa.base.TestBase - Waiting for element visibility: By.xpath: /html/body/modal-container/div/div/app-verify-log-popup/div/table/tbody/tr/td[4]
12:47:33.562 [main] INFO  com.billhub.qa.base.TestBase - Waiting for element invisibility: By.className: modal-container
12:47:53.784 [main] INFO  com.billhub.qa.base.TestBase - Waiting for element visibility: By.xpath: /html/body/app-root/app-layout/div[1]/main/div/div/app-dashboard/div/div[1]/div[2]/div/typeahead-container/button
12:47:54.375 [main] INFO  com.billhub.qa.base.TestBase - Waiting for element invisibility: By.className: loader
12:47:54.987 [main] INFO  com.billhub.qa.base.TestBase - Waiting for element invisibility: By.className: loader
12:47:57.824 [main] INFO  com.billhub.qa.base.TestBase - Waiting for element invisibility: By.className: loader
12:47:57.916 [main] INFO  com.billhub.qa.base.TestBase - Waiting for element invisibility: By.className: loader
12:47:58.542 [main] INFO  com.billhub.qa.base.TestBase - Waiting for element invisibility: By.className: loader
12:47:59.166 [main] INFO  com.billhub.qa.base.TestBase - Waiting for element visibility: By.xpath: /html/body/modal-container/div/div/app-verify-log-popup/div/table/tbody/tr/td[4]
13:20:30.419 [main] INFO  com.billhub.qa.base.TestBase - Waiting for element invisibility: By.className: modal-container
13:20:50.606 [main] INFO  com.billhub.qa.base.TestBase - Waiting for element visibility: By.xpath: /html/body/app-root/app-layout/div[1]/main/div/div/app-dashboard/div/div[1]/div[2]/div/typeahead-container/button
13:20:51.180 [main] INFO  com.billhub.qa.base.TestBase - Waiting for element invisibility: By.className: loader
13:20:51.890 [main] INFO  com.billhub.qa.base.TestBase - Waiting for element invisibility: By.className: loader
13:20:54.564 [main] INFO  com.billhub.qa.base.TestBase - Waiting for element invisibility: By.className: loader
13:20:54.656 [main] INFO  com.billhub.qa.base.TestBase - Waiting for element invisibility: By.className: loader
13:20:55.811 [main] INFO  com.billhub.qa.base.TestBase - Waiting for element invisibility: By.className: loader
13:20:56.432 [main] INFO  com.billhub.qa.base.TestBase - Waiting for element visibility: By.xpath: /html/body/modal-container/div/div/app-verify-log-popup/div/table/tbody/tr/td[4]
13:23:22.671 [main] INFO  com.billhub.qa.base.TestBase - Waiting for element invisibility: By.className: modal-container
13:23:42.833 [main] INFO  com.billhub.qa.base.TestBase - Waiting for element visibility: By.xpath: /html/body/app-root/app-layout/div[1]/main/div/div/app-dashboard/div/div[1]/div[2]/div/typeahead-container/button
13:23:43.414 [main] INFO  com.billhub.qa.base.TestBase - Waiting for element invisibility: By.className: loader
13:23:44.121 [main] INFO  com.billhub.qa.base.TestBase - Waiting for element invisibility: By.className: loader
13:23:46.348 [main] INFO  com.billhub.qa.base.TestBase - Waiting for element invisibility: By.className: loader
13:23:46.437 [main] INFO  com.billhub.qa.base.TestBase - Waiting for element invisibility: By.className: loader
13:23:47.074 [main] INFO  com.billhub.qa.base.TestBase - Waiting for element invisibility: By.className: loader
13:23:47.694 [main] INFO  com.billhub.qa.base.TestBase - Waiting for element visibility: By.xpath: /html/body/modal-container/div/div/app-verify-log-popup/div/table/tbody/tr/td[4]
13:23:49.523 [main] INFO  com.billhub.qa.base.TestBase - Waiting for element invisibility: By.className: loader
13:23:49.606 [main] INFO  com.billhub.qa.base.TestBase - Waiting for element invisibility: By.className: loader
13:23:50.180 [main] INFO  com.billhub.qa.base.TestBase - Waiting for web element to be clickable: [[ChromeDriver: chrome on windows (37e84ecac3b31425166c00ead1280ef1)] -> xpath: //button[@class='btn btn-link']]
13:23:50.435 [main] INFO  com.billhub.qa.base.TestBase - Waiting for web element to be clickable: [[ChromeDriver: chrome on windows (37e84ecac3b31425166c00ead1280ef1)] -> xpath: //span[normalize-space()='Dashboard']]
13:23:51.117 [main] INFO  com.billhub.qa.base.TestBase - Waiting for element invisibility: By.className: loader
14:21:12.396 [main] INFO  com.billhub.qa.base.TestBase - Waiting for element invisibility: By.className: modal-container
14:21:32.476 [main] INFO  com.billhub.qa.base.TestBase - Waiting for element invisibility: By.className: loader
14:21:32.629 [main] INFO  com.billhub.qa.base.TestBase - Waiting for element visibility: By.xpath: /html/body/app-root/app-layout/div[1]/main/div/div/app-dashboard/div/div[1]/div[2]/div/typeahead-container/button
14:21:33.648 [main] INFO  com.billhub.qa.base.TestBase - Waiting for element invisibility: By.className: loader
14:21:34.859 [main] INFO  com.billhub.qa.base.TestBase - Waiting for element invisibility: By.className: loader
14:21:34.941 [main] INFO  com.billhub.qa.base.TestBase - Waiting for element invisibility: By.className: loader
14:21:36.115 [main] INFO  com.billhub.qa.base.TestBase - Waiting for element invisibility: By.className: loader
14:22:29.516 [main] INFO  com.billhub.qa.base.TestBase - Waiting for element invisibility: By.className: modal-container
14:22:49.617 [main] INFO  com.billhub.qa.base.TestBase - Waiting for element invisibility: By.className: loader
14:22:49.768 [main] INFO  com.billhub.qa.base.TestBase - Waiting for element visibility: By.xpath: /html/body/app-root/app-layout/div[1]/main/div/div/app-dashboard/div/div[1]/div[2]/div/typeahead-container/button
14:22:50.350 [main] INFO  com.billhub.qa.base.TestBase - Waiting for element invisibility: By.className: loader
14:22:51.032 [main] INFO  com.billhub.qa.base.TestBase - Waiting for element invisibility: By.className: loader
14:22:51.107 [main] INFO  com.billhub.qa.base.TestBase - Waiting for element invisibility: By.className: loader
14:22:51.732 [main] INFO  com.billhub.qa.base.TestBase - Waiting for element invisibility: By.className: loader
14:47:47.054 [main] INFO  com.billhub.qa.base.TestBase - Waiting for element invisibility: By.className: modal-container
14:48:07.256 [main] INFO  com.billhub.qa.base.TestBase - Waiting for element visibility: By.xpath: /html/body/app-root/app-layout/div[1]/main/div/div/app-dashboard/div/div[1]/div[2]/div/typeahead-container/button
14:48:08.167 [main] INFO  com.billhub.qa.base.TestBase - Waiting for element invisibility: By.className: loader
14:48:09.500 [main] INFO  com.billhub.qa.base.TestBase - Waiting for element invisibility: By.className: loader
14:48:12.522 [main] INFO  com.billhub.qa.base.TestBase - Waiting for element invisibility: By.className: loader
14:48:12.612 [main] INFO  com.billhub.qa.base.TestBase - Waiting for element invisibility: By.className: loader
14:48:13.241 [main] INFO  com.billhub.qa.base.TestBase - Waiting for element invisibility: By.className: loader
14:51:40.416 [main] INFO  com.billhub.qa.base.TestBase - Waiting for element invisibility: By.className: modal-container
14:52:00.591 [main] INFO  com.billhub.qa.base.TestBase - Waiting for element visibility: By.xpath: /html/body/app-root/app-layout/div[1]/main/div/div/app-dashboard/div/div[1]/div[2]/div/typeahead-container/button
14:52:01.293 [main] INFO  com.billhub.qa.base.TestBase - Waiting for element invisibility: By.className: loader
14:52:02.399 [main] INFO  com.billhub.qa.base.TestBase - Waiting for element invisibility: By.className: loader
14:52:05.102 [main] INFO  com.billhub.qa.base.TestBase - Waiting for element invisibility: By.className: loader
14:52:05.192 [main] INFO  com.billhub.qa.base.TestBase - Waiting for element invisibility: By.className: loader
14:52:06.356 [main] INFO  com.billhub.qa.base.TestBase - Waiting for element invisibility: By.className: loader
14:52:06.980 [main] INFO  com.billhub.qa.base.TestBase - Waiting for element visibility: By.xpath: /html/body/modal-container/div/div/app-verify-log-popup/div/table/tbody/tr/td[4]
14:52:09.121 [main] INFO  com.billhub.qa.base.TestBase - Waiting for element invisibility: By.className: loader
14:52:09.195 [main] INFO  com.billhub.qa.base.TestBase - Waiting for element invisibility: By.className: loader
14:52:09.772 [main] INFO  com.billhub.qa.base.TestBase - Waiting for web element to be clickable: [[ChromeDriver: chrome on windows (b4f190655f3a410575f237fb0c73f95e)] -> xpath: //button[@class='btn btn-link']]
14:52:09.976 [main] INFO  com.billhub.qa.base.TestBase - Waiting for web element to be clickable: [[ChromeDriver: chrome on windows (b4f190655f3a410575f237fb0c73f95e)] -> xpath: //span[normalize-space()='Dashboard']]
14:52:10.650 [main] INFO  com.billhub.qa.base.TestBase - Waiting for element invisibility: By.className: loader
14:52:12.191 [main] INFO  com.billhub.qa.base.TestBase - Waiting for element invisibility: By.className: loader
14:52:12.334 [main] INFO  com.billhub.qa.base.TestBase - Waiting for element visibility: By.xpath: /html/body/app-root/app-layout/div[1]/main/div/div/app-dashboard/div/div[1]/div[2]/div/typeahead-container/button
14:52:12.910 [main] INFO  com.billhub.qa.base.TestBase - Waiting for element invisibility: By.className: loader
14:52:13.523 [main] INFO  com.billhub.qa.base.TestBase - Waiting for element invisibility: By.className: loader
14:52:13.580 [main] INFO  com.billhub.qa.base.TestBase - Waiting for element invisibility: By.className: loader
14:52:14.202 [main] INFO  com.billhub.qa.base.TestBase - Waiting for element invisibility: By.className: loader
14:52:14.881 [main] INFO  com.billhub.qa.base.TestBase - Waiting for element visibility: By.xpath: /html/body/modal-container[2]/div/div/app-invoice-log/div[2]/table/tbody/tr/td[4]/div
15:13:42.147 [main] INFO  com.billhub.qa.base.TestBase - Waiting for element invisibility: By.className: modal-container
15:14:02.202 [main] INFO  com.billhub.qa.base.TestBase - Waiting for element invisibility: By.className: loader
15:14:02.385 [main] INFO  com.billhub.qa.base.TestBase - Waiting for element visibility: By.xpath: /html/body/app-root/app-layout/div[1]/main/div/div/app-dashboard/div/div[1]/div[2]/div/typeahead-container/button
