19:30:04.000 [main] INFO  com.billhub.qa.base.TestBase - Waiting for element invisibility: By.className: loader
19:30:04.950 [main] INFO  com.billhub.qa.base.TestBase - Waiting for element invisibility: By.className: loader
19:30:04.987 [main] INFO  com.billhub.qa.base.TestBase - Waiting for web element to be clickable: [[ChromeDriver: chrome on windows (c5b8a017a74ba2f0a271b32ce4271110)] -> xpath: //*[@id="sidebar"]/div[1]/perfect-scrollbar/div/div[1]/div[2]/ul/li[3]/a]
19:30:05.092 [main] INFO  com.billhub.qa.base.TestBase - Waiting for web element to be clickable: [[ChromeDriver: chrome on windows (c5b8a017a74ba2f0a271b32ce4271110)] -> xpath: //a[normalize-space()='Approve invoice for Booking']]
19:30:05.454 [main] INFO  com.billhub.qa.base.TestBase - Waiting for element invisibility: By.className: loader
19:30:06.613 [main] INFO  com.billhub.qa.base.TestBase - Waiting for web element to be clickable: [[ChromeDriver: chrome on windows (c5b8a017a74ba2f0a271b32ce4271110)] -> xpath: /html/body/modal-container/div/div/app-book-invoice-confirm/div[3]/div/div[2]/button]
19:30:08.014 [main] INFO  com.billhub.qa.base.TestBase - Waiting for element to be clickable: By.xpath: /html/body/modal-container/div/div/app-notify-dialog/div[1]/button
19:30:08.092 [main] INFO  com.billhub.qa.base.TestBase - Waiting for element invisibility: By.className: loader
19:30:08.121 [main] INFO  com.billhub.qa.base.TestBase - Waiting for web element to be clickable: [[ChromeDriver: chrome on windows (c5b8a017a74ba2f0a271b32ce4271110)] -> xpath: //*[@id="sidebar"]/div[1]/perfect-scrollbar/div/div[1]/div[2]/ul/li[3]/a]
19:30:08.926 [main] INFO  com.billhub.qa.base.TestBase - Waiting for web element to be clickable: [[ChromeDriver: chrome on windows (c5b8a017a74ba2f0a271b32ce4271110)] -> xpath: //a[normalize-space()='Review Invoice Posting']]
19:30:09.699 [main] INFO  com.billhub.qa.base.TestBase - Waiting for element visibility: By.xpath: /html/body/app-root/app-layout/div[1]/main/div/div/app-search-batch/div/div/div[1]/div[2]/div/div/typeahead-container/button/span/strong
19:30:10.252 [main] INFO  com.billhub.qa.base.TestBase - Waiting for element invisibility: By.className: loader
19:30:10.286 [main] INFO  com.billhub.qa.base.TestBase - Waiting for web element to be clickable: [[ChromeDriver: chrome on windows (c5b8a017a74ba2f0a271b32ce4271110)] -> xpath: //span[normalize-space()='Dashboard']]
19:30:10.409 [main] INFO  com.billhub.qa.base.TestBase - Waiting for element invisibility: By.className: loader
19:30:11.165 [main] INFO  com.billhub.qa.base.TestBase - Waiting for element invisibility: By.className: loader
19:30:11.777 [main] INFO  com.billhub.qa.base.TestBase - Waiting for element visibility: By.xpath: /html/body/modal-container/div/div/app-invoice-info-popup/div[2]/div[1]/div/div/div[2]/div[3]/div[4]/div[2]
19:30:18.219 [main] INFO  com.billhub.qa.base.TestBase - Waiting for element invisibility: By.className: modal-container
19:30:38.285 [main] INFO  com.billhub.qa.base.TestBase - Waiting for element invisibility: By.className: loader
19:30:38.312 [main] INFO  com.billhub.qa.base.TestBase - Waiting for element invisibility: By.className: loader
19:30:38.404 [main] INFO  com.billhub.qa.base.TestBase - Waiting for element invisibility: By.className: loader
19:30:38.679 [main] INFO  com.billhub.qa.base.TestBase - Waiting for web element to be clickable: [[ChromeDriver: chrome on windows (545bcd3922228d01a720df69421361cb)] -> xpath: //*[@id="main"]/main/div/div/app-account/div/div/div[2]/div/div/div[1]/div/ul/li/form/div[1]/ngx-select-dropdown/div/div/ul[2]/li]
19:30:39.017 [main] INFO  com.billhub.qa.base.TestBase - Waiting for web element to be clickable: [[ChromeDriver: chrome on windows (545bcd3922228d01a720df69421361cb)] -> xpath: //*[@id="main"]/main/div/div/app-account/div/div/div[2]/div/div/div[1]/div/ul/li/form/div[3]/ngx-select-dropdown/div/div/ul[2]/li[1]]
19:30:39.313 [main] INFO  com.billhub.qa.base.TestBase - Waiting for element invisibility: By.className: loader
19:30:40.630 [main] INFO  com.billhub.qa.base.TestBase - Waiting for element invisibility: By.className: loader
19:30:40.710 [main] INFO  com.billhub.qa.base.TestBase - Checking if success toast is displayed for message: Invoice updated successfully
19:30:46.302 [main] INFO  com.billhub.qa.base.TestBase - Waiting for element invisibility: By.className: modal-container
19:31:06.399 [main] INFO  com.billhub.qa.base.TestBase - Waiting for element invisibility: By.className: loader
19:31:06.431 [main] INFO  com.billhub.qa.base.TestBase - Waiting for element invisibility: By.className: loader
19:31:06.534 [main] INFO  com.billhub.qa.base.TestBase - Waiting for element invisibility: By.className: loader
19:31:06.826 [main] INFO  com.billhub.qa.base.TestBase - Waiting for web element to be clickable: [[ChromeDriver: chrome on windows (c7b6be055196ff101f4c60afdf73e28f)] -> xpath: //*[@id="main"]/main/div/div/app-account/div/div/div[2]/div/div/div[1]/div/ul/li/form/div[1]/ngx-select-dropdown/div/div/ul[2]/li]
19:31:07.169 [main] INFO  com.billhub.qa.base.TestBase - Waiting for web element to be clickable: [[ChromeDriver: chrome on windows (c7b6be055196ff101f4c60afdf73e28f)] -> xpath: //*[@id="main"]/main/div/div/app-account/div/div/div[2]/div/div/div[1]/div/ul/li/form/div[3]/ngx-select-dropdown/div/div/ul[2]/li[1]]
19:31:07.464 [main] INFO  com.billhub.qa.base.TestBase - Waiting for element invisibility: By.className: loader
19:31:08.246 [main] INFO  com.billhub.qa.base.TestBase - Waiting for element invisibility: By.className: loader
19:31:08.339 [main] INFO  com.billhub.qa.base.TestBase - Checking if success toast is displayed for message: Invoice updated successfully
19:31:13.043 [main] INFO  com.billhub.qa.base.TestBase - Waiting for element invisibility: By.className: modal-container
19:31:33.168 [main] INFO  com.billhub.qa.base.TestBase - Waiting for element invisibility: By.className: loader
19:31:33.216 [main] INFO  com.billhub.qa.base.TestBase - Waiting for web element to be clickable: [[ChromeDriver: chrome on windows (cff4b00dd646fc4e2c05e00c691947ff)] -> xpath: //button[@class='btn btn-link']]
19:31:33.332 [main] INFO  com.billhub.qa.base.TestBase - Waiting for web element to be clickable: [[ChromeDriver: chrome on windows (cff4b00dd646fc4e2c05e00c691947ff)] -> xpath: //*[@id="sidebar"]/div[1]/perfect-scrollbar/div/div[1]/div[2]/ul/li[3]/a]
19:31:33.991 [main] INFO  com.billhub.qa.base.TestBase - Waiting for web element to be clickable: [[ChromeDriver: chrome on windows (cff4b00dd646fc4e2c05e00c691947ff)] -> xpath: //*[@id="sidebar"]/div[1]/perfect-scrollbar/div/div[1]/div[2]/ul/li[3]/div/ul/li[4]/a]
19:31:34.618 [main] INFO  com.billhub.qa.base.TestBase - Waiting for element invisibility: By.className: loader
19:31:35.971 [main] INFO  com.billhub.qa.base.TestBase - Waiting for web element to be clickable: [[ChromeDriver: chrome on windows (cff4b00dd646fc4e2c05e00c691947ff)] -> xpath: //*[@id="ngb-typeahead-0-0"]]
19:31:36.078 [main] INFO  com.billhub.qa.base.TestBase - Waiting for element invisibility: By.className: loader
19:31:36.715 [main] INFO  com.billhub.qa.base.TestBase - Waiting for element invisibility: By.className: loader
19:31:36.877 [main] INFO  com.billhub.qa.base.TestBase - Waiting for web element to be clickable: [[ChromeDriver: chrome on windows (cff4b00dd646fc4e2c05e00c691947ff)] -> xpath: //*[@id="main"]/main/div/div/create-payment-request/div/div/div[5]/div/table/tbody/tr/td[1]/div/input]
19:31:37.036 [main] INFO  com.billhub.qa.base.TestBase - Waiting for element invisibility: By.className: loader
19:31:37.117 [main] INFO  com.billhub.qa.base.TestBase - Checking if success toast is displayed for message: Create Payment Request
19:31:38.748 [main] INFO  com.billhub.qa.base.TestBase - Waiting for element invisibility: By.className: loader
19:31:38.785 [main] INFO  com.billhub.qa.base.TestBase - Waiting for web element to be clickable: [[ChromeDriver: chrome on windows (cff4b00dd646fc4e2c05e00c691947ff)] -> xpath: //span[normalize-space()='Dashboard']]
19:31:38.902 [main] INFO  com.billhub.qa.base.TestBase - Waiting for element invisibility: By.className: loader
19:31:40.223 [main] INFO  com.billhub.qa.base.TestBase - Waiting for element invisibility: By.className: loader
19:31:40.840 [main] INFO  com.billhub.qa.base.TestBase - Waiting for element visibility: By.xpath: /html/body/modal-container/div/div/app-invoice-info-popup/div[2]/div[2]/div[1]/div/div[3]/div[2]/table/tbody/tr/td[2]
19:31:41.398 [main] INFO  com.billhub.qa.base.TestBase - Waiting for element invisibility: By.className: loader
19:31:41.437 [main] INFO  com.billhub.qa.base.TestBase - Waiting for web element to be clickable: [[ChromeDriver: chrome on windows (cff4b00dd646fc4e2c05e00c691947ff)] -> xpath: //*[@id="sidebar"]/div[1]/perfect-scrollbar/div/div[1]/div[2]/ul/li[3]/a]
19:31:41.557 [main] INFO  com.billhub.qa.base.TestBase - Waiting for web element to be clickable: [[ChromeDriver: chrome on windows (cff4b00dd646fc4e2c05e00c691947ff)] -> xpath: //*[@id="sidebar"]/div[1]/perfect-scrollbar/div/div[1]/div[2]/ul/li[3]/div/ul/li[5]/a]
19:31:42.205 [main] INFO  com.billhub.qa.base.TestBase - Waiting for element invisibility: By.className: loader
19:31:42.869 [main] INFO  com.billhub.qa.base.TestBase - Waiting for element invisibility: By.className: loader
19:31:43.959 [main] INFO  com.billhub.qa.base.TestBase - Waiting for web element to be clickable: [[ChromeDriver: chrome on windows (cff4b00dd646fc4e2c05e00c691947ff)] -> xpath: /html/body/app-root/app-layout/div[1]/main/div/div/app-reject-payment-request/div/div[1]/div[1]/div[3]/div/typeahead-container/button]
19:34:05.555 [main] INFO  com.billhub.qa.base.TestBase - Waiting for element invisibility: By.className: modal-container
19:34:25.586 [main] INFO  com.billhub.qa.base.TestBase - Waiting for element invisibility: By.className: loader-overlay
19:34:25.649 [main] INFO  com.billhub.qa.base.TestBase - Waiting for web element to be clickable: [[ChromeDriver: chrome on windows (625789b07f030c2489c3c21b83d30f04)] -> xpath: //*[@id="main"]/main/div/div/app-dashboard/div/div[1]/div[2]/button[2]]
19:34:26.387 [main] INFO  com.billhub.qa.base.TestBase - Waiting for web element to be clickable: [[ChromeDriver: chrome on windows (625789b07f030c2489c3c21b83d30f04)] -> xpath: //span[normalize-space()='Create Memo']]
