20:40:24.607 [main] INFO  com.billhub.qa.base.TestBase - Waiting for element invisibility: By.className: loader
20:40:24.788 [main] INFO  com.billhub.qa.base.TestBase - Waiting for element invisibility: By.className: loader
20:40:24.857 [main] INFO  com.billhub.qa.base.TestBase - Waiting for element invisibility: By.className: loader
20:40:25.437 [main] INFO  com.billhub.qa.base.TestBase - Waiting for element invisibility: By.className: loader
20:40:25.458 [main] INFO  com.billhub.qa.base.TestBase - Waiting for toast to disappear
20:40:25.534 [main] INFO  com.billhub.qa.base.TestBase - Waiting for element invisibility: By.className: loader
20:40:26.650 [main] INFO  com.billhub.qa.base.TestBase - Waiting for element invisibility: By.className: loader
20:40:26.715 [main] INFO  com.billhub.qa.base.TestBase - Checking if success toast is displayed for message: User Data Added successfully
20:40:27.459 [main] INFO  com.billhub.qa.base.TestBase - Waiting for element invisibility: By.className: loader
20:40:27.483 [main] INFO  com.billhub.qa.base.TestBase - Waiting for element invisibility: By.className: loader
20:40:27.676 [main] INFO  com.billhub.qa.base.TestBase - Waiting for element invisibility: By.className: loader
20:40:27.738 [main] INFO  com.billhub.qa.base.TestBase - Waiting for element invisibility: By.className: loader
20:40:48.554 [main] INFO  com.billhub.qa.base.TestBase - Waiting for element invisibility: By.className: loader
20:40:48.576 [main] INFO  com.billhub.qa.base.TestBase - Waiting for element invisibility: By.className: loader
20:40:48.756 [main] INFO  com.billhub.qa.base.TestBase - Waiting for element invisibility: By.className: loader
20:40:48.825 [main] INFO  com.billhub.qa.base.TestBase - Waiting for element invisibility: By.className: loader
20:40:49.407 [main] INFO  com.billhub.qa.base.TestBase - Waiting for element invisibility: By.className: loader
20:40:49.429 [main] INFO  com.billhub.qa.base.TestBase - Waiting for toast to disappear
20:40:49.451 [main] INFO  com.billhub.qa.base.TestBase - Waiting for element invisibility: By.className: loader
20:40:49.624 [main] INFO  com.billhub.qa.base.TestBase - Waiting for element invisibility: By.className: loader
20:40:49.694 [main] INFO  com.billhub.qa.base.TestBase - Waiting for element invisibility: By.className: loader
20:40:50.363 [main] INFO  com.billhub.qa.base.TestBase - Waiting for element visibility: By.cssSelector: input[formcontrolname='First_Name']
20:40:50.929 [main] INFO  com.billhub.qa.base.TestBase - Waiting for element visibility: By.cssSelector: input[formcontrolname='Last_Name']
20:40:51.220 [main] INFO  com.billhub.qa.base.TestBase - Waiting for element invisibility: By.className: loader
20:40:51.284 [main] INFO  com.billhub.qa.base.TestBase - Checking if success toast is displayed for message: User Data Updated successfully
20:42:00.930 [main] INFO  com.billhub.qa.base.TestBase - Waiting for element invisibility: By.className: modal-container
20:42:21.013 [main] INFO  com.billhub.qa.base.TestBase - Waiting for element invisibility: By.className: modal-container
20:42:41.142 [main] INFO  com.billhub.qa.base.TestBase - Waiting for element invisibility: By.className: loader
20:42:41.489 [main] INFO  com.billhub.qa.base.TestBase - Waiting for element visibility: By.className: dashboard-table
20:42:41.824 [main] INFO  com.billhub.qa.base.TestBase - Waiting for element invisibility: By.className: loader
20:42:41.900 [main] INFO  com.billhub.qa.base.TestBase - Waiting for element invisibility: By.className: loader
20:42:42.247 [main] INFO  com.billhub.qa.base.TestBase - Waiting for element visibility: By.className: dashboard-table
20:42:42.275 [main] INFO  com.billhub.qa.base.TestBase - Waiting for element visibility: By.xpath: //*[@id="main"]/main/div/div/app-dashboard/div/div[5]/div/table/tbody/tr[1]
20:42:42.323 [main] INFO  com.billhub.qa.base.TestBase - Waiting for element invisibility: By.className: loader
20:42:42.952 [main] INFO  com.billhub.qa.base.TestBase - Waiting for element invisibility: By.className: loader
20:42:43.572 [main] INFO  com.billhub.qa.base.TestBase - Waiting for element invisibility: By.className: loader
20:42:44.727 [main] INFO  com.billhub.qa.base.TestBase - Waiting for element visibility: By.className: dashboard-table
20:42:44.794 [main] INFO  com.billhub.qa.base.TestBase - Waiting for element invisibility: By.className: loader
20:42:45.396 [main] INFO  com.billhub.qa.base.TestBase - Waiting for element invisibility: By.className: loader
20:42:46.008 [main] INFO  com.billhub.qa.base.TestBase - Waiting for element invisibility: By.className: loader
20:42:46.876 [main] INFO  com.billhub.qa.base.TestBase - Waiting for element visibility: By.className: dashboard-table
20:42:46.929 [main] INFO  com.billhub.qa.base.TestBase - Waiting for element invisibility: By.className: loader
20:42:47.547 [main] INFO  com.billhub.qa.base.TestBase - Waiting for element invisibility: By.className: loader
20:42:48.216 [main] INFO  com.billhub.qa.base.TestBase - Waiting for element visibility: By.className: dashboard-table
20:42:48.241 [main] INFO  com.billhub.qa.base.TestBase - Waiting for element visibility: By.xpath: //*[@id="main"]/main/div/div/app-dashboard/div/div[5]/div/table/tbody/tr[1]
20:42:48.284 [main] INFO  com.billhub.qa.base.TestBase - Waiting for element invisibility: By.className: loader
20:42:49.018 [main] INFO  com.billhub.qa.base.TestBase - Waiting for element invisibility: By.className: selected-items
20:43:09.084 [main] INFO  com.billhub.qa.base.TestBase - Waiting for element visibility: By.className: dashboard-table
20:43:09.114 [main] INFO  com.billhub.qa.base.TestBase - Waiting for element visibility: By.xpath: //*[@id="main"]/main/div/div/app-dashboard/div/div[5]/div/table/tbody/tr[1]
20:43:09.158 [main] INFO  com.billhub.qa.base.TestBase - Waiting for element invisibility: By.className: loader
20:43:10.514 [main] INFO  com.billhub.qa.base.TestBase - Waiting for element visibility: By.className: dashboard-table
20:43:10.539 [main] INFO  com.billhub.qa.base.TestBase - Waiting for element visibility: By.xpath: //*[@id="main"]/main/div/div/app-dashboard/div/div[5]/div/table/tbody/tr[1]
20:43:10.581 [main] INFO  com.billhub.qa.base.TestBase - Waiting for element invisibility: By.className: loader
20:43:11.204 [main] INFO  com.billhub.qa.base.TestBase - Waiting for element invisibility: By.className: loader
20:43:11.825 [main] INFO  com.billhub.qa.base.TestBase - Waiting for element invisibility: By.className: loader
20:43:13.520 [main] INFO  com.billhub.qa.base.TestBase - Waiting for element invisibility: By.className: loader
20:43:14.811 [main] INFO  com.billhub.qa.base.TestBase - Waiting for element visibility: By.className: dashboard-table
20:43:14.834 [main] INFO  com.billhub.qa.base.TestBase - Waiting for element visibility: By.xpath: //*[@id="main"]/main/div/div/app-dashboard/div/div[5]/div/table/tbody/tr[1]
20:44:33.164 [main] INFO  com.billhub.qa.base.TestBase - Waiting for element invisibility: By.className: modal-container
20:44:53.265 [main] INFO  com.billhub.qa.base.TestBase - Waiting for element invisibility: By.className: loader
20:44:53.451 [main] INFO  com.billhub.qa.base.TestBase - Waiting for element invisibility: By.className: loader
20:44:54.077 [main] INFO  com.billhub.qa.base.TestBase - Waiting for element invisibility: By.className: loader
20:44:54.971 [main] INFO  com.billhub.qa.base.TestBase - Waiting for element visibility: By.className: dashboard-table
20:44:55.055 [main] INFO  com.billhub.qa.base.TestBase - Waiting for element invisibility: By.className: loader
20:44:55.986 [main] INFO  com.billhub.qa.base.TestBase - Waiting for element visibility: By.className: dashboard-table
20:44:56.013 [main] INFO  com.billhub.qa.base.TestBase - Waiting for element visibility: By.xpath: //*[@id="main"]/main/div/div/app-dashboard/div/div[5]/div/table/tbody/tr[1]
20:44:56.059 [main] INFO  com.billhub.qa.base.TestBase - Waiting for element invisibility: By.className: loader
20:44:56.684 [main] INFO  com.billhub.qa.base.TestBase - Waiting for element invisibility: By.className: loader
20:44:57.303 [main] INFO  com.billhub.qa.base.TestBase - Waiting for element invisibility: By.className: loader
20:44:58.464 [main] INFO  com.billhub.qa.base.TestBase - Waiting for element visibility: By.className: dashboard-table
20:44:58.520 [main] INFO  com.billhub.qa.base.TestBase - Waiting for element invisibility: By.className: loader
20:44:59.118 [main] INFO  com.billhub.qa.base.TestBase - Waiting for element invisibility: By.className: loader
20:44:59.733 [main] INFO  com.billhub.qa.base.TestBase - Waiting for element invisibility: By.className: loader
20:45:00.623 [main] INFO  com.billhub.qa.base.TestBase - Waiting for element visibility: By.className: dashboard-table
20:45:00.677 [main] INFO  com.billhub.qa.base.TestBase - Waiting for element invisibility: By.className: loader
20:45:00.767 [main] INFO  com.billhub.qa.base.TestBase - Waiting for element invisibility: By.className: loader
20:45:01.482 [main] INFO  com.billhub.qa.base.TestBase - Waiting for element visibility: By.className: dashboard-table
20:45:01.506 [main] INFO  com.billhub.qa.base.TestBase - Waiting for element visibility: By.xpath: //*[@id="main"]/main/div/div/app-dashboard/div/div[5]/div/table/tbody/tr[1]
20:45:01.550 [main] INFO  com.billhub.qa.base.TestBase - Waiting for element invisibility: By.className: loader
20:45:02.275 [main] INFO  com.billhub.qa.base.TestBase - Waiting for element invisibility: By.className: loader
20:45:02.351 [main] INFO  com.billhub.qa.base.TestBase - Waiting for element visibility: By.className: dashboard-table
20:45:02.377 [main] INFO  com.billhub.qa.base.TestBase - Waiting for element visibility: By.xpath: //*[@id="main"]/main/div/div/app-dashboard/div/div[5]/div/table/tbody/tr[1]
20:45:02.420 [main] INFO  com.billhub.qa.base.TestBase - Waiting for element invisibility: By.className: loader
20:45:03.203 [main] INFO  com.billhub.qa.base.TestBase - Waiting for element visibility: By.className: dashboard-table
20:45:03.232 [main] INFO  com.billhub.qa.base.TestBase - Waiting for element visibility: By.xpath: //*[@id="main"]/main/div/div/app-dashboard/div/div[5]/div/table/tbody/tr[1]
