12:39:16.348 [main] ERROR com.billhub.qa.base.TestBase - FileNotFoundException: C:\Users\nisha\eclipse-workspace\BillHubTest\src\main\java\com\billhub\qa\testdata\BillHubTestdata.xlsx (The process cannot access the file because it is being used by another process)
12:39:16.427 [main] ERROR com.billhub.qa.base.TestBase - FileNotFoundException: C:\Users\nisha\eclipse-workspace\BillHubTest\src\main\java\com\billhub\qa\testdata\BillHubTestdata.xlsx (The process cannot access the file because it is being used by another process)
12:39:16.490 [main] ERROR com.billhub.qa.base.TestBase - FileNotFoundException: C:\Users\nisha\eclipse-workspace\BillHubTest\src\main\java\com\billhub\qa\testdata\BillHubTestdata.xlsx (The process cannot access the file because it is being used by another process)
12:39:16.562 [main] ERROR com.billhub.qa.base.TestBase - FileNotFoundException: C:\Users\nisha\eclipse-workspace\BillHubTest\src\main\java\com\billhub\qa\testdata\BillHubTestdata.xlsx (The process cannot access the file because it is being used by another process)
12:39:16.629 [main] ERROR com.billhub.qa.base.TestBase - FileNotFoundException: C:\Users\nisha\eclipse-workspace\BillHubTest\src\main\java\com\billhub\qa\testdata\BillHubTestdata.xlsx (The process cannot access the file because it is being used by another process)
12:39:16.696 [main] ERROR com.billhub.qa.base.TestBase - FileNotFoundException: C:\Users\nisha\eclipse-workspace\BillHubTest\src\main\java\com\billhub\qa\testdata\BillHubTestdata.xlsx (The process cannot access the file because it is being used by another process)
12:39:16.759 [main] ERROR com.billhub.qa.base.TestBase - FileNotFoundException: C:\Users\nisha\eclipse-workspace\BillHubTest\src\main\java\com\billhub\qa\testdata\BillHubTestdata.xlsx (The process cannot access the file because it is being used by another process)
12:39:16.818 [main] ERROR com.billhub.qa.base.TestBase - FileNotFoundException: C:\Users\nisha\eclipse-workspace\BillHubTest\src\main\java\com\billhub\qa\testdata\BillHubTestdata.xlsx (The process cannot access the file because it is being used by another process)
12:39:16.875 [main] ERROR com.billhub.qa.base.TestBase - FileNotFoundException: C:\Users\nisha\eclipse-workspace\BillHubTest\src\main\java\com\billhub\qa\testdata\BillHubTestdata.xlsx (The process cannot access the file because it is being used by another process)
12:39:16.924 [main] ERROR com.billhub.qa.base.TestBase - FileNotFoundException: C:\Users\nisha\eclipse-workspace\BillHubTest\src\main\java\com\billhub\qa\testdata\BillHubTestdata.xlsx (The process cannot access the file because it is being used by another process)
12:39:16.977 [main] ERROR com.billhub.qa.base.TestBase - FileNotFoundException: C:\Users\nisha\eclipse-workspace\BillHubTest\src\main\java\com\billhub\qa\testdata\BillHubTestdata.xlsx (The process cannot access the file because it is being used by another process)
12:39:17.025 [main] ERROR com.billhub.qa.base.TestBase - FileNotFoundException: C:\Users\nisha\eclipse-workspace\BillHubTest\src\main\java\com\billhub\qa\testdata\BillHubTestdata.xlsx (The process cannot access the file because it is being used by another process)
12:39:17.073 [main] ERROR com.billhub.qa.base.TestBase - FileNotFoundException: C:\Users\nisha\eclipse-workspace\BillHubTest\src\main\java\com\billhub\qa\testdata\BillHubTestdata.xlsx (The process cannot access the file because it is being used by another process)
12:39:17.120 [main] ERROR com.billhub.qa.base.TestBase - FileNotFoundException: C:\Users\nisha\eclipse-workspace\BillHubTest\src\main\java\com\billhub\qa\testdata\BillHubTestdata.xlsx (The process cannot access the file because it is being used by another process)
12:39:17.168 [main] ERROR com.billhub.qa.base.TestBase - FileNotFoundException: C:\Users\nisha\eclipse-workspace\BillHubTest\src\main\java\com\billhub\qa\testdata\BillHubTestdata.xlsx (The process cannot access the file because it is being used by another process)
12:39:17.214 [main] ERROR com.billhub.qa.base.TestBase - FileNotFoundException: C:\Users\nisha\eclipse-workspace\BillHubTest\src\main\java\com\billhub\qa\testdata\BillHubTestdata.xlsx (The process cannot access the file because it is being used by another process)
12:39:17.256 [main] ERROR com.billhub.qa.base.TestBase - FileNotFoundException: C:\Users\nisha\eclipse-workspace\BillHubTest\src\main\java\com\billhub\qa\testdata\BillHubTestdata.xlsx (The process cannot access the file because it is being used by another process)
12:39:17.308 [main] ERROR com.billhub.qa.base.TestBase - FileNotFoundException: C:\Users\nisha\eclipse-workspace\BillHubTest\src\main\java\com\billhub\qa\testdata\BillHubTestdata.xlsx (The process cannot access the file because it is being used by another process)
12:39:17.362 [main] ERROR com.billhub.qa.base.TestBase - FileNotFoundException: C:\Users\nisha\eclipse-workspace\BillHubTest\src\main\java\com\billhub\qa\testdata\BillHubTestdata.xlsx (The process cannot access the file because it is being used by another process)
12:39:17.413 [main] ERROR com.billhub.qa.base.TestBase - FileNotFoundException: C:\Users\nisha\eclipse-workspace\BillHubTest\src\main\java\com\billhub\qa\testdata\BillHubTestdata.xlsx (The process cannot access the file because it is being used by another process)
12:39:17.457 [main] ERROR com.billhub.qa.base.TestBase - FileNotFoundException: C:\Users\nisha\eclipse-workspace\BillHubTest\src\main\java\com\billhub\qa\testdata\BillHubTestdata.xlsx (The process cannot access the file because it is being used by another process)
12:39:17.503 [main] ERROR com.billhub.qa.base.TestBase - FileNotFoundException: C:\Users\nisha\eclipse-workspace\BillHubTest\src\main\java\com\billhub\qa\testdata\BillHubTestdata.xlsx (The process cannot access the file because it is being used by another process)
12:39:17.572 [main] ERROR com.billhub.qa.base.TestBase - FileNotFoundException: C:\Users\nisha\eclipse-workspace\BillHubTest\src\main\java\com\billhub\qa\testdata\BillHubTestdata.xlsx (The process cannot access the file because it is being used by another process)
12:39:17.614 [main] ERROR com.billhub.qa.base.TestBase - FileNotFoundException: C:\Users\nisha\eclipse-workspace\BillHubTest\src\main\java\com\billhub\qa\testdata\BillHubTestdata.xlsx (The process cannot access the file because it is being used by another process)
12:39:17.658 [main] ERROR com.billhub.qa.base.TestBase - FileNotFoundException: C:\Users\nisha\eclipse-workspace\BillHubTest\src\main\java\com\billhub\qa\testdata\BillHubTestdata.xlsx (The process cannot access the file because it is being used by another process)
12:39:17.694 [main] ERROR com.billhub.qa.base.TestBase - FileNotFoundException: C:\Users\nisha\eclipse-workspace\BillHubTest\src\main\java\com\billhub\qa\testdata\BillHubTestdata.xlsx (The process cannot access the file because it is being used by another process)
12:39:17.757 [main] INFO  com.billhub.qa.base.TestBase - Waiting for element invisibility: By.className: modal-container
13:11:27.167 [main] INFO  com.billhub.qa.base.TestBase - Waiting for element invisibility: By.className: modal-container
13:11:42.396 [main] INFO  com.billhub.qa.base.TestBase - Waiting for element visibility: By.xpath: /html/body/app-root/app-layout/div[1]/main/div/div/app-dashboard/div/div[1]/div[2]/div/typeahead-container/button
13:11:44.546 [main] INFO  com.billhub.qa.base.TestBase - Waiting for element invisibility: By.className: modal-container
13:12:03.339 [main] INFO  com.billhub.qa.base.TestBase - Waiting for element invisibility: By.className: modal-container
13:12:18.766 [main] INFO  com.billhub.qa.base.TestBase - Waiting for element invisibility: By.className: modal-container
13:12:34.173 [main] INFO  com.billhub.qa.base.TestBase - Waiting for element invisibility: By.className: modal-container
13:13:59.754 [main] INFO  com.billhub.qa.base.TestBase - Waiting for element visibility: By.xpath: /html/body/app-root/app-layout/div[1]/main/div/div/app-dashboard/div/div[1]/div[2]/div/typeahead-container/button
13:14:00.461 [main] INFO  com.billhub.qa.base.TestBase - Waiting for element invisibility: By.className: modal-container
13:14:15.587 [main] INFO  com.billhub.qa.base.TestBase - Waiting for element invisibility: By.className: modal-container
13:14:30.970 [main] INFO  com.billhub.qa.base.TestBase - Waiting for element invisibility: By.className: modal-container
13:14:46.134 [main] INFO  com.billhub.qa.base.TestBase - Checking if success toast is displayed for message: Invoice verified and simulate successfully
13:36:08.265 [main] INFO  com.billhub.qa.base.TestBase - Waiting for element invisibility: By.className: modal-container
13:36:23.320 [main] INFO  com.billhub.qa.base.TestBase - Waiting for web element to be clickable: [[ChromeDriver: chrome on windows (0039878dc559d30896e2215f308853b5)] -> xpath: //button[@class='btn btn-link']]
13:36:23.468 [main] INFO  com.billhub.qa.base.TestBase - Waiting for web element to be clickable: [[ChromeDriver: chrome on windows (0039878dc559d30896e2215f308853b5)] -> xpath: //*[@id="sidebar"]/div[1]/perfect-scrollbar/div/div[1]/div[2]/ul/li[3]/a]
13:36:23.618 [main] INFO  com.billhub.qa.base.TestBase - Waiting for web element to be clickable: [[ChromeDriver: chrome on windows (0039878dc559d30896e2215f308853b5)] -> xpath: //a[normalize-space()='Approve invoice for Booking']]
13:36:25.080 [main] INFO  com.billhub.qa.base.TestBase - Waiting for element invisibility: By.className: modal-container
13:39:49.428 [main] INFO  com.billhub.qa.base.TestBase - Waiting for element invisibility: By.className: modal-container
13:40:04.475 [main] INFO  com.billhub.qa.base.TestBase - Waiting for web element to be clickable: [[ChromeDriver: chrome on windows (ff20f66ccb2808a09211ec03f9b9df27)] -> xpath: //button[@class='btn btn-link']]
13:40:04.609 [main] INFO  com.billhub.qa.base.TestBase - Waiting for web element to be clickable: [[ChromeDriver: chrome on windows (ff20f66ccb2808a09211ec03f9b9df27)] -> xpath: //*[@id="sidebar"]/div[1]/perfect-scrollbar/div/div[1]/div[2]/ul/li[3]/a]
13:40:05.274 [main] INFO  com.billhub.qa.base.TestBase - Waiting for web element to be clickable: [[ChromeDriver: chrome on windows (ff20f66ccb2808a09211ec03f9b9df27)] -> xpath: //a[normalize-space()='Approve invoice for Booking']]
