18:14:17.038 [main] INFO  com.billhub.qa.base.TestBase - Checking if success toast is displayed for message: Reason Added successfully
18:14:17.083 [main] INFO  com.billhub.qa.base.TestBase - Waiting for element invisibility: By.className: loader
18:14:17.113 [main] INFO  com.billhub.qa.base.TestBase - Waiting for toast to disappear
18:14:20.425 [main] INFO  com.billhub.qa.base.TestBase - Waiting for element invisibility: By.className: loader
18:14:20.869 [main] INFO  com.billhub.qa.base.TestBase - Waiting for element invisibility: By.className: loader
18:14:21.427 [main] INFO  com.billhub.qa.base.TestBase - Checking if success toast is displayed for message: Reason Added successfully
18:14:41.483 [main] ERROR com.billhub.qa.base.TestBase - TimeoutException: Success toast not displayed for message - Reason Added successfully
18:14:41.488 [main] INFO  com.billhub.qa.base.TestBase - Waiting for element invisibility: By.className: loader
18:14:41.514 [main] INFO  com.billhub.qa.base.TestBase - Waiting for toast to disappear
18:14:41.604 [main] INFO  com.billhub.qa.base.TestBase - Waiting for element invisibility: By.className: loader
18:14:41.965 [main] INFO  com.billhub.qa.base.TestBase - Waiting for element invisibility: By.className: loader
18:14:43.055 [main] INFO  com.billhub.qa.base.TestBase - Checking if success toast is displayed for message: Reason Added successfully
18:15:03.113 [main] ERROR com.billhub.qa.base.TestBase - TimeoutException: Success toast not displayed for message - Reason Added successfully
18:15:03.116 [main] INFO  com.billhub.qa.base.TestBase - Waiting for element invisibility: By.className: loader
18:15:03.145 [main] INFO  com.billhub.qa.base.TestBase - Waiting for toast to disappear
18:15:03.226 [main] INFO  com.billhub.qa.base.TestBase - Waiting for element invisibility: By.className: loader
18:15:04.392 [main] INFO  com.billhub.qa.base.TestBase - Waiting for element invisibility: By.className: loader
18:15:04.949 [main] INFO  com.billhub.qa.base.TestBase - Checking if success toast is displayed for message: Reason Added successfully
18:15:05.200 [main] INFO  com.billhub.qa.base.TestBase - Waiting for element invisibility: By.className: loader
18:15:05.225 [main] INFO  com.billhub.qa.base.TestBase - Waiting for toast to disappear
18:15:07.938 [main] INFO  com.billhub.qa.base.TestBase - Waiting for element invisibility: By.className: loader
18:15:08.176 [main] INFO  com.billhub.qa.base.TestBase - Waiting for element invisibility: By.className: loader
18:15:08.841 [main] INFO  com.billhub.qa.base.TestBase - Waiting for element visibility: By.xpath: /html/body/modal-container/div/div/app-add-edit-reason/div[2]/div/div/form/div/div[2]/input
18:15:09.400 [main] INFO  com.billhub.qa.base.TestBase - Waiting for element visibility: By.xpath: //*[@id="type"]
18:15:09.622 [main] INFO  com.billhub.qa.base.TestBase - Checking if success toast is displayed for message: Reason updated successfully
18:15:09.839 [main] INFO  com.billhub.qa.base.TestBase - Waiting for element invisibility: By.className: loader
18:15:10.592 [main] INFO  com.billhub.qa.base.TestBase - Waiting for element invisibility: By.className: loader
18:15:11.169 [main] INFO  com.billhub.qa.base.TestBase - Waiting for element invisibility: By.className: loader
18:15:11.390 [main] INFO  com.billhub.qa.base.TestBase - Waiting for element invisibility: By.className: loader
18:15:43.181 [main] INFO  com.billhub.qa.base.TestBase - Waiting for element invisibility: By.className: modal-container
18:16:03.217 [main] INFO  com.billhub.qa.base.TestBase - Waiting for element invisibility: By.className: loader
18:16:03.268 [main] INFO  com.billhub.qa.base.TestBase - Waiting for web element to be clickable: [[ChromeDriver: chrome on windows (dfbd3e9e930e1928d0fea06de7e9d525)] -> xpath: //button[@class='btn btn-link']]
18:16:03.389 [main] INFO  com.billhub.qa.base.TestBase - Waiting for web element to be clickable: [[ChromeDriver: chrome on windows (dfbd3e9e930e1928d0fea06de7e9d525)] -> xpath: //span[normalize-space()='Master']]
18:16:04.209 [main] INFO  com.billhub.qa.base.TestBase - Waiting for web element to be clickable: [[ChromeDriver: chrome on windows (dfbd3e9e930e1928d0fea06de7e9d525)] -> link text: Role]
18:16:05.668 [main] INFO  com.billhub.qa.base.TestBase - Waiting for element invisibility: By.className: loader
18:16:05.695 [main] INFO  com.billhub.qa.base.TestBase - Waiting for toast to disappear
18:16:05.782 [main] INFO  com.billhub.qa.base.TestBase - Waiting for element invisibility: By.className: loader
18:16:06.315 [main] INFO  com.billhub.qa.base.TestBase - Checking if success toast is displayed for message: Role Added successfully
18:16:06.353 [main] INFO  com.billhub.qa.base.TestBase - Waiting for element invisibility: By.className: loader
18:16:06.922 [main] INFO  com.billhub.qa.base.TestBase - Waiting for element invisibility: By.className: loader
18:16:07.229 [main] INFO  com.billhub.qa.base.TestBase - Waiting for element invisibility: By.className: loader
18:16:07.829 [main] INFO  com.billhub.qa.base.TestBase - Waiting for element invisibility: By.className: loader
18:16:07.854 [main] INFO  com.billhub.qa.base.TestBase - Waiting for toast to disappear
18:16:10.054 [main] INFO  com.billhub.qa.base.TestBase - Waiting for element invisibility: By.className: loader
18:16:10.363 [main] INFO  com.billhub.qa.base.TestBase - Checking if success toast is displayed for message: Role Added successfully
18:16:30.425 [main] ERROR com.billhub.qa.base.TestBase - TimeoutException: Success toast not displayed for message - Role Added successfully
18:16:30.432 [main] INFO  com.billhub.qa.base.TestBase - Waiting for element invisibility: By.className: loader
18:16:30.459 [main] INFO  com.billhub.qa.base.TestBase - Waiting for toast to disappear
18:16:30.554 [main] INFO  com.billhub.qa.base.TestBase - Waiting for element invisibility: By.className: loader
18:16:30.825 [main] INFO  com.billhub.qa.base.TestBase - Checking if success toast is displayed for message: Role Added successfully
18:16:31.211 [main] INFO  com.billhub.qa.base.TestBase - Waiting for element invisibility: By.className: loader
18:16:31.235 [main] INFO  com.billhub.qa.base.TestBase - Waiting for toast to disappear
18:16:34.558 [main] INFO  com.billhub.qa.base.TestBase - Waiting for element invisibility: By.className: loader
18:16:34.815 [main] INFO  com.billhub.qa.base.TestBase - Checking if success toast is displayed for message: Kindly fill out all the mandatory fields
18:16:54.869 [main] ERROR com.billhub.qa.base.TestBase - TimeoutException: Success toast not displayed for message - Kindly fill out all the mandatory fields
18:16:54.873 [main] INFO  com.billhub.qa.base.TestBase - Waiting for element invisibility: By.className: loader
18:16:54.905 [main] INFO  com.billhub.qa.base.TestBase - Waiting for toast to disappear
18:16:54.927 [main] INFO  com.billhub.qa.base.TestBase - Waiting for element invisibility: By.className: loader
18:16:55.255 [main] INFO  com.billhub.qa.base.TestBase - Waiting for element invisibility: By.className: loader
18:16:55.923 [main] INFO  com.billhub.qa.base.TestBase - Waiting for element visibility: By.xpath: //div[@class='form-group has-float-label col-md-6']//input[@type='text']
18:16:56.656 [main] INFO  com.billhub.qa.base.TestBase - Checking if success toast is displayed for message: Role data updated successfully
18:16:56.883 [main] INFO  com.billhub.qa.base.TestBase - Waiting for element invisibility: By.className: loader
18:16:57.601 [main] INFO  com.billhub.qa.base.TestBase - Waiting for element invisibility: By.className: loader
18:16:58.184 [main] INFO  com.billhub.qa.base.TestBase - Waiting for element invisibility: By.className: loader
18:16:58.462 [main] INFO  com.billhub.qa.base.TestBase - Waiting for element invisibility: By.className: loader
18:17:34.108 [main] INFO  com.billhub.qa.base.TestBase - Waiting for element invisibility: By.className: modal-container
18:17:54.156 [main] INFO  com.billhub.qa.base.TestBase - Waiting for element invisibility: By.className: loader
18:17:54.217 [main] INFO  com.billhub.qa.base.TestBase - Waiting for web element to be clickable: [[ChromeDriver: chrome on windows (5ea3cf839a179be9fee28f070b527b95)] -> xpath: //*[@id="main"]/main/div/div/app-dashboard/div/div[1]/div[2]/button[2]]
18:17:54.470 [main] INFO  com.billhub.qa.base.TestBase - Waiting for web element to be clickable: [[ChromeDriver: chrome on windows (5ea3cf839a179be9fee28f070b527b95)] -> xpath: //span[normalize-space()='Create Memo']]
18:17:57.179 [main] INFO  com.billhub.qa.base.TestBase - Waiting for element invisibility: By.className: loader
18:18:40.023 [main] INFO  com.billhub.qa.base.TestBase - Waiting for element invisibility: By.className: modal-container
18:19:00.084 [main] INFO  com.billhub.qa.base.TestBase - Waiting for element invisibility: By.className: loader
18:19:00.145 [main] INFO  com.billhub.qa.base.TestBase - Waiting for web element to be clickable: [[ChromeDriver: chrome on windows (0bb60890c7df465e9066d1ff1475c90b)] -> xpath: //*[@id="main"]/main/div/div/app-dashboard/div/div[1]/div[2]/button[2]]
18:19:00.403 [main] INFO  com.billhub.qa.base.TestBase - Waiting for web element to be clickable: [[ChromeDriver: chrome on windows (0bb60890c7df465e9066d1ff1475c90b)] -> xpath: //span[normalize-space()='Create Memo']]
18:19:03.260 [main] INFO  com.billhub.qa.base.TestBase - Waiting for element invisibility: By.className: loader
18:19:03.739 [main] INFO  com.billhub.qa.base.TestBase - Waiting for element invisibility: By.className: loader
18:19:03.840 [main] INFO  com.billhub.qa.base.TestBase - Waiting for element invisibility: By.className: loader
18:19:04.830 [main] INFO  com.billhub.qa.base.TestBase - Waiting for element invisibility: By.className: loader
18:19:04.917 [main] INFO  com.billhub.qa.base.TestBase - Waiting for element invisibility: By.className: loader
18:19:05.904 [main] INFO  com.billhub.qa.base.TestBase - Waiting for element invisibility: By.className: loader
18:19:05.994 [main] INFO  com.billhub.qa.base.TestBase - Waiting for element invisibility: By.className: loader
