16:18:37.934 [main] INFO  com.billhub.qa.base.TestBase - Waiting for element invisibility: By.className: loader
16:18:38.022 [main] INFO  com.billhub.qa.base.TestBase - Waiting for web element to be clickable: [[ChromeDriver: chrome on windows (d232827624de70878580f22e4559d2e7)] -> xpath: //*[@id="main"]/main/div/div/app-dashboard/div/div[1]/div[2]/button[2]]
16:18:38.891 [main] INFO  com.billhub.qa.base.TestBase - Waiting for web element to be clickable: [[ChromeDriver: chrome on windows (d232827624de70878580f22e4559d2e7)] -> xpath: //span[normalize-space()='Create Memo']]
16:18:39.804 [main] INFO  com.billhub.qa.base.TestBase - Waiting for element invisibility: By.className: loader
16:18:45.205 [main] INFO  com.billhub.qa.base.TestBase - Waiting for element invisibility: By.className: loader
16:18:45.440 [main] INFO  com.billhub.qa.base.TestBase - Waiting for element invisibility: By.className: loader
16:18:46.487 [main] INFO  com.billhub.qa.base.TestBase - Waiting for element invisibility: By.className: loader
16:18:52.130 [main] INFO  com.billhub.qa.base.TestBase - Waiting for web element to be clickable: [[ChromeDriver: chrome on windows (d232827624de70878580f22e4559d2e7)] -> xpath: //button[normalize-space()='Done']]
16:18:53.080 [main] INFO  com.billhub.qa.base.TestBase - Waiting for element invisibility: By.className: loader
16:18:53.741 [main] INFO  com.billhub.qa.base.TestBase - Waiting for element invisibility: By.className: loader
16:18:54.457 [main] INFO  com.billhub.qa.base.TestBase - Waiting for element invisibility: By.className: loader
16:18:55.190 [main] INFO  com.billhub.qa.base.TestBase - Waiting for element invisibility: By.className: loader
16:18:55.806 [main] INFO  com.billhub.qa.base.TestBase - Waiting for web element to be clickable: [[ChromeDriver: chrome on windows (d232827624de70878580f22e4559d2e7)] -> xpath: //tbody/tr[1]/td[1]]
16:18:56.204 [main] INFO  com.billhub.qa.base.TestBase - Waiting for web element to be clickable: [[ChromeDriver: chrome on windows (d232827624de70878580f22e4559d2e7)] -> xpath: //button[normalize-space()='SAVE']]
16:18:56.980 [main] INFO  com.billhub.qa.base.TestBase - Waiting for element invisibility: By.className: loader
16:18:58.208 [main] INFO  com.billhub.qa.base.TestBase - Waiting for element invisibility: By.className: loader
16:18:58.877 [main] INFO  com.billhub.qa.base.TestBase - Waiting for element invisibility: By.className: loader
16:18:58.896 [main] INFO  com.billhub.qa.base.TestBase - Waiting for toast to disappear
16:19:01.218 [main] INFO  com.billhub.qa.base.TestBase - Waiting for element visibility: By.xpath: //*[@id="main"]/main/div/div/app-memo-list/div/div/div[2]/div/form/div/div[6]/button
16:19:01.277 [main] INFO  com.billhub.qa.base.TestBase - Waiting for element invisibility: By.className: loader
16:19:01.928 [main] INFO  com.billhub.qa.base.TestBase - Waiting for element visibility: By.xpath: /html/body/modal-container/div/div/app-memo-submit-confirm/div[3]/div/div[2]/button
16:19:02.523 [main] INFO  com.billhub.qa.base.TestBase - Waiting for element invisibility: By.className: loader
16:19:02.565 [main] INFO  com.billhub.qa.base.TestBase - Waiting for web element to be clickable: [[ChromeDriver: chrome on windows (d232827624de70878580f22e4559d2e7)] -> xpath: /html/body/modal-container/div/div/app-memo-submit-confirm/div[3]/div/div[2]/button]
16:19:02.627 [main] INFO  com.billhub.qa.base.TestBase - Waiting for element invisibility: By.className: loader
16:19:09.713 [main] INFO  com.billhub.qa.base.TestBase - Waiting for element invisibility: By.className: modal-container
16:19:29.827 [main] INFO  com.billhub.qa.base.TestBase - Waiting for element invisibility: By.className: loader-overlay
16:19:30.358 [main] INFO  com.billhub.qa.base.TestBase - Waiting for element invisibility: By.className: loader-overlay
16:19:30.698 [main] INFO  com.billhub.qa.base.TestBase - Waiting for element invisibility: By.className: loader-overlay
16:19:31.532 [main] INFO  com.billhub.qa.base.TestBase - Waiting for element visibility: By.xpath: /html/body/app-root/app-layout/div[1]/main/div/div/app-dashboard/div/div[1]/div[2]/div/typeahead-container/button
16:19:32.119 [main] INFO  com.billhub.qa.base.TestBase - Waiting for element invisibility: By.className: loader-overlay
16:19:34.424 [main] INFO  com.billhub.qa.base.TestBase - Waiting for web element to be clickable: [[ChromeDriver: chrome on windows (fdc18c82c6be88634a087d97e1ccbc94)] -> xpath: //button[@class='btn btn-link']]
16:19:35.201 [main] INFO  com.billhub.qa.base.TestBase - Waiting for web element to be clickable: [[ChromeDriver: chrome on windows (fdc18c82c6be88634a087d97e1ccbc94)] -> xpath: //span[normalize-space()='Dashboard']]
16:19:35.959 [main] INFO  com.billhub.qa.base.TestBase - Waiting for element invisibility: By.className: loader
16:19:36.908 [main] INFO  com.billhub.qa.base.TestBase - Waiting for element invisibility: By.className: loader
16:19:37.618 [main] INFO  com.billhub.qa.base.TestBase - Waiting for element invisibility: By.className: loader-overlay
16:19:37.781 [main] INFO  com.billhub.qa.base.TestBase - Waiting for element visibility: By.xpath: /html/body/app-root/app-layout/div[1]/main/div/div/app-dashboard/div/div[1]/div[2]/div/typeahead-container/button
16:19:38.282 [main] INFO  com.billhub.qa.base.TestBase - Waiting for element invisibility: By.className: model-container
16:19:58.407 [main] INFO  com.billhub.qa.base.TestBase - Waiting for element invisibility: By.className: loader
16:19:59.617 [main] INFO  com.billhub.qa.base.TestBase - Waiting for element invisibility: By.className: loader
16:20:01.981 [main] INFO  com.billhub.qa.base.TestBase - Waiting for element invisibility: By.className: loader
16:20:02.651 [main] INFO  com.billhub.qa.base.TestBase - Waiting for element invisibility: By.className: loader
16:20:02.943 [main] INFO  com.billhub.qa.base.TestBase - Waiting for element invisibility: By.className: loader
16:20:03.078 [main] INFO  com.billhub.qa.base.TestBase - Checking if success toast is displayed for message: Invoice verified and simulate successfully
16:20:04.573 [main] INFO  com.billhub.qa.base.TestBase - Waiting for web element to be clickable: [[ChromeDriver: chrome on windows (fdc18c82c6be88634a087d97e1ccbc94)] -> xpath: //span[normalize-space()='Dashboard']]
16:20:04.955 [main] INFO  com.billhub.qa.base.TestBase - Waiting for element invisibility: By.className: loader
16:20:06.865 [main] INFO  com.billhub.qa.base.TestBase - Waiting for web element to be clickable: [[ChromeDriver: chrome on windows (fdc18c82c6be88634a087d97e1ccbc94)] -> xpath: //span[normalize-space()='Dashboard']]
16:20:07.039 [main] INFO  com.billhub.qa.base.TestBase - Waiting for element invisibility: By.className: loader
16:20:07.112 [main] INFO  com.billhub.qa.base.TestBase - Waiting for web element to be clickable: [[ChromeDriver: chrome on windows (fdc18c82c6be88634a087d97e1ccbc94)] -> xpath: //*[@id="sidebar"]/div[1]/perfect-scrollbar/div/div[1]/div[2]/ul/li[3]/a]
16:20:07.338 [main] INFO  com.billhub.qa.base.TestBase - Waiting for web element to be clickable: [[ChromeDriver: chrome on windows (fdc18c82c6be88634a087d97e1ccbc94)] -> xpath: //a[normalize-space()='Approve invoice for Booking']]
16:20:07.936 [main] INFO  com.billhub.qa.base.TestBase - Waiting for element invisibility: By.className: loader
16:20:09.205 [main] INFO  com.billhub.qa.base.TestBase - Waiting for web element to be clickable: [[ChromeDriver: chrome on windows (fdc18c82c6be88634a087d97e1ccbc94)] -> xpath: /html/body/modal-container/div/div/app-book-invoice-confirm/div[3]/div/div[2]/button]
16:20:10.931 [main] INFO  com.billhub.qa.base.TestBase - Waiting for element to be clickable: By.xpath: /html/body/modal-container/div/div/app-notify-dialog/div[1]/button
16:20:11.002 [main] INFO  com.billhub.qa.base.TestBase - Waiting for web element to be clickable: [[ChromeDriver: chrome on windows (fdc18c82c6be88634a087d97e1ccbc94)] -> xpath: //*[@id="sidebar"]/div[1]/perfect-scrollbar/div/div[1]/div[2]/ul/li[3]/a]
16:20:11.829 [main] INFO  com.billhub.qa.base.TestBase - Waiting for web element to be clickable: [[ChromeDriver: chrome on windows (fdc18c82c6be88634a087d97e1ccbc94)] -> xpath: //a[normalize-space()='Review Invoice Posting']]
16:20:12.642 [main] INFO  com.billhub.qa.base.TestBase - Waiting for element visibility: By.xpath: /html/body/app-root/app-layout/div[1]/main/div/div/app-search-batch/div/div/div[1]/div[2]/div/div/typeahead-container/button/span/strong
16:20:14.674 [main] INFO  com.billhub.qa.base.TestBase - Waiting for element invisibility: By.className: loader
16:20:14.732 [main] INFO  com.billhub.qa.base.TestBase - Waiting for web element to be clickable: [[ChromeDriver: chrome on windows (fdc18c82c6be88634a087d97e1ccbc94)] -> xpath: //span[normalize-space()='Dashboard']]
16:20:14.907 [main] INFO  com.billhub.qa.base.TestBase - Waiting for element invisibility: By.className: loader
16:20:17.474 [main] INFO  com.billhub.qa.base.TestBase - Waiting for element invisibility: By.className: loader
16:20:18.132 [main] INFO  com.billhub.qa.base.TestBase - Waiting for element visibility: By.xpath: /html/body/modal-container/div/div/app-invoice-info-popup/div[2]/div[1]/div/div/div[1]/div/div[2]/div/b
16:20:18.755 [main] INFO  com.billhub.qa.base.TestBase - Waiting for element visibility: By.xpath: /html/body/modal-container/div/div/app-invoice-info-popup/div[2]/div[1]/div/div/div[2]/div[3]/div[4]/div[2]
16:21:12.663 [main] INFO  com.billhub.qa.base.TestBase - Waiting for element invisibility: By.className: modal-container
16:21:32.882 [main] INFO  com.billhub.qa.base.TestBase - Waiting for element invisibility: By.className: loader
16:21:32.943 [main] INFO  com.billhub.qa.base.TestBase - Waiting for element invisibility: By.className: loader
16:21:33.133 [main] INFO  com.billhub.qa.base.TestBase - Waiting for element invisibility: By.className: loader
16:21:33.465 [main] INFO  com.billhub.qa.base.TestBase - Waiting for web element to be clickable: [[ChromeDriver: chrome on windows (c32e449908617de7e9bd981ea4fbf582)] -> xpath: //*[@id="main"]/main/div/div/app-account/div/div/div[2]/div/div/div[1]/div/ul/li/form/div[1]/ngx-select-dropdown/div/div/ul[2]/li]
