16:47:37.481 [main] INFO  com.billhub.qa.base.TestBase - Waiting for web element to be clickable: [[ChromeDriver: chrome on windows (ae889ae1bcae3d39a347f24af093cc83)] -> xpath: //button[normalize-space()='Done']]
16:47:37.823 [main] INFO  com.billhub.qa.base.TestBase - Waiting for web element to be clickable: [[ChromeDriver: chrome on windows (ae889ae1bcae3d39a347f24af093cc83)] -> xpath: //button[normalize-space()='SAVE']]
16:47:38.640 [main] INFO  com.billhub.qa.base.TestBase - Waiting for element invisibility: By.className: modal-container
16:47:53.867 [main] INFO  com.billhub.qa.base.TestBase - Waiting for element invisibility: By.className: modal-container
16:48:09.646 [main] INFO  com.billhub.qa.base.TestBase - Waiting for element invisibility: By.className: modal-container
16:48:24.759 [main] INFO  com.billhub.qa.base.TestBase - Waiting for web element to be clickable: [[ChromeDriver: chrome on windows (ae889ae1bcae3d39a347f24af093cc83)] -> xpath: //button[normalize-space()='Done']]
16:48:24.976 [main] INFO  com.billhub.qa.base.TestBase - Waiting for web element to be clickable: [[ChromeDriver: chrome on windows (ae889ae1bcae3d39a347f24af093cc83)] -> xpath: //button[normalize-space()='SAVE']]
16:48:25.818 [main] INFO  com.billhub.qa.base.TestBase - Waiting for element invisibility: By.className: modal-container
16:48:40.846 [main] INFO  com.billhub.qa.base.TestBase - Waiting for element invisibility: By.className: modal-container
16:48:56.256 [main] INFO  com.billhub.qa.base.TestBase - Waiting for element invisibility: By.className: modal-container
18:08:03.668 [main] INFO  com.billhub.qa.base.TestBase - Waiting for element invisibility: By.className: modal-container
18:08:18.839 [main] INFO  com.billhub.qa.base.TestBase - Waiting for web element to be clickable: [[ChromeDriver: chrome on windows (2b079bdac97ab7e4d999cf171eb601a3)] -> xpath: //button[@class='btn btn-primary ng-star-inserted']]
18:08:19.443 [main] INFO  com.billhub.qa.base.TestBase - Waiting for web element to be clickable: [[ChromeDriver: chrome on windows (2b079bdac97ab7e4d999cf171eb601a3)] -> xpath: //span[normalize-space()='Create Memo']]
18:08:21.089 [main] INFO  com.billhub.qa.base.TestBase - Waiting for element invisibility: By.className: modal-container
18:15:54.242 [main] INFO  com.billhub.qa.base.TestBase - Waiting for element invisibility: By.className: modal-container
18:16:09.404 [main] INFO  com.billhub.qa.base.TestBase - Waiting for web element to be clickable: [[ChromeDriver: chrome on windows (70d2c1c0fcad0897552c4b205f4ef13a)] -> xpath: //button[@class='btn btn-primary ng-star-inserted']]
18:16:10.018 [main] INFO  com.billhub.qa.base.TestBase - Waiting for web element to be clickable: [[ChromeDriver: chrome on windows (70d2c1c0fcad0897552c4b205f4ef13a)] -> xpath: //span[normalize-space()='Create Memo']]
18:16:11.600 [main] INFO  com.billhub.qa.base.TestBase - Waiting for element invisibility: By.className: modal-container
18:16:26.852 [main] INFO  com.billhub.qa.base.TestBase - Waiting for element invisibility: By.className: modal-container
18:16:42.164 [main] INFO  com.billhub.qa.base.TestBase - Waiting for element invisibility: By.className: modal-container
18:16:57.769 [main] INFO  com.billhub.qa.base.TestBase - Waiting for element invisibility: By.className: modal-container
18:17:12.908 [main] INFO  com.billhub.qa.base.TestBase - Waiting for web element to be clickable: [[ChromeDriver: chrome on windows (70d2c1c0fcad0897552c4b205f4ef13a)] -> xpath: //body[1]/modal-container[1]/div[1]/div[1]/app-add-lr-popup[1]/div[2]/div[2]/div[1]/table[1]/tbody[1]/tr[1]/td[1]]
18:17:13.522 [main] INFO  com.billhub.qa.base.TestBase - Waiting for element invisibility: By.className: modal-container
18:17:28.766 [main] INFO  com.billhub.qa.base.TestBase - Waiting for element visibility: By.cssSelector: .btn.btn-warning.btn-acknowledge
18:17:29.124 [main] INFO  com.billhub.qa.base.TestBase - Waiting for web element to be clickable: [[ChromeDriver: chrome on windows (70d2c1c0fcad0897552c4b205f4ef13a)] -> css selector: .btn.btn-warning.btn-acknowledge]
18:17:29.300 [main] INFO  com.billhub.qa.base.TestBase - Waiting for element invisibility: By.className: modal-container
18:17:39.075 [main] INFO  com.billhub.qa.base.TestBase - Waiting for element invisibility: By.className: modal-container
18:18:32.689 [main] INFO  com.billhub.qa.base.TestBase - Waiting for element invisibility: By.className: modal-container
18:18:47.842 [main] INFO  com.billhub.qa.base.TestBase - Waiting for web element to be clickable: [[ChromeDriver: chrome on windows (04353ddefe73dbffa62d661a1adc67f6)] -> xpath: //button[@class='btn btn-primary ng-star-inserted']]
18:18:48.551 [main] INFO  com.billhub.qa.base.TestBase - Waiting for web element to be clickable: [[ChromeDriver: chrome on windows (04353ddefe73dbffa62d661a1adc67f6)] -> xpath: //span[normalize-space()='Create Memo']]
18:18:50.090 [main] INFO  com.billhub.qa.base.TestBase - Waiting for element invisibility: By.className: modal-container
18:19:05.405 [main] INFO  com.billhub.qa.base.TestBase - Waiting for element invisibility: By.className: modal-container
18:19:20.678 [main] INFO  com.billhub.qa.base.TestBase - Waiting for element invisibility: By.className: modal-container
18:19:36.170 [main] INFO  com.billhub.qa.base.TestBase - Waiting for element invisibility: By.className: modal-container
18:19:51.278 [main] INFO  com.billhub.qa.base.TestBase - Waiting for web element to be clickable: [[ChromeDriver: chrome on windows (04353ddefe73dbffa62d661a1adc67f6)] -> xpath: //body[1]/modal-container[1]/div[1]/div[1]/app-add-lr-popup[1]/div[2]/div[2]/div[1]/table[1]/tbody[1]/tr[1]/td[1]]
18:19:51.829 [main] INFO  com.billhub.qa.base.TestBase - Waiting for element invisibility: By.className: modal-container
18:20:07.078 [main] INFO  com.billhub.qa.base.TestBase - Waiting for element visibility: By.cssSelector: .btn.btn-warning.btn-acknowledge
18:20:07.421 [main] INFO  com.billhub.qa.base.TestBase - Waiting for web element to be clickable: [[ChromeDriver: chrome on windows (04353ddefe73dbffa62d661a1adc67f6)] -> css selector: .btn.btn-warning.btn-acknowledge]
18:20:07.625 [main] INFO  com.billhub.qa.base.TestBase - Waiting for element invisibility: By.className: modal-container
18:20:24.540 [main] INFO  com.billhub.qa.base.TestBase - Waiting for web element to be clickable: [[ChromeDriver: chrome on windows (04353ddefe73dbffa62d661a1adc67f6)] -> xpath: //button[normalize-space()='SAVE']]
18:20:25.257 [main] INFO  com.billhub.qa.base.TestBase - Waiting for element invisibility: By.className: modal-container
18:20:40.891 [main] INFO  com.billhub.qa.base.TestBase - Waiting for element invisibility: By.className: modal-container
18:20:56.032 [main] INFO  com.billhub.qa.base.TestBase - Waiting for web element to be clickable: [[ChromeDriver: chrome on windows (04353ddefe73dbffa62d661a1adc67f6)] -> xpath: //button[normalize-space()='Done']]
18:20:56.480 [main] INFO  com.billhub.qa.base.TestBase - Waiting for web element to be clickable: [[ChromeDriver: chrome on windows (04353ddefe73dbffa62d661a1adc67f6)] -> xpath: //button[normalize-space()='SAVE']]
18:20:57.323 [main] INFO  com.billhub.qa.base.TestBase - Waiting for element invisibility: By.className: modal-container
18:21:12.675 [main] INFO  com.billhub.qa.base.TestBase - Waiting for element invisibility: By.className: modal-container
18:21:28.008 [main] INFO  com.billhub.qa.base.TestBase - Waiting for element invisibility: By.className: modal-container
18:21:43.171 [main] INFO  com.billhub.qa.base.TestBase - Waiting for element invisibility: By.className: modal-container
18:21:58.546 [main] INFO  com.billhub.qa.base.TestBase - Waiting for element invisibility: By.className: modal-container
18:22:28.828 [main] INFO  com.billhub.qa.base.TestBase - Waiting for element invisibility: By.className: modal-container
18:22:43.953 [main] INFO  com.billhub.qa.base.TestBase - Waiting for web element to be clickable: [[ChromeDriver: chrome on windows (04353ddefe73dbffa62d661a1adc67f6)] -> xpath: //button[@class='btn btn-primary ng-star-inserted']]
18:22:44.595 [main] INFO  com.billhub.qa.base.TestBase - Waiting for web element to be clickable: [[ChromeDriver: chrome on windows (04353ddefe73dbffa62d661a1adc67f6)] -> xpath: //span[normalize-space()='Create Memo']]
18:22:46.090 [main] INFO  com.billhub.qa.base.TestBase - Waiting for element invisibility: By.className: modal-container
18:23:01.474 [main] INFO  com.billhub.qa.base.TestBase - Waiting for element invisibility: By.className: modal-container
18:23:16.803 [main] INFO  com.billhub.qa.base.TestBase - Waiting for element invisibility: By.className: modal-container
18:23:47.670 [main] INFO  com.billhub.qa.base.TestBase - Waiting for element invisibility: By.className: modal-container
18:24:02.796 [main] INFO  com.billhub.qa.base.TestBase - Waiting for web element to be clickable: [[ChromeDriver: chrome on windows (04353ddefe73dbffa62d661a1adc67f6)] -> xpath: //button[@class='btn btn-primary ng-star-inserted']]
18:24:04.110 [main] INFO  com.billhub.qa.base.TestBase - Waiting for element invisibility: By.className: modal-container
18:25:46.387 [main] INFO  com.billhub.qa.base.TestBase - Waiting for element invisibility: By.className: modal-container
18:26:01.482 [main] INFO  com.billhub.qa.base.TestBase - Waiting for web element to be clickable: [[ChromeDriver: chrome on windows (1b6b9442008fa8db9b0a763e06bc5a29)] -> xpath: //button[@class='btn btn-primary ng-star-inserted']]
18:26:02.083 [main] INFO  com.billhub.qa.base.TestBase - Waiting for web element to be clickable: [[ChromeDriver: chrome on windows (1b6b9442008fa8db9b0a763e06bc5a29)] -> xpath: //span[normalize-space()='Create Memo']]
18:26:03.328 [main] INFO  com.billhub.qa.base.TestBase - Waiting for element invisibility: By.className: modal-container
18:26:46.145 [main] INFO  com.billhub.qa.base.TestBase - Waiting for element invisibility: By.className: modal-container
18:27:01.321 [main] INFO  com.billhub.qa.base.TestBase - Waiting for web element to be clickable: [[ChromeDriver: chrome on windows (7aeee5bd07a1095b74af4103954bb4dc)] -> xpath: //button[@class='btn btn-primary ng-star-inserted']]
