16:52:30.899 [main] INFO  com.billhub.qa.base.TestBase - Waiting for element invisibility: By.className: modal-container
16:52:45.977 [main] INFO  com.billhub.qa.base.TestBase - Waiting for web element to be clickable: [[ChromeDriver: chrome on windows (4c98728f9d6b50a5be7147aeca16e56a)] -> xpath: //button[normalize-space()='Done']]
16:52:46.098 [main] INFO  com.billhub.qa.base.TestBase - Waiting for element invisibility: By.className: modal-container
16:53:01.223 [main] INFO  com.billhub.qa.base.TestBase - Waiting for element invisibility: By.className: modal-container
16:53:16.258 [main] INFO  com.billhub.qa.base.TestBase - Waiting for web element to be clickable: [[ChromeDriver: chrome on windows (4c98728f9d6b50a5be7147aeca16e56a)] -> xpath: /html/body/modal-container/div/div/app-add-po-popup/div[2]/div[2]/div[1]/table/tbody/tr/td[1]/div/input]
16:53:16.748 [main] INFO  com.billhub.qa.base.TestBase - Waiting for element invisibility: By.className: modal-container
16:53:31.789 [main] INFO  com.billhub.qa.base.TestBase - Waiting for web element to be clickable: [[ChromeDriver: chrome on windows (4c98728f9d6b50a5be7147aeca16e56a)] -> xpath: //button[normalize-space()='SAVE']]
16:53:31.908 [main] INFO  com.billhub.qa.base.TestBase - Waiting for element invisibility: By.className: modal-container
16:53:47.157 [main] INFO  com.billhub.qa.base.TestBase - Waiting for element invisibility: By.className: modal-container
16:54:02.909 [main] INFO  com.billhub.qa.base.TestBase - Waiting for element invisibility: By.className: modal-container
16:54:18.276 [main] INFO  com.billhub.qa.base.TestBase - Waiting for element invisibility: By.className: modal-container
16:54:33.321 [main] INFO  com.billhub.qa.base.TestBase - Waiting for web element to be clickable: [[ChromeDriver: chrome on windows (4c98728f9d6b50a5be7147aeca16e56a)] -> xpath: //button[normalize-space()='Done']]
16:54:33.448 [main] INFO  com.billhub.qa.base.TestBase - Waiting for element invisibility: By.className: modal-container
16:54:48.574 [main] INFO  com.billhub.qa.base.TestBase - Waiting for element invisibility: By.className: modal-container
16:55:03.645 [main] INFO  com.billhub.qa.base.TestBase - Waiting for web element to be clickable: [[ChromeDriver: chrome on windows (4c98728f9d6b50a5be7147aeca16e56a)] -> xpath: /html/body/modal-container/div/div/app-add-po-popup/div[2]/div[2]/div[1]/table/tbody/tr/td[1]/div/input]
16:55:04.124 [main] INFO  com.billhub.qa.base.TestBase - Waiting for element invisibility: By.className: modal-container
16:55:19.182 [main] INFO  com.billhub.qa.base.TestBase - Waiting for web element to be clickable: [[ChromeDriver: chrome on windows (4c98728f9d6b50a5be7147aeca16e56a)] -> xpath: //button[normalize-space()='SAVE']]
16:55:19.300 [main] INFO  com.billhub.qa.base.TestBase - Waiting for element invisibility: By.className: modal-container
16:55:34.577 [main] INFO  com.billhub.qa.base.TestBase - Waiting for element invisibility: By.className: modal-container
16:55:50.305 [main] INFO  com.billhub.qa.base.TestBase - Waiting for element invisibility: By.className: modal-container
16:56:05.689 [main] INFO  com.billhub.qa.base.TestBase - Waiting for element invisibility: By.className: modal-container
16:56:20.752 [main] INFO  com.billhub.qa.base.TestBase - Waiting for web element to be clickable: [[ChromeDriver: chrome on windows (4c98728f9d6b50a5be7147aeca16e56a)] -> xpath: //button[normalize-space()='Done']]
16:56:20.866 [main] INFO  com.billhub.qa.base.TestBase - Waiting for element invisibility: By.className: modal-container
16:56:36.008 [main] INFO  com.billhub.qa.base.TestBase - Waiting for element invisibility: By.className: modal-container
16:56:51.080 [main] INFO  com.billhub.qa.base.TestBase - Waiting for web element to be clickable: [[ChromeDriver: chrome on windows (4c98728f9d6b50a5be7147aeca16e56a)] -> xpath: /html/body/modal-container/div/div/app-add-po-popup/div[2]/div[2]/div[1]/table/tbody/tr/td[1]/div/input]
16:56:51.579 [main] INFO  com.billhub.qa.base.TestBase - Waiting for element invisibility: By.className: modal-container
16:57:06.611 [main] INFO  com.billhub.qa.base.TestBase - Waiting for web element to be clickable: [[ChromeDriver: chrome on windows (4c98728f9d6b50a5be7147aeca16e56a)] -> xpath: //button[normalize-space()='SAVE']]
16:57:06.724 [main] INFO  com.billhub.qa.base.TestBase - Waiting for element invisibility: By.className: modal-container
16:57:21.988 [main] INFO  com.billhub.qa.base.TestBase - Waiting for element invisibility: By.className: modal-container
16:57:37.709 [main] INFO  com.billhub.qa.base.TestBase - Waiting for element invisibility: By.className: modal-container
16:57:53.119 [main] INFO  com.billhub.qa.base.TestBase - Waiting for element invisibility: By.className: modal-container
16:58:08.176 [main] INFO  com.billhub.qa.base.TestBase - Waiting for web element to be clickable: [[ChromeDriver: chrome on windows (4c98728f9d6b50a5be7147aeca16e56a)] -> xpath: //button[normalize-space()='Done']]
16:58:08.299 [main] INFO  com.billhub.qa.base.TestBase - Waiting for element invisibility: By.className: modal-container
16:58:23.426 [main] INFO  com.billhub.qa.base.TestBase - Waiting for element invisibility: By.className: modal-container
16:58:38.491 [main] INFO  com.billhub.qa.base.TestBase - Waiting for web element to be clickable: [[ChromeDriver: chrome on windows (4c98728f9d6b50a5be7147aeca16e56a)] -> xpath: /html/body/modal-container/div/div/app-add-po-popup/div[2]/div[2]/div[1]/table/tbody/tr/td[1]/div/input]
16:58:38.977 [main] INFO  com.billhub.qa.base.TestBase - Waiting for element invisibility: By.className: modal-container
16:58:54.023 [main] INFO  com.billhub.qa.base.TestBase - Waiting for web element to be clickable: [[ChromeDriver: chrome on windows (4c98728f9d6b50a5be7147aeca16e56a)] -> xpath: //button[normalize-space()='SAVE']]
16:58:54.143 [main] INFO  com.billhub.qa.base.TestBase - Waiting for element invisibility: By.className: modal-container
16:59:09.360 [main] INFO  com.billhub.qa.base.TestBase - Waiting for element invisibility: By.className: modal-container
16:59:25.109 [main] INFO  com.billhub.qa.base.TestBase - Waiting for element invisibility: By.className: modal-container
08:18:51.650 [main] INFO  com.billhub.qa.base.TestBase - Waiting for element invisibility: By.className: modal-container
08:19:06.710 [main] INFO  com.billhub.qa.base.TestBase - Waiting for web element to be clickable: [[ChromeDriver: chrome on windows (93193e56a93b8d99f5604ee85cc8ec9f)] -> xpath: //button[@class='btn btn-primary ng-star-inserted']]
08:19:07.405 [main] INFO  com.billhub.qa.base.TestBase - Waiting for web element to be clickable: [[ChromeDriver: chrome on windows (93193e56a93b8d99f5604ee85cc8ec9f)] -> xpath: //span[normalize-space()='Create Memo']]
08:19:08.475 [main] INFO  com.billhub.qa.base.TestBase - Waiting for element invisibility: By.className: modal-container
08:20:03.459 [main] INFO  com.billhub.qa.base.TestBase - Waiting for element invisibility: By.className: modal-container
08:20:18.517 [main] INFO  com.billhub.qa.base.TestBase - Waiting for web element to be clickable: [[ChromeDriver: chrome on windows (082e67dd1809d2146b8bad63be2b0eb0)] -> xpath: //button[@class='btn btn-primary ng-star-inserted']]
08:20:18.779 [main] INFO  com.billhub.qa.base.TestBase - Waiting for web element to be clickable: [[ChromeDriver: chrome on windows (082e67dd1809d2146b8bad63be2b0eb0)] -> xpath: //span[normalize-space()='Create Memo']]
08:20:19.849 [main] INFO  com.billhub.qa.base.TestBase - Waiting for element invisibility: By.className: modal-container
08:25:57.427 [main] INFO  com.billhub.qa.base.TestBase - Waiting for element invisibility: By.className: modal-container
08:26:12.501 [main] INFO  com.billhub.qa.base.TestBase - Waiting for web element to be clickable: [[ChromeDriver: chrome on windows (d5b822a6e8d8eb0075f35c591aa6162a)] -> xpath: //button[@class='btn btn-primary ng-star-inserted']]
08:26:13.243 [main] INFO  com.billhub.qa.base.TestBase - Waiting for web element to be clickable: [[ChromeDriver: chrome on windows (d5b822a6e8d8eb0075f35c591aa6162a)] -> xpath: //span[normalize-space()='Create Memo']]
08:26:14.384 [main] INFO  com.billhub.qa.base.TestBase - Waiting for element invisibility: By.className: modal-container
08:27:12.618 [main] INFO  com.billhub.qa.base.TestBase - Waiting for element invisibility: By.className: modal-container
08:27:27.677 [main] INFO  com.billhub.qa.base.TestBase - Waiting for web element to be clickable: [[ChromeDriver: chrome on windows (ed9fc9ffa74094191971e77f918f1b24)] -> xpath: //button[@class='btn btn-primary ng-star-inserted']]
08:27:28.329 [main] INFO  com.billhub.qa.base.TestBase - Waiting for web element to be clickable: [[ChromeDriver: chrome on windows (ed9fc9ffa74094191971e77f918f1b24)] -> xpath: //span[normalize-space()='Create Memo']]
08:27:29.391 [main] INFO  com.billhub.qa.base.TestBase - Waiting for element invisibility: By.className: modal-container
08:27:45.183 [main] INFO  com.billhub.qa.base.TestBase - Checking if success toast is displayed for message: Invoice Number Exits Try Another.
08:28:00.200 [main] ERROR com.billhub.qa.base.TestBase - TimeoutException: Success toast not displayed for message - Invoice Number Exits Try Another.
08:28:38.866 [main] INFO  com.billhub.qa.base.TestBase - Waiting for element invisibility: By.className: modal-container
08:28:53.948 [main] INFO  com.billhub.qa.base.TestBase - Waiting for web element to be clickable: [[ChromeDriver: chrome on windows (7374abf2d170f32f3bf8b8f7d9b109a9)] -> xpath: //button[@class='btn btn-primary ng-star-inserted']]
08:28:54.346 [main] INFO  com.billhub.qa.base.TestBase - Waiting for web element to be clickable: [[ChromeDriver: chrome on windows (7374abf2d170f32f3bf8b8f7d9b109a9)] -> xpath: //span[normalize-space()='Create Memo']]
08:28:55.411 [main] INFO  com.billhub.qa.base.TestBase - Waiting for element invisibility: By.className: modal-container
08:29:11.174 [main] INFO  com.billhub.qa.base.TestBase - Checking if success toast is displayed for message: Invoice Number Exits try another
08:29:26.211 [main] ERROR com.billhub.qa.base.TestBase - TimeoutException: Success toast not displayed for message - Invoice Number Exits try another
