21:47:51.866 [main] INFO  com.billhub.qa.base.TestBase - Waiting for element invisibility: By.className: modal-container
21:48:06.904 [main] INFO  com.billhub.qa.base.TestBase - Waiting for web element to be clickable: [[ChromeDriver: chrome on windows (485c80d3e0588cbcc619e75389772d9b)] -> xpath: //button[normalize-space()='SAVE']]
11:33:58.205 [main] INFO  com.billhub.qa.base.TestBase - Waiting for element invisibility: By.className: modal-container
11:34:13.342 [main] INFO  com.billhub.qa.base.TestBase - Waiting for web element to be clickable: [[ChromeDriver: chrome on windows (7b22512c3d9b92e83cb89fc3f3db784e)] -> xpath: //button[@class='btn btn-primary ng-star-inserted']]
11:34:13.870 [main] INFO  com.billhub.qa.base.TestBase - Waiting for web element to be clickable: [[ChromeDriver: chrome on windows (7b22512c3d9b92e83cb89fc3f3db784e)] -> xpath: //span[normalize-space()='Create Memo']]
11:34:15.652 [main] INFO  com.billhub.qa.base.TestBase - Waiting for element invisibility: By.className: modal-container
11:34:58.335 [main] INFO  com.billhub.qa.base.TestBase - Waiting for element invisibility: By.className: modal-container
11:35:13.437 [main] INFO  com.billhub.qa.base.TestBase - Waiting for web element to be clickable: [[ChromeDriver: chrome on windows (5ba739d327478c637a8deb553a85b8e0)] -> xpath: //button[@class='btn btn-primary ng-star-inserted']]
11:35:26.369 [main] INFO  com.billhub.qa.base.TestBase - Waiting for web element to be clickable: Proxy element for: DefaultElementLocator 'By.xpath: //span[normalize-space()='Create Memo']'
11:35:56.692 [main] INFO  com.billhub.qa.base.TestBase - Waiting for element invisibility: By.className: modal-container
11:36:11.756 [main] INFO  com.billhub.qa.base.TestBase - Waiting for web element to be clickable: [[ChromeDriver: chrome on windows (bda03583a2e85ab2a7021a4176793ece)] -> xpath: //button[@class='btn btn-primary ng-star-inserted']]
11:36:12.088 [main] INFO  com.billhub.qa.base.TestBase - Waiting for web element to be clickable: [[ChromeDriver: chrome on windows (bda03583a2e85ab2a7021a4176793ece)] -> xpath: //span[normalize-space()='Create Memo']]
11:36:13.035 [main] INFO  com.billhub.qa.base.TestBase - Setting cell data in sheet: POBasedInvoice, row: 1, col: 0, data: TESTINV3392
11:36:13.349 [main] INFO  com.billhub.qa.base.TestBase - Setting cell data in sheet: POBasedInvoice, row: 1, col: 1, data: 1
11:36:13.484 [main] INFO  com.billhub.qa.base.TestBase - Setting cell data in sheet: POBasedInvoice, row: 1, col: 2, data: 0.18
11:36:13.605 [main] INFO  com.billhub.qa.base.TestBase - Setting cell data in sheet: POBasedInvoice, row: 2, col: 0, data: TESTINV1980
11:36:13.707 [main] INFO  com.billhub.qa.base.TestBase - Setting cell data in sheet: POBasedInvoice, row: 2, col: 1, data: 2
11:36:13.807 [main] INFO  com.billhub.qa.base.TestBase - Setting cell data in sheet: POBasedInvoice, row: 2, col: 2, data: 0.36
11:36:13.916 [main] INFO  com.billhub.qa.base.TestBase - Setting cell data in sheet: POBasedInvoice, row: 3, col: 0, data: TESTINV8734
11:36:14.016 [main] INFO  com.billhub.qa.base.TestBase - Setting cell data in sheet: POBasedInvoice, row: 3, col: 1, data: 7
11:36:14.101 [main] INFO  com.billhub.qa.base.TestBase - Setting cell data in sheet: POBasedInvoice, row: 3, col: 2, data: 1.26
11:36:14.178 [main] INFO  com.billhub.qa.base.TestBase - Setting cell data in sheet: POBasedInvoice, row: 4, col: 0, data: TESTINV8954
11:36:14.250 [main] INFO  com.billhub.qa.base.TestBase - Setting cell data in sheet: POBasedInvoice, row: 4, col: 1, data: 1
11:36:14.314 [main] INFO  com.billhub.qa.base.TestBase - Setting cell data in sheet: POBasedInvoice, row: 4, col: 2, data: 0.18
11:36:14.388 [main] INFO  com.billhub.qa.base.TestBase - Setting cell data in sheet: POBasedInvoice, row: 5, col: 0, data: TESTINV6558
11:36:14.470 [main] INFO  com.billhub.qa.base.TestBase - Setting cell data in sheet: POBasedInvoice, row: 5, col: 1, data: 1
11:36:14.536 [main] INFO  com.billhub.qa.base.TestBase - Setting cell data in sheet: POBasedInvoice, row: 5, col: 2, data: 0.18
11:36:14.600 [main] INFO  com.billhub.qa.base.TestBase - Setting cell data in sheet: POBasedInvoice, row: 6, col: 0, data: TESTINV3792
11:36:14.668 [main] INFO  com.billhub.qa.base.TestBase - Setting cell data in sheet: POBasedInvoice, row: 6, col: 1, data: 9
11:36:14.734 [main] INFO  com.billhub.qa.base.TestBase - Setting cell data in sheet: POBasedInvoice, row: 6, col: 2, data: 1.6199999999999999
11:36:14.803 [main] INFO  com.billhub.qa.base.TestBase - Setting cell data in sheet: POBasedInvoice, row: 7, col: 0, data: TESTINV2726
11:36:14.866 [main] INFO  com.billhub.qa.base.TestBase - Setting cell data in sheet: POBasedInvoice, row: 7, col: 1, data: 0
11:36:14.928 [main] INFO  com.billhub.qa.base.TestBase - Setting cell data in sheet: POBasedInvoice, row: 7, col: 2, data: 0.0
11:36:15.002 [main] INFO  com.billhub.qa.base.TestBase - Setting cell data in sheet: POBasedInvoice, row: 8, col: 0, data: TESTINV7735
11:36:15.072 [main] INFO  com.billhub.qa.base.TestBase - Setting cell data in sheet: POBasedInvoice, row: 8, col: 1, data: 9
11:36:15.134 [main] INFO  com.billhub.qa.base.TestBase - Setting cell data in sheet: POBasedInvoice, row: 8, col: 2, data: 1.6199999999999999
11:36:15.247 [main] INFO  com.billhub.qa.base.TestBase - Waiting for element invisibility: By.className: modal-container
11:59:00.225 [main] INFO  com.billhub.qa.base.TestBase - Waiting for element invisibility: By.className: modal-container
11:59:15.268 [main] INFO  com.billhub.qa.base.TestBase - Waiting for web element to be clickable: [[ChromeDriver: chrome on windows (b3f0bdd700c1d2a351a11df93419efad)] -> xpath: //button[@class='btn btn-primary ng-star-inserted']]
11:59:16.001 [main] INFO  com.billhub.qa.base.TestBase - Waiting for web element to be clickable: [[ChromeDriver: chrome on windows (b3f0bdd700c1d2a351a11df93419efad)] -> xpath: //span[normalize-space()='Create Memo']]
11:59:16.987 [main] INFO  com.billhub.qa.base.TestBase - Waiting for element invisibility: By.className: modal-container
11:59:52.639 [main] INFO  com.billhub.qa.base.TestBase - Waiting for element invisibility: By.className: modal-container
12:00:07.748 [main] INFO  com.billhub.qa.base.TestBase - Waiting for web element to be clickable: [[ChromeDriver: chrome on windows (118778d9a4b5369fa3b4fbd8c02b291b)] -> xpath: //button[@class='btn btn-primary ng-star-inserted']]
12:00:13.385 [main] INFO  com.billhub.qa.base.TestBase - Waiting for web element to be clickable: Proxy element for: DefaultElementLocator 'By.xpath: //span[normalize-space()='Create Memo']'
12:00:45.127 [main] INFO  com.billhub.qa.base.TestBase - Waiting for element invisibility: By.className: modal-container
12:01:00.213 [main] INFO  com.billhub.qa.base.TestBase - Waiting for web element to be clickable: [[ChromeDriver: chrome on windows (00eb34968d2bf4f97833744a7f0e39fa)] -> xpath: //button[@class='btn btn-primary ng-star-inserted']]
12:01:00.661 [main] INFO  com.billhub.qa.base.TestBase - Waiting for web element to be clickable: [[ChromeDriver: chrome on windows (00eb34968d2bf4f97833744a7f0e39fa)] -> xpath: //span[normalize-space()='Create Memo']]
12:01:01.623 [main] INFO  com.billhub.qa.base.TestBase - Waiting for element invisibility: By.className: modal-container
12:12:18.607 [main] INFO  com.billhub.qa.base.TestBase - Waiting for element invisibility: By.className: modal-container
12:12:33.726 [main] INFO  com.billhub.qa.base.TestBase - Waiting for web element to be clickable: [[ChromeDriver: chrome on windows (c54fe7d1974a368268d4cba5f4f2ac2c)] -> xpath: //button[@class='btn btn-primary ng-star-inserted']]
12:12:34.420 [main] INFO  com.billhub.qa.base.TestBase - Waiting for web element to be clickable: [[ChromeDriver: chrome on windows (c54fe7d1974a368268d4cba5f4f2ac2c)] -> xpath: //span[normalize-space()='Create Memo']]
12:12:35.390 [main] INFO  com.billhub.qa.base.TestBase - Waiting for element invisibility: By.className: modal-container
08:01:45.795 [main] INFO  com.billhub.qa.base.TestBase - Waiting for element invisibility: By.className: modal-container
08:02:00.891 [main] INFO  com.billhub.qa.base.TestBase - Waiting for web element to be clickable: [[ChromeDriver: chrome on windows (c529a25cc813fc51701831753335e60b)] -> xpath: //button[@class='btn btn-primary ng-star-inserted']]
08:11:44.855 [main] INFO  com.billhub.qa.base.TestBase - Waiting for element invisibility: By.className: modal-container
08:11:59.956 [main] INFO  com.billhub.qa.base.TestBase - Waiting for web element to be clickable: [[ChromeDriver: chrome on windows (4b155e5c8989710d010fd9e04d5995c2)] -> xpath: //button[@class='btn btn-link']]
08:12:00.074 [main] INFO  com.billhub.qa.base.TestBase - Waiting for web element to be clickable: [[ChromeDriver: chrome on windows (4b155e5c8989710d010fd9e04d5995c2)] -> xpath: //span[normalize-space()='Master']]
08:12:00.844 [main] INFO  com.billhub.qa.base.TestBase - Waiting for web element to be clickable: [[ChromeDriver: chrome on windows (4b155e5c8989710d010fd9e04d5995c2)] -> link text: Customer]
08:12:00.994 [main] INFO  com.billhub.qa.base.TestBase - Setting cell data in sheet: Customer, row: 1, col: 1, data: 544913
08:12:02.056 [main] INFO  com.billhub.qa.base.TestBase - Setting cell data in sheet: Customer, row: 3, col: 1, data: 675792
08:12:02.315 [main] INFO  com.billhub.qa.base.TestBase - Waiting for toast to disappear
08:12:03.002 [main] INFO  com.billhub.qa.base.TestBase - Checking if success toast is displayed for message: Kindly fill out all the mandatory fields
08:12:18.072 [main] ERROR com.billhub.qa.base.TestBase - TimeoutException: Success toast not displayed for message - Kindly fill out all the mandatory fields
08:19:29.732 [main] INFO  com.billhub.qa.base.TestBase - Waiting for element invisibility: By.className: modal-container
08:19:44.817 [main] INFO  com.billhub.qa.base.TestBase - Waiting for web element to be clickable: [[ChromeDriver: chrome on windows (0754f14629f64a90620b84b3965d754d)] -> xpath: //button[@class='btn btn-link']]
08:19:44.929 [main] INFO  com.billhub.qa.base.TestBase - Waiting for web element to be clickable: [[ChromeDriver: chrome on windows (0754f14629f64a90620b84b3965d754d)] -> xpath: //span[normalize-space()='Master']]
