18:59:25.454 [main] INFO  com.billhub.qa.base.TestBase - Waiting for web element to be clickable: [[ChromeDriver: chrome on windows (38972be0a7438a66963be1b409033a4a)] -> xpath: //a[normalize-space()='Review Invoice Posting']]
18:59:26.228 [main] INFO  com.billhub.qa.base.TestBase - Waiting for element visibility: By.xpath: /html/body/app-root/app-layout/div[1]/main/div/div/app-search-batch/div/div/div[1]/div[2]/div/div/typeahead-container/button/span/strong
18:59:26.739 [main] INFO  com.billhub.qa.base.TestBase - Waiting for element invisibility: By.className: loader
18:59:26.773 [main] INFO  com.billhub.qa.base.TestBase - Waiting for web element to be clickable: [[ChromeDriver: chrome on windows (38972be0a7438a66963be1b409033a4a)] -> xpath: //span[normalize-space()='Dashboard']]
18:59:26.891 [main] INFO  com.billhub.qa.base.TestBase - Waiting for element invisibility: By.className: loader
18:59:27.644 [main] INFO  com.billhub.qa.base.TestBase - Waiting for element invisibility: By.className: loader
18:59:28.266 [main] INFO  com.billhub.qa.base.TestBase - Waiting for element visibility: By.xpath: /html/body/modal-container/div/div/app-invoice-info-popup/div[2]/div[1]/div/div/div[2]/div[3]/div[4]/div[2]
18:59:33.564 [main] INFO  com.billhub.qa.base.TestBase - Waiting for element invisibility: By.className: modal-container
18:59:53.669 [main] INFO  com.billhub.qa.base.TestBase - Waiting for element invisibility: By.className: loader
18:59:53.697 [main] INFO  com.billhub.qa.base.TestBase - Waiting for element invisibility: By.className: loader
18:59:53.790 [main] INFO  com.billhub.qa.base.TestBase - Waiting for element invisibility: By.className: loader
18:59:54.065 [main] INFO  com.billhub.qa.base.TestBase - Waiting for web element to be clickable: [[ChromeDriver: chrome on windows (553cd976b67a2ccf312160830478fd5a)] -> xpath: //*[@id="main"]/main/div/div/app-account/div/div/div[2]/div/div/div[1]/div/ul/li/form/div[1]/ngx-select-dropdown/div/div/ul[2]/li]
18:59:54.408 [main] INFO  com.billhub.qa.base.TestBase - Waiting for web element to be clickable: [[ChromeDriver: chrome on windows (553cd976b67a2ccf312160830478fd5a)] -> xpath: //*[@id="main"]/main/div/div/app-account/div/div/div[2]/div/div/div[1]/div/ul/li/form/div[3]/ngx-select-dropdown/div/div/ul[2]/li[1]]
18:59:54.699 [main] INFO  com.billhub.qa.base.TestBase - Waiting for element invisibility: By.className: loader
18:59:55.478 [main] INFO  com.billhub.qa.base.TestBase - Waiting for element invisibility: By.className: loader
18:59:55.552 [main] INFO  com.billhub.qa.base.TestBase - Checking if success toast is displayed for message: Invoice updated successfully
19:00:00.393 [main] INFO  com.billhub.qa.base.TestBase - Waiting for element invisibility: By.className: modal-container
19:00:20.484 [main] INFO  com.billhub.qa.base.TestBase - Waiting for element invisibility: By.className: loader
19:00:20.528 [main] INFO  com.billhub.qa.base.TestBase - Waiting for element invisibility: By.className: loader
19:00:20.631 [main] INFO  com.billhub.qa.base.TestBase - Waiting for element invisibility: By.className: loader
19:00:20.916 [main] INFO  com.billhub.qa.base.TestBase - Waiting for web element to be clickable: [[ChromeDriver: chrome on windows (6440f518261455e5e002c1342f2b141a)] -> xpath: //*[@id="main"]/main/div/div/app-account/div/div/div[2]/div/div/div[1]/div/ul/li/form/div[1]/ngx-select-dropdown/div/div/ul[2]/li]
19:00:21.250 [main] INFO  com.billhub.qa.base.TestBase - Waiting for web element to be clickable: [[ChromeDriver: chrome on windows (6440f518261455e5e002c1342f2b141a)] -> xpath: //*[@id="main"]/main/div/div/app-account/div/div/div[2]/div/div/div[1]/div/ul/li/form/div[3]/ngx-select-dropdown/div/div/ul[2]/li[1]]
19:00:21.542 [main] INFO  com.billhub.qa.base.TestBase - Waiting for element invisibility: By.className: loader
19:00:22.316 [main] INFO  com.billhub.qa.base.TestBase - Waiting for element invisibility: By.className: loader
19:00:22.399 [main] INFO  com.billhub.qa.base.TestBase - Checking if success toast is displayed for message: Invoice updated successfully
19:00:27.054 [main] INFO  com.billhub.qa.base.TestBase - Waiting for element invisibility: By.className: modal-container
19:00:47.176 [main] INFO  com.billhub.qa.base.TestBase - Waiting for element invisibility: By.className: loader
19:00:47.219 [main] INFO  com.billhub.qa.base.TestBase - Waiting for web element to be clickable: [[ChromeDriver: chrome on windows (64c4f3d64e15acbce5db69b664e3be94)] -> xpath: //button[@class='btn btn-link']]
19:00:47.327 [main] INFO  com.billhub.qa.base.TestBase - Waiting for web element to be clickable: [[ChromeDriver: chrome on windows (64c4f3d64e15acbce5db69b664e3be94)] -> xpath: //*[@id="sidebar"]/div[1]/perfect-scrollbar/div/div[1]/div[2]/ul/li[3]/a]
19:00:47.970 [main] INFO  com.billhub.qa.base.TestBase - Waiting for web element to be clickable: [[ChromeDriver: chrome on windows (64c4f3d64e15acbce5db69b664e3be94)] -> xpath: //*[@id="sidebar"]/div[1]/perfect-scrollbar/div/div[1]/div[2]/ul/li[3]/div/ul/li[4]/a]
19:00:48.605 [main] INFO  com.billhub.qa.base.TestBase - Waiting for element invisibility: By.className: loader
19:00:49.153 [main] INFO  com.billhub.qa.base.TestBase - Waiting for web element to be clickable: [[ChromeDriver: chrome on windows (64c4f3d64e15acbce5db69b664e3be94)] -> xpath: //*[@id="ngb-typeahead-0-0"]]
19:00:49.250 [main] INFO  com.billhub.qa.base.TestBase - Waiting for element invisibility: By.className: loader
19:00:49.895 [main] INFO  com.billhub.qa.base.TestBase - Waiting for element invisibility: By.className: loader
19:00:50.051 [main] INFO  com.billhub.qa.base.TestBase - Waiting for web element to be clickable: [[ChromeDriver: chrome on windows (64c4f3d64e15acbce5db69b664e3be94)] -> xpath: //*[@id="main"]/main/div/div/create-payment-request/div/div/div[5]/div/table/tbody/tr/td[1]/div/input]
19:00:50.212 [main] INFO  com.billhub.qa.base.TestBase - Waiting for element invisibility: By.className: loader
19:00:50.293 [main] INFO  com.billhub.qa.base.TestBase - Checking if success toast is displayed for message: Create Payment Request
19:00:51.975 [main] INFO  com.billhub.qa.base.TestBase - Waiting for element invisibility: By.className: loader
19:00:52.008 [main] INFO  com.billhub.qa.base.TestBase - Waiting for web element to be clickable: [[ChromeDriver: chrome on windows (64c4f3d64e15acbce5db69b664e3be94)] -> xpath: //span[normalize-space()='Dashboard']]
19:00:52.127 [main] INFO  com.billhub.qa.base.TestBase - Waiting for element invisibility: By.className: loader
19:00:52.924 [main] INFO  com.billhub.qa.base.TestBase - Waiting for element invisibility: By.className: loader
19:00:53.553 [main] INFO  com.billhub.qa.base.TestBase - Waiting for element visibility: By.xpath: /html/body/modal-container/div/div/app-invoice-info-popup/div[2]/div[2]/div[1]/div/div[3]/div[2]/table/tbody/tr/td[2]
19:00:54.059 [main] INFO  com.billhub.qa.base.TestBase - Waiting for element invisibility: By.className: loader
19:00:54.097 [main] INFO  com.billhub.qa.base.TestBase - Waiting for web element to be clickable: [[ChromeDriver: chrome on windows (64c4f3d64e15acbce5db69b664e3be94)] -> xpath: //button[@class='btn btn-link']]
19:00:54.199 [main] INFO  com.billhub.qa.base.TestBase - Waiting for web element to be clickable: [[ChromeDriver: chrome on windows (64c4f3d64e15acbce5db69b664e3be94)] -> xpath: //*[@id="sidebar"]/div[1]/perfect-scrollbar/div/div[1]/div[2]/ul/li[3]/a]
19:00:54.328 [main] INFO  com.billhub.qa.base.TestBase - Waiting for web element to be clickable: [[ChromeDriver: chrome on windows (64c4f3d64e15acbce5db69b664e3be94)] -> xpath: //*[@id="sidebar"]/div[1]/perfect-scrollbar/div/div[1]/div[2]/ul/li[3]/div/ul/li[5]/a]
19:02:02.496 [main] INFO  com.billhub.qa.base.TestBase - Waiting for element invisibility: By.className: modal-container
19:02:23.598 [main] INFO  com.billhub.qa.base.TestBase - Waiting for element invisibility: By.className: loader
19:02:23.653 [main] INFO  com.billhub.qa.base.TestBase - Waiting for web element to be clickable: [[ChromeDriver: chrome on windows (464565b0c9d3a47c09c53192d34cf8d3)] -> xpath: //button[@class='btn btn-link']]
19:02:23.774 [main] INFO  com.billhub.qa.base.TestBase - Waiting for web element to be clickable: [[ChromeDriver: chrome on windows (464565b0c9d3a47c09c53192d34cf8d3)] -> xpath: //*[@id="sidebar"]/div[1]/perfect-scrollbar/div/div[1]/div[2]/ul/li[3]/a]
19:02:24.438 [main] INFO  com.billhub.qa.base.TestBase - Waiting for web element to be clickable: [[ChromeDriver: chrome on windows (464565b0c9d3a47c09c53192d34cf8d3)] -> xpath: //*[@id="sidebar"]/div[1]/perfect-scrollbar/div/div[1]/div[2]/ul/li[3]/div/ul/li[5]/a]
19:02:25.073 [main] INFO  com.billhub.qa.base.TestBase - Waiting for element invisibility: By.className: loader
19:02:25.523 [main] INFO  com.billhub.qa.base.TestBase - Waiting for element invisibility: By.className: loader
19:02:26.626 [main] INFO  com.billhub.qa.base.TestBase - Waiting for web element to be clickable: [[ChromeDriver: chrome on windows (464565b0c9d3a47c09c53192d34cf8d3)] -> css selector: #ngb-typeahead-0-0]
19:02:27.671 [main] INFO  com.billhub.qa.base.TestBase - Waiting for element invisibility: By.className: loader
19:02:28.914 [main] INFO  com.billhub.qa.base.TestBase - Waiting for element invisibility: By.className: loader
19:07:13.517 [main] INFO  com.billhub.qa.base.TestBase - Waiting for element invisibility: By.className: modal-container
19:07:34.439 [main] INFO  com.billhub.qa.base.TestBase - Waiting for element invisibility: By.className: loader
19:07:34.492 [main] INFO  com.billhub.qa.base.TestBase - Waiting for web element to be clickable: [[ChromeDriver: chrome on windows (b89b933acba098753cbc03c9c6d59511)] -> xpath: //button[@class='btn btn-link']]
19:07:34.617 [main] INFO  com.billhub.qa.base.TestBase - Waiting for web element to be clickable: [[ChromeDriver: chrome on windows (b89b933acba098753cbc03c9c6d59511)] -> xpath: //*[@id="sidebar"]/div[1]/perfect-scrollbar/div/div[1]/div[2]/ul/li[3]/a]
19:07:35.271 [main] INFO  com.billhub.qa.base.TestBase - Waiting for web element to be clickable: [[ChromeDriver: chrome on windows (b89b933acba098753cbc03c9c6d59511)] -> xpath: //*[@id="sidebar"]/div[1]/perfect-scrollbar/div/div[1]/div[2]/ul/li[3]/div/ul/li[4]/a]
