21:11:07.705 [main] INFO  com.billhub.qa.base.TestBase - Successfully created a new memo.
21:15:06.019 [main] INFO  com.billhub.qa.base.TestBase - here
21:15:17.256 [main] INFO  com.billhub.qa.base.TestBase - Successfully created a new memo.
10:34:51.277 [main] INFO  com.billhub.qa.base.TestBase - Waiting for element invisibility: By.className: modal-container
10:35:01.333 [main] INFO  com.billhub.qa.base.TestBase - Waiting for web element to be clickable: [[ChromeDriver: chrome on windows (b1f44bdc197b86b75919b99db9da1c1b)] -> xpath: //button[@class='btn btn-link']]
10:35:01.477 [main] INFO  com.billhub.qa.base.TestBase - Waiting for web element to be clickable: [[ChromeDriver: chrome on windows (b1f44bdc197b86b75919b99db9da1c1b)] -> xpath: //span[normalize-space()='Master']]
10:35:02.385 [main] INFO  com.billhub.qa.base.TestBase - Waiting for web element to be clickable: [[ChromeDriver: chrome on windows (b1f44bdc197b86b75919b99db9da1c1b)] -> link text: Reason]
10:35:02.509 [main] INFO  com.billhub.qa.base.TestBase - Setting cell data in sheet: Reason, row: 1, col: 1, data: test_jortske
10:35:03.442 [main] INFO  com.billhub.qa.base.TestBase - Setting cell data in sheet: Reason, row: 3, col: 1, data: test_updated_fagsp
10:35:03.567 [main] INFO  com.billhub.qa.base.TestBase - Setting cell data in sheet: Reason, row: 1, col: 0, data: testcode_yjbz
10:35:03.790 [main] INFO  com.billhub.qa.base.TestBase - Waiting for toast to disappear
10:35:04.551 [main] INFO  com.billhub.qa.base.TestBase - Checking if success toast is displayed for message: Reason Added successfully
10:35:04.590 [main] INFO  com.billhub.qa.base.TestBase - Waiting for toast to disappear
10:35:08.338 [main] INFO  com.billhub.qa.base.TestBase - Checking if success toast is displayed for message: Reason Added successfully
10:35:18.373 [main] ERROR com.billhub.qa.base.TestBase - TimeoutException: Success toast not displayed for message - Reason Added successfully
10:35:18.377 [main] INFO  com.billhub.qa.base.TestBase - Waiting for toast to disappear
10:35:18.766 [main] INFO  com.billhub.qa.base.TestBase - Checking if success toast is displayed for message: Reason Added successfully
10:35:28.798 [main] ERROR com.billhub.qa.base.TestBase - TimeoutException: Success toast not displayed for message - Reason Added successfully
10:35:28.802 [main] INFO  com.billhub.qa.base.TestBase - Waiting for toast to disappear
10:35:29.538 [main] INFO  com.billhub.qa.base.TestBase - Checking if success toast is displayed for message: Reason Added successfully
10:35:29.758 [main] INFO  com.billhub.qa.base.TestBase - Waiting for toast to disappear
10:35:33.546 [main] INFO  com.billhub.qa.base.TestBase - Waiting for element visibility: By.xpath: /html/body/modal-container/div/div/app-add-edit-reason/div[2]/div/div/form/div/div[2]/input
10:35:34.112 [main] INFO  com.billhub.qa.base.TestBase - Waiting for element visibility: By.xpath: //*[@id="type"]
10:35:34.384 [main] INFO  com.billhub.qa.base.TestBase - Checking if success toast is displayed for message: Reason updated successfully
12:42:09.519 [main] INFO  com.billhub.qa.base.TestBase - here
12:42:09.523 [main] INFO  com.billhub.qa.base.TestBase - Waiting for element invisibility: By.className: modal-container
12:42:19.575 [main] INFO  com.billhub.qa.base.TestBase - Waiting for web element to be clickable: [[ChromeDriver: chrome on windows (89e85b21d90db48ff046ae1fda34ba5e)] -> xpath: //button[@class='btn btn-primary ng-star-inserted']]
12:42:19.836 [main] INFO  com.billhub.qa.base.TestBase - Waiting for web element to be clickable: [[ChromeDriver: chrome on windows (89e85b21d90db48ff046ae1fda34ba5e)] -> xpath: //span[normalize-space()='Create Memo']]
12:42:20.761 [main] INFO  com.billhub.qa.base.TestBase - Successfully created a new memo.
12:47:10.641 [main] INFO  com.billhub.qa.base.TestBase - Waiting for element invisibility: By.className: modal-container
12:47:20.706 [main] INFO  com.billhub.qa.base.TestBase - Waiting for web element to be clickable: [[ChromeDriver: chrome on windows (a4bf4778e9f044cc115f0708b3d49b4a)] -> xpath: //button[@class='btn btn-primary ng-star-inserted']]
12:48:26.915 [main] INFO  com.billhub.qa.base.TestBase - Waiting for element invisibility: By.className: modal-container
12:48:44.326 [main] INFO  com.billhub.qa.base.TestBase - Waiting for web element to be clickable: Proxy element for: DefaultElementLocator 'By.xpath: //button[@class='btn btn-primary ng-star-inserted']'
12:48:58.503 [main] INFO  com.billhub.qa.base.TestBase - Waiting for element invisibility: By.className: modal-container
12:49:08.597 [main] INFO  com.billhub.qa.base.TestBase - Waiting for web element to be clickable: [[ChromeDriver: chrome on windows (fa47ed4881454817a695af2b72f4791e)] -> xpath: //button[@class='btn btn-primary ng-star-inserted']]
15:54:02.109 [main] INFO  com.billhub.qa.base.TestBase - Waiting for element invisibility: By.className: modal-container
15:54:12.162 [main] INFO  com.billhub.qa.base.TestBase - Waiting for web element to be clickable: [[ChromeDriver: chrome on windows (1ce8c014f2631a511f81a1291a2a0fcd)] -> xpath: //button[@class='btn btn-primary ng-star-inserted']]
15:56:12.013 [main] INFO  com.billhub.qa.base.TestBase - Waiting for element invisibility: By.className: modal-container
15:56:22.053 [main] INFO  com.billhub.qa.base.TestBase - Waiting for web element to be clickable: [[ChromeDriver: chrome on windows (8f4998be7533478003d70d640be0ed6f)] -> xpath: //button[@class='btn btn-primary ng-star-inserted']]
15:56:22.167 [main] INFO  com.billhub.qa.base.TestBase - clicking on edit draft button.
15:56:56.693 [main] INFO  com.billhub.qa.base.TestBase - Waiting for element invisibility: By.className: modal-container
15:57:06.777 [main] INFO  com.billhub.qa.base.TestBase - Waiting for web element to be clickable: [[ChromeDriver: chrome on windows (3913f07b59c7dda4db9ed42a8f0f4230)] -> xpath: //button[@class='btn btn-primary ng-star-inserted']]
15:57:06.896 [main] INFO  com.billhub.qa.base.TestBase - clicking on edit draft button.
15:57:07.255 [main] INFO  com.billhub.qa.base.TestBase - Waiting for element invisibility: By.className: modal-container
16:21:52.598 [main] INFO  com.billhub.qa.base.TestBase - Waiting for element invisibility: By.className: modal-container
16:22:02.660 [main] INFO  com.billhub.qa.base.TestBase - Waiting for web element to be clickable: [[ChromeDriver: chrome on windows (eba70226fe0fe7788cab3b757dae0a17)] -> xpath: //button[@class='btn btn-primary ng-star-inserted']]
16:22:02.761 [main] INFO  com.billhub.qa.base.TestBase - clicking on edit draft button.
16:22:03.226 [main] INFO  com.billhub.qa.base.TestBase - Waiting for element invisibility: By.className: modal-container
16:22:13.247 [main] INFO  com.billhub.qa.base.TestBase - Waiting for element invisibility: By.className: modal-container
16:22:23.928 [main] INFO  com.billhub.qa.base.TestBase - Waiting for element invisibility: By.className: modal-container
16:22:34.561 [main] INFO  com.billhub.qa.base.TestBase - Waiting for element invisibility: By.className: modal-container
16:35:20.177 [main] INFO  com.billhub.qa.base.TestBase - Waiting for element invisibility: By.className: modal-container
16:35:30.257 [main] INFO  com.billhub.qa.base.TestBase - Waiting for web element to be clickable: [[ChromeDriver: chrome on windows (96037ed03fe6dc9febfdc198ef73e0c4)] -> xpath: //button[@class='btn btn-primary ng-star-inserted']]
16:35:30.375 [main] INFO  com.billhub.qa.base.TestBase - clicking on edit draft button.
16:35:30.780 [main] INFO  com.billhub.qa.base.TestBase - Waiting for element invisibility: By.className: modal-container
16:35:40.830 [main] INFO  com.billhub.qa.base.TestBase - Waiting for element invisibility: By.className: modal-container
16:36:10.461 [main] INFO  com.billhub.qa.base.TestBase - Waiting for element invisibility: By.className: modal-container
16:36:20.542 [main] INFO  com.billhub.qa.base.TestBase - Waiting for web element to be clickable: [[ChromeDriver: chrome on windows (41129c6b7e54b661299ed95733026240)] -> xpath: //button[@class='btn btn-primary ng-star-inserted']]
16:36:20.654 [main] INFO  com.billhub.qa.base.TestBase - clicking on edit draft button.
16:36:21.072 [main] INFO  com.billhub.qa.base.TestBase - Waiting for element invisibility: By.className: modal-container
16:36:31.083 [main] INFO  com.billhub.qa.base.TestBase - Waiting for element invisibility: By.className: modal-container
16:36:42.017 [main] INFO  com.billhub.qa.base.TestBase - Waiting for element invisibility: By.className: modal-container
16:36:52.063 [main] INFO  com.billhub.qa.base.TestBase - Waiting for web element to be clickable: [[ChromeDriver: chrome on windows (41129c6b7e54b661299ed95733026240)] -> xpath: //button[normalize-space()='Done']]
16:36:53.013 [main] INFO  com.billhub.qa.base.TestBase - Waiting for element invisibility: By.className: modal-container
16:37:03.080 [main] INFO  com.billhub.qa.base.TestBase - Waiting for web element to be clickable: [[ChromeDriver: chrome on windows (41129c6b7e54b661299ed95733026240)] -> xpath: /html/body/modal-container/div/div/app-add-po-popup/div[2]/div[2]/div[1]/table/tbody/tr/td[1]/div/input]
16:37:04.381 [main] INFO  com.billhub.qa.base.TestBase - Waiting for element invisibility: By.className: modal-container
16:37:15.166 [main] INFO  com.billhub.qa.base.TestBase - Waiting for element invisibility: By.className: modal-container
16:37:25.232 [main] INFO  com.billhub.qa.base.TestBase - Waiting for web element to be clickable: [[ChromeDriver: chrome on windows (41129c6b7e54b661299ed95733026240)] -> xpath: //button[normalize-space()='Done']]
16:37:26.176 [main] INFO  com.billhub.qa.base.TestBase - Waiting for element invisibility: By.className: modal-container
16:37:36.247 [main] INFO  com.billhub.qa.base.TestBase - Waiting for web element to be clickable: [[ChromeDriver: chrome on windows (41129c6b7e54b661299ed95733026240)] -> xpath: /html/body/modal-container/div/div/app-add-po-popup/div[2]/div[2]/div[1]/table/tbody/tr/td[1]/div/input]
16:37:37.519 [main] INFO  com.billhub.qa.base.TestBase - Waiting for element invisibility: By.className: modal-container
