19:51:00.573 [main] INFO  com.billhub.qa.base.TestBase - Waiting for element invisibility: By.className: modal-container
19:51:15.689 [main] INFO  com.billhub.qa.base.TestBase - Waiting for element visibility: By.cssSelector: .btn.btn-warning.btn-acknowledge
19:51:15.828 [main] INFO  com.billhub.qa.base.TestBase - Waiting for web element to be clickable: [[ChromeDriver: chrome on windows (b579311db2e7e37af74278aad5235aab)] -> css selector: .btn.btn-warning.btn-acknowledge]
19:51:15.904 [main] INFO  com.billhub.qa.base.TestBase - Waiting for element invisibility: By.className: modal-container
19:51:32.935 [main] INFO  com.billhub.qa.base.TestBase - Waiting for web element to be clickable: [[ChromeDriver: chrome on windows (b579311db2e7e37af74278aad5235aab)] -> xpath: //button[normalize-space()='SAVE']]
19:51:33.365 [main] INFO  com.billhub.qa.base.TestBase - Waiting for element invisibility: By.className: modal-container
19:51:49.207 [main] INFO  com.billhub.qa.base.TestBase - Waiting for element invisibility: By.className: modal-container
19:52:04.275 [main] INFO  com.billhub.qa.base.TestBase - Waiting for web element to be clickable: [[ChromeDriver: chrome on windows (b579311db2e7e37af74278aad5235aab)] -> xpath: //button[normalize-space()='Done']]
19:52:04.385 [main] INFO  com.billhub.qa.base.TestBase - Waiting for web element to be clickable: [[ChromeDriver: chrome on windows (b579311db2e7e37af74278aad5235aab)] -> xpath: //button[normalize-space()='SAVE']]
19:52:05.156 [main] INFO  com.billhub.qa.base.TestBase - Waiting for element invisibility: By.className: modal-container
19:52:20.285 [main] INFO  com.billhub.qa.base.TestBase - Waiting for element invisibility: By.className: modal-container
19:52:35.390 [main] INFO  com.billhub.qa.base.TestBase - Waiting for element invisibility: By.className: modal-container
19:52:50.443 [main] INFO  com.billhub.qa.base.TestBase - Waiting for element invisibility: By.className: modal-container
19:53:05.694 [main] INFO  com.billhub.qa.base.TestBase - Waiting for element invisibility: By.className: modal-container
19:53:20.850 [main] INFO  com.billhub.qa.base.TestBase - Waiting for element invisibility: By.className: modal-container
19:53:36.032 [main] INFO  com.billhub.qa.base.TestBase - Waiting for element invisibility: By.className: modal-container
19:53:51.152 [main] INFO  com.billhub.qa.base.TestBase - Waiting for web element to be clickable: [[ChromeDriver: chrome on windows (b579311db2e7e37af74278aad5235aab)] -> xpath: //button[@class='btn btn-primary ng-star-inserted']]
19:53:51.422 [main] INFO  com.billhub.qa.base.TestBase - Waiting for web element to be clickable: [[ChromeDriver: chrome on windows (b579311db2e7e37af74278aad5235aab)] -> xpath: //span[normalize-space()='Create Memo']]
19:53:52.232 [main] INFO  com.billhub.qa.base.TestBase - Waiting for element invisibility: By.className: modal-container
19:54:07.409 [main] INFO  com.billhub.qa.base.TestBase - Waiting for element invisibility: By.className: modal-container
19:54:22.575 [main] INFO  com.billhub.qa.base.TestBase - Waiting for element invisibility: By.className: modal-container
19:54:52.914 [main] INFO  com.billhub.qa.base.TestBase - Waiting for element invisibility: By.className: modal-container
19:55:08.027 [main] INFO  com.billhub.qa.base.TestBase - Waiting for web element to be clickable: [[ChromeDriver: chrome on windows (b579311db2e7e37af74278aad5235aab)] -> xpath: //button[@class='btn btn-primary ng-star-inserted']]
19:55:09.192 [main] INFO  com.billhub.qa.base.TestBase - Waiting for element invisibility: By.className: modal-container
19:55:24.252 [main] INFO  com.billhub.qa.base.TestBase - Waiting for web element to be clickable: [[ChromeDriver: chrome on windows (b579311db2e7e37af74278aad5235aab)] -> xpath: //button[@class='btn btn-primary ng-star-inserted']]
19:55:25.378 [main] INFO  com.billhub.qa.base.TestBase - Waiting for element invisibility: By.className: modal-container
19:55:40.496 [main] INFO  com.billhub.qa.base.TestBase - Waiting for web element to be clickable: [[ChromeDriver: chrome on windows (b579311db2e7e37af74278aad5235aab)] -> xpath: //button[@class='btn btn-primary ng-star-inserted']]
19:57:47.563 [main] INFO  com.billhub.qa.base.TestBase - Waiting for element invisibility: By.className: modal-container
19:58:02.698 [main] INFO  com.billhub.qa.base.TestBase - Waiting for web element to be clickable: [[ChromeDriver: chrome on windows (f1aa3082effd12a09238434dcc0d74a8)] -> xpath: //button[@class='btn btn-primary ng-star-inserted']]
19:58:02.936 [main] INFO  com.billhub.qa.base.TestBase - Waiting for web element to be clickable: [[ChromeDriver: chrome on windows (f1aa3082effd12a09238434dcc0d74a8)] -> xpath: //span[normalize-space()='Create Memo']]
19:58:03.748 [main] INFO  com.billhub.qa.base.TestBase - Waiting for element invisibility: By.className: modal-container
19:58:18.823 [main] INFO  com.billhub.qa.base.TestBase - Waiting for element invisibility: By.className: modal-container
19:58:33.942 [main] INFO  com.billhub.qa.base.TestBase - Waiting for element invisibility: By.className: modal-container
19:59:18.666 [main] INFO  com.billhub.qa.base.TestBase - Waiting for element invisibility: By.className: modal-container
19:59:33.795 [main] INFO  com.billhub.qa.base.TestBase - Waiting for web element to be clickable: [[ChromeDriver: chrome on windows (f17eb058262652e5b2fcceacf4592447)] -> xpath: //button[@class='btn btn-primary ng-star-inserted']]
19:59:34.075 [main] INFO  com.billhub.qa.base.TestBase - Waiting for web element to be clickable: [[ChromeDriver: chrome on windows (f17eb058262652e5b2fcceacf4592447)] -> xpath: //span[normalize-space()='Create Memo']]
19:59:34.896 [main] INFO  com.billhub.qa.base.TestBase - Waiting for element invisibility: By.className: modal-container
19:59:50.018 [main] INFO  com.billhub.qa.base.TestBase - Waiting for element invisibility: By.className: modal-container
20:00:05.152 [main] INFO  com.billhub.qa.base.TestBase - Waiting for element invisibility: By.className: modal-container
20:00:20.363 [main] INFO  com.billhub.qa.base.TestBase - Waiting for element invisibility: By.className: modal-container
20:01:10.273 [main] INFO  com.billhub.qa.base.TestBase - Waiting for element invisibility: By.className: modal-container
20:01:25.384 [main] INFO  com.billhub.qa.base.TestBase - Waiting for web element to be clickable: [[ChromeDriver: chrome on windows (c55e08705162f99f9b1819b12d59a47f)] -> xpath: //button[@class='btn btn-primary ng-star-inserted']]
20:01:25.740 [main] INFO  com.billhub.qa.base.TestBase - Waiting for web element to be clickable: [[ChromeDriver: chrome on windows (c55e08705162f99f9b1819b12d59a47f)] -> xpath: //span[normalize-space()='Create Memo']]
20:01:26.588 [main] INFO  com.billhub.qa.base.TestBase - Waiting for element invisibility: By.className: modal-container
20:01:41.703 [main] INFO  com.billhub.qa.base.TestBase - Waiting for element invisibility: By.className: modal-container
20:01:56.825 [main] INFO  com.billhub.qa.base.TestBase - Waiting for element invisibility: By.className: modal-container
20:02:11.998 [main] INFO  com.billhub.qa.base.TestBase - Waiting for element invisibility: By.className: modal-container
20:02:27.110 [main] INFO  com.billhub.qa.base.TestBase - Waiting for web element to be clickable: [[ChromeDriver: chrome on windows (c55e08705162f99f9b1819b12d59a47f)] -> xpath: //body[1]/modal-container[1]/div[1]/div[1]/app-add-lr-popup[1]/div[2]/div[2]/div[1]/table[1]/tbody[1]/tr[1]/td[1]]
20:02:27.265 [main] INFO  com.billhub.qa.base.TestBase - Waiting for element invisibility: By.className: modal-container
20:02:42.388 [main] INFO  com.billhub.qa.base.TestBase - Waiting for element visibility: By.cssSelector: .btn.btn-warning.btn-acknowledge
20:02:42.523 [main] INFO  com.billhub.qa.base.TestBase - Waiting for web element to be clickable: [[ChromeDriver: chrome on windows (c55e08705162f99f9b1819b12d59a47f)] -> css selector: .btn.btn-warning.btn-acknowledge]
20:02:42.602 [main] INFO  com.billhub.qa.base.TestBase - Waiting for element invisibility: By.className: modal-container
20:06:14.708 [main] INFO  com.billhub.qa.base.TestBase - Waiting for element invisibility: By.className: modal-container
20:06:29.789 [main] INFO  com.billhub.qa.base.TestBase - Waiting for web element to be clickable: [[ChromeDriver: chrome on windows (e26d417f61c8b0dad5bee6d2767623d5)] -> xpath: //button[@class='btn btn-primary ng-star-inserted']]
20:06:30.123 [main] INFO  com.billhub.qa.base.TestBase - Waiting for web element to be clickable: [[ChromeDriver: chrome on windows (e26d417f61c8b0dad5bee6d2767623d5)] -> xpath: //span[normalize-space()='Create Memo']]
20:06:30.921 [main] INFO  com.billhub.qa.base.TestBase - Waiting for element invisibility: By.className: modal-container
20:06:46.067 [main] INFO  com.billhub.qa.base.TestBase - Waiting for element invisibility: By.className: modal-container
20:07:01.216 [main] INFO  com.billhub.qa.base.TestBase - Waiting for element invisibility: By.className: modal-container
20:07:16.454 [main] INFO  com.billhub.qa.base.TestBase - Waiting for element invisibility: By.className: modal-container
20:07:31.540 [main] INFO  com.billhub.qa.base.TestBase - Waiting for web element to be clickable: [[ChromeDriver: chrome on windows (e26d417f61c8b0dad5bee6d2767623d5)] -> xpath: //body[1]/modal-container[1]/div[1]/div[1]/app-add-lr-popup[1]/div[2]/div[2]/div[1]/table[1]/tbody[1]/tr[1]/td[1]]
20:07:31.690 [main] INFO  com.billhub.qa.base.TestBase - Waiting for element invisibility: By.className: modal-container
20:07:46.856 [main] INFO  com.billhub.qa.base.TestBase - Waiting for element visibility: By.cssSelector: .btn.btn-warning.btn-acknowledge
20:07:46.992 [main] INFO  com.billhub.qa.base.TestBase - Waiting for web element to be clickable: [[ChromeDriver: chrome on windows (e26d417f61c8b0dad5bee6d2767623d5)] -> css selector: .btn.btn-warning.btn-acknowledge]
20:07:47.060 [main] INFO  com.billhub.qa.base.TestBase - Waiting for element invisibility: By.className: modal-container
20:09:10.737 [main] INFO  com.billhub.qa.base.TestBase - Waiting for element invisibility: By.className: modal-container
