19:43:09.150 [main] INFO  com.billhub.qa.base.TestBase - Waiting for element invisibility: By.className: modal-container
19:43:33.475 [main] INFO  com.billhub.qa.base.TestBase - Waiting for element invisibility: By.className: modal-container
19:43:53.761 [main] INFO  com.billhub.qa.base.TestBase - Waiting for element invisibility: By.className: modal-container
19:44:13.977 [main] INFO  com.billhub.qa.base.TestBase - Waiting for element visibility: By.xpath: /html/body/app-root/app-layout/div[1]/main/div/div/app-dashboard/div/div[1]/div[2]/div/typeahead-container/button
19:44:14.627 [main] INFO  com.billhub.qa.base.TestBase - Waiting for element invisibility: By.className: modal-container
20:46:12.556 [main] INFO  com.billhub.qa.base.TestBase - Waiting for element invisibility: By.className: modal-container
20:46:32.664 [main] INFO  com.billhub.qa.base.TestBase - Waiting for web element to be clickable: [[ChromeDriver: chrome on windows (cc3591c63a1cd7d73ddf110d51ed9bde)] -> xpath: //*[@id="main"]/main/div/div/app-dashboard/div/div[1]/div[2]/button[2]]
20:46:32.926 [main] INFO  com.billhub.qa.base.TestBase - Waiting for web element to be clickable: [[ChromeDriver: chrome on windows (cc3591c63a1cd7d73ddf110d51ed9bde)] -> xpath: //span[normalize-space()='Create Memo']]
20:46:37.894 [main] INFO  com.billhub.qa.base.TestBase - Waiting for element invisibility: By.className: modal-container
20:46:58.134 [main] INFO  com.billhub.qa.base.TestBase - Waiting for element invisibility: By.className: modal-container
20:47:18.952 [main] INFO  com.billhub.qa.base.TestBase - Waiting for element invisibility: By.className: modal-container
20:47:39.291 [main] INFO  com.billhub.qa.base.TestBase - Waiting for element invisibility: By.className: modal-container
20:47:59.321 [main] INFO  com.billhub.qa.base.TestBase - Waiting for web element to be clickable: [[ChromeDriver: chrome on windows (cc3591c63a1cd7d73ddf110d51ed9bde)] -> xpath: //button[normalize-space()='Done']]
20:47:59.440 [main] INFO  com.billhub.qa.base.TestBase - Waiting for element invisibility: By.className: modal-container
20:48:19.616 [main] INFO  com.billhub.qa.base.TestBase - Waiting for element invisibility: By.className: modal-container
20:48:39.862 [main] INFO  com.billhub.qa.base.TestBase - Waiting for element invisibility: By.className: modal-container
20:48:59.909 [main] INFO  com.billhub.qa.base.TestBase - Waiting for web element to be clickable: [[ChromeDriver: chrome on windows (cc3591c63a1cd7d73ddf110d51ed9bde)] -> xpath: /html/body/modal-container/div/div/app-add-po-popup/div[2]/div[2]/div[1]/table/tbody/tr[1]/td[1]/div/input]
20:49:00.435 [main] INFO  com.billhub.qa.base.TestBase - Waiting for web element to be clickable: [[ChromeDriver: chrome on windows (cc3591c63a1cd7d73ddf110d51ed9bde)] -> xpath: //button[normalize-space()='SAVE']]
20:49:01.242 [main] INFO  com.billhub.qa.base.TestBase - Waiting for element invisibility: By.className: modal-container
20:49:21.396 [main] INFO  com.billhub.qa.base.TestBase - Waiting for element invisibility: By.className: modal-container
20:49:41.586 [main] INFO  com.billhub.qa.base.TestBase - Waiting for element invisibility: By.className: modal-container
20:50:01.611 [main] INFO  com.billhub.qa.base.TestBase - Waiting for element visibility: By.xpath: //button[@type='submit']
20:50:01.646 [main] INFO  com.billhub.qa.base.TestBase - Waiting for web element to be clickable: [[ChromeDriver: chrome on windows (cc3591c63a1cd7d73ddf110d51ed9bde)] -> xpath: //button[@type='submit']]
20:50:01.738 [main] INFO  com.billhub.qa.base.TestBase - Waiting for element visibility: By.xpath: /html/body/modal-container/div/div/app-memo-submit-confirm/div[3]/div/div[2]/button
20:50:02.313 [main] INFO  com.billhub.qa.base.TestBase - Waiting for web element to be clickable: [[ChromeDriver: chrome on windows (cc3591c63a1cd7d73ddf110d51ed9bde)] -> xpath: /html/body/modal-container/div/div/app-memo-submit-confirm/div[3]/div/div[2]/button]
20:50:02.375 [main] INFO  com.billhub.qa.base.TestBase - Waiting for element invisibility: By.className: modal-container
20:50:27.588 [main] INFO  com.billhub.qa.base.TestBase - Waiting for element invisibility: By.className: modal-container
20:50:47.867 [main] INFO  com.billhub.qa.base.TestBase - Waiting for element invisibility: By.className: modal-container
20:51:08.073 [main] INFO  com.billhub.qa.base.TestBase - Waiting for element visibility: By.xpath: /html/body/app-root/app-layout/div[1]/main/div/div/app-dashboard/div/div[1]/div[2]/div/typeahead-container/button
20:51:08.644 [main] INFO  com.billhub.qa.base.TestBase - Waiting for element invisibility: By.className: modal-container
13:10:20.214 [main] INFO  com.billhub.qa.base.TestBase - Waiting for element visibility: By.xpath: /html/body/app-root/app-layout/div[1]/main/div/div/app-dashboard/div/div[1]/div[2]/div/typeahead-container/button
13:10:21.180 [main] INFO  com.billhub.qa.base.TestBase - Waiting for element invisibility: By.className: modal-container
13:10:41.316 [main] INFO  com.billhub.qa.base.TestBase - Waiting for element invisibility: By.className: modal-container
13:11:03.139 [main] INFO  com.billhub.qa.base.TestBase - Waiting for element invisibility: By.className: modal-container
13:11:23.260 [main] INFO  com.billhub.qa.base.TestBase - Waiting for element invisibility: By.className: modal-container
13:11:43.411 [main] INFO  com.billhub.qa.base.TestBase - Waiting for element invisibility: By.className: modal-container
13:13:57.120 [main] INFO  com.billhub.qa.base.TestBase - Waiting for element visibility: By.xpath: /html/body/app-root/app-layout/div[1]/main/div/div/app-dashboard/div/div[1]/div[2]/div/typeahead-container/button
13:13:57.855 [main] INFO  com.billhub.qa.base.TestBase - Waiting for element invisibility: By.className: modal-container
13:14:17.964 [main] INFO  com.billhub.qa.base.TestBase - Waiting for element invisibility: By.className: modal-container
13:14:39.630 [main] INFO  com.billhub.qa.base.TestBase - Waiting for element invisibility: By.className: modal-container
13:14:59.750 [main] INFO  com.billhub.qa.base.TestBase - Waiting for element invisibility: By.className: modal-container
13:15:19.852 [main] INFO  com.billhub.qa.base.TestBase - Waiting for element invisibility: By.className: modal-container
15:22:03.930 [main] INFO  com.billhub.qa.base.TestBase - Waiting for element invisibility: By.className: modal-container
15:22:24.013 [main] INFO  com.billhub.qa.base.TestBase - Waiting for web element to be clickable: [[ChromeDriver: chrome on windows (4351182b66c26351aeb529ab751ff22f)] -> xpath: //button[@class='btn btn-link']]
15:22:24.149 [main] INFO  com.billhub.qa.base.TestBase - Waiting for web element to be clickable: [[ChromeDriver: chrome on windows (4351182b66c26351aeb529ab751ff22f)] -> xpath: //span[normalize-space()='Master']]
15:22:24.897 [main] INFO  com.billhub.qa.base.TestBase - Waiting for web element to be clickable: [[ChromeDriver: chrome on windows (4351182b66c26351aeb529ab751ff22f)] -> link text: BA]
15:22:26.430 [main] INFO  com.billhub.qa.base.TestBase - Waiting for element invisibility: By.className: loader-overlay
15:22:26.460 [main] INFO  com.billhub.qa.base.TestBase - Waiting for toast to disappear
15:22:26.566 [main] INFO  com.billhub.qa.base.TestBase - Waiting for element invisibility: By.className: loader-overlay
15:22:28.080 [main] INFO  com.billhub.qa.base.TestBase - Waiting for element invisibility: By.className: loader-overlay
15:22:28.163 [main] INFO  com.billhub.qa.base.TestBase - Checking if success toast is displayed for message: BA Data Added successfully
15:22:38.462 [main] ERROR com.billhub.qa.base.TestBase - TimeoutException: Success toast not displayed for message - BA Data Added successfully
15:24:00.730 [main] INFO  com.billhub.qa.base.TestBase - Waiting for element invisibility: By.className: modal-container
15:24:20.825 [main] INFO  com.billhub.qa.base.TestBase - Waiting for web element to be clickable: [[ChromeDriver: chrome on windows (4bc0e641dfedf932f78cc2a39991e92a)] -> xpath: //button[@class='btn btn-link']]
15:24:20.957 [main] INFO  com.billhub.qa.base.TestBase - Waiting for web element to be clickable: [[ChromeDriver: chrome on windows (4bc0e641dfedf932f78cc2a39991e92a)] -> xpath: //span[normalize-space()='Master']]
15:24:21.705 [main] INFO  com.billhub.qa.base.TestBase - Waiting for web element to be clickable: [[ChromeDriver: chrome on windows (4bc0e641dfedf932f78cc2a39991e92a)] -> link text: BA]
15:24:24.132 [main] INFO  com.billhub.qa.base.TestBase - Waiting for element invisibility: By.className: loader-overlay
15:24:24.165 [main] INFO  com.billhub.qa.base.TestBase - Waiting for toast to disappear
15:24:24.285 [main] INFO  com.billhub.qa.base.TestBase - Waiting for element invisibility: By.className: loader-overlay
15:24:29.026 [main] INFO  com.billhub.qa.base.TestBase - Waiting for element invisibility: By.className: loader-overlay
15:24:29.111 [main] INFO  com.billhub.qa.base.TestBase - Checking if success toast is displayed for message: BA Data Added successfully
15:24:29.937 [main] INFO  com.billhub.qa.base.TestBase - Waiting for element invisibility: By.className: loader-overlay
15:24:29.967 [main] INFO  com.billhub.qa.base.TestBase - Waiting for toast to disappear
15:24:33.261 [main] INFO  com.billhub.qa.base.TestBase - Waiting for element invisibility: By.className: loader-overlay
15:24:34.707 [main] INFO  com.billhub.qa.base.TestBase - Waiting for element invisibility: By.className: loader-overlay
15:24:34.796 [main] INFO  com.billhub.qa.base.TestBase - Waiting for element invisibility: By.className: loader-overlay
15:24:34.869 [main] INFO  com.billhub.qa.base.TestBase - Checking if success toast is displayed for message: BA Data Added successfully
15:24:54.900 [main] ERROR com.billhub.qa.base.TestBase - TimeoutException: Success toast not displayed for message - BA Data Added successfully
15:24:55.184 [main] INFO  com.billhub.qa.base.TestBase - Waiting for element invisibility: By.className: loader-overlay
15:24:58.983 [main] INFO  com.billhub.qa.base.TestBase - Waiting for element invisibility: By.className: loader-overlay
