20:34:21.348 [main] INFO  com.billhub.qa.base.TestBase - Waiting for web element to be clickable: [[ChromeDriver: chrome on windows (004885751c8888e66d1997c6f2e5339e)] -> css selector: .btn.btn-warning.btn-acknowledge]
20:34:21.464 [main] INFO  com.billhub.qa.base.TestBase - Waiting for element invisibility: By.className: modal-container
20:36:49.742 [main] INFO  com.billhub.qa.base.TestBase - Waiting for element invisibility: By.className: modal-container
20:37:04.831 [main] INFO  com.billhub.qa.base.TestBase - Waiting for web element to be clickable: [[ChromeDriver: chrome on windows (cd55dcce399674fb5da9a31a5309f948)] -> xpath: //button[@class='btn btn-primary ng-star-inserted']]
20:37:05.109 [main] INFO  com.billhub.qa.base.TestBase - Waiting for web element to be clickable: [[ChromeDriver: chrome on windows (cd55dcce399674fb5da9a31a5309f948)] -> xpath: //span[normalize-space()='Create Memo']]
20:37:06.017 [main] INFO  com.billhub.qa.base.TestBase - Waiting for element invisibility: By.className: modal-container
20:38:46.230 [main] INFO  com.billhub.qa.base.TestBase - Waiting for element invisibility: By.className: modal-container
20:39:01.314 [main] INFO  com.billhub.qa.base.TestBase - Waiting for web element to be clickable: [[ChromeDriver: chrome on windows (9b9219931dfa30ff7a29a25e1a2ce7c4)] -> xpath: //button[@class='btn btn-primary ng-star-inserted']]
20:39:01.636 [main] INFO  com.billhub.qa.base.TestBase - Waiting for web element to be clickable: [[ChromeDriver: chrome on windows (9b9219931dfa30ff7a29a25e1a2ce7c4)] -> xpath: //span[normalize-space()='Create Memo']]
20:39:02.539 [main] INFO  com.billhub.qa.base.TestBase - Waiting for element invisibility: By.className: modal-container
20:39:17.755 [main] INFO  com.billhub.qa.base.TestBase - Waiting for element invisibility: By.className: modal-container
20:39:32.807 [main] INFO  com.billhub.qa.base.TestBase - Waiting for web element to be clickable: [[ChromeDriver: chrome on windows (9b9219931dfa30ff7a29a25e1a2ce7c4)] -> xpath: /html/body/modal-container/div/div/app-add-po-popup/div[2]/div[2]/div[1]/table/tbody/tr[1]/td[1]/div/input]
20:39:32.986 [main] INFO  com.billhub.qa.base.TestBase - Waiting for element invisibility: By.className: modal-container
20:39:48.058 [main] INFO  com.billhub.qa.base.TestBase - Waiting for element visibility: By.cssSelector: .btn.btn-warning.btn-acknowledge
20:39:52.421 [main] INFO  com.billhub.qa.base.TestBase - Waiting for web element to be clickable: [[ChromeDriver: chrome on windows (9b9219931dfa30ff7a29a25e1a2ce7c4)] -> css selector: .btn.btn-warning.btn-acknowledge]
20:39:52.523 [main] INFO  com.billhub.qa.base.TestBase - Waiting for element invisibility: By.className: modal-container
20:41:14.501 [main] INFO  com.billhub.qa.base.TestBase - Waiting for element invisibility: By.className: modal-container
20:41:29.586 [main] INFO  com.billhub.qa.base.TestBase - Waiting for web element to be clickable: [[ChromeDriver: chrome on windows (95763073e15e68279b27d250cea25576)] -> xpath: //button[@class='btn btn-primary ng-star-inserted']]
20:41:29.903 [main] INFO  com.billhub.qa.base.TestBase - Waiting for web element to be clickable: [[ChromeDriver: chrome on windows (95763073e15e68279b27d250cea25576)] -> xpath: //span[normalize-space()='Create Memo']]
20:41:30.799 [main] INFO  com.billhub.qa.base.TestBase - Waiting for element invisibility: By.className: modal-container
20:41:45.981 [main] INFO  com.billhub.qa.base.TestBase - Waiting for element invisibility: By.className: modal-container
20:42:01.045 [main] INFO  com.billhub.qa.base.TestBase - Waiting for web element to be clickable: [[ChromeDriver: chrome on windows (95763073e15e68279b27d250cea25576)] -> xpath: /html/body/modal-container/div/div/app-add-po-popup/div[2]/div[2]/div[1]/table/tbody/tr[1]/td[1]/div/input]
20:42:01.219 [main] INFO  com.billhub.qa.base.TestBase - Waiting for element invisibility: By.className: modal-container
20:42:16.285 [main] INFO  com.billhub.qa.base.TestBase - Waiting for element visibility: By.cssSelector: .btn.btn-warning.btn-acknowledge
20:42:20.606 [main] INFO  com.billhub.qa.base.TestBase - Waiting for web element to be clickable: [[ChromeDriver: chrome on windows (95763073e15e68279b27d250cea25576)] -> css selector: .btn.btn-warning.btn-acknowledge]
20:42:20.706 [main] INFO  com.billhub.qa.base.TestBase - Waiting for element invisibility: By.className: modal-container
20:47:32.485 [main] ERROR com.billhub.qa.base.TestBase - FileNotFoundException: C:\Users\nisha\eclipse-workspace\BillHubTest\src\main\java\com\billhub\qa\testdata\10005176_template_for_po_based_with_single_invoice.xlsx (The process cannot access the file because it is being used by another process)
20:47:32.491 [main] ERROR com.billhub.qa.base.TestBase - FileNotFoundException: C:\Users\nisha\eclipse-workspace\BillHubTest\src\main\java\com\billhub\qa\testdata\10005176_template_for_po_based_with_single_invoice.xlsx (The process cannot access the file because it is being used by another process)
20:47:32.492 [main] ERROR com.billhub.qa.base.TestBase - FileNotFoundException: C:\Users\nisha\eclipse-workspace\BillHubTest\src\main\java\com\billhub\qa\testdata\10005176_template_for_po_based_with_single_invoice.xlsx (The process cannot access the file because it is being used by another process)
20:49:18.076 [main] INFO  com.billhub.qa.base.TestBase - Waiting for element invisibility: By.className: modal-container
20:49:33.142 [main] INFO  com.billhub.qa.base.TestBase - Waiting for web element to be clickable: [[ChromeDriver: chrome on windows (edc1a889d3b9145a074cc0f50750a201)] -> xpath: //button[@class='btn btn-primary ng-star-inserted']]
20:49:33.391 [main] INFO  com.billhub.qa.base.TestBase - Waiting for web element to be clickable: [[ChromeDriver: chrome on windows (edc1a889d3b9145a074cc0f50750a201)] -> xpath: //span[normalize-space()='Create Memo']]
20:49:34.285 [main] INFO  com.billhub.qa.base.TestBase - Waiting for element invisibility: By.className: modal-container
20:50:38.424 [main] INFO  com.billhub.qa.base.TestBase - Waiting for element invisibility: By.className: modal-container
20:50:53.488 [main] INFO  com.billhub.qa.base.TestBase - Waiting for web element to be clickable: [[ChromeDriver: chrome on windows (aeb805e2df29b8f7dc27c2dc4e1e32ec)] -> xpath: //button[@class='btn btn-primary ng-star-inserted']]
20:50:54.369 [main] INFO  com.billhub.qa.base.TestBase - Waiting for web element to be clickable: [[ChromeDriver: chrome on windows (aeb805e2df29b8f7dc27c2dc4e1e32ec)] -> xpath: //span[normalize-space()='Create Memo']]
20:50:55.266 [main] INFO  com.billhub.qa.base.TestBase - Waiting for element invisibility: By.className: modal-container
20:52:22.798 [main] INFO  com.billhub.qa.base.TestBase - Waiting for element invisibility: By.className: modal-container
20:52:37.844 [main] INFO  com.billhub.qa.base.TestBase - Waiting for web element to be clickable: [[ChromeDriver: chrome on windows (1115f3fd4eb4afb3a0a73b6b4e514ef2)] -> xpath: //button[@class='btn btn-primary ng-star-inserted']]
20:52:38.108 [main] INFO  com.billhub.qa.base.TestBase - Waiting for web element to be clickable: [[ChromeDriver: chrome on windows (1115f3fd4eb4afb3a0a73b6b4e514ef2)] -> xpath: //span[normalize-space()='Create Memo']]
20:52:39.016 [main] INFO  com.billhub.qa.base.TestBase - Waiting for element invisibility: By.className: modal-container
20:52:54.247 [main] INFO  com.billhub.qa.base.TestBase - Waiting for element invisibility: By.className: modal-container
20:53:09.333 [main] INFO  com.billhub.qa.base.TestBase - Waiting for web element to be clickable: [[ChromeDriver: chrome on windows (1115f3fd4eb4afb3a0a73b6b4e514ef2)] -> xpath: /html/body/modal-container/div/div/app-add-po-popup/div[2]/div[2]/div[1]/table/tbody/tr[1]/td[1]/div/input]
20:53:09.559 [main] INFO  com.billhub.qa.base.TestBase - Waiting for element invisibility: By.className: modal-container
20:53:24.642 [main] INFO  com.billhub.qa.base.TestBase - Waiting for element visibility: By.cssSelector: .btn.btn-warning.btn-acknowledge
20:53:29.092 [main] INFO  com.billhub.qa.base.TestBase - Waiting for web element to be clickable: [[ChromeDriver: chrome on windows (1115f3fd4eb4afb3a0a73b6b4e514ef2)] -> css selector: .btn.btn-warning.btn-acknowledge]
20:53:29.198 [main] INFO  com.billhub.qa.base.TestBase - Waiting for element invisibility: By.className: modal-container
20:58:52.944 [main] INFO  com.billhub.qa.base.TestBase - Waiting for element invisibility: By.className: modal-container
20:59:07.981 [main] INFO  com.billhub.qa.base.TestBase - Waiting for web element to be clickable: [[ChromeDriver: chrome on windows (3b374269b340c5bf74db0456fed5e3df)] -> xpath: //button[@class='btn btn-primary ng-star-inserted']]
20:59:08.316 [main] INFO  com.billhub.qa.base.TestBase - Waiting for web element to be clickable: [[ChromeDriver: chrome on windows (3b374269b340c5bf74db0456fed5e3df)] -> xpath: //span[normalize-space()='Create Memo']]
20:59:09.226 [main] INFO  com.billhub.qa.base.TestBase - Waiting for element invisibility: By.className: modal-container
20:59:24.447 [main] INFO  com.billhub.qa.base.TestBase - Waiting for element invisibility: By.className: modal-container
20:59:39.484 [main] INFO  com.billhub.qa.base.TestBase - Waiting for web element to be clickable: [[ChromeDriver: chrome on windows (3b374269b340c5bf74db0456fed5e3df)] -> xpath: /html/body/modal-container/div/div/app-add-po-popup/div[2]/div[2]/div[1]/table/tbody/tr[1]/td[1]/div/input]
20:59:39.663 [main] INFO  com.billhub.qa.base.TestBase - Waiting for element invisibility: By.className: modal-container
20:59:54.744 [main] INFO  com.billhub.qa.base.TestBase - Waiting for element visibility: By.cssSelector: .btn.btn-warning.btn-acknowledge
20:59:59.070 [main] INFO  com.billhub.qa.base.TestBase - Waiting for web element to be clickable: [[ChromeDriver: chrome on windows (3b374269b340c5bf74db0456fed5e3df)] -> css selector: .btn.btn-warning.btn-acknowledge]
20:59:59.172 [main] INFO  com.billhub.qa.base.TestBase - Waiting for element invisibility: By.className: modal-container
21:02:48.111 [main] INFO  com.billhub.qa.base.TestBase - Waiting for element invisibility: By.className: modal-container
