13:10:26.073 [main] INFO  com.billhub.qa.base.TestBase - Waiting for element invisibility: By.className: modal-container
13:10:46.263 [main] INFO  com.billhub.qa.base.TestBase - Waiting for web element to be clickable: [[ChromeDriver: chrome on windows (b89d6abecfac9df4344c45b4f7d9061a)] -> xpath: /html/body/modal-container/div/div/app-book-invoice-confirm/div[3]/div/div[2]/button]
13:10:48.981 [main] INFO  com.billhub.qa.base.TestBase - Waiting for element to be clickable: By.xpath: /html/body/modal-container/div/div/app-notify-dialog/div[1]/button
13:10:49.062 [main] INFO  com.billhub.qa.base.TestBase - Waiting for element invisibility: By.className: modal-container
13:11:09.148 [main] INFO  com.billhub.qa.base.TestBase - Waiting for web element to be clickable: [[ChromeDriver: chrome on windows (b89d6abecfac9df4344c45b4f7d9061a)] -> xpath: //*[@id="sidebar"]/div[1]/perfect-scrollbar/div/div[1]/div[2]/ul/li[3]/a]
13:11:09.256 [main] INFO  com.billhub.qa.base.TestBase - Waiting for web element to be clickable: [[ChromeDriver: chrome on windows (b89d6abecfac9df4344c45b4f7d9061a)] -> xpath: //a[normalize-space()='Review Invoice Posting']]
13:11:10.029 [main] INFO  com.billhub.qa.base.TestBase - Waiting for element visibility: By.xpath: /html/body/app-root/app-layout/div[1]/main/div/div/app-search-batch/div/div/div[1]/div[2]/div/div/typeahead-container/button/span/strong
15:32:20.650 [main] INFO  com.billhub.qa.base.TestBase - Waiting for element invisibility: By.className: modal-container
15:32:40.701 [main] INFO  com.billhub.qa.base.TestBase - Waiting for web element to be clickable: [[ChromeDriver: chrome on windows (4841e278048db8a361721a656cad258a)] -> xpath: //button[@class='btn btn-primary ng-star-inserted']]
15:32:40.957 [main] INFO  com.billhub.qa.base.TestBase - Waiting for web element to be clickable: [[ChromeDriver: chrome on windows (4841e278048db8a361721a656cad258a)] -> xpath: //span[normalize-space()='Create Memo']]
15:32:45.902 [main] INFO  com.billhub.qa.base.TestBase - Waiting for element invisibility: By.className: modal-container
15:36:38.763 [main] INFO  com.billhub.qa.base.TestBase - Waiting for element invisibility: By.className: modal-container
15:36:58.835 [main] INFO  com.billhub.qa.base.TestBase - Waiting for web element to be clickable: [[ChromeDriver: chrome on windows (44241e771de068147803caf9af70bb06)] -> xpath: //button[@class='btn btn-primary ng-star-inserted']]
15:36:59.111 [main] INFO  com.billhub.qa.base.TestBase - Waiting for web element to be clickable: [[ChromeDriver: chrome on windows (44241e771de068147803caf9af70bb06)] -> xpath: //span[normalize-space()='Create Memo']]
15:37:04.188 [main] INFO  com.billhub.qa.base.TestBase - Waiting for element invisibility: By.className: modal-container
15:37:24.748 [main] INFO  com.billhub.qa.base.TestBase - Waiting for element invisibility: By.className: modal-container
15:38:25.044 [main] INFO  com.billhub.qa.base.TestBase - Waiting for element invisibility: By.className: modal-container
15:38:45.123 [main] INFO  com.billhub.qa.base.TestBase - Waiting for web element to be clickable: [[ChromeDriver: chrome on windows (6605d2176ac16e703dbf7878ee98f90c)] -> xpath: //button[@class='btn btn-primary ng-star-inserted']]
15:38:45.401 [main] INFO  com.billhub.qa.base.TestBase - Waiting for web element to be clickable: [[ChromeDriver: chrome on windows (6605d2176ac16e703dbf7878ee98f90c)] -> xpath: //span[normalize-space()='Create Memo']]
15:38:50.465 [main] INFO  com.billhub.qa.base.TestBase - Waiting for element invisibility: By.className: modal-container
15:39:10.959 [main] INFO  com.billhub.qa.base.TestBase - Waiting for element invisibility: By.className: modal-container
15:41:40.284 [main] INFO  com.billhub.qa.base.TestBase - Waiting for element invisibility: By.className: modal-container
15:42:00.354 [main] INFO  com.billhub.qa.base.TestBase - Waiting for web element to be clickable: [[ChromeDriver: chrome on windows (f4cf0e45563982ad96b1d27c0ff9f229)] -> xpath: //button[@class='btn btn-primary ng-star-inserted']]
15:42:00.612 [main] INFO  com.billhub.qa.base.TestBase - Waiting for web element to be clickable: [[ChromeDriver: chrome on windows (f4cf0e45563982ad96b1d27c0ff9f229)] -> xpath: //span[normalize-space()='Create Memo']]
15:42:05.682 [main] INFO  com.billhub.qa.base.TestBase - Waiting for element invisibility: By.className: modal-container
15:42:25.945 [main] INFO  com.billhub.qa.base.TestBase - Waiting for element invisibility: By.className: modal-container
15:42:46.798 [main] INFO  com.billhub.qa.base.TestBase - Waiting for element invisibility: By.className: modal-container
15:43:07.099 [main] INFO  com.billhub.qa.base.TestBase - Waiting for element invisibility: By.className: modal-container
15:43:27.165 [main] INFO  com.billhub.qa.base.TestBase - Waiting for web element to be clickable: [[ChromeDriver: chrome on windows (f4cf0e45563982ad96b1d27c0ff9f229)] -> xpath: //button[normalize-space()='Done']]
15:43:27.295 [main] INFO  com.billhub.qa.base.TestBase - Waiting for element invisibility: By.className: modal-container
15:43:47.440 [main] INFO  com.billhub.qa.base.TestBase - Waiting for element invisibility: By.className: modal-container
15:44:07.704 [main] INFO  com.billhub.qa.base.TestBase - Waiting for element invisibility: By.className: modal-container
15:44:27.771 [main] INFO  com.billhub.qa.base.TestBase - Waiting for web element to be clickable: [[ChromeDriver: chrome on windows (f4cf0e45563982ad96b1d27c0ff9f229)] -> xpath: /html/body/modal-container/div/div/app-add-po-popup/div[2]/div[2]/div[1]/table/tbody/tr[1]/td[1]/div/input]
15:44:28.319 [main] INFO  com.billhub.qa.base.TestBase - Waiting for web element to be clickable: [[ChromeDriver: chrome on windows (f4cf0e45563982ad96b1d27c0ff9f229)] -> xpath: //button[normalize-space()='SAVE']]
15:44:29.129 [main] INFO  com.billhub.qa.base.TestBase - Waiting for element invisibility: By.className: modal-container
15:44:49.248 [main] INFO  com.billhub.qa.base.TestBase - Waiting for element invisibility: By.className: modal-container
15:45:09.480 [main] INFO  com.billhub.qa.base.TestBase - Waiting for element visibility: By.xpath: //button[@type='submit']
15:45:09.513 [main] INFO  com.billhub.qa.base.TestBase - Waiting for web element to be clickable: [[ChromeDriver: chrome on windows (f4cf0e45563982ad96b1d27c0ff9f229)] -> xpath: //button[@type='submit']]
15:45:09.914 [main] INFO  com.billhub.qa.base.TestBase - Waiting for element visibility: By.xpath: /html/body/modal-container/div/div/app-memo-submit-confirm/div[3]/div/div[2]/button
15:45:10.498 [main] INFO  com.billhub.qa.base.TestBase - Waiting for web element to be clickable: [[ChromeDriver: chrome on windows (f4cf0e45563982ad96b1d27c0ff9f229)] -> xpath: /html/body/modal-container/div/div/app-memo-submit-confirm/div[3]/div/div[2]/button]
15:45:10.566 [main] INFO  com.billhub.qa.base.TestBase - Waiting for element invisibility: By.className: modal-container
15:47:26.883 [main] INFO  com.billhub.qa.base.TestBase - Waiting for element invisibility: By.className: modal-container
15:47:46.966 [main] INFO  com.billhub.qa.base.TestBase - Waiting for web element to be clickable: [[ChromeDriver: chrome on windows (239c9ce3001ab2804de570893a0b5cf7)] -> xpath: //button[@class='btn btn-primary ng-star-inserted']]
15:47:47.290 [main] INFO  com.billhub.qa.base.TestBase - Waiting for web element to be clickable: [[ChromeDriver: chrome on windows (239c9ce3001ab2804de570893a0b5cf7)] -> xpath: //span[normalize-space()='Create Memo']]
15:47:52.293 [main] INFO  com.billhub.qa.base.TestBase - Waiting for element invisibility: By.className: modal-container
15:48:12.811 [main] INFO  com.billhub.qa.base.TestBase - Waiting for element invisibility: By.className: modal-container
15:48:32.985 [main] INFO  com.billhub.qa.base.TestBase - Waiting for element invisibility: By.className: modal-container
15:48:53.437 [main] INFO  com.billhub.qa.base.TestBase - Waiting for element invisibility: By.className: modal-container
15:49:13.560 [main] INFO  com.billhub.qa.base.TestBase - Waiting for element invisibility: By.className: modal-container
15:49:34.069 [main] INFO  com.billhub.qa.base.TestBase - Waiting for element invisibility: By.className: modal-container
15:49:54.146 [main] INFO  com.billhub.qa.base.TestBase - Waiting for element invisibility: By.className: modal-container
15:50:14.815 [main] INFO  com.billhub.qa.base.TestBase - Waiting for web element to be clickable: [[ChromeDriver: chrome on windows (239c9ce3001ab2804de570893a0b5cf7)] -> xpath: //button[normalize-space()='SAVE']]
15:50:15.003 [main] INFO  com.billhub.qa.base.TestBase - Checking if success toast is displayed for message: Invoice created successfully.
15:50:35.031 [main] ERROR com.billhub.qa.base.TestBase - TimeoutException: Success toast not displayed for message - Invoice created successfully.
15:50:35.036 [main] INFO  com.billhub.qa.base.TestBase - Waiting for element invisibility: By.className: modal-container
15:50:55.305 [main] INFO  com.billhub.qa.base.TestBase - Waiting for element invisibility: By.className: modal-container
15:51:16.056 [main] INFO  com.billhub.qa.base.TestBase - Waiting for element invisibility: By.className: modal-container
15:51:36.377 [main] INFO  com.billhub.qa.base.TestBase - Waiting for element invisibility: By.className: modal-container
15:51:56.426 [main] INFO  com.billhub.qa.base.TestBase - Waiting for web element to be clickable: [[ChromeDriver: chrome on windows (239c9ce3001ab2804de570893a0b5cf7)] -> xpath: //button[normalize-space()='Done']]
15:51:56.553 [main] INFO  com.billhub.qa.base.TestBase - Waiting for element invisibility: By.className: modal-container
15:52:16.712 [main] INFO  com.billhub.qa.base.TestBase - Waiting for element invisibility: By.className: modal-container
15:52:36.949 [main] INFO  com.billhub.qa.base.TestBase - Waiting for element invisibility: By.className: modal-container
15:52:56.988 [main] INFO  com.billhub.qa.base.TestBase - Waiting for web element to be clickable: [[ChromeDriver: chrome on windows (239c9ce3001ab2804de570893a0b5cf7)] -> xpath: /html/body/modal-container/div/div/app-add-po-popup/div[2]/div[2]/div[1]/table/tbody/tr[1]/td[1]/div/input]
