21:22:33.571 [main] INFO  com.billhub.qa.base.TestBase - Waiting for element invisibility: By.className: modal-container
21:22:43.771 [main] INFO  com.billhub.qa.base.TestBase - Checking if success toast is displayed for message: Memo submitted successfully.
21:22:53.793 [main] ERROR com.billhub.qa.base.TestBase - TimeoutException: Success toast not displayed for message - Memo submitted successfully.
21:29:02.758 [main] INFO  com.billhub.qa.base.TestBase - Waiting for element invisibility: By.className: modal-container
21:29:12.840 [main] INFO  com.billhub.qa.base.TestBase - Waiting for web element to be clickable: [[ChromeDriver: chrome on windows (f293740ac47ae5dc63732420fd6d815c)] -> xpath: //button[@class='btn btn-primary ng-star-inserted']]
21:29:13.290 [main] INFO  com.billhub.qa.base.TestBase - Waiting for web element to be clickable: [[ChromeDriver: chrome on windows (f293740ac47ae5dc63732420fd6d815c)] -> xpath: //tbody/tr[7]/td[6]/div[1]/button[1]]
21:29:13.410 [main] INFO  com.billhub.qa.base.TestBase - Waiting for element invisibility: By.className: modal-container
21:29:23.455 [main] INFO  com.billhub.qa.base.TestBase - Setting cell data in sheet: POBasedInvoice, row: 1, col: 0, data: TESTINV8134
21:29:23.765 [main] INFO  com.billhub.qa.base.TestBase - Setting cell data in sheet: POBasedInvoice, row: 1, col: 1, data: 3
21:29:23.900 [main] INFO  com.billhub.qa.base.TestBase - Setting cell data in sheet: POBasedInvoice, row: 1, col: 2, data: 0.54
21:29:24.019 [main] INFO  com.billhub.qa.base.TestBase - Setting cell data in sheet: POBasedInvoice, row: 2, col: 0, data: TESTINV4229
21:29:24.123 [main] INFO  com.billhub.qa.base.TestBase - Setting cell data in sheet: POBasedInvoice, row: 2, col: 1, data: 1
21:29:24.241 [main] INFO  com.billhub.qa.base.TestBase - Setting cell data in sheet: POBasedInvoice, row: 2, col: 2, data: 0.18
21:29:24.337 [main] INFO  com.billhub.qa.base.TestBase - Setting cell data in sheet: POBasedInvoice, row: 3, col: 0, data: TESTINV9161
21:29:24.431 [main] INFO  com.billhub.qa.base.TestBase - Setting cell data in sheet: POBasedInvoice, row: 3, col: 1, data: 6
21:29:24.524 [main] INFO  com.billhub.qa.base.TestBase - Setting cell data in sheet: POBasedInvoice, row: 3, col: 2, data: 1.08
21:29:24.614 [main] INFO  com.billhub.qa.base.TestBase - Setting cell data in sheet: POBasedInvoice, row: 4, col: 0, data: TESTINV5804
21:29:24.703 [main] INFO  com.billhub.qa.base.TestBase - Setting cell data in sheet: POBasedInvoice, row: 4, col: 1, data: 6
21:29:24.789 [main] INFO  com.billhub.qa.base.TestBase - Setting cell data in sheet: POBasedInvoice, row: 4, col: 2, data: 1.08
21:29:24.871 [main] INFO  com.billhub.qa.base.TestBase - Setting cell data in sheet: POBasedInvoice, row: 5, col: 0, data: TESTINV7170
21:29:24.949 [main] INFO  com.billhub.qa.base.TestBase - Setting cell data in sheet: POBasedInvoice, row: 5, col: 1, data: 2
21:29:25.028 [main] INFO  com.billhub.qa.base.TestBase - Setting cell data in sheet: POBasedInvoice, row: 5, col: 2, data: 0.36
21:29:25.104 [main] INFO  com.billhub.qa.base.TestBase - Setting cell data in sheet: POBasedInvoice, row: 6, col: 0, data: TESTINV5546
21:29:25.175 [main] INFO  com.billhub.qa.base.TestBase - Setting cell data in sheet: POBasedInvoice, row: 6, col: 1, data: 1
21:29:25.241 [main] INFO  com.billhub.qa.base.TestBase - Setting cell data in sheet: POBasedInvoice, row: 6, col: 2, data: 0.18
21:29:25.307 [main] INFO  com.billhub.qa.base.TestBase - Setting cell data in sheet: POBasedInvoice, row: 7, col: 0, data: TESTINV0289
21:29:25.379 [main] INFO  com.billhub.qa.base.TestBase - Setting cell data in sheet: POBasedInvoice, row: 7, col: 1, data: 5
21:29:25.441 [main] INFO  com.billhub.qa.base.TestBase - Setting cell data in sheet: POBasedInvoice, row: 7, col: 2, data: 0.8999999999999999
21:29:25.504 [main] INFO  com.billhub.qa.base.TestBase - Setting cell data in sheet: POBasedInvoice, row: 8, col: 0, data: TESTINV0857
21:29:25.572 [main] INFO  com.billhub.qa.base.TestBase - Setting cell data in sheet: POBasedInvoice, row: 8, col: 1, data: 0
21:29:25.632 [main] INFO  com.billhub.qa.base.TestBase - Setting cell data in sheet: POBasedInvoice, row: 8, col: 2, data: 0.0
21:29:25.781 [main] INFO  com.billhub.qa.base.TestBase - Waiting for element invisibility: By.className: modal-container
21:29:35.897 [main] INFO  com.billhub.qa.base.TestBase - Waiting for web element to be clickable: [[ChromeDriver: chrome on windows (f293740ac47ae5dc63732420fd6d815c)] -> xpath: //button[normalize-space()='SAVE']]
21:29:36.146 [main] INFO  com.billhub.qa.base.TestBase - Waiting for element invisibility: By.className: modal-container
21:29:46.258 [main] INFO  com.billhub.qa.base.TestBase - Waiting for element invisibility: By.className: modal-container
21:32:35.542 [main] INFO  com.billhub.qa.base.TestBase - Waiting for element invisibility: By.className: modal-container
21:32:45.617 [main] INFO  com.billhub.qa.base.TestBase - Waiting for web element to be clickable: [[ChromeDriver: chrome on windows (5894ce548f3fdfd7b3061a940513f152)] -> xpath: //button[@class='btn btn-primary ng-star-inserted']]
21:32:45.938 [main] INFO  com.billhub.qa.base.TestBase - Waiting for web element to be clickable: [[ChromeDriver: chrome on windows (5894ce548f3fdfd7b3061a940513f152)] -> xpath: //span[normalize-space()='Create Memo']]
21:32:46.843 [main] INFO  com.billhub.qa.base.TestBase - Setting cell data in sheet: POBasedInvoice, row: 1, col: 0, data: TESTINV2634
21:32:47.132 [main] INFO  com.billhub.qa.base.TestBase - Setting cell data in sheet: POBasedInvoice, row: 1, col: 1, data: 3
21:32:47.282 [main] INFO  com.billhub.qa.base.TestBase - Setting cell data in sheet: POBasedInvoice, row: 1, col: 2, data: 0.54
21:32:47.418 [main] INFO  com.billhub.qa.base.TestBase - Setting cell data in sheet: POBasedInvoice, row: 2, col: 0, data: TESTINV0837
21:32:47.535 [main] INFO  com.billhub.qa.base.TestBase - Setting cell data in sheet: POBasedInvoice, row: 2, col: 1, data: 2
21:32:47.649 [main] INFO  com.billhub.qa.base.TestBase - Setting cell data in sheet: POBasedInvoice, row: 2, col: 2, data: 0.36
21:32:47.753 [main] INFO  com.billhub.qa.base.TestBase - Setting cell data in sheet: POBasedInvoice, row: 3, col: 0, data: TESTINV6453
21:32:47.846 [main] INFO  com.billhub.qa.base.TestBase - Setting cell data in sheet: POBasedInvoice, row: 3, col: 1, data: 4
21:32:47.946 [main] INFO  com.billhub.qa.base.TestBase - Setting cell data in sheet: POBasedInvoice, row: 3, col: 2, data: 0.72
21:32:48.042 [main] INFO  com.billhub.qa.base.TestBase - Setting cell data in sheet: POBasedInvoice, row: 4, col: 0, data: TESTINV2114
21:32:48.126 [main] INFO  com.billhub.qa.base.TestBase - Setting cell data in sheet: POBasedInvoice, row: 4, col: 1, data: 5
21:32:48.199 [main] INFO  com.billhub.qa.base.TestBase - Setting cell data in sheet: POBasedInvoice, row: 4, col: 2, data: 0.8999999999999999
21:32:48.287 [main] INFO  com.billhub.qa.base.TestBase - Setting cell data in sheet: POBasedInvoice, row: 5, col: 0, data: TESTINV6501
21:32:48.358 [main] INFO  com.billhub.qa.base.TestBase - Setting cell data in sheet: POBasedInvoice, row: 5, col: 1, data: 8
21:32:48.436 [main] INFO  com.billhub.qa.base.TestBase - Setting cell data in sheet: POBasedInvoice, row: 5, col: 2, data: 1.44
21:32:48.513 [main] INFO  com.billhub.qa.base.TestBase - Setting cell data in sheet: POBasedInvoice, row: 6, col: 0, data: TESTINV0045
21:32:48.582 [main] INFO  com.billhub.qa.base.TestBase - Setting cell data in sheet: POBasedInvoice, row: 6, col: 1, data: 7
21:32:48.659 [main] INFO  com.billhub.qa.base.TestBase - Setting cell data in sheet: POBasedInvoice, row: 6, col: 2, data: 1.26
21:32:48.724 [main] INFO  com.billhub.qa.base.TestBase - Setting cell data in sheet: POBasedInvoice, row: 7, col: 0, data: TESTINV7810
21:32:48.795 [main] INFO  com.billhub.qa.base.TestBase - Setting cell data in sheet: POBasedInvoice, row: 7, col: 1, data: 7
21:32:48.869 [main] INFO  com.billhub.qa.base.TestBase - Setting cell data in sheet: POBasedInvoice, row: 7, col: 2, data: 1.26
21:32:48.936 [main] INFO  com.billhub.qa.base.TestBase - Setting cell data in sheet: POBasedInvoice, row: 8, col: 0, data: TESTINV3947
21:32:49.000 [main] INFO  com.billhub.qa.base.TestBase - Setting cell data in sheet: POBasedInvoice, row: 8, col: 1, data: 7
21:32:49.059 [main] INFO  com.billhub.qa.base.TestBase - Setting cell data in sheet: POBasedInvoice, row: 8, col: 2, data: 1.26
21:34:16.149 [main] INFO  com.billhub.qa.base.TestBase - Waiting for element invisibility: By.className: modal-container
21:34:26.203 [main] INFO  com.billhub.qa.base.TestBase - Waiting for web element to be clickable: [[ChromeDriver: chrome on windows (8b772e91b1f49f9dab55401c1c69183f)] -> xpath: //button[@class='btn btn-primary ng-star-inserted']]
21:34:26.523 [main] INFO  com.billhub.qa.base.TestBase - Waiting for web element to be clickable: [[ChromeDriver: chrome on windows (8b772e91b1f49f9dab55401c1c69183f)] -> xpath: //span[normalize-space()='Create Memo']]
21:34:27.410 [main] INFO  com.billhub.qa.base.TestBase - Setting cell data in sheet: POBasedInvoice, row: 1, col: 0, data: TESTINV1320
21:34:27.710 [main] INFO  com.billhub.qa.base.TestBase - Setting cell data in sheet: POBasedInvoice, row: 1, col: 1, data: 3
21:34:27.843 [main] INFO  com.billhub.qa.base.TestBase - Setting cell data in sheet: POBasedInvoice, row: 1, col: 2, data: 0.54
21:34:27.965 [main] INFO  com.billhub.qa.base.TestBase - Setting cell data in sheet: POBasedInvoice, row: 2, col: 0, data: TESTINV5000
21:34:28.076 [main] INFO  com.billhub.qa.base.TestBase - Setting cell data in sheet: POBasedInvoice, row: 2, col: 1, data: 9
21:34:28.183 [main] INFO  com.billhub.qa.base.TestBase - Setting cell data in sheet: POBasedInvoice, row: 2, col: 2, data: 1.6199999999999999
21:34:28.288 [main] INFO  com.billhub.qa.base.TestBase - Setting cell data in sheet: POBasedInvoice, row: 3, col: 0, data: TESTINV1961
21:34:28.388 [main] INFO  com.billhub.qa.base.TestBase - Setting cell data in sheet: POBasedInvoice, row: 3, col: 1, data: 7
21:34:28.478 [main] INFO  com.billhub.qa.base.TestBase - Setting cell data in sheet: POBasedInvoice, row: 3, col: 2, data: 1.26
