19:41:43.134 [main] INFO  com.billhub.qa.base.TestBase - Waiting for element invisibility: By.className: loader
19:41:43.873 [main] INFO  com.billhub.qa.base.TestBase - Waiting for web element to be clickable: [[ChromeDriver: chrome on windows (b3ae04bf47802bcf482cd0c22ec6062f)] -> xpath: /html/body/modal-container/div/div/app-book-invoice-confirm/div[3]/div/div[2]/button]
19:41:45.303 [main] INFO  com.billhub.qa.base.TestBase - Waiting for element to be clickable: By.xpath: /html/body/modal-container/div/div/app-notify-dialog/div[1]/button
19:41:45.379 [main] INFO  com.billhub.qa.base.TestBase - Waiting for element invisibility: By.className: loader
19:41:45.419 [main] INFO  com.billhub.qa.base.TestBase - Waiting for web element to be clickable: [[ChromeDriver: chrome on windows (b3ae04bf47802bcf482cd0c22ec6062f)] -> xpath: //*[@id="sidebar"]/div[1]/perfect-scrollbar/div/div[1]/div[2]/ul/li[3]/a]
19:41:46.186 [main] INFO  com.billhub.qa.base.TestBase - Waiting for web element to be clickable: [[ChromeDriver: chrome on windows (b3ae04bf47802bcf482cd0c22ec6062f)] -> xpath: //a[normalize-space()='Review Invoice Posting']]
19:41:47.068 [main] INFO  com.billhub.qa.base.TestBase - Waiting for element visibility: By.xpath: /html/body/app-root/app-layout/div[1]/main/div/div/app-search-batch/div/div/div[1]/div[2]/div/div/typeahead-container/button/span/strong
19:41:47.638 [main] INFO  com.billhub.qa.base.TestBase - Waiting for element invisibility: By.className: loader
19:41:47.683 [main] INFO  com.billhub.qa.base.TestBase - Waiting for web element to be clickable: [[ChromeDriver: chrome on windows (b3ae04bf47802bcf482cd0c22ec6062f)] -> xpath: //span[normalize-space()='Dashboard']]
19:41:47.841 [main] INFO  com.billhub.qa.base.TestBase - Waiting for element invisibility: By.className: loader
19:41:48.699 [main] INFO  com.billhub.qa.base.TestBase - Waiting for element invisibility: By.className: loader
19:41:49.360 [main] INFO  com.billhub.qa.base.TestBase - Waiting for element visibility: By.xpath: /html/body/modal-container/div/div/app-invoice-info-popup/div[2]/div[1]/div/div/div[2]/div[3]/div[4]/div[2]
19:41:55.352 [main] INFO  com.billhub.qa.base.TestBase - Waiting for element invisibility: By.className: modal-container
19:42:15.459 [main] INFO  com.billhub.qa.base.TestBase - Waiting for element invisibility: By.className: loader
19:42:15.489 [main] INFO  com.billhub.qa.base.TestBase - Waiting for element invisibility: By.className: loader
19:42:15.582 [main] INFO  com.billhub.qa.base.TestBase - Waiting for element invisibility: By.className: loader
19:42:15.987 [main] INFO  com.billhub.qa.base.TestBase - Waiting for web element to be clickable: [[ChromeDriver: chrome on windows (af784972c452f6e1dbc146b9eabe2f98)] -> xpath: //*[@id="main"]/main/div/div/app-account/div/div/div[2]/div/div/div[1]/div/ul/li/form/div[1]/ngx-select-dropdown/div/div/ul[2]/li]
19:42:16.484 [main] INFO  com.billhub.qa.base.TestBase - Waiting for web element to be clickable: [[ChromeDriver: chrome on windows (af784972c452f6e1dbc146b9eabe2f98)] -> xpath: //*[@id="main"]/main/div/div/app-account/div/div/div[2]/div/div/div[1]/div/ul/li/form/div[3]/ngx-select-dropdown/div/div/ul[2]/li[1]]
19:42:16.849 [main] INFO  com.billhub.qa.base.TestBase - Waiting for element invisibility: By.className: loader
19:42:17.694 [main] INFO  com.billhub.qa.base.TestBase - Waiting for element invisibility: By.className: loader
19:42:17.813 [main] INFO  com.billhub.qa.base.TestBase - Checking if success toast is displayed for message: Invoice updated successfully
19:42:23.572 [main] INFO  com.billhub.qa.base.TestBase - Waiting for element invisibility: By.className: modal-container
19:42:43.680 [main] INFO  com.billhub.qa.base.TestBase - Waiting for element invisibility: By.className: loader
19:42:43.709 [main] INFO  com.billhub.qa.base.TestBase - Waiting for element invisibility: By.className: loader
19:42:43.817 [main] INFO  com.billhub.qa.base.TestBase - Waiting for element invisibility: By.className: loader
19:42:44.246 [main] INFO  com.billhub.qa.base.TestBase - Waiting for web element to be clickable: [[ChromeDriver: chrome on windows (b983ecc05e160c7c359bdb9f3308f100)] -> xpath: //*[@id="main"]/main/div/div/app-account/div/div/div[2]/div/div/div[1]/div/ul/li/form/div[1]/ngx-select-dropdown/div/div/ul[2]/li]
19:42:44.716 [main] INFO  com.billhub.qa.base.TestBase - Waiting for web element to be clickable: [[ChromeDriver: chrome on windows (b983ecc05e160c7c359bdb9f3308f100)] -> xpath: //*[@id="main"]/main/div/div/app-account/div/div/div[2]/div/div/div[1]/div/ul/li/form/div[3]/ngx-select-dropdown/div/div/ul[2]/li[1]]
19:42:45.101 [main] INFO  com.billhub.qa.base.TestBase - Waiting for element invisibility: By.className: loader
19:42:45.974 [main] INFO  com.billhub.qa.base.TestBase - Waiting for element invisibility: By.className: loader
19:42:46.080 [main] INFO  com.billhub.qa.base.TestBase - Checking if success toast is displayed for message: Invoice updated successfully
19:43:02.424 [main] INFO  com.billhub.qa.base.TestBase - Waiting for element invisibility: By.className: modal-container
19:43:22.525 [main] INFO  com.billhub.qa.base.TestBase - Waiting for element invisibility: By.className: loader
19:43:22.567 [main] INFO  com.billhub.qa.base.TestBase - Waiting for web element to be clickable: [[ChromeDriver: chrome on windows (605f0d76066ae9267dc501460f98d119)] -> xpath: //button[@class='btn btn-link']]
19:43:22.678 [main] INFO  com.billhub.qa.base.TestBase - Waiting for web element to be clickable: [[ChromeDriver: chrome on windows (605f0d76066ae9267dc501460f98d119)] -> xpath: //*[@id="sidebar"]/div[1]/perfect-scrollbar/div/div[1]/div[2]/ul/li[3]/a]
19:43:22.896 [main] INFO  com.billhub.qa.base.TestBase - Waiting for web element to be clickable: [[ChromeDriver: chrome on windows (605f0d76066ae9267dc501460f98d119)] -> xpath: //*[@id="sidebar"]/div[1]/perfect-scrollbar/div/div[1]/div[2]/ul/li[3]/div/ul/li[4]/a]
19:43:23.574 [main] INFO  com.billhub.qa.base.TestBase - Waiting for element invisibility: By.className: loader
19:43:24.229 [main] INFO  com.billhub.qa.base.TestBase - Waiting for web element to be clickable: [[ChromeDriver: chrome on windows (605f0d76066ae9267dc501460f98d119)] -> xpath: //*[@id="ngb-typeahead-0-0"]]
19:43:24.375 [main] INFO  com.billhub.qa.base.TestBase - Waiting for element invisibility: By.className: loader
19:43:25.028 [main] INFO  com.billhub.qa.base.TestBase - Waiting for element invisibility: By.className: loader
19:43:25.248 [main] INFO  com.billhub.qa.base.TestBase - Waiting for web element to be clickable: [[ChromeDriver: chrome on windows (605f0d76066ae9267dc501460f98d119)] -> xpath: //*[@id="main"]/main/div/div/create-payment-request/div/div/div[5]/div/table/tbody/tr/td[1]/div/input]
19:43:25.481 [main] INFO  com.billhub.qa.base.TestBase - Waiting for element invisibility: By.className: loader
19:43:25.587 [main] INFO  com.billhub.qa.base.TestBase - Checking if success toast is displayed for message: Create Payment Request
19:43:26.718 [main] INFO  com.billhub.qa.base.TestBase - Waiting for element invisibility: By.className: loader
19:43:26.785 [main] INFO  com.billhub.qa.base.TestBase - Waiting for web element to be clickable: [[ChromeDriver: chrome on windows (605f0d76066ae9267dc501460f98d119)] -> xpath: //span[normalize-space()='Dashboard']]
19:43:27.091 [main] INFO  com.billhub.qa.base.TestBase - Waiting for element invisibility: By.className: loader
19:43:28.065 [main] INFO  com.billhub.qa.base.TestBase - Waiting for element invisibility: By.className: loader
19:43:28.693 [main] INFO  com.billhub.qa.base.TestBase - Waiting for element visibility: By.xpath: /html/body/modal-container/div/div/app-invoice-info-popup/div[2]/div[2]/div[1]/div/div[3]/div[2]/table/tbody/tr/td[2]
19:43:29.267 [main] INFO  com.billhub.qa.base.TestBase - Waiting for element invisibility: By.className: loader
19:43:29.314 [main] INFO  com.billhub.qa.base.TestBase - Waiting for web element to be clickable: [[ChromeDriver: chrome on windows (605f0d76066ae9267dc501460f98d119)] -> xpath: //*[@id="sidebar"]/div[1]/perfect-scrollbar/div/div[1]/div[2]/ul/li[3]/a]
19:43:29.464 [main] INFO  com.billhub.qa.base.TestBase - Waiting for web element to be clickable: [[ChromeDriver: chrome on windows (605f0d76066ae9267dc501460f98d119)] -> xpath: //*[@id="sidebar"]/div[1]/perfect-scrollbar/div/div[1]/div[2]/ul/li[3]/div/ul/li[5]/a]
19:43:30.183 [main] INFO  com.billhub.qa.base.TestBase - Waiting for element invisibility: By.className: loader
19:43:30.880 [main] INFO  com.billhub.qa.base.TestBase - Waiting for element invisibility: By.className: loader
19:43:32.039 [main] INFO  com.billhub.qa.base.TestBase - Waiting for web element to be clickable: [[ChromeDriver: chrome on windows (605f0d76066ae9267dc501460f98d119)] -> xpath: /html/body/app-root/app-layout/div[1]/main/div/div/app-reject-payment-request/div/div[1]/div[1]/div[3]/div/typeahead-container/button]
19:43:33.051 [main] INFO  com.billhub.qa.base.TestBase - Waiting for element invisibility: By.className: loader
19:43:34.189 [main] INFO  com.billhub.qa.base.TestBase - Waiting for element invisibility: By.className: loader
19:43:34.276 [main] INFO  com.billhub.qa.base.TestBase - Waiting for element invisibility: By.className: loader
19:43:34.382 [main] INFO  com.billhub.qa.base.TestBase - Waiting for element invisibility: By.className: loader
12:41:26.571 [main] INFO  com.billhub.qa.base.TestBase - Waiting for element invisibility: By.className: modal-container
12:41:46.728 [main] INFO  com.billhub.qa.base.TestBase - Waiting for element visibility: By.xpath: /html/body/app-root/app-layout/div[1]/main/div/div/app-dashboard/div/div[1]/div[2]/div/typeahead-container/button
12:41:47.261 [main] INFO  com.billhub.qa.base.TestBase - Waiting for element invisibility: By.className: loader
12:41:47.939 [main] INFO  com.billhub.qa.base.TestBase - Waiting for element invisibility: By.className: loader
12:41:50.655 [main] INFO  com.billhub.qa.base.TestBase - Waiting for element invisibility: By.className: loader
12:41:50.747 [main] INFO  com.billhub.qa.base.TestBase - Waiting for element invisibility: By.className: loader
