<<<<<<< HEAD
10:36:23.166 [main] INFO  com.billhub.qa.base.TestBase - Waiting for web element to be clickable: [[ChromeDriver: chrome on windows (f6f7659cb3e253072e58c5eb613c6764)] -> xpath: //button[normalize-space()='Done']]
10:36:24.298 [main] INFO  com.billhub.qa.base.TestBase - Waiting for element invisibility: By.className: modal-container
10:36:39.508 [main] INFO  com.billhub.qa.base.TestBase - Waiting for element invisibility: By.className: modal-container
10:36:54.880 [main] INFO  com.billhub.qa.base.TestBase - Waiting for element invisibility: By.className: modal-container
10:37:09.981 [main] INFO  com.billhub.qa.base.TestBase - Waiting for web element to be clickable: [[ChromeDriver: chrome on windows (f6f7659cb3e253072e58c5eb613c6764)] -> xpath: //tbody/tr[1]/td[1]]
10:37:10.599 [main] INFO  com.billhub.qa.base.TestBase - Waiting for web element to be clickable: [[ChromeDriver: chrome on windows (f6f7659cb3e253072e58c5eb613c6764)] -> xpath: //button[normalize-space()='SAVE']]
10:37:11.426 [main] INFO  com.billhub.qa.base.TestBase - Waiting for element invisibility: By.className: modal-container
10:37:26.780 [main] INFO  com.billhub.qa.base.TestBase - Waiting for element invisibility: By.className: modal-container
10:37:41.993 [main] INFO  com.billhub.qa.base.TestBase - Waiting for element invisibility: By.className: modal-container
10:37:57.280 [main] INFO  com.billhub.qa.base.TestBase - Waiting for element visibility: By.xpath: //button[normalize-space()='SUBMIT MEMO']
10:37:57.874 [main] INFO  com.billhub.qa.base.TestBase - Waiting for element visibility: By.xpath: //button[normalize-space()='Submit Memo']
10:37:58.502 [main] INFO  com.billhub.qa.base.TestBase - Waiting for web element to be clickable: [[ChromeDriver: chrome on windows (f6f7659cb3e253072e58c5eb613c6764)] -> xpath: //button[normalize-space()='Submit Memo']]
10:37:58.671 [main] INFO  com.billhub.qa.base.TestBase - Waiting for element invisibility: By.className: modal-container
10:38:14.021 [main] INFO  com.billhub.qa.base.TestBase - Waiting for element invisibility: By.className: modal-container
10:38:44.423 [main] INFO  com.billhub.qa.base.TestBase - Waiting for element invisibility: By.className: modal-container
10:38:59.510 [main] INFO  com.billhub.qa.base.TestBase - Waiting for element invisibility: By.className: modal-container
=======
19:28:27.397 [main] INFO  com.billhub.qa.base.TestBase - Waiting for element visibility: By.xpath: /html/body/modal-container/div/div/app-memo-submit-confirm/div[3]/div/div[2]/button
19:28:27.974 [main] INFO  com.billhub.qa.base.TestBase - Waiting for web element to be clickable: [[ChromeDriver: chrome on windows (81b8c6ec3b3cd3d61880fdd36384249e)] -> xpath: /html/body/modal-container/div/div/app-memo-submit-confirm/div[3]/div/div[2]/button]
19:28:28.040 [main] INFO  com.billhub.qa.base.TestBase - Waiting for element invisibility: By.className: modal-container
>>>>>>> b11248b3663e81fa4aed5e4538423c8dd4ebc69c
10:56:13.678 [main] INFO  com.billhub.qa.base.TestBase - Waiting for element invisibility: By.className: modal-container
10:56:28.841 [main] INFO  com.billhub.qa.base.TestBase - Waiting for web element to be clickable: [[ChromeDriver: chrome on windows (013566b6a934b03f9b81f5a0d9dbce33)] -> xpath: //button[@class='btn btn-primary ng-star-inserted']]
10:56:29.312 [main] INFO  com.billhub.qa.base.TestBase - Waiting for web element to be clickable: [[ChromeDriver: chrome on windows (013566b6a934b03f9b81f5a0d9dbce33)] -> xpath: //span[normalize-space()='Create Memo']]
10:56:35.371 [main] INFO  com.billhub.qa.base.TestBase - Waiting for element invisibility: By.className: modal-container
10:57:05.515 [main] INFO  com.billhub.qa.base.TestBase - Waiting for web element to be clickable: Proxy element for: DefaultElementLocator 'By.xpath: //button[@class='btn btn-primary ng-star-inserted']'
10:59:39.771 [main] INFO  com.billhub.qa.base.TestBase - Waiting for element invisibility: By.className: modal-container
10:59:54.886 [main] INFO  com.billhub.qa.base.TestBase - Waiting for web element to be clickable: [[ChromeDriver: chrome on windows (608227b9d6d76849690ebd0b2bdc9784)] -> xpath: //button[@class='btn btn-primary ng-star-inserted']]
10:59:55.616 [main] INFO  com.billhub.qa.base.TestBase - Waiting for web element to be clickable: [[ChromeDriver: chrome on windows (608227b9d6d76849690ebd0b2bdc9784)] -> xpath: //span[normalize-space()='Create Memo']]
11:00:02.129 [main] INFO  com.billhub.qa.base.TestBase - Waiting for element invisibility: By.className: modal-container
11:00:17.180 [main] INFO  com.billhub.qa.base.TestBase - Waiting for element invisibility: By.className: modal-container
11:00:32.941 [main] INFO  com.billhub.qa.base.TestBase - Waiting for element invisibility: By.className: modal-container
11:00:49.147 [main] INFO  com.billhub.qa.base.TestBase - Waiting for element invisibility: By.className: modal-container
11:01:04.274 [main] INFO  com.billhub.qa.base.TestBase - Waiting for web element to be clickable: [[ChromeDriver: chrome on windows (608227b9d6d76849690ebd0b2bdc9784)] -> xpath: //button[normalize-space()='Done']]
11:01:05.524 [main] INFO  com.billhub.qa.base.TestBase - Waiting for element invisibility: By.className: modal-container
11:01:20.798 [main] INFO  com.billhub.qa.base.TestBase - Waiting for element invisibility: By.className: modal-container
11:01:36.133 [main] INFO  com.billhub.qa.base.TestBase - Waiting for element invisibility: By.className: modal-container
11:01:51.206 [main] INFO  com.billhub.qa.base.TestBase - Waiting for web element to be clickable: [[ChromeDriver: chrome on windows (608227b9d6d76849690ebd0b2bdc9784)] -> xpath: //tbody/tr[1]/td[1]]
11:01:51.720 [main] INFO  com.billhub.qa.base.TestBase - Waiting for element invisibility: By.className: modal-container
11:02:06.850 [main] INFO  com.billhub.qa.base.TestBase - Waiting for web element to be clickable: [[ChromeDriver: chrome on windows (608227b9d6d76849690ebd0b2bdc9784)] -> xpath: //button[normalize-space()='SAVE']]
11:02:08.131 [main] INFO  com.billhub.qa.base.TestBase - Waiting for element invisibility: By.className: modal-container
11:02:23.222 [main] INFO  com.billhub.qa.base.TestBase - Waiting for element invisibility: By.className: modal-container
11:02:38.753 [main] INFO  com.billhub.qa.base.TestBase - Waiting for element invisibility: By.className: modal-container
11:02:55.280 [main] INFO  com.billhub.qa.base.TestBase - Waiting for element invisibility: By.className: modal-container
11:03:10.384 [main] INFO  com.billhub.qa.base.TestBase - Waiting for web element to be clickable: [[ChromeDriver: chrome on windows (608227b9d6d76849690ebd0b2bdc9784)] -> xpath: //button[normalize-space()='Done']]
11:03:11.552 [main] INFO  com.billhub.qa.base.TestBase - Waiting for element invisibility: By.className: modal-container
11:03:26.864 [main] INFO  com.billhub.qa.base.TestBase - Waiting for element invisibility: By.className: modal-container
11:03:42.227 [main] INFO  com.billhub.qa.base.TestBase - Waiting for element invisibility: By.className: modal-container
11:03:57.350 [main] INFO  com.billhub.qa.base.TestBase - Waiting for web element to be clickable: [[ChromeDriver: chrome on windows (608227b9d6d76849690ebd0b2bdc9784)] -> xpath: //tbody/tr[1]/td[1]]
11:03:58.404 [main] INFO  com.billhub.qa.base.TestBase - Waiting for element invisibility: By.className: modal-container
11:04:13.503 [main] INFO  com.billhub.qa.base.TestBase - Waiting for web element to be clickable: [[ChromeDriver: chrome on windows (608227b9d6d76849690ebd0b2bdc9784)] -> xpath: //button[normalize-space()='SAVE']]
11:09:42.421 [main] INFO  com.billhub.qa.base.TestBase - Waiting for element invisibility: By.className: modal-container
11:09:57.537 [main] INFO  com.billhub.qa.base.TestBase - Waiting for web element to be clickable: [[ChromeDriver: chrome on windows (4569ab4769df5bee2d72cef9885dcd5a)] -> xpath: //button[@class='btn btn-primary ng-star-inserted']]
11:09:58.961 [main] INFO  com.billhub.qa.base.TestBase - Waiting for web element to be clickable: [[ChromeDriver: chrome on windows (4569ab4769df5bee2d72cef9885dcd5a)] -> xpath: //span[normalize-space()='Create Memo']]
11:10:06.540 [main] INFO  com.billhub.qa.base.TestBase - Waiting for element invisibility: By.className: modal-container
11:10:21.556 [main] INFO  com.billhub.qa.base.TestBase - Waiting for element invisibility: By.className: modal-container
11:10:37.324 [main] INFO  com.billhub.qa.base.TestBase - Waiting for element invisibility: By.className: modal-container
11:10:54.420 [main] INFO  com.billhub.qa.base.TestBase - Waiting for element invisibility: By.className: modal-container
11:11:09.544 [main] INFO  com.billhub.qa.base.TestBase - Waiting for web element to be clickable: [[ChromeDriver: chrome on windows (4569ab4769df5bee2d72cef9885dcd5a)] -> xpath: //button[normalize-space()='Done']]
11:11:10.755 [main] INFO  com.billhub.qa.base.TestBase - Waiting for element invisibility: By.className: modal-container
11:11:25.900 [main] INFO  com.billhub.qa.base.TestBase - Waiting for element invisibility: By.className: modal-container
11:11:41.124 [main] INFO  com.billhub.qa.base.TestBase - Waiting for element invisibility: By.className: modal-container
11:11:56.196 [main] INFO  com.billhub.qa.base.TestBase - Waiting for web element to be clickable: [[ChromeDriver: chrome on windows (4569ab4769df5bee2d72cef9885dcd5a)] -> xpath: //tbody/tr[1]/td[1]]
11:11:56.841 [main] INFO  com.billhub.qa.base.TestBase - Waiting for element invisibility: By.className: modal-container
11:12:11.911 [main] INFO  com.billhub.qa.base.TestBase - Waiting for web element to be clickable: [[ChromeDriver: chrome on windows (4569ab4769df5bee2d72cef9885dcd5a)] -> xpath: //button[normalize-space()='SAVE']]
11:12:13.111 [main] INFO  com.billhub.qa.base.TestBase - Waiting for element invisibility: By.className: modal-container
11:12:28.149 [main] INFO  com.billhub.qa.base.TestBase - Waiting for element invisibility: By.className: modal-container
11:12:43.695 [main] INFO  com.billhub.qa.base.TestBase - Waiting for element invisibility: By.className: modal-container
11:13:00.085 [main] INFO  com.billhub.qa.base.TestBase - Waiting for element invisibility: By.className: modal-container
