18:23:46.914 [main] INFO  com.billhub.qa.base.TestBase - Waiting for element invisibility: By.className: loader
18:23:47.807 [main] INFO  com.billhub.qa.base.TestBase - Waiting for element visibility: By.className: dashboard-table
18:23:47.861 [main] INFO  com.billhub.qa.base.TestBase - Waiting for element invisibility: By.className: loader
18:23:48.479 [main] INFO  com.billhub.qa.base.TestBase - Waiting for element invisibility: By.className: loader
18:23:49.191 [main] INFO  com.billhub.qa.base.TestBase - Waiting for element visibility: By.className: dashboard-table
18:23:49.215 [main] INFO  com.billhub.qa.base.TestBase - Waiting for element visibility: By.xpath: //*[@id="main"]/main/div/div/app-dashboard/div/div[5]/div/table/tbody/tr[1]
18:23:49.258 [main] INFO  com.billhub.qa.base.TestBase - Waiting for element invisibility: By.className: loader
18:23:49.976 [main] INFO  com.billhub.qa.base.TestBase - Waiting for element invisibility: By.className: loader
18:23:50.051 [main] INFO  com.billhub.qa.base.TestBase - Waiting for element visibility: By.className: dashboard-table
18:23:50.079 [main] INFO  com.billhub.qa.base.TestBase - Waiting for element visibility: By.xpath: //*[@id="main"]/main/div/div/app-dashboard/div/div[5]/div/table/tbody/tr[1]
18:23:50.120 [main] INFO  com.billhub.qa.base.TestBase - Waiting for element invisibility: By.className: loader
18:23:50.902 [main] INFO  com.billhub.qa.base.TestBase - Waiting for element visibility: By.className: dashboard-table
18:23:50.927 [main] INFO  com.billhub.qa.base.TestBase - Waiting for element visibility: By.xpath: //*[@id="main"]/main/div/div/app-dashboard/div/div[5]/div/table/tbody/tr[1]
18:23:50.965 [main] INFO  com.billhub.qa.base.TestBase - Waiting for element invisibility: By.className: loader
18:23:52.267 [main] INFO  com.billhub.qa.base.TestBase - Waiting for element visibility: By.className: dashboard-table
18:23:52.290 [main] INFO  com.billhub.qa.base.TestBase - Waiting for element visibility: By.xpath: //*[@id="main"]/main/div/div/app-dashboard/div/div[5]/div/table/tbody/tr[1]
18:23:52.459 [main] INFO  com.billhub.qa.base.TestBase - Waiting for element invisibility: By.className: loader
18:23:53.068 [main] INFO  com.billhub.qa.base.TestBase - Waiting for element invisibility: By.className: loader
18:23:53.775 [main] INFO  com.billhub.qa.base.TestBase - Waiting for element invisibility: By.className: loader
18:23:54.386 [main] INFO  com.billhub.qa.base.TestBase - Waiting for element invisibility: By.className: loader
18:23:55.646 [main] INFO  com.billhub.qa.base.TestBase - Waiting for element visibility: By.className: dashboard-table
18:23:55.671 [main] INFO  com.billhub.qa.base.TestBase - Waiting for element visibility: By.xpath: //*[@id="main"]/main/div/div/app-dashboard/div/div[5]/div/table/tbody/tr[1]
18:24:21.954 [main] INFO  com.billhub.qa.base.TestBase - Waiting for element invisibility: By.className: modal-container
18:24:42.016 [main] INFO  com.billhub.qa.base.TestBase - Waiting for element invisibility: By.className: modal-container
18:25:02.158 [main] INFO  com.billhub.qa.base.TestBase - Waiting for element invisibility: By.className: loader
18:25:02.493 [main] INFO  com.billhub.qa.base.TestBase - Waiting for element visibility: By.className: dashboard-table
18:25:02.756 [main] INFO  com.billhub.qa.base.TestBase - Waiting for element invisibility: By.className: loader
18:25:02.838 [main] INFO  com.billhub.qa.base.TestBase - Waiting for element invisibility: By.className: loader
18:25:03.178 [main] INFO  com.billhub.qa.base.TestBase - Waiting for element visibility: By.className: dashboard-table
18:25:03.205 [main] INFO  com.billhub.qa.base.TestBase - Waiting for element visibility: By.xpath: //*[@id="main"]/main/div/div/app-dashboard/div/div[5]/div/table/tbody/tr[1]
18:25:03.254 [main] INFO  com.billhub.qa.base.TestBase - Waiting for element invisibility: By.className: loader
18:25:03.877 [main] INFO  com.billhub.qa.base.TestBase - Waiting for element invisibility: By.className: loader
18:25:04.504 [main] INFO  com.billhub.qa.base.TestBase - Waiting for element invisibility: By.className: loader
18:25:05.677 [main] INFO  com.billhub.qa.base.TestBase - Waiting for element visibility: By.className: dashboard-table
18:25:05.736 [main] INFO  com.billhub.qa.base.TestBase - Waiting for element invisibility: By.className: loader
18:25:06.352 [main] INFO  com.billhub.qa.base.TestBase - Waiting for element invisibility: By.className: loader
18:25:06.956 [main] INFO  com.billhub.qa.base.TestBase - Waiting for element invisibility: By.className: loader
18:25:07.823 [main] INFO  com.billhub.qa.base.TestBase - Waiting for element visibility: By.className: dashboard-table
18:25:07.877 [main] INFO  com.billhub.qa.base.TestBase - Waiting for element invisibility: By.className: loader
18:25:08.479 [main] INFO  com.billhub.qa.base.TestBase - Waiting for element invisibility: By.className: loader
18:25:09.142 [main] INFO  com.billhub.qa.base.TestBase - Waiting for element visibility: By.className: dashboard-table
18:25:09.170 [main] INFO  com.billhub.qa.base.TestBase - Waiting for element visibility: By.xpath: //*[@id="main"]/main/div/div/app-dashboard/div/div[5]/div/table/tbody/tr[1]
18:25:09.213 [main] INFO  com.billhub.qa.base.TestBase - Waiting for element invisibility: By.className: loader
18:25:09.944 [main] INFO  com.billhub.qa.base.TestBase - Waiting for element invisibility: By.className: selected-items
18:25:30.065 [main] INFO  com.billhub.qa.base.TestBase - Waiting for element visibility: By.className: dashboard-table
18:25:30.094 [main] INFO  com.billhub.qa.base.TestBase - Waiting for element visibility: By.xpath: //*[@id="main"]/main/div/div/app-dashboard/div/div[5]/div/table/tbody/tr[1]
18:25:30.138 [main] INFO  com.billhub.qa.base.TestBase - Waiting for element invisibility: By.className: loader
18:25:31.495 [main] INFO  com.billhub.qa.base.TestBase - Waiting for element visibility: By.className: dashboard-table
18:25:31.518 [main] INFO  com.billhub.qa.base.TestBase - Waiting for element visibility: By.xpath: //*[@id="main"]/main/div/div/app-dashboard/div/div[5]/div/table/tbody/tr[1]
18:25:31.561 [main] INFO  com.billhub.qa.base.TestBase - Waiting for element invisibility: By.className: loader
18:25:32.173 [main] INFO  com.billhub.qa.base.TestBase - Waiting for element invisibility: By.className: loader
18:25:32.791 [main] INFO  com.billhub.qa.base.TestBase - Waiting for element invisibility: By.className: loader
18:25:33.397 [main] INFO  com.billhub.qa.base.TestBase - Waiting for element invisibility: By.className: loader
18:25:34.696 [main] INFO  com.billhub.qa.base.TestBase - Waiting for element visibility: By.className: dashboard-table
18:25:34.722 [main] INFO  com.billhub.qa.base.TestBase - Waiting for element visibility: By.xpath: //*[@id="main"]/main/div/div/app-dashboard/div/div[5]/div/table/tbody/tr[1]
18:26:46.691 [main] INFO  com.billhub.qa.base.TestBase - Waiting for element invisibility: By.className: modal-container
18:27:06.755 [main] INFO  com.billhub.qa.base.TestBase - Waiting for element invisibility: By.className: loader
18:27:06.812 [main] INFO  com.billhub.qa.base.TestBase - Waiting for web element to be clickable: [[ChromeDriver: chrome on windows (af98ceb05f0cfc233961aebdb4628f1f)] -> xpath: //*[@id="main"]/main/div/div/app-dashboard/div/div[1]/div[2]/button[2]]
18:27:07.069 [main] INFO  com.billhub.qa.base.TestBase - Waiting for web element to be clickable: [[ChromeDriver: chrome on windows (af98ceb05f0cfc233961aebdb4628f1f)] -> xpath: //span[normalize-space()='Create Memo']]
18:27:12.354 [main] INFO  com.billhub.qa.base.TestBase - Waiting for element invisibility: By.className: loader
18:27:12.600 [main] INFO  com.billhub.qa.base.TestBase - Waiting for element invisibility: By.className: loader
18:27:13.306 [main] INFO  com.billhub.qa.base.TestBase - Waiting for element invisibility: By.className: loader
18:27:13.566 [main] INFO  com.billhub.qa.base.TestBase - Waiting for element invisibility: By.className: loader
18:27:14.141 [main] INFO  com.billhub.qa.base.TestBase - Waiting for web element to be clickable: [[ChromeDriver: chrome on windows (af98ceb05f0cfc233961aebdb4628f1f)] -> xpath: //button[normalize-space()='Done']]
18:27:14.240 [main] INFO  com.billhub.qa.base.TestBase - Waiting for element invisibility: By.className: loader
18:27:15.046 [main] INFO  com.billhub.qa.base.TestBase - Waiting for element invisibility: By.className: loader
18:27:15.774 [main] INFO  com.billhub.qa.base.TestBase - Waiting for element invisibility: By.className: loader
18:27:16.359 [main] INFO  com.billhub.qa.base.TestBase - Waiting for web element to be clickable: [[ChromeDriver: chrome on windows (af98ceb05f0cfc233961aebdb4628f1f)] -> xpath: /html/body/modal-container/div/div/app-add-po-popup/div[2]/div[2]/div[1]/table/tbody/tr[1]/td[1]/div/input]
18:27:16.852 [main] INFO  com.billhub.qa.base.TestBase - Waiting for web element to be clickable: [[ChromeDriver: chrome on windows (af98ceb05f0cfc233961aebdb4628f1f)] -> xpath: //button[normalize-space()='SAVE']]
18:27:17.656 [main] INFO  com.billhub.qa.base.TestBase - Waiting for element invisibility: By.className: loader
18:27:18.809 [main] INFO  com.billhub.qa.base.TestBase - Waiting for element invisibility: By.className: loader
18:27:19.432 [main] INFO  com.billhub.qa.base.TestBase - Waiting for element invisibility: By.className: loader
18:27:19.455 [main] INFO  com.billhub.qa.base.TestBase - Waiting for toast to disappear
18:27:23.241 [main] INFO  com.billhub.qa.base.TestBase - Waiting for web element to be clickable: [[ChromeDriver: chrome on windows (af98ceb05f0cfc233961aebdb4628f1f)] -> xpath: //*[@id="main"]/main/div/div/app-create-memo/div/div/div[2]/div/form/div/div[6]/button]
18:27:23.355 [main] INFO  com.billhub.qa.base.TestBase - Waiting for element invisibility: By.className: loader
18:27:23.915 [main] INFO  com.billhub.qa.base.TestBase - Waiting for element visibility: By.xpath: //button[@type='submit']
18:27:23.941 [main] INFO  com.billhub.qa.base.TestBase - Waiting for web element to be clickable: [[ChromeDriver: chrome on windows (af98ceb05f0cfc233961aebdb4628f1f)] -> xpath: //button[@type='submit']]
