11:59:56.804 [main] INFO  com.billhub.qa.base.TestBase - Waiting for element invisibility: By.className: modal-container
12:00:11.880 [main] INFO  com.billhub.qa.base.TestBase - Waiting for web element to be clickable: [[ChromeDriver: chrome on windows (9fa3cbbf382f32b5020cfc116fbf76a6)] -> xpath: //button[@class='btn btn-primary ng-star-inserted']]
12:00:12.203 [main] INFO  com.billhub.qa.base.TestBase - Waiting for web element to be clickable: [[ChromeDriver: chrome on windows (9fa3cbbf382f32b5020cfc116fbf76a6)] -> xpath: //span[normalize-space()='Create Memo']]
12:00:13.130 [main] INFO  com.billhub.qa.base.TestBase - Setting cell data in sheet: POBasedInvoice, row: 1, col: 0, data: TESTINV9761
12:00:13.418 [main] INFO  com.billhub.qa.base.TestBase - Setting cell data in sheet: POBasedInvoice, row: 1, col: 1, data: 7
12:00:13.564 [main] INFO  com.billhub.qa.base.TestBase - Setting cell data in sheet: POBasedInvoice, row: 1, col: 2, data: 1.26
12:00:13.674 [main] INFO  com.billhub.qa.base.TestBase - Setting cell data in sheet: POBasedInvoice, row: 2, col: 0, data: TESTINV7842
12:00:13.780 [main] INFO  com.billhub.qa.base.TestBase - Setting cell data in sheet: POBasedInvoice, row: 2, col: 1, data: 9
12:00:13.900 [main] INFO  com.billhub.qa.base.TestBase - Setting cell data in sheet: POBasedInvoice, row: 2, col: 2, data: 1.6199999999999999
12:00:13.995 [main] INFO  com.billhub.qa.base.TestBase - Setting cell data in sheet: POBasedInvoice, row: 3, col: 0, data: TESTINV1894
12:00:14.082 [main] INFO  com.billhub.qa.base.TestBase - Setting cell data in sheet: POBasedInvoice, row: 3, col: 1, data: 1
12:00:14.171 [main] INFO  com.billhub.qa.base.TestBase - Setting cell data in sheet: POBasedInvoice, row: 3, col: 2, data: 0.18
12:00:14.264 [main] INFO  com.billhub.qa.base.TestBase - Setting cell data in sheet: POBasedInvoice, row: 4, col: 0, data: TESTINV3111
12:00:14.351 [main] INFO  com.billhub.qa.base.TestBase - Setting cell data in sheet: POBasedInvoice, row: 4, col: 1, data: 5
12:00:14.426 [main] INFO  com.billhub.qa.base.TestBase - Setting cell data in sheet: POBasedInvoice, row: 4, col: 2, data: 0.8999999999999999
12:00:14.517 [main] INFO  com.billhub.qa.base.TestBase - Setting cell data in sheet: POBasedInvoice, row: 5, col: 0, data: TESTINV8197
12:00:14.592 [main] INFO  com.billhub.qa.base.TestBase - Setting cell data in sheet: POBasedInvoice, row: 5, col: 1, data: 4
12:00:14.676 [main] INFO  com.billhub.qa.base.TestBase - Setting cell data in sheet: POBasedInvoice, row: 5, col: 2, data: 0.72
12:00:14.756 [main] INFO  com.billhub.qa.base.TestBase - Setting cell data in sheet: POBasedInvoice, row: 6, col: 0, data: TESTINV1458
12:00:14.842 [main] INFO  com.billhub.qa.base.TestBase - Setting cell data in sheet: POBasedInvoice, row: 6, col: 1, data: 1
12:00:14.916 [main] INFO  com.billhub.qa.base.TestBase - Setting cell data in sheet: POBasedInvoice, row: 6, col: 2, data: 0.18
12:00:14.982 [main] INFO  com.billhub.qa.base.TestBase - Setting cell data in sheet: POBasedInvoice, row: 7, col: 0, data: TESTINV5127
12:00:15.050 [main] INFO  com.billhub.qa.base.TestBase - Setting cell data in sheet: POBasedInvoice, row: 7, col: 1, data: 4
12:00:15.120 [main] INFO  com.billhub.qa.base.TestBase - Setting cell data in sheet: POBasedInvoice, row: 7, col: 2, data: 0.72
12:00:15.190 [main] INFO  com.billhub.qa.base.TestBase - Setting cell data in sheet: POBasedInvoice, row: 8, col: 0, data: TESTINV8621
12:00:15.257 [main] INFO  com.billhub.qa.base.TestBase - Setting cell data in sheet: POBasedInvoice, row: 8, col: 1, data: 5
12:00:15.326 [main] INFO  com.billhub.qa.base.TestBase - Setting cell data in sheet: POBasedInvoice, row: 8, col: 2, data: 0.8999999999999999
12:00:15.469 [main] INFO  com.billhub.qa.base.TestBase - Waiting for element invisibility: By.className: modal-container
12:02:45.662 [main] INFO  com.billhub.qa.base.TestBase - Waiting for element invisibility: By.className: modal-container
12:03:00.753 [main] INFO  com.billhub.qa.base.TestBase - Waiting for web element to be clickable: [[ChromeDriver: chrome on windows (31f1e5409fde62d8405560aa5bf46f30)] -> xpath: //button[@class='btn btn-primary ng-star-inserted']]
12:03:01.014 [main] INFO  com.billhub.qa.base.TestBase - Waiting for web element to be clickable: [[ChromeDriver: chrome on windows (31f1e5409fde62d8405560aa5bf46f30)] -> xpath: //span[normalize-space()='Create Memo']]
12:03:01.928 [main] INFO  com.billhub.qa.base.TestBase - Setting cell data in sheet: POBasedInvoice, row: 1, col: 0, data: TESTINV5915
12:03:02.233 [main] INFO  com.billhub.qa.base.TestBase - Setting cell data in sheet: POBasedInvoice, row: 1, col: 1, data: 5
12:03:02.357 [main] INFO  com.billhub.qa.base.TestBase - Setting cell data in sheet: POBasedInvoice, row: 1, col: 2, data: 0.8999999999999999
12:03:02.491 [main] INFO  com.billhub.qa.base.TestBase - Setting cell data in sheet: POBasedInvoice, row: 2, col: 0, data: TESTINV3719
12:03:02.619 [main] INFO  com.billhub.qa.base.TestBase - Setting cell data in sheet: POBasedInvoice, row: 2, col: 1, data: 7
12:03:02.734 [main] INFO  com.billhub.qa.base.TestBase - Setting cell data in sheet: POBasedInvoice, row: 2, col: 2, data: 1.26
12:03:02.850 [main] INFO  com.billhub.qa.base.TestBase - Setting cell data in sheet: POBasedInvoice, row: 3, col: 0, data: TESTINV8323
12:03:02.950 [main] INFO  com.billhub.qa.base.TestBase - Setting cell data in sheet: POBasedInvoice, row: 3, col: 1, data: 2
12:03:03.054 [main] INFO  com.billhub.qa.base.TestBase - Setting cell data in sheet: POBasedInvoice, row: 3, col: 2, data: 0.36
12:03:03.142 [main] INFO  com.billhub.qa.base.TestBase - Setting cell data in sheet: POBasedInvoice, row: 4, col: 0, data: TESTINV8156
12:03:03.218 [main] INFO  com.billhub.qa.base.TestBase - Setting cell data in sheet: POBasedInvoice, row: 4, col: 1, data: 1
12:03:03.307 [main] INFO  com.billhub.qa.base.TestBase - Setting cell data in sheet: POBasedInvoice, row: 4, col: 2, data: 0.18
12:03:03.403 [main] INFO  com.billhub.qa.base.TestBase - Setting cell data in sheet: POBasedInvoice, row: 5, col: 0, data: TESTINV8199
12:03:03.502 [main] INFO  com.billhub.qa.base.TestBase - Setting cell data in sheet: POBasedInvoice, row: 5, col: 1, data: 5
12:03:03.592 [main] INFO  com.billhub.qa.base.TestBase - Setting cell data in sheet: POBasedInvoice, row: 5, col: 2, data: 0.8999999999999999
12:03:03.671 [main] INFO  com.billhub.qa.base.TestBase - Setting cell data in sheet: POBasedInvoice, row: 6, col: 0, data: TESTINV1669
12:03:03.748 [main] INFO  com.billhub.qa.base.TestBase - Setting cell data in sheet: POBasedInvoice, row: 6, col: 1, data: 4
12:03:03.823 [main] INFO  com.billhub.qa.base.TestBase - Setting cell data in sheet: POBasedInvoice, row: 6, col: 2, data: 0.72
12:03:03.893 [main] INFO  com.billhub.qa.base.TestBase - Setting cell data in sheet: POBasedInvoice, row: 7, col: 0, data: TESTINV7256
12:03:03.961 [main] INFO  com.billhub.qa.base.TestBase - Setting cell data in sheet: POBasedInvoice, row: 7, col: 1, data: 1
12:03:04.030 [main] INFO  com.billhub.qa.base.TestBase - Setting cell data in sheet: POBasedInvoice, row: 7, col: 2, data: 0.18
12:03:04.092 [main] INFO  com.billhub.qa.base.TestBase - Setting cell data in sheet: POBasedInvoice, row: 8, col: 0, data: TESTINV2941
12:03:04.153 [main] INFO  com.billhub.qa.base.TestBase - Setting cell data in sheet: POBasedInvoice, row: 8, col: 1, data: 2
12:03:04.211 [main] INFO  com.billhub.qa.base.TestBase - Setting cell data in sheet: POBasedInvoice, row: 8, col: 2, data: 0.36
12:03:04.356 [main] INFO  com.billhub.qa.base.TestBase - Waiting for element invisibility: By.className: modal-container
12:03:19.590 [main] INFO  com.billhub.qa.base.TestBase - Waiting for element invisibility: By.className: modal-container
12:04:44.016 [main] INFO  com.billhub.qa.base.TestBase - Waiting for element invisibility: By.className: modal-container
12:04:59.104 [main] INFO  com.billhub.qa.base.TestBase - Waiting for web element to be clickable: [[ChromeDriver: chrome on windows (9bf1383ccb0838e061ab00eba6407689)] -> xpath: //button[@class='btn btn-primary ng-star-inserted']]
12:04:59.369 [main] INFO  com.billhub.qa.base.TestBase - Waiting for web element to be clickable: [[ChromeDriver: chrome on windows (9bf1383ccb0838e061ab00eba6407689)] -> xpath: //span[normalize-space()='Create Memo']]
12:05:00.282 [main] INFO  com.billhub.qa.base.TestBase - Setting cell data in sheet: POBasedInvoice, row: 1, col: 0, data: TESTINV6231
12:05:00.571 [main] INFO  com.billhub.qa.base.TestBase - Setting cell data in sheet: POBasedInvoice, row: 1, col: 1, data: 5
12:05:00.711 [main] INFO  com.billhub.qa.base.TestBase - Setting cell data in sheet: POBasedInvoice, row: 1, col: 2, data: 0.8999999999999999
12:05:00.832 [main] INFO  com.billhub.qa.base.TestBase - Setting cell data in sheet: POBasedInvoice, row: 2, col: 0, data: TESTINV4431
12:05:00.945 [main] INFO  com.billhub.qa.base.TestBase - Setting cell data in sheet: POBasedInvoice, row: 2, col: 1, data: 7
12:05:01.056 [main] INFO  com.billhub.qa.base.TestBase - Setting cell data in sheet: POBasedInvoice, row: 2, col: 2, data: 1.26
12:05:01.176 [main] INFO  com.billhub.qa.base.TestBase - Setting cell data in sheet: POBasedInvoice, row: 3, col: 0, data: TESTINV7177
12:05:01.280 [main] INFO  com.billhub.qa.base.TestBase - Setting cell data in sheet: POBasedInvoice, row: 3, col: 1, data: 1
12:05:01.397 [main] INFO  com.billhub.qa.base.TestBase - Setting cell data in sheet: POBasedInvoice, row: 3, col: 2, data: 0.18
12:05:01.495 [main] INFO  com.billhub.qa.base.TestBase - Setting cell data in sheet: POBasedInvoice, row: 4, col: 0, data: TESTINV5831
12:05:01.594 [main] INFO  com.billhub.qa.base.TestBase - Setting cell data in sheet: POBasedInvoice, row: 4, col: 1, data: 1
12:05:01.682 [main] INFO  com.billhub.qa.base.TestBase - Setting cell data in sheet: POBasedInvoice, row: 4, col: 2, data: 0.18
12:05:01.765 [main] INFO  com.billhub.qa.base.TestBase - Setting cell data in sheet: POBasedInvoice, row: 5, col: 0, data: TESTINV7396
12:05:01.843 [main] INFO  com.billhub.qa.base.TestBase - Setting cell data in sheet: POBasedInvoice, row: 5, col: 1, data: 7
