08:16:26.635 [main] INFO  com.billhub.qa.base.TestBase - Waiting for web element to be clickable: [[ChromeDriver: chrome on windows (a222d3cde8e18897493882ae8fb803de)] -> xpath: //span[normalize-space()='Create Memo']]
08:16:33.030 [main] INFO  com.billhub.qa.base.TestBase - Waiting for element invisibility: By.className: modal-container
08:17:09.939 [main] INFO  com.billhub.qa.base.TestBase - Waiting for element invisibility: By.className: modal-container
08:17:25.061 [main] INFO  com.billhub.qa.base.TestBase - Waiting for web element to be clickable: [[ChromeDriver: chrome on windows (fcbee88f654f4b1b93087360e9913a5f)] -> xpath: //button[@class='btn btn-primary ng-star-inserted']]
08:17:25.545 [main] INFO  com.billhub.qa.base.TestBase - Waiting for web element to be clickable: [[ChromeDriver: chrome on windows (fcbee88f654f4b1b93087360e9913a5f)] -> xpath: //span[normalize-space()='Create Memo']]
08:17:31.406 [main] INFO  com.billhub.qa.base.TestBase - Waiting for element invisibility: By.className: modal-container
08:18:11.703 [main] INFO  com.billhub.qa.base.TestBase - Waiting for element invisibility: By.className: modal-container
08:18:26.852 [main] INFO  com.billhub.qa.base.TestBase - Waiting for web element to be clickable: [[ChromeDriver: chrome on windows (4e428b5f03b22a374b63b20bf75603f3)] -> xpath: //button[@class='btn btn-primary ng-star-inserted']]
08:18:28.493 [main] INFO  com.billhub.qa.base.TestBase - Waiting for web element to be clickable: [[ChromeDriver: chrome on windows (4e428b5f03b22a374b63b20bf75603f3)] -> xpath: //span[normalize-space()='Create Memo']]
08:18:35.002 [main] INFO  com.billhub.qa.base.TestBase - Waiting for element invisibility: By.className: modal-container
08:18:51.251 [main] INFO  com.billhub.qa.base.TestBase - Waiting for element invisibility: By.className: modal-container
08:19:07.125 [main] INFO  com.billhub.qa.base.TestBase - Waiting for element invisibility: By.className: modal-container
08:19:23.497 [main] INFO  com.billhub.qa.base.TestBase - Waiting for element invisibility: By.className: modal-container
08:19:38.586 [main] INFO  com.billhub.qa.base.TestBase - Waiting for element invisibility: By.className: modal-container
08:19:55.716 [main] INFO  com.billhub.qa.base.TestBase - Waiting for web element to be clickable: [[ChromeDriver: chrome on windows (4e428b5f03b22a374b63b20bf75603f3)] -> xpath: //button[normalize-space()='SAVE']]
08:19:55.942 [main] INFO  com.billhub.qa.base.TestBase - Waiting for element invisibility: By.className: modal-container
08:20:12.242 [main] INFO  com.billhub.qa.base.TestBase - Waiting for element invisibility: By.className: modal-container
08:20:27.954 [main] INFO  com.billhub.qa.base.TestBase - Waiting for element invisibility: By.className: modal-container
08:20:44.390 [main] INFO  com.billhub.qa.base.TestBase - Waiting for element invisibility: By.className: modal-container
08:20:59.448 [main] INFO  com.billhub.qa.base.TestBase - Waiting for web element to be clickable: [[ChromeDriver: chrome on windows (4e428b5f03b22a374b63b20bf75603f3)] -> xpath: //button[normalize-space()='Done']]
08:21:00.578 [main] INFO  com.billhub.qa.base.TestBase - Waiting for element invisibility: By.className: modal-container
08:21:15.831 [main] INFO  com.billhub.qa.base.TestBase - Waiting for element invisibility: By.className: modal-container
08:21:31.155 [main] INFO  com.billhub.qa.base.TestBase - Waiting for element invisibility: By.className: modal-container
08:21:46.219 [main] INFO  com.billhub.qa.base.TestBase - Waiting for web element to be clickable: [[ChromeDriver: chrome on windows (4e428b5f03b22a374b63b20bf75603f3)] -> xpath: //td[@scope='row']//input[@type='checkbox']]
08:21:46.736 [main] INFO  com.billhub.qa.base.TestBase - Waiting for web element to be clickable: [[ChromeDriver: chrome on windows (4e428b5f03b22a374b63b20bf75603f3)] -> xpath: //button[normalize-space()='SAVE']]
08:21:47.553 [main] INFO  com.billhub.qa.base.TestBase - Waiting for element invisibility: By.className: modal-container
08:22:02.766 [main] INFO  com.billhub.qa.base.TestBase - Waiting for element invisibility: By.className: modal-container
08:22:18.267 [main] INFO  com.billhub.qa.base.TestBase - Waiting for element visibility: By.xpath: //button[normalize-space()='SUBMIT MEMO']
08:22:19.548 [main] INFO  com.billhub.qa.base.TestBase - Waiting for element invisibility: By.className: modal-container
08:22:49.681 [main] INFO  com.billhub.qa.base.TestBase - Waiting for element invisibility: By.className: modal-container
08:23:19.784 [main] INFO  com.billhub.qa.base.TestBase - Waiting for web element to be clickable: Proxy element for: DefaultElementLocator 'By.xpath: //button[@class='btn btn-primary ng-star-inserted']'
08:30:59.915 [main] INFO  com.billhub.qa.base.TestBase - Waiting for element invisibility: By.className: modal-container
08:31:15.091 [main] INFO  com.billhub.qa.base.TestBase - Waiting for web element to be clickable: [[ChromeDriver: chrome on windows (735769254ccecbb46cd5a8b3bd830d49)] -> xpath: //button[@class='btn btn-primary ng-star-inserted']]
08:31:16.002 [main] INFO  com.billhub.qa.base.TestBase - Waiting for web element to be clickable: [[ChromeDriver: chrome on windows (735769254ccecbb46cd5a8b3bd830d49)] -> xpath: //span[normalize-space()='Create Memo']]
08:31:21.756 [main] INFO  com.billhub.qa.base.TestBase - Waiting for element invisibility: By.className: modal-container
08:31:38.204 [main] INFO  com.billhub.qa.base.TestBase - Waiting for element invisibility: By.className: modal-container
08:31:54.998 [main] INFO  com.billhub.qa.base.TestBase - Waiting for element invisibility: By.className: modal-container
08:32:11.152 [main] INFO  com.billhub.qa.base.TestBase - Waiting for element invisibility: By.className: modal-container
08:32:26.198 [main] INFO  com.billhub.qa.base.TestBase - Waiting for element invisibility: By.className: modal-container
08:32:42.109 [main] INFO  com.billhub.qa.base.TestBase - Waiting for web element to be clickable: [[ChromeDriver: chrome on windows (735769254ccecbb46cd5a8b3bd830d49)] -> xpath: //button[normalize-space()='SAVE']]
08:32:42.265 [main] INFO  com.billhub.qa.base.TestBase - Waiting for element invisibility: By.className: modal-container
08:32:57.363 [main] INFO  com.billhub.qa.base.TestBase - Checking if success toast is displayed for message: Invoice created successfully.
08:33:12.384 [main] ERROR com.billhub.qa.base.TestBase - TimeoutException: Success toast not displayed for message - Invoice created successfully.
08:33:12.387 [main] INFO  com.billhub.qa.base.TestBase - Waiting for element invisibility: By.className: modal-container
08:33:27.568 [main] INFO  com.billhub.qa.base.TestBase - Waiting for element invisibility: By.className: modal-container
08:33:43.684 [main] INFO  com.billhub.qa.base.TestBase - Waiting for element invisibility: By.className: modal-container
08:33:58.782 [main] INFO  com.billhub.qa.base.TestBase - Waiting for web element to be clickable: [[ChromeDriver: chrome on windows (735769254ccecbb46cd5a8b3bd830d49)] -> xpath: //button[normalize-space()='Done']]
08:33:59.784 [main] INFO  com.billhub.qa.base.TestBase - Waiting for element invisibility: By.className: modal-container
08:34:15.001 [main] INFO  com.billhub.qa.base.TestBase - Waiting for element invisibility: By.className: modal-container
08:34:30.146 [main] INFO  com.billhub.qa.base.TestBase - Waiting for element invisibility: By.className: modal-container
08:34:45.249 [main] INFO  com.billhub.qa.base.TestBase - Waiting for web element to be clickable: [[ChromeDriver: chrome on windows (735769254ccecbb46cd5a8b3bd830d49)] -> xpath: //td[@scope='row']//input[@type='checkbox']]
08:34:45.667 [main] INFO  com.billhub.qa.base.TestBase - Waiting for web element to be clickable: [[ChromeDriver: chrome on windows (735769254ccecbb46cd5a8b3bd830d49)] -> xpath: //button[normalize-space()='SAVE']]
08:34:46.495 [main] INFO  com.billhub.qa.base.TestBase - Waiting for element invisibility: By.className: modal-container
08:35:01.711 [main] INFO  com.billhub.qa.base.TestBase - Waiting for element invisibility: By.className: modal-container
08:35:16.947 [main] INFO  com.billhub.qa.base.TestBase - Waiting for element visibility: By.xpath: //button[normalize-space()='SUBMIT MEMO']
08:35:17.401 [main] INFO  com.billhub.qa.base.TestBase - Waiting for element visibility: By.xpath: //button[normalize-space()='Submit Memo']
08:35:18.006 [main] INFO  com.billhub.qa.base.TestBase - Waiting for element invisibility: By.className: modal-container
08:35:40.188 [main] INFO  com.billhub.qa.base.TestBase - Checking if success toast is displayed for message: Invoice Number Exist try another!
08:35:40.784 [main] INFO  com.billhub.qa.base.TestBase - Waiting for element invisibility: By.className: modal-container
08:36:10.877 [main] INFO  com.billhub.qa.base.TestBase - Waiting for web element to be clickable: Proxy element for: DefaultElementLocator 'By.xpath: //button[@class='btn btn-primary ng-star-inserted']'
08:48:42.094 [main] INFO  com.billhub.qa.base.TestBase - Waiting for element invisibility: By.className: modal-container
08:48:57.206 [main] INFO  com.billhub.qa.base.TestBase - Waiting for web element to be clickable: [[ChromeDriver: chrome on windows (06d567b669f61923f4d020db06050ab8)] -> xpath: //button[@class='btn btn-primary ng-star-inserted']]
08:48:57.859 [main] INFO  com.billhub.qa.base.TestBase - Waiting for web element to be clickable: [[ChromeDriver: chrome on windows (06d567b669f61923f4d020db06050ab8)] -> xpath: //span[normalize-space()='Create Memo']]
08:49:00.847 [main] INFO  com.billhub.qa.base.TestBase - Waiting for element invisibility: By.className: modal-container
08:49:15.890 [main] INFO  com.billhub.qa.base.TestBase - Waiting for web element to be clickable: [[ChromeDriver: chrome on windows (06d567b669f61923f4d020db06050ab8)] -> xpath: //button[@class='btn btn-primary ng-star-inserted']]
08:49:34.435 [main] INFO  com.billhub.qa.base.TestBase - Waiting for element invisibility: By.className: modal-container
08:49:49.540 [main] INFO  com.billhub.qa.base.TestBase - Waiting for web element to be clickable: [[ChromeDriver: chrome on windows (adb481b7a664f68750f05416f724791c)] -> xpath: //button[@class='btn btn-primary ng-star-inserted']]
