20:09:25.880 [main] INFO  com.billhub.qa.base.TestBase - Waiting for web element to be clickable: [[ChromeDriver: chrome on windows (102e8fc0dd24650b1547a9dd9ab76d66)] -> xpath: //button[@class='btn btn-primary ng-star-inserted']]
20:09:26.164 [main] INFO  com.billhub.qa.base.TestBase - Waiting for web element to be clickable: [[ChromeDriver: chrome on windows (102e8fc0dd24650b1547a9dd9ab76d66)] -> xpath: //span[normalize-space()='Create Memo']]
20:09:27.004 [main] INFO  com.billhub.qa.base.TestBase - Waiting for element invisibility: By.className: modal-container
20:09:42.090 [main] INFO  com.billhub.qa.base.TestBase - Waiting for element invisibility: By.className: modal-container
20:09:57.217 [main] INFO  com.billhub.qa.base.TestBase - Waiting for element invisibility: By.className: modal-container
20:10:27.531 [main] INFO  com.billhub.qa.base.TestBase - Waiting for element invisibility: By.className: modal-container
20:10:42.600 [main] INFO  com.billhub.qa.base.TestBase - Waiting for web element to be clickable: [[ChromeDriver: chrome on windows (102e8fc0dd24650b1547a9dd9ab76d66)] -> xpath: //button[@class='btn btn-primary ng-star-inserted']]
20:10:43.726 [main] INFO  com.billhub.qa.base.TestBase - Waiting for element invisibility: By.className: modal-container
20:10:58.801 [main] INFO  com.billhub.qa.base.TestBase - Waiting for web element to be clickable: [[ChromeDriver: chrome on windows (102e8fc0dd24650b1547a9dd9ab76d66)] -> xpath: //button[@class='btn btn-primary ng-star-inserted']]
20:11:12.008 [main] INFO  com.billhub.qa.base.TestBase - Waiting for element invisibility: By.className: modal-container
20:11:27.089 [main] INFO  com.billhub.qa.base.TestBase - Waiting for web element to be clickable: [[ChromeDriver: chrome on windows (eac7bfd256a3c6463e3665bef95f1957)] -> xpath: //button[@class='btn btn-primary ng-star-inserted']]
20:11:27.403 [main] INFO  com.billhub.qa.base.TestBase - Waiting for web element to be clickable: [[ChromeDriver: chrome on windows (eac7bfd256a3c6463e3665bef95f1957)] -> xpath: //span[normalize-space()='Create Memo']]
20:11:28.193 [main] INFO  com.billhub.qa.base.TestBase - Waiting for element invisibility: By.className: modal-container
20:11:43.331 [main] INFO  com.billhub.qa.base.TestBase - Waiting for element invisibility: By.className: modal-container
20:11:58.444 [main] INFO  com.billhub.qa.base.TestBase - Waiting for element invisibility: By.className: modal-container
20:12:15.088 [main] INFO  com.billhub.qa.base.TestBase - Waiting for element invisibility: By.className: modal-container
20:12:30.146 [main] INFO  com.billhub.qa.base.TestBase - Waiting for web element to be clickable: [[ChromeDriver: chrome on windows (eac7bfd256a3c6463e3665bef95f1957)] -> xpath: //button[@class='btn btn-primary ng-star-inserted']]
20:12:31.299 [main] INFO  com.billhub.qa.base.TestBase - Waiting for element invisibility: By.className: modal-container
20:12:46.358 [main] INFO  com.billhub.qa.base.TestBase - Waiting for web element to be clickable: [[ChromeDriver: chrome on windows (eac7bfd256a3c6463e3665bef95f1957)] -> xpath: //button[@class='btn btn-primary ng-star-inserted']]
20:12:47.495 [main] INFO  com.billhub.qa.base.TestBase - Waiting for element invisibility: By.className: modal-container
20:13:02.578 [main] INFO  com.billhub.qa.base.TestBase - Waiting for web element to be clickable: [[ChromeDriver: chrome on windows (eac7bfd256a3c6463e3665bef95f1957)] -> xpath: //button[@class='btn btn-primary ng-star-inserted']]
20:13:34.082 [main] INFO  com.billhub.qa.base.TestBase - Waiting for element invisibility: By.className: modal-container
20:13:49.142 [main] INFO  com.billhub.qa.base.TestBase - Waiting for web element to be clickable: [[ChromeDriver: chrome on windows (c87eb11c491f201464e29b7586553c6f)] -> xpath: //button[@class='btn btn-primary ng-star-inserted']]
20:13:49.506 [main] INFO  com.billhub.qa.base.TestBase - Waiting for web element to be clickable: [[ChromeDriver: chrome on windows (c87eb11c491f201464e29b7586553c6f)] -> xpath: //span[normalize-space()='Create Memo']]
20:13:50.338 [main] INFO  com.billhub.qa.base.TestBase - Waiting for element invisibility: By.className: modal-container
20:14:05.481 [main] INFO  com.billhub.qa.base.TestBase - Waiting for element invisibility: By.className: modal-container
20:14:20.629 [main] INFO  com.billhub.qa.base.TestBase - Waiting for element invisibility: By.className: modal-container
20:14:35.894 [main] INFO  com.billhub.qa.base.TestBase - Waiting for element invisibility: By.className: modal-container
20:14:50.952 [main] INFO  com.billhub.qa.base.TestBase - Waiting for web element to be clickable: [[ChromeDriver: chrome on windows (c87eb11c491f201464e29b7586553c6f)] -> xpath: //body[1]/modal-container[1]/div[1]/div[1]/app-add-lr-popup[1]/div[2]/div[2]/div[1]/table[1]/tbody[1]/tr[1]/td[1]]
20:14:51.112 [main] INFO  com.billhub.qa.base.TestBase - Waiting for element invisibility: By.className: modal-container
20:15:06.212 [main] INFO  com.billhub.qa.base.TestBase - Waiting for element visibility: By.cssSelector: .btn.btn-warning.btn-acknowledge
20:15:06.357 [main] INFO  com.billhub.qa.base.TestBase - Waiting for web element to be clickable: [[ChromeDriver: chrome on windows (c87eb11c491f201464e29b7586553c6f)] -> css selector: .btn.btn-warning.btn-acknowledge]
20:15:06.428 [main] INFO  com.billhub.qa.base.TestBase - Waiting for element invisibility: By.className: modal-container
20:15:22.892 [main] INFO  com.billhub.qa.base.TestBase - Waiting for web element to be clickable: [[ChromeDriver: chrome on windows (c87eb11c491f201464e29b7586553c6f)] -> xpath: //button[normalize-space()='SAVE']]
20:15:23.311 [main] INFO  com.billhub.qa.base.TestBase - Waiting for element invisibility: By.className: modal-container
20:15:38.676 [main] INFO  com.billhub.qa.base.TestBase - Waiting for element invisibility: By.className: modal-container
20:15:53.771 [main] INFO  com.billhub.qa.base.TestBase - Waiting for web element to be clickable: [[ChromeDriver: chrome on windows (c87eb11c491f201464e29b7586553c6f)] -> xpath: //button[normalize-space()='Done']]
20:15:53.890 [main] INFO  com.billhub.qa.base.TestBase - Waiting for web element to be clickable: [[ChromeDriver: chrome on windows (c87eb11c491f201464e29b7586553c6f)] -> xpath: //button[normalize-space()='SAVE']]
20:15:54.690 [main] INFO  com.billhub.qa.base.TestBase - Waiting for element invisibility: By.className: modal-container
20:16:09.841 [main] INFO  com.billhub.qa.base.TestBase - Waiting for element invisibility: By.className: modal-container
20:16:24.987 [main] INFO  com.billhub.qa.base.TestBase - Waiting for element invisibility: By.className: modal-container
20:16:40.087 [main] INFO  com.billhub.qa.base.TestBase - Waiting for element invisibility: By.className: modal-container
20:16:55.290 [main] INFO  com.billhub.qa.base.TestBase - Waiting for element invisibility: By.className: modal-container
20:17:10.464 [main] INFO  com.billhub.qa.base.TestBase - Waiting for element invisibility: By.className: modal-container
20:17:25.627 [main] INFO  com.billhub.qa.base.TestBase - Waiting for element invisibility: By.className: modal-container
20:17:40.676 [main] INFO  com.billhub.qa.base.TestBase - Waiting for web element to be clickable: [[ChromeDriver: chrome on windows (c87eb11c491f201464e29b7586553c6f)] -> xpath: //button[@class='btn btn-primary ng-star-inserted']]
20:17:40.958 [main] INFO  com.billhub.qa.base.TestBase - Waiting for web element to be clickable: [[ChromeDriver: chrome on windows (c87eb11c491f201464e29b7586553c6f)] -> xpath: //span[normalize-space()='Create Memo']]
20:17:41.777 [main] INFO  com.billhub.qa.base.TestBase - Waiting for element invisibility: By.className: modal-container
20:17:56.945 [main] INFO  com.billhub.qa.base.TestBase - Waiting for element invisibility: By.className: modal-container
20:18:12.053 [main] INFO  com.billhub.qa.base.TestBase - Waiting for element invisibility: By.className: modal-container
20:18:42.366 [main] INFO  com.billhub.qa.base.TestBase - Waiting for element invisibility: By.className: modal-container
20:18:57.429 [main] INFO  com.billhub.qa.base.TestBase - Waiting for web element to be clickable: [[ChromeDriver: chrome on windows (c87eb11c491f201464e29b7586553c6f)] -> xpath: //button[@class='btn btn-primary ng-star-inserted']]
20:18:57.753 [main] INFO  com.billhub.qa.base.TestBase - Waiting for web element to be clickable: [[ChromeDriver: chrome on windows (c87eb11c491f201464e29b7586553c6f)] -> xpath: //span[normalize-space()='Create Memo']]
20:18:58.539 [main] INFO  com.billhub.qa.base.TestBase - Waiting for element invisibility: By.className: modal-container
20:19:13.670 [main] INFO  com.billhub.qa.base.TestBase - Waiting for element invisibility: By.className: modal-container
20:19:28.759 [main] INFO  com.billhub.qa.base.TestBase - Waiting for element invisibility: By.className: modal-container
20:19:43.954 [main] INFO  com.billhub.qa.base.TestBase - Waiting for element invisibility: By.className: modal-container
20:19:58.985 [main] INFO  com.billhub.qa.base.TestBase - Waiting for web element to be clickable: [[ChromeDriver: chrome on windows (c87eb11c491f201464e29b7586553c6f)] -> xpath: //body[1]/modal-container[1]/div[1]/div[1]/app-add-lr-popup[1]/div[2]/div[2]/div[1]/table[1]/tbody[1]/tr[1]/td[1]]
20:19:59.169 [main] INFO  com.billhub.qa.base.TestBase - Waiting for element invisibility: By.className: modal-container
20:20:44.386 [main] INFO  com.billhub.qa.base.TestBase - Waiting for element invisibility: By.className: modal-container
20:20:59.479 [main] INFO  com.billhub.qa.base.TestBase - Waiting for web element to be clickable: [[ChromeDriver: chrome on windows (c87eb11c491f201464e29b7586553c6f)] -> xpath: //button[@class='btn btn-primary ng-star-inserted']]
20:20:59.719 [main] INFO  com.billhub.qa.base.TestBase - Waiting for web element to be clickable: [[ChromeDriver: chrome on windows (c87eb11c491f201464e29b7586553c6f)] -> xpath: //span[normalize-space()='Create Memo']]
20:21:00.487 [main] INFO  com.billhub.qa.base.TestBase - Waiting for element invisibility: By.className: modal-container
20:21:15.619 [main] INFO  com.billhub.qa.base.TestBase - Waiting for element invisibility: By.className: modal-container
