<<<<<<< HEAD
15:40:44.367 [main] INFO  com.billhub.qa.base.TestBase - Waiting for web element to be clickable: [[ChromeDriver: chrome on windows (e01c3b03ec6da1073ae6961f1077614e)] -> xpath: /html/body/modal-container/div/div/app-add-po-popup/div[2]/div[2]/div[1]/table/tbody/tr[1]/td[1]/div/input]
15:40:44.841 [main] INFO  com.billhub.qa.base.TestBase - Waiting for web element to be clickable: [[ChromeDriver: chrome on windows (e01c3b03ec6da1073ae6961f1077614e)] -> xpath: //button[normalize-space()='SAVE']]
15:40:45.648 [main] INFO  com.billhub.qa.base.TestBase - Waiting for element invisibility: By.className: loader
15:40:46.802 [main] INFO  com.billhub.qa.base.TestBase - Waiting for element invisibility: By.className: loader
15:40:47.423 [main] INFO  com.billhub.qa.base.TestBase - Waiting for element invisibility: By.className: loader
15:40:47.445 [main] INFO  com.billhub.qa.base.TestBase - Waiting for toast to disappear
15:40:51.206 [main] INFO  com.billhub.qa.base.TestBase - Waiting for web element to be clickable: [[ChromeDriver: chrome on windows (e01c3b03ec6da1073ae6961f1077614e)] -> xpath: //*[@id="main"]/main/div/div/app-create-memo/div/div/div[2]/div/form/div/div[6]/button]
15:40:51.308 [main] INFO  com.billhub.qa.base.TestBase - Waiting for element invisibility: By.className: loader
15:40:51.873 [main] INFO  com.billhub.qa.base.TestBase - Waiting for element visibility: By.xpath: //button[@type='submit']
15:40:51.900 [main] INFO  com.billhub.qa.base.TestBase - Waiting for web element to be clickable: [[ChromeDriver: chrome on windows (e01c3b03ec6da1073ae6961f1077614e)] -> xpath: //button[@type='submit']]
15:40:51.976 [main] INFO  com.billhub.qa.base.TestBase - Waiting for element visibility: By.xpath: /html/body/modal-container/div/div/app-memo-submit-confirm/div[3]/div/div[2]/button
15:40:52.543 [main] INFO  com.billhub.qa.base.TestBase - Waiting for web element to be clickable: [[ChromeDriver: chrome on windows (e01c3b03ec6da1073ae6961f1077614e)] -> xpath: /html/body/modal-container/div/div/app-memo-submit-confirm/div[3]/div/div[2]/button]
15:40:52.602 [main] INFO  com.billhub.qa.base.TestBase - Waiting for element invisibility: By.className: loader
=======
16:44:57.163 [main] INFO  com.billhub.qa.base.TestBase - Waiting for web element to be clickable: [[ChromeDriver: chrome on windows (769b0292c9ec7c0ab4763eb8047f91c9)] -> xpath: //a[normalize-space()='Approve invoice for Booking']]
16:44:57.630 [main] INFO  com.billhub.qa.base.TestBase - Waiting for element invisibility: By.className: loader
16:44:58.832 [main] INFO  com.billhub.qa.base.TestBase - Waiting for web element to be clickable: [[ChromeDriver: chrome on windows (769b0292c9ec7c0ab4763eb8047f91c9)] -> xpath: /html/body/modal-container/div/div/app-book-invoice-confirm/div[3]/div/div[2]/button]
16:45:00.448 [main] INFO  com.billhub.qa.base.TestBase - Waiting for element to be clickable: By.xpath: /html/body/modal-container/div/div/app-notify-dialog/div[1]/button
16:45:00.622 [main] INFO  com.billhub.qa.base.TestBase - Waiting for web element to be clickable: [[ChromeDriver: chrome on windows (769b0292c9ec7c0ab4763eb8047f91c9)] -> xpath: //*[@id="sidebar"]/div[1]/perfect-scrollbar/div/div[1]/div[2]/ul/li[3]/a]
16:45:01.413 [main] INFO  com.billhub.qa.base.TestBase - Waiting for web element to be clickable: [[ChromeDriver: chrome on windows (769b0292c9ec7c0ab4763eb8047f91c9)] -> xpath: //a[normalize-space()='Review Invoice Posting']]
16:45:01.964 [main] INFO  com.billhub.qa.base.TestBase - Waiting for element visibility: By.xpath: /html/body/app-root/app-layout/div[1]/main/div/div/app-search-batch/div/div/div[1]/div[2]/div/div/typeahead-container/button/span/strong
16:45:04.745 [main] INFO  com.billhub.qa.base.TestBase - Waiting for element invisibility: By.className: loader
16:45:04.777 [main] INFO  com.billhub.qa.base.TestBase - Waiting for web element to be clickable: [[ChromeDriver: chrome on windows (769b0292c9ec7c0ab4763eb8047f91c9)] -> xpath: //span[normalize-space()='Dashboard']]
16:45:04.902 [main] INFO  com.billhub.qa.base.TestBase - Waiting for element invisibility: By.className: loader
16:45:05.742 [main] INFO  com.billhub.qa.base.TestBase - Waiting for element invisibility: By.className: loader
16:45:06.406 [main] INFO  com.billhub.qa.base.TestBase - Waiting for element visibility: By.xpath: /html/body/modal-container/div/div/app-invoice-info-popup/div[2]/div[1]/div/div/div[1]/div/div[2]/div/b
16:45:06.983 [main] INFO  com.billhub.qa.base.TestBase - Waiting for element visibility: By.xpath: /html/body/modal-container/div/div/app-invoice-info-popup/div[2]/div[1]/div/div/div[2]/div[3]/div[4]/div[2]
16:45:13.890 [main] INFO  com.billhub.qa.base.TestBase - Waiting for element invisibility: By.className: modal-container
16:45:34.060 [main] INFO  com.billhub.qa.base.TestBase - Waiting for element invisibility: By.className: loader
16:45:34.090 [main] INFO  com.billhub.qa.base.TestBase - Waiting for element invisibility: By.className: loader
16:45:34.179 [main] INFO  com.billhub.qa.base.TestBase - Waiting for element invisibility: By.className: loader
16:45:34.483 [main] INFO  com.billhub.qa.base.TestBase - Waiting for web element to be clickable: [[ChromeDriver: chrome on windows (4ffe4ab89786c4ce12bd6ac191f3fd64)] -> xpath: //*[@id="main"]/main/div/div/app-account/div/div/div[2]/div/div/div[1]/div/ul/li/form/div[1]/ngx-select-dropdown/div/div/ul[2]/li]
16:45:34.819 [main] INFO  com.billhub.qa.base.TestBase - Waiting for web element to be clickable: [[ChromeDriver: chrome on windows (4ffe4ab89786c4ce12bd6ac191f3fd64)] -> xpath: //*[@id="main"]/main/div/div/app-account/div/div/div[2]/div/div/div[1]/div/ul/li/form/div[3]/ngx-select-dropdown/div/div/ul[2]/li[1]]
16:45:35.121 [main] INFO  com.billhub.qa.base.TestBase - Waiting for element invisibility: By.className: loader
16:45:36.087 [main] INFO  com.billhub.qa.base.TestBase - Waiting for element invisibility: By.className: loader
16:45:36.176 [main] INFO  com.billhub.qa.base.TestBase - Checking if success toast is displayed for message: Invoice updated successfully
16:45:42.174 [main] INFO  com.billhub.qa.base.TestBase - Waiting for element invisibility: By.className: modal-container
16:46:02.299 [main] INFO  com.billhub.qa.base.TestBase - Waiting for element invisibility: By.className: loader
16:46:02.326 [main] INFO  com.billhub.qa.base.TestBase - Waiting for element invisibility: By.className: loader
16:46:02.414 [main] INFO  com.billhub.qa.base.TestBase - Waiting for element invisibility: By.className: loader
16:46:02.715 [main] INFO  com.billhub.qa.base.TestBase - Waiting for web element to be clickable: [[ChromeDriver: chrome on windows (3db3ee2ad55c36917517aeab318f5be6)] -> xpath: //*[@id="main"]/main/div/div/app-account/div/div/div[2]/div/div/div[1]/div/ul/li/form/div[1]/ngx-select-dropdown/div/div/ul[2]/li]
16:46:03.050 [main] INFO  com.billhub.qa.base.TestBase - Waiting for web element to be clickable: [[ChromeDriver: chrome on windows (3db3ee2ad55c36917517aeab318f5be6)] -> xpath: //*[@id="main"]/main/div/div/app-account/div/div/div[2]/div/div/div[1]/div/ul/li/form/div[3]/ngx-select-dropdown/div/div/ul[2]/li[1]]
16:46:03.336 [main] INFO  com.billhub.qa.base.TestBase - Waiting for element invisibility: By.className: loader
16:46:04.137 [main] INFO  com.billhub.qa.base.TestBase - Waiting for element invisibility: By.className: loader
16:46:04.238 [main] INFO  com.billhub.qa.base.TestBase - Checking if success toast is displayed for message: Invoice updated successfully
16:46:10.499 [main] INFO  com.billhub.qa.base.TestBase - Waiting for element invisibility: By.className: modal-container
16:46:30.590 [main] INFO  com.billhub.qa.base.TestBase - Waiting for element invisibility: By.className: loader
16:46:30.630 [main] INFO  com.billhub.qa.base.TestBase - Waiting for web element to be clickable: [[ChromeDriver: chrome on windows (033507a5792482c35820099e5e9ee1a4)] -> xpath: //button[@class='btn btn-link']]
16:46:30.728 [main] INFO  com.billhub.qa.base.TestBase - Waiting for web element to be clickable: [[ChromeDriver: chrome on windows (033507a5792482c35820099e5e9ee1a4)] -> xpath: //*[@id="sidebar"]/div[1]/perfect-scrollbar/div/div[1]/div[2]/ul/li[3]/a]
16:46:31.478 [main] INFO  com.billhub.qa.base.TestBase - Waiting for web element to be clickable: [[ChromeDriver: chrome on windows (033507a5792482c35820099e5e9ee1a4)] -> xpath: //*[@id="sidebar"]/div[1]/perfect-scrollbar/div/div[1]/div[2]/ul/li[3]/div/ul/li[4]/a]
16:46:32.199 [main] INFO  com.billhub.qa.base.TestBase - Waiting for element invisibility: By.className: loader
16:46:32.826 [main] INFO  com.billhub.qa.base.TestBase - Waiting for web element to be clickable: [[ChromeDriver: chrome on windows (033507a5792482c35820099e5e9ee1a4)] -> xpath: /html/body/app-root/app-layout/div[1]/main/div/div/create-payment-request/div/div/div[1]/div[2]/div/typeahead-container/button[6]]
16:46:32.938 [main] INFO  com.billhub.qa.base.TestBase - Waiting for element invisibility: By.className: loader
16:46:33.637 [main] INFO  com.billhub.qa.base.TestBase - Waiting for element invisibility: By.className: loader
16:46:33.798 [main] INFO  com.billhub.qa.base.TestBase - Waiting for web element to be clickable: [[ChromeDriver: chrome on windows (033507a5792482c35820099e5e9ee1a4)] -> xpath: //*[@id="main"]/main/div/div/create-payment-request/div/div/div[5]/div/table/tbody/tr/td[1]/div/input]
16:46:33.962 [main] INFO  com.billhub.qa.base.TestBase - Waiting for element invisibility: By.className: loader
16:46:34.068 [main] INFO  com.billhub.qa.base.TestBase - Checking if success toast is displayed for message: Create Payment Request
16:46:35.278 [main] INFO  com.billhub.qa.base.TestBase - Waiting for element invisibility: By.className: loader
16:46:35.379 [main] INFO  com.billhub.qa.base.TestBase - Waiting for web element to be clickable: [[ChromeDriver: chrome on windows (033507a5792482c35820099e5e9ee1a4)] -> xpath: //span[normalize-space()='Dashboard']]
16:46:35.619 [main] INFO  com.billhub.qa.base.TestBase - Waiting for element invisibility: By.className: loader
16:46:36.222 [main] INFO  com.billhub.qa.base.TestBase - Waiting for toast to disappear
16:46:39.442 [main] INFO  com.billhub.qa.base.TestBase - Waiting for element invisibility: By.className: loader
16:46:40.167 [main] INFO  com.billhub.qa.base.TestBase - Waiting for element visibility: By.xpath: /html/body/modal-container/div/div/app-invoice-info-popup/div[2]/div[2]/div[1]/div/div[3]/div[2]/table/tbody/tr/td[2]
16:46:41.282 [main] INFO  com.billhub.qa.base.TestBase - Waiting for element invisibility: By.className: loader
16:46:41.334 [main] INFO  com.billhub.qa.base.TestBase - Waiting for web element to be clickable: [[ChromeDriver: chrome on windows (033507a5792482c35820099e5e9ee1a4)] -> xpath: //*[@id="sidebar"]/div[1]/perfect-scrollbar/div/div[1]/div[2]/ul/li[3]/a]
16:46:41.448 [main] INFO  com.billhub.qa.base.TestBase - Waiting for web element to be clickable: [[ChromeDriver: chrome on windows (033507a5792482c35820099e5e9ee1a4)] -> xpath: //*[@id="sidebar"]/div[1]/perfect-scrollbar/div/div[1]/div[2]/ul/li[3]/div/ul/li[5]/a]
16:46:42.141 [main] INFO  com.billhub.qa.base.TestBase - Waiting for element invisibility: By.className: loader
16:46:42.914 [main] INFO  com.billhub.qa.base.TestBase - Waiting for element invisibility: By.className: loader
16:46:44.076 [main] INFO  com.billhub.qa.base.TestBase - Waiting for web element to be clickable: [[ChromeDriver: chrome on windows (033507a5792482c35820099e5e9ee1a4)] -> xpath: /html/body/app-root/app-layout/div[1]/main/div/div/app-reject-payment-request/div/div[1]/div[1]/div[3]/div/typeahead-container/button]
16:46:45.163 [main] INFO  com.billhub.qa.base.TestBase - Waiting for element invisibility: By.className: loader
16:46:46.354 [main] INFO  com.billhub.qa.base.TestBase - Waiting for element invisibility: By.className: loader
16:46:46.496 [main] INFO  com.billhub.qa.base.TestBase - Waiting for element invisibility: By.className: loader
16:46:46.652 [main] INFO  com.billhub.qa.base.TestBase - Waiting for element invisibility: By.className: loader
>>>>>>> 6d24937cf9f0b59def1e56cc6e803bc32fb87ab8
