18:43:12.225 [main] INFO  com.billhub.qa.base.TestBase - Waiting for element invisibility: By.className: loader
18:43:12.347 [main] INFO  com.billhub.qa.base.TestBase - Waiting for element invisibility: By.className: loader
18:43:12.624 [main] INFO  com.billhub.qa.base.TestBase - Waiting for web element to be clickable: [[ChromeDriver: chrome on windows (ef9670ead779f8f4db1818101e5993d6)] -> xpath: //*[@id="main"]/main/div/div/app-account/div/div/div[2]/div/div/div[1]/div/ul/li/form/div[1]/ngx-select-dropdown/div/div/ul[2]/li]
18:43:12.974 [main] INFO  com.billhub.qa.base.TestBase - Waiting for web element to be clickable: [[ChromeDriver: chrome on windows (ef9670ead779f8f4db1818101e5993d6)] -> xpath: //*[@id="main"]/main/div/div/app-account/div/div/div[2]/div/div/div[1]/div/ul/li/form/div[3]/ngx-select-dropdown/div/div/ul[2]/li[1]]
18:43:13.271 [main] INFO  com.billhub.qa.base.TestBase - Waiting for element invisibility: By.className: loader
18:43:14.032 [main] INFO  com.billhub.qa.base.TestBase - Waiting for element invisibility: By.className: loader
18:43:14.126 [main] INFO  com.billhub.qa.base.TestBase - Checking if success toast is displayed for message: Invoice updated successfully
18:43:20.079 [main] INFO  com.billhub.qa.base.TestBase - Waiting for element invisibility: By.className: modal-container
18:43:40.193 [main] INFO  com.billhub.qa.base.TestBase - Waiting for element invisibility: By.className: loader
18:43:40.241 [main] INFO  com.billhub.qa.base.TestBase - Waiting for web element to be clickable: [[ChromeDriver: chrome on windows (ea38940a07320ab9f3930e26211820b9)] -> xpath: //button[@class='btn btn-link']]
18:43:40.345 [main] INFO  com.billhub.qa.base.TestBase - Waiting for web element to be clickable: [[ChromeDriver: chrome on windows (ea38940a07320ab9f3930e26211820b9)] -> xpath: //*[@id="sidebar"]/div[1]/perfect-scrollbar/div/div[1]/div[2]/ul/li[3]/a]
18:43:40.988 [main] INFO  com.billhub.qa.base.TestBase - Waiting for web element to be clickable: [[ChromeDriver: chrome on windows (ea38940a07320ab9f3930e26211820b9)] -> xpath: //*[@id="sidebar"]/div[1]/perfect-scrollbar/div/div[1]/div[2]/ul/li[3]/div/ul/li[4]/a]
18:43:41.623 [main] INFO  com.billhub.qa.base.TestBase - Waiting for element invisibility: By.className: loader
18:43:42.282 [main] INFO  com.billhub.qa.base.TestBase - Waiting for web element to be clickable: [[ChromeDriver: chrome on windows (ea38940a07320ab9f3930e26211820b9)] -> xpath: //*[@id="ngb-typeahead-0-0"]]
18:43:42.373 [main] INFO  com.billhub.qa.base.TestBase - Waiting for element invisibility: By.className: loader
18:43:43.020 [main] INFO  com.billhub.qa.base.TestBase - Waiting for element invisibility: By.className: loader
18:44:03.196 [main] INFO  com.billhub.qa.base.TestBase - Waiting for web element to be clickable: Proxy element for: DefaultElementLocator 'By.xpath: //*[@id="main"]/main/div/div/create-payment-request/div/div/div[5]/div/table/tbody/tr/td[1]/div/input'
18:45:10.715 [main] INFO  com.billhub.qa.base.TestBase - Waiting for element invisibility: By.className: modal-container
18:45:30.777 [main] INFO  com.billhub.qa.base.TestBase - Waiting for element invisibility: By.className: loader-overlay
18:45:30.837 [main] INFO  com.billhub.qa.base.TestBase - Waiting for web element to be clickable: [[ChromeDriver: chrome on windows (1a906a7daeec66801f63acfb78c593e4)] -> xpath: //*[@id="main"]/main/div/div/app-dashboard/div/div[1]/div[2]/button[2]]
18:45:31.087 [main] INFO  com.billhub.qa.base.TestBase - Waiting for web element to be clickable: [[ChromeDriver: chrome on windows (1a906a7daeec66801f63acfb78c593e4)] -> xpath: //span[normalize-space()='Create Memo']]
18:45:33.647 [main] INFO  com.billhub.qa.base.TestBase - Waiting for element invisibility: By.className: loader
18:45:33.878 [main] INFO  com.billhub.qa.base.TestBase - Waiting for element invisibility: By.className: loader
18:45:34.594 [main] INFO  com.billhub.qa.base.TestBase - Waiting for element invisibility: By.className: loader
18:45:34.855 [main] INFO  com.billhub.qa.base.TestBase - Waiting for element invisibility: By.className: loader
18:45:35.431 [main] INFO  com.billhub.qa.base.TestBase - Waiting for web element to be clickable: [[ChromeDriver: chrome on windows (1a906a7daeec66801f63acfb78c593e4)] -> xpath: //button[normalize-space()='Done']]
18:45:35.526 [main] INFO  com.billhub.qa.base.TestBase - Waiting for element invisibility: By.className: loader
18:45:36.340 [main] INFO  com.billhub.qa.base.TestBase - Waiting for element invisibility: By.className: loader
18:45:37.068 [main] INFO  com.billhub.qa.base.TestBase - Waiting for element invisibility: By.className: loader
18:45:37.649 [main] INFO  com.billhub.qa.base.TestBase - Waiting for web element to be clickable: [[ChromeDriver: chrome on windows (1a906a7daeec66801f63acfb78c593e4)] -> xpath: /html/body/modal-container/div/div/app-add-po-popup/div[2]/div[2]/div[1]/table/tbody/tr[1]/td[1]/div/input]
18:45:38.125 [main] INFO  com.billhub.qa.base.TestBase - Waiting for web element to be clickable: [[ChromeDriver: chrome on windows (1a906a7daeec66801f63acfb78c593e4)] -> xpath: //button[normalize-space()='SAVE']]
18:45:38.945 [main] INFO  com.billhub.qa.base.TestBase - Waiting for element invisibility: By.className: loader
18:45:40.105 [main] INFO  com.billhub.qa.base.TestBase - Waiting for element invisibility: By.className: loader
18:45:40.742 [main] INFO  com.billhub.qa.base.TestBase - Waiting for element invisibility: By.className: loader
18:45:40.763 [main] INFO  com.billhub.qa.base.TestBase - Waiting for toast to disappear
18:45:44.572 [main] INFO  com.billhub.qa.base.TestBase - Waiting for web element to be clickable: [[ChromeDriver: chrome on windows (1a906a7daeec66801f63acfb78c593e4)] -> xpath: //*[@id="main"]/main/div/div/app-create-memo/div/div/div[2]/div/form/div/div[6]/button]
18:45:44.679 [main] INFO  com.billhub.qa.base.TestBase - Waiting for element invisibility: By.className: loader
18:45:45.241 [main] INFO  com.billhub.qa.base.TestBase - Waiting for element visibility: By.xpath: //button[@type='submit']
18:45:45.269 [main] INFO  com.billhub.qa.base.TestBase - Waiting for web element to be clickable: [[ChromeDriver: chrome on windows (1a906a7daeec66801f63acfb78c593e4)] -> xpath: //button[@type='submit']]
18:45:45.341 [main] INFO  com.billhub.qa.base.TestBase - Waiting for element visibility: By.xpath: /html/body/modal-container/div/div/app-memo-submit-confirm/div[3]/div/div[2]/button
18:45:45.909 [main] INFO  com.billhub.qa.base.TestBase - Waiting for web element to be clickable: [[ChromeDriver: chrome on windows (1a906a7daeec66801f63acfb78c593e4)] -> xpath: /html/body/modal-container/div/div/app-memo-submit-confirm/div[3]/div/div[2]/button]
18:45:45.969 [main] INFO  com.billhub.qa.base.TestBase - Waiting for element invisibility: By.className: loader
18:46:28.593 [main] INFO  com.billhub.qa.base.TestBase - Waiting for element invisibility: By.className: modal-container
18:46:48.632 [main] INFO  com.billhub.qa.base.TestBase - Waiting for element invisibility: By.className: loader
18:46:48.944 [main] INFO  com.billhub.qa.base.TestBase - Waiting for element invisibility: By.className: loader
18:46:49.710 [main] INFO  com.billhub.qa.base.TestBase - Waiting for element visibility: By.xpath: /html/body/app-root/app-layout/div[1]/main/div/div/app-dashboard/div/div[1]/div[2]/div/typeahead-container/button
18:46:50.342 [main] INFO  com.billhub.qa.base.TestBase - Waiting for element invisibility: By.className: loader
18:46:55.325 [main] INFO  com.billhub.qa.base.TestBase - Waiting for element invisibility: By.className: loader
18:46:55.359 [main] INFO  com.billhub.qa.base.TestBase - Waiting for web element to be clickable: [[ChromeDriver: chrome on windows (d91033929710e7d3d15ef1b10fb51cac)] -> xpath: //button[@class='btn btn-link']]
18:46:56.171 [main] INFO  com.billhub.qa.base.TestBase - Waiting for web element to be clickable: [[ChromeDriver: chrome on windows (d91033929710e7d3d15ef1b10fb51cac)] -> xpath: //span[normalize-space()='Dashboard']]
18:46:56.836 [main] INFO  com.billhub.qa.base.TestBase - Waiting for element invisibility: By.className: loader
18:46:58.413 [main] INFO  com.billhub.qa.base.TestBase - Waiting for element invisibility: By.className: loader
18:46:58.572 [main] INFO  com.billhub.qa.base.TestBase - Waiting for element visibility: By.xpath: /html/body/app-root/app-layout/div[1]/main/div/div/app-dashboard/div/div[1]/div[2]/div/typeahead-container/button
18:46:59.228 [main] INFO  com.billhub.qa.base.TestBase - Waiting for element invisibility: By.className: loader
18:46:59.875 [main] INFO  com.billhub.qa.base.TestBase - Waiting for element invisibility: By.className: loader
18:47:01.510 [main] INFO  com.billhub.qa.base.TestBase - Waiting for element invisibility: By.className: loader
18:47:01.833 [main] INFO  com.billhub.qa.base.TestBase - Waiting for element invisibility: By.className: loader
18:47:01.978 [main] INFO  com.billhub.qa.base.TestBase - Checking if success toast is displayed for message: Invoice verified and simulate successfully
18:47:03.576 [main] INFO  com.billhub.qa.base.TestBase - Waiting for element invisibility: By.className: loader
18:47:04.148 [main] INFO  com.billhub.qa.base.TestBase - Waiting for web element to be clickable: [[ChromeDriver: chrome on windows (d91033929710e7d3d15ef1b10fb51cac)] -> xpath: //span[normalize-space()='Dashboard']]
18:47:04.265 [main] INFO  com.billhub.qa.base.TestBase - Waiting for element invisibility: By.className: loader
18:47:05.811 [main] INFO  com.billhub.qa.base.TestBase - Waiting for element invisibility: By.className: loader
18:47:05.847 [main] INFO  com.billhub.qa.base.TestBase - Waiting for web element to be clickable: [[ChromeDriver: chrome on windows (d91033929710e7d3d15ef1b10fb51cac)] -> xpath: //*[@id="sidebar"]/div[1]/perfect-scrollbar/div/div[1]/div[2]/ul/li[3]/a]
18:47:05.960 [main] INFO  com.billhub.qa.base.TestBase - Waiting for web element to be clickable: [[ChromeDriver: chrome on windows (d91033929710e7d3d15ef1b10fb51cac)] -> xpath: //a[normalize-space()='Approve invoice for Booking']]
18:47:06.496 [main] INFO  com.billhub.qa.base.TestBase - Waiting for element invisibility: By.className: loader
