19:03:22.915 [main] INFO  com.billhub.qa.base.TestBase - Waiting for element invisibility: By.className: modal-container
19:03:37.981 [main] INFO  com.billhub.qa.base.TestBase - Waiting for web element to be clickable: [[ChromeDriver: chrome on windows (7d714fa59c1bdc3bbd6c546f769bae73)] -> xpath: //button[@class='btn btn-primary ng-star-inserted']]
19:03:38.290 [main] INFO  com.billhub.qa.base.TestBase - Waiting for web element to be clickable: [[ChromeDriver: chrome on windows (7d714fa59c1bdc3bbd6c546f769bae73)] -> xpath: //span[normalize-space()='Create Memo']]
19:03:39.179 [main] INFO  com.billhub.qa.base.TestBase - Waiting for element invisibility: By.className: modal-container
19:05:04.726 [main] INFO  com.billhub.qa.base.TestBase - Waiting for element invisibility: By.className: modal-container
19:05:19.818 [main] INFO  com.billhub.qa.base.TestBase - Waiting for web element to be clickable: [[ChromeDriver: chrome on windows (dc2801989d73cd714a2f128230350282)] -> xpath: //button[@class='btn btn-primary ng-star-inserted']]
19:05:20.139 [main] INFO  com.billhub.qa.base.TestBase - Waiting for web element to be clickable: [[ChromeDriver: chrome on windows (dc2801989d73cd714a2f128230350282)] -> xpath: //span[normalize-space()='Create Memo']]
19:05:21.034 [main] INFO  com.billhub.qa.base.TestBase - Waiting for element invisibility: By.className: modal-container
19:05:36.067 [main] INFO  com.billhub.qa.base.TestBase - Waiting for web element to be clickable: [[ChromeDriver: chrome on windows (dc2801989d73cd714a2f128230350282)] -> xpath: /html/body/modal-container/div/div/app-add-po-popup/div[2]/div[2]/div[1]/table/tbody/tr[3]/td[1]/div/input]
19:05:36.238 [main] INFO  com.billhub.qa.base.TestBase - Waiting for element invisibility: By.className: modal-container
19:05:51.336 [main] INFO  com.billhub.qa.base.TestBase - Waiting for element visibility: By.cssSelector: .btn.btn-warning.btn-acknowledge
19:05:55.609 [main] INFO  com.billhub.qa.base.TestBase - Waiting for web element to be clickable: [[ChromeDriver: chrome on windows (dc2801989d73cd714a2f128230350282)] -> css selector: .btn.btn-warning.btn-acknowledge]
19:05:55.718 [main] INFO  com.billhub.qa.base.TestBase - Waiting for element invisibility: By.className: modal-container
19:06:04.253 [main] INFO  com.billhub.qa.base.TestBase - Waiting for element invisibility: By.className: modal-container
19:09:26.234 [main] INFO  com.billhub.qa.base.TestBase - Waiting for element invisibility: By.className: modal-container
19:09:41.288 [main] INFO  com.billhub.qa.base.TestBase - Waiting for web element to be clickable: [[ChromeDriver: chrome on windows (c0317e004f7adadfe89940a2ba5fcca6)] -> xpath: //button[@class='btn btn-primary ng-star-inserted']]
19:09:41.548 [main] INFO  com.billhub.qa.base.TestBase - Waiting for web element to be clickable: [[ChromeDriver: chrome on windows (c0317e004f7adadfe89940a2ba5fcca6)] -> xpath: //span[normalize-space()='Create Memo']]
19:09:42.460 [main] INFO  com.billhub.qa.base.TestBase - Waiting for element invisibility: By.className: modal-container
19:10:54.717 [main] INFO  com.billhub.qa.base.TestBase - Waiting for element invisibility: By.className: modal-container
19:11:09.765 [main] INFO  com.billhub.qa.base.TestBase - Waiting for web element to be clickable: [[ChromeDriver: chrome on windows (757e9f9f2859355f12e6b171d1f8dcb5)] -> xpath: //button[@class='btn btn-primary ng-star-inserted']]
19:11:10.081 [main] INFO  com.billhub.qa.base.TestBase - Waiting for web element to be clickable: [[ChromeDriver: chrome on windows (757e9f9f2859355f12e6b171d1f8dcb5)] -> xpath: //span[normalize-space()='Create Memo']]
19:11:10.969 [main] INFO  com.billhub.qa.base.TestBase - Waiting for element invisibility: By.className: modal-container
19:11:26.002 [main] INFO  com.billhub.qa.base.TestBase - Waiting for web element to be clickable: [[ChromeDriver: chrome on windows (757e9f9f2859355f12e6b171d1f8dcb5)] -> xpath: /html/body/modal-container/div/div/app-add-po-popup/div[2]/div[2]/div[1]/table/tbody/tr[3]/td[1]/div/input]
19:11:26.677 [main] INFO  com.billhub.qa.base.TestBase - Waiting for element invisibility: By.className: modal-container
19:13:12.154 [main] INFO  com.billhub.qa.base.TestBase - Waiting for element invisibility: By.className: modal-container
19:13:27.190 [main] INFO  com.billhub.qa.base.TestBase - Waiting for web element to be clickable: [[ChromeDriver: chrome on windows (a21161993dba193c6c44096139da3a27)] -> xpath: //button[@class='btn btn-primary ng-star-inserted']]
19:13:27.458 [main] INFO  com.billhub.qa.base.TestBase - Waiting for web element to be clickable: [[ChromeDriver: chrome on windows (a21161993dba193c6c44096139da3a27)] -> xpath: //span[normalize-space()='Create Memo']]
19:13:28.367 [main] INFO  com.billhub.qa.base.TestBase - Waiting for element invisibility: By.className: modal-container
19:13:43.397 [main] INFO  com.billhub.qa.base.TestBase - Waiting for web element to be clickable: [[ChromeDriver: chrome on windows (a21161993dba193c6c44096139da3a27)] -> xpath: /html/body/modal-container/div/div/app-add-po-popup/div[2]/div[2]/div[1]/table/tbody/tr[3]/td[1]/div/input]
19:13:44.107 [main] INFO  com.billhub.qa.base.TestBase - Waiting for element invisibility: By.className: modal-container
19:13:59.193 [main] INFO  com.billhub.qa.base.TestBase - Waiting for element visibility: By.cssSelector: .btn.btn-warning.btn-acknowledge
19:14:03.570 [main] INFO  com.billhub.qa.base.TestBase - Waiting for web element to be clickable: [[ChromeDriver: chrome on windows (a21161993dba193c6c44096139da3a27)] -> css selector: .btn.btn-warning.btn-acknowledge]
19:14:03.674 [main] INFO  com.billhub.qa.base.TestBase - Waiting for element invisibility: By.className: modal-container
19:16:21.085 [main] INFO  com.billhub.qa.base.TestBase - Waiting for element invisibility: By.className: modal-container
19:16:36.171 [main] INFO  com.billhub.qa.base.TestBase - Waiting for web element to be clickable: [[ChromeDriver: chrome on windows (506ba6a01b5c69bfbfd4b4c052ec8dc3)] -> xpath: //button[@class='btn btn-primary ng-star-inserted']]
19:16:36.435 [main] INFO  com.billhub.qa.base.TestBase - Waiting for web element to be clickable: [[ChromeDriver: chrome on windows (506ba6a01b5c69bfbfd4b4c052ec8dc3)] -> xpath: //span[normalize-space()='Create Memo']]
19:16:37.316 [main] INFO  com.billhub.qa.base.TestBase - Waiting for element invisibility: By.className: modal-container
19:16:52.380 [main] INFO  com.billhub.qa.base.TestBase - Waiting for web element to be clickable: [[ChromeDriver: chrome on windows (506ba6a01b5c69bfbfd4b4c052ec8dc3)] -> xpath: /html/body/modal-container/div/div/app-add-po-popup/div[2]/div[2]/div[1]/table/tbody/tr[3]/td[1]/div/input]
19:16:52.977 [main] INFO  com.billhub.qa.base.TestBase - Waiting for element invisibility: By.className: modal-container
19:17:08.035 [main] INFO  com.billhub.qa.base.TestBase - Waiting for element visibility: By.cssSelector: .btn.btn-warning.btn-acknowledge
19:17:12.368 [main] INFO  com.billhub.qa.base.TestBase - Waiting for web element to be clickable: [[ChromeDriver: chrome on windows (506ba6a01b5c69bfbfd4b4c052ec8dc3)] -> css selector: .btn.btn-warning.btn-acknowledge]
19:17:12.473 [main] INFO  com.billhub.qa.base.TestBase - Waiting for element invisibility: By.className: modal-container
19:17:27.597 [main] INFO  com.billhub.qa.base.TestBase - Waiting for element invisibility: By.className: modal-container
19:17:42.916 [main] INFO  com.billhub.qa.base.TestBase - Waiting for element invisibility: By.className: modal-container
19:17:57.995 [main] INFO  com.billhub.qa.base.TestBase - Waiting for web element to be clickable: [[ChromeDriver: chrome on windows (506ba6a01b5c69bfbfd4b4c052ec8dc3)] -> xpath: //button[normalize-space()='Done']]
19:17:58.176 [main] INFO  com.billhub.qa.base.TestBase - Waiting for web element to be clickable: [[ChromeDriver: chrome on windows (506ba6a01b5c69bfbfd4b4c052ec8dc3)] -> xpath: //button[normalize-space()='SAVE']]
19:21:27.890 [main] INFO  com.billhub.qa.base.TestBase - Waiting for element invisibility: By.className: modal-container
19:21:42.987 [main] INFO  com.billhub.qa.base.TestBase - Waiting for web element to be clickable: [[ChromeDriver: chrome on windows (225bcf97534a5a69213407a05377c6bf)] -> xpath: //button[@class='btn btn-primary ng-star-inserted']]
19:21:43.295 [main] INFO  com.billhub.qa.base.TestBase - Waiting for web element to be clickable: [[ChromeDriver: chrome on windows (225bcf97534a5a69213407a05377c6bf)] -> xpath: //span[normalize-space()='Create Memo']]
19:21:44.193 [main] INFO  com.billhub.qa.base.TestBase - Waiting for element invisibility: By.className: modal-container
19:21:59.236 [main] INFO  com.billhub.qa.base.TestBase - Waiting for web element to be clickable: [[ChromeDriver: chrome on windows (225bcf97534a5a69213407a05377c6bf)] -> xpath: /html/body/modal-container/div/div/app-add-po-popup/div[2]/div[2]/div[1]/table/tbody/tr[3]/td[1]/div/input]
19:21:59.846 [main] INFO  com.billhub.qa.base.TestBase - Waiting for element invisibility: By.className: modal-container
19:22:14.948 [main] INFO  com.billhub.qa.base.TestBase - Waiting for element visibility: By.cssSelector: .btn.btn-warning.btn-acknowledge
19:22:19.325 [main] INFO  com.billhub.qa.base.TestBase - Waiting for web element to be clickable: [[ChromeDriver: chrome on windows (225bcf97534a5a69213407a05377c6bf)] -> css selector: .btn.btn-warning.btn-acknowledge]
19:22:19.433 [main] INFO  com.billhub.qa.base.TestBase - Waiting for element invisibility: By.className: modal-container
19:22:34.542 [main] INFO  com.billhub.qa.base.TestBase - Waiting for element invisibility: By.className: modal-container
19:22:49.911 [main] INFO  com.billhub.qa.base.TestBase - Waiting for element invisibility: By.className: modal-container
19:23:04.954 [main] INFO  com.billhub.qa.base.TestBase - Waiting for web element to be clickable: [[ChromeDriver: chrome on windows (225bcf97534a5a69213407a05377c6bf)] -> xpath: //button[normalize-space()='Done']]
19:23:05.094 [main] INFO  com.billhub.qa.base.TestBase - Waiting for web element to be clickable: [[ChromeDriver: chrome on windows (225bcf97534a5a69213407a05377c6bf)] -> xpath: //button[normalize-space()='SAVE']]
