15:14:02.911 [main] INFO  com.billhub.qa.base.TestBase - Waiting for element invisibility: By.className: loader
15:14:03.618 [main] INFO  com.billhub.qa.base.TestBase - Waiting for element invisibility: By.className: loader
15:14:03.699 [main] INFO  com.billhub.qa.base.TestBase - Waiting for element invisibility: By.className: loader
15:14:04.873 [main] INFO  com.billhub.qa.base.TestBase - Waiting for element invisibility: By.className: loader
15:15:18.880 [main] INFO  com.billhub.qa.base.TestBase - Waiting for element invisibility: By.className: modal-container
15:15:38.974 [main] INFO  com.billhub.qa.base.TestBase - Waiting for element invisibility: By.className: loader
15:15:39.137 [main] INFO  com.billhub.qa.base.TestBase - Waiting for element visibility: By.xpath: /html/body/app-root/app-layout/div[1]/main/div/div/app-dashboard/div/div[1]/div[2]/div/typeahead-container/button
15:15:39.651 [main] INFO  com.billhub.qa.base.TestBase - Waiting for element invisibility: By.className: loader
15:15:40.344 [main] INFO  com.billhub.qa.base.TestBase - Waiting for element invisibility: By.className: loader
15:15:40.419 [main] INFO  com.billhub.qa.base.TestBase - Waiting for element invisibility: By.className: loader
15:15:41.044 [main] INFO  com.billhub.qa.base.TestBase - Waiting for element invisibility: By.className: loader
15:51:28.082 [main] INFO  com.billhub.qa.base.TestBase - Waiting for element invisibility: By.className: modal-container
15:51:49.240 [main] INFO  com.billhub.qa.base.TestBase - Waiting for element visibility: By.xpath: /html/body/app-root/app-layout/div[1]/main/div/div/app-dashboard/div/div[1]/div[2]/div/typeahead-container/button
15:51:50.135 [main] INFO  com.billhub.qa.base.TestBase - Waiting for element invisibility: By.className: loader
15:51:51.013 [main] INFO  com.billhub.qa.base.TestBase - Waiting for element invisibility: By.className: loader
15:51:52.946 [main] INFO  com.billhub.qa.base.TestBase - Waiting for element invisibility: By.className: loader
15:51:53.041 [main] INFO  com.billhub.qa.base.TestBase - Waiting for element invisibility: By.className: loader
15:51:54.743 [main] INFO  com.billhub.qa.base.TestBase - Waiting for element invisibility: By.className: loader
15:51:56.253 [main] INFO  com.billhub.qa.base.TestBase - Waiting for element visibility: By.xpath: /html/body/modal-container/div/div/app-verify-log-popup/div/table/tbody/tr/td[4]
15:52:16.276 [main] INFO  com.billhub.qa.base.TestBase - Waiting for element invisibility: By.className: loader
15:52:27.043 [main] INFO  com.billhub.qa.base.TestBase - Waiting for element invisibility: By.className: loader
15:52:54.840 [main] INFO  com.billhub.qa.base.TestBase - Waiting for element invisibility: By.className: modal-container
15:52:57.882 [main] INFO  com.billhub.qa.base.TestBase - Waiting for element invisibility: By.className: loader
15:53:13.317 [main] INFO  com.billhub.qa.base.TestBase - Waiting for element invisibility: By.className: loader
15:53:15.978 [main] INFO  com.billhub.qa.base.TestBase - Waiting for element visibility: By.xpath: /html/body/app-root/app-layout/div[1]/main/div/div/app-dashboard/div/div[1]/div[2]/div/typeahead-container/button
15:53:16.888 [main] INFO  com.billhub.qa.base.TestBase - Waiting for element invisibility: By.className: loader
15:53:18.070 [main] INFO  com.billhub.qa.base.TestBase - Waiting for element invisibility: By.className: loader
15:53:19.570 [main] INFO  com.billhub.qa.base.TestBase - Waiting for element invisibility: By.className: loader
15:53:19.652 [main] INFO  com.billhub.qa.base.TestBase - Waiting for element invisibility: By.className: loader
15:53:20.289 [main] INFO  com.billhub.qa.base.TestBase - Waiting for element invisibility: By.className: loader
15:53:21.264 [main] INFO  com.billhub.qa.base.TestBase - Waiting for element visibility: By.xpath: /html/body/modal-container/div/div/app-verify-log-popup/div/table/tbody/tr/td[4]
15:57:41.499 [main] INFO  com.billhub.qa.base.TestBase - Waiting for element invisibility: By.className: modal-container
15:58:02.606 [main] INFO  com.billhub.qa.base.TestBase - Waiting for element visibility: By.xpath: /html/body/app-root/app-layout/div[1]/main/div/div/app-dashboard/div/div[1]/div[2]/div/typeahead-container/button
15:58:03.697 [main] INFO  com.billhub.qa.base.TestBase - Waiting for element invisibility: By.className: loader
15:58:04.985 [main] INFO  com.billhub.qa.base.TestBase - Waiting for element invisibility: By.className: loader
15:58:06.967 [main] INFO  com.billhub.qa.base.TestBase - Waiting for element invisibility: By.className: loader
15:58:07.053 [main] INFO  com.billhub.qa.base.TestBase - Waiting for element invisibility: By.className: loader
15:58:08.210 [main] INFO  com.billhub.qa.base.TestBase - Waiting for element invisibility: By.className: loader
15:58:08.823 [main] INFO  com.billhub.qa.base.TestBase - Waiting for element visibility: By.xpath: /html/body/modal-container/div/div/app-verify-log-popup/div/table/tbody/tr/td[4]
15:58:10.831 [main] INFO  com.billhub.qa.base.TestBase - Waiting for element invisibility: By.className: loader
15:58:10.908 [main] INFO  com.billhub.qa.base.TestBase - Waiting for element invisibility: By.className: loader
15:58:11.498 [main] INFO  com.billhub.qa.base.TestBase - Waiting for web element to be clickable: [[ChromeDriver: chrome on windows (ba7c7561332a95cf76cbfb3d3274e41f)] -> xpath: //button[@class='btn btn-link']]
15:58:11.697 [main] INFO  com.billhub.qa.base.TestBase - Waiting for web element to be clickable: [[ChromeDriver: chrome on windows (ba7c7561332a95cf76cbfb3d3274e41f)] -> xpath: //span[normalize-space()='Dashboard']]
15:58:12.382 [main] INFO  com.billhub.qa.base.TestBase - Waiting for element invisibility: By.className: loader
15:58:13.413 [main] INFO  com.billhub.qa.base.TestBase - Waiting for element invisibility: By.className: loader
15:58:13.569 [main] INFO  com.billhub.qa.base.TestBase - Waiting for element visibility: By.xpath: /html/body/app-root/app-layout/div[1]/main/div/div/app-dashboard/div/div[1]/div[2]/div/typeahead-container/button
15:58:14.150 [main] INFO  com.billhub.qa.base.TestBase - Waiting for element invisibility: By.className: loader
15:58:14.765 [main] INFO  com.billhub.qa.base.TestBase - Waiting for element invisibility: By.className: loader
15:58:14.837 [main] INFO  com.billhub.qa.base.TestBase - Waiting for element invisibility: By.className: loader
15:58:15.451 [main] INFO  com.billhub.qa.base.TestBase - Waiting for element invisibility: By.className: loader
15:58:16.125 [main] INFO  com.billhub.qa.base.TestBase - Waiting for element visibility: By.xpath: /html/body/modal-container[2]/div/div/app-invoice-log/div[2]/table/tbody/tr/td[4]/div
15:58:16.789 [main] INFO  com.billhub.qa.base.TestBase - Waiting for element invisibility: By.className: loader
15:58:37.035 [main] INFO  com.billhub.qa.base.TestBase - Waiting for element invisibility: By.className: loader
16:02:52.685 [main] INFO  com.billhub.qa.base.TestBase - Waiting for element invisibility: By.className: modal-container
16:03:13.799 [main] INFO  com.billhub.qa.base.TestBase - Waiting for element visibility: By.xpath: /html/body/app-root/app-layout/div[1]/main/div/div/app-dashboard/div/div[1]/div[2]/div/typeahead-container/button
16:03:14.773 [main] INFO  com.billhub.qa.base.TestBase - Waiting for element invisibility: By.className: loader
16:03:15.939 [main] INFO  com.billhub.qa.base.TestBase - Waiting for element invisibility: By.className: loader
16:03:17.919 [main] INFO  com.billhub.qa.base.TestBase - Waiting for element invisibility: By.className: loader
16:03:18.003 [main] INFO  com.billhub.qa.base.TestBase - Waiting for element invisibility: By.className: loader
16:03:18.633 [main] INFO  com.billhub.qa.base.TestBase - Waiting for element invisibility: By.className: loader
16:03:19.248 [main] INFO  com.billhub.qa.base.TestBase - Waiting for element visibility: By.xpath: /html/body/modal-container/div/div/app-verify-log-popup/div/table/tbody/tr/td[4]
16:03:21.330 [main] INFO  com.billhub.qa.base.TestBase - Waiting for element invisibility: By.className: loader
16:03:21.415 [main] INFO  com.billhub.qa.base.TestBase - Waiting for element invisibility: By.className: loader
16:03:21.986 [main] INFO  com.billhub.qa.base.TestBase - Waiting for web element to be clickable: [[ChromeDriver: chrome on windows (7ca2fcb5cfdeaf474e7ce2bd0b156947)] -> xpath: //button[@class='btn btn-link']]
16:03:22.245 [main] INFO  com.billhub.qa.base.TestBase - Waiting for web element to be clickable: [[ChromeDriver: chrome on windows (7ca2fcb5cfdeaf474e7ce2bd0b156947)] -> xpath: //span[normalize-space()='Dashboard']]
16:03:22.917 [main] INFO  com.billhub.qa.base.TestBase - Waiting for element invisibility: By.className: loader
16:03:24.501 [main] INFO  com.billhub.qa.base.TestBase - Waiting for element invisibility: By.className: loader
16:03:24.645 [main] INFO  com.billhub.qa.base.TestBase - Waiting for element visibility: By.xpath: /html/body/app-root/app-layout/div[1]/main/div/div/app-dashboard/div/div[1]/div[2]/div/typeahead-container/button
16:03:25.229 [main] INFO  com.billhub.qa.base.TestBase - Waiting for element invisibility: By.className: loader
16:03:25.829 [main] INFO  com.billhub.qa.base.TestBase - Waiting for element invisibility: By.className: loader
16:03:25.891 [main] INFO  com.billhub.qa.base.TestBase - Waiting for element invisibility: By.className: loader
16:03:26.504 [main] INFO  com.billhub.qa.base.TestBase - Waiting for element invisibility: By.className: loader
16:03:27.171 [main] INFO  com.billhub.qa.base.TestBase - Waiting for element visibility: By.xpath: /html/body/modal-container[2]/div/div/app-invoice-log/div[2]/table/tbody/tr/td[4]/div
16:03:27.837 [main] INFO  com.billhub.qa.base.TestBase - Waiting for element invisibility: By.className: loader
16:03:27.913 [main] INFO  com.billhub.qa.base.TestBase - Waiting for element invisibility: By.className: loader
16:03:48.127 [main] INFO  com.billhub.qa.base.TestBase - Waiting for element invisibility: By.className: loader
16:05:52.875 [main] INFO  com.billhub.qa.base.TestBase - Waiting for element invisibility: By.className: modal-container
