16:27:22.055 [main] INFO  com.billhub.qa.base.TestBase - Waiting for element invisibility: By.className: modal-container
16:27:42.193 [main] INFO  com.billhub.qa.base.TestBase - Waiting for element invisibility: By.className: loader
16:27:42.221 [main] INFO  com.billhub.qa.base.TestBase - Waiting for element invisibility: By.className: loader
16:27:42.313 [main] INFO  com.billhub.qa.base.TestBase - Waiting for element invisibility: By.className: loader
16:27:42.597 [main] INFO  com.billhub.qa.base.TestBase - Waiting for web element to be clickable: [[ChromeDriver: chrome on windows (587b1b7da4b899dac07cdadb470fad84)] -> xpath: //*[@id="main"]/main/div/div/app-account/div/div/div[2]/div/div/div[1]/div/ul/li/form/div[1]/ngx-select-dropdown/div/div/ul[2]/li]
16:27:42.957 [main] INFO  com.billhub.qa.base.TestBase - Waiting for web element to be clickable: [[ChromeDriver: chrome on windows (587b1b7da4b899dac07cdadb470fad84)] -> xpath: //*[@id="main"]/main/div/div/app-account/div/div/div[2]/div/div/div[1]/div/ul/li/form/div[3]/ngx-select-dropdown/div/div/ul[2]/li[1]]
16:27:43.229 [main] INFO  com.billhub.qa.base.TestBase - Waiting for element invisibility: By.className: loader
16:27:44.088 [main] INFO  com.billhub.qa.base.TestBase - Waiting for element invisibility: By.className: loader
16:27:44.184 [main] INFO  com.billhub.qa.base.TestBase - Checking if success toast is displayed for message: Invoice updated successfully
16:27:52.176 [main] INFO  com.billhub.qa.base.TestBase - Waiting for element invisibility: By.className: modal-container
16:28:12.297 [main] INFO  com.billhub.qa.base.TestBase - Waiting for element invisibility: By.className: loader
16:28:12.326 [main] INFO  com.billhub.qa.base.TestBase - Waiting for element invisibility: By.className: loader
16:28:12.425 [main] INFO  com.billhub.qa.base.TestBase - Waiting for element invisibility: By.className: loader
16:28:12.714 [main] INFO  com.billhub.qa.base.TestBase - Waiting for web element to be clickable: [[ChromeDriver: chrome on windows (7412e764b81b742025decb48617d7759)] -> xpath: //*[@id="main"]/main/div/div/app-account/div/div/div[2]/div/div/div[1]/div/ul/li/form/div[1]/ngx-select-dropdown/div/div/ul[2]/li]
16:28:13.061 [main] INFO  com.billhub.qa.base.TestBase - Waiting for web element to be clickable: [[ChromeDriver: chrome on windows (7412e764b81b742025decb48617d7759)] -> xpath: //*[@id="main"]/main/div/div/app-account/div/div/div[2]/div/div/div[1]/div/ul/li/form/div[3]/ngx-select-dropdown/div/div/ul[2]/li[1]]
16:28:13.344 [main] INFO  com.billhub.qa.base.TestBase - Waiting for element invisibility: By.className: loader
16:28:14.337 [main] INFO  com.billhub.qa.base.TestBase - Waiting for element invisibility: By.className: loader
16:28:14.587 [main] INFO  com.billhub.qa.base.TestBase - Checking if success toast is displayed for message: Invoice updated successfully
16:28:21.131 [main] INFO  com.billhub.qa.base.TestBase - Waiting for element invisibility: By.className: modal-container
16:28:41.283 [main] INFO  com.billhub.qa.base.TestBase - Waiting for element invisibility: By.className: loader
16:28:41.333 [main] INFO  com.billhub.qa.base.TestBase - Waiting for web element to be clickable: [[ChromeDriver: chrome on windows (98588258c6869721cc21544ec62ab926)] -> xpath: //button[@class='btn btn-link']]
16:28:41.425 [main] INFO  com.billhub.qa.base.TestBase - Waiting for web element to be clickable: [[ChromeDriver: chrome on windows (98588258c6869721cc21544ec62ab926)] -> xpath: //*[@id="sidebar"]/div[1]/perfect-scrollbar/div/div[1]/div[2]/ul/li[3]/a]
16:28:42.113 [main] INFO  com.billhub.qa.base.TestBase - Waiting for web element to be clickable: [[ChromeDriver: chrome on windows (98588258c6869721cc21544ec62ab926)] -> xpath: //*[@id="sidebar"]/div[1]/perfect-scrollbar/div/div[1]/div[2]/ul/li[3]/div/ul/li[4]/a]
16:28:42.823 [main] INFO  com.billhub.qa.base.TestBase - Waiting for element invisibility: By.className: loader
16:28:44.892 [main] INFO  com.billhub.qa.base.TestBase - Waiting for web element to be clickable: [[ChromeDriver: chrome on windows (98588258c6869721cc21544ec62ab926)] -> xpath: /html/body/app-root/app-layout/div[1]/main/div/div/create-payment-request/div/div/div[1]/div[2]/div/typeahead-container/button[6]]
16:28:45.052 [main] INFO  com.billhub.qa.base.TestBase - Waiting for element invisibility: By.className: loader
16:28:45.747 [main] INFO  com.billhub.qa.base.TestBase - Waiting for element invisibility: By.className: loader
16:28:45.980 [main] INFO  com.billhub.qa.base.TestBase - Waiting for web element to be clickable: [[ChromeDriver: chrome on windows (98588258c6869721cc21544ec62ab926)] -> xpath: //*[@id="main"]/main/div/div/create-payment-request/div/div/div[5]/div/table/tbody/tr/td[1]/div/input]
16:28:46.162 [main] INFO  com.billhub.qa.base.TestBase - Waiting for element invisibility: By.className: loader
16:28:46.273 [main] INFO  com.billhub.qa.base.TestBase - Checking if success toast is displayed for message: Create Payment Request
16:28:47.514 [main] INFO  com.billhub.qa.base.TestBase - Waiting for element invisibility: By.className: loader
16:28:47.619 [main] INFO  com.billhub.qa.base.TestBase - Waiting for web element to be clickable: [[ChromeDriver: chrome on windows (98588258c6869721cc21544ec62ab926)] -> xpath: //span[normalize-space()='Dashboard']]
16:28:47.841 [main] INFO  com.billhub.qa.base.TestBase - Waiting for element invisibility: By.className: loader
16:28:49.536 [main] INFO  com.billhub.qa.base.TestBase - Waiting for toast to disappear
16:28:51.570 [main] INFO  com.billhub.qa.base.TestBase - Waiting for element invisibility: By.className: loader
16:28:58.759 [main] INFO  com.billhub.qa.base.TestBase - Waiting for element visibility: By.xpath: /html/body/modal-container/div/div/app-invoice-info-popup/div[2]/div[2]/div[1]/div/div[3]/div[2]/table/tbody/tr/td[2]
16:28:59.360 [main] INFO  com.billhub.qa.base.TestBase - Waiting for element invisibility: By.className: loader
16:28:59.420 [main] INFO  com.billhub.qa.base.TestBase - Waiting for web element to be clickable: [[ChromeDriver: chrome on windows (98588258c6869721cc21544ec62ab926)] -> xpath: //*[@id="sidebar"]/div[1]/perfect-scrollbar/div/div[1]/div[2]/ul/li[3]/a]
16:28:59.537 [main] INFO  com.billhub.qa.base.TestBase - Waiting for web element to be clickable: [[ChromeDriver: chrome on windows (98588258c6869721cc21544ec62ab926)] -> xpath: //*[@id="sidebar"]/div[1]/perfect-scrollbar/div/div[1]/div[2]/ul/li[3]/div/ul/li[5]/a]
16:29:00.211 [main] INFO  com.billhub.qa.base.TestBase - Waiting for element invisibility: By.className: loader
16:29:00.973 [main] INFO  com.billhub.qa.base.TestBase - Waiting for element invisibility: By.className: loader
16:29:02.656 [main] INFO  com.billhub.qa.base.TestBase - Waiting for web element to be clickable: [[ChromeDriver: chrome on windows (98588258c6869721cc21544ec62ab926)] -> xpath: /html/body/app-root/app-layout/div[1]/main/div/div/app-reject-payment-request/div/div[1]/div[1]/div[3]/div/typeahead-container/button]
16:34:58.566 [main] INFO  com.billhub.qa.base.TestBase - Waiting for element invisibility: By.className: modal-container
16:35:18.630 [main] INFO  com.billhub.qa.base.TestBase - Waiting for element invisibility: By.className: loader
16:35:18.708 [main] INFO  com.billhub.qa.base.TestBase - Waiting for web element to be clickable: [[ChromeDriver: chrome on windows (ed7c900a66182e4f6fb543c36a9a1b2a)] -> xpath: //*[@id="main"]/main/div/div/app-dashboard/div/div[1]/div[2]/button[2]]
16:35:19.389 [main] INFO  com.billhub.qa.base.TestBase - Waiting for web element to be clickable: [[ChromeDriver: chrome on windows (ed7c900a66182e4f6fb543c36a9a1b2a)] -> xpath: //span[normalize-space()='Create Memo']]
16:35:20.326 [main] INFO  com.billhub.qa.base.TestBase - Waiting for element invisibility: By.className: loader
16:35:26.113 [main] INFO  com.billhub.qa.base.TestBase - Waiting for element invisibility: By.className: loader
16:35:26.366 [main] INFO  com.billhub.qa.base.TestBase - Waiting for element invisibility: By.className: loader
16:35:27.558 [main] INFO  com.billhub.qa.base.TestBase - Waiting for element invisibility: By.className: loader
16:35:28.179 [main] INFO  com.billhub.qa.base.TestBase - Waiting for web element to be clickable: [[ChromeDriver: chrome on windows (ed7c900a66182e4f6fb543c36a9a1b2a)] -> xpath: //button[normalize-space()='Done']]
16:35:29.249 [main] INFO  com.billhub.qa.base.TestBase - Waiting for element invisibility: By.className: loader
16:35:30.024 [main] INFO  com.billhub.qa.base.TestBase - Waiting for element invisibility: By.className: loader
16:35:30.720 [main] INFO  com.billhub.qa.base.TestBase - Waiting for element invisibility: By.className: loader
16:35:31.465 [main] INFO  com.billhub.qa.base.TestBase - Waiting for element invisibility: By.className: loader
16:35:32.069 [main] INFO  com.billhub.qa.base.TestBase - Waiting for web element to be clickable: [[ChromeDriver: chrome on windows (ed7c900a66182e4f6fb543c36a9a1b2a)] -> xpath: //tbody/tr[1]/td[1]]
16:35:32.458 [main] INFO  com.billhub.qa.base.TestBase - Waiting for web element to be clickable: [[ChromeDriver: chrome on windows (ed7c900a66182e4f6fb543c36a9a1b2a)] -> xpath: //button[normalize-space()='SAVE']]
16:35:33.233 [main] INFO  com.billhub.qa.base.TestBase - Waiting for element invisibility: By.className: loader
16:35:34.538 [main] INFO  com.billhub.qa.base.TestBase - Waiting for element invisibility: By.className: loader
16:35:35.257 [main] INFO  com.billhub.qa.base.TestBase - Waiting for element invisibility: By.className: loader
16:35:35.279 [main] INFO  com.billhub.qa.base.TestBase - Waiting for toast to disappear
16:35:37.058 [main] INFO  com.billhub.qa.base.TestBase - Waiting for element visibility: By.xpath: //*[@id="main"]/main/div/div/app-memo-list/div/div/div[2]/div/form/div/div[6]/button
16:35:37.097 [main] INFO  com.billhub.qa.base.TestBase - Waiting for element invisibility: By.className: loader
16:35:38.357 [main] INFO  com.billhub.qa.base.TestBase - Waiting for element visibility: By.xpath: /html/body/modal-container/div/div/app-memo-submit-confirm/div[3]/div/div[2]/button
16:35:38.976 [main] INFO  com.billhub.qa.base.TestBase - Waiting for element invisibility: By.className: loader
