15:43:44.106 [main] INFO  com.billhub.qa.base.TestBase - Waiting for element invisibility: By.className: loader
15:43:44.978 [main] ERROR com.billhub.qa.base.TestBase - FileNotFoundException: C:\Development\BillHubTestAutomation\src\main\java\com\billhub\qa\testdata\BillHubTestdata.xlsx (The process cannot access the file because it is being used by another process)
15:43:45.193 [main] ERROR com.billhub.qa.base.TestBase - FileNotFoundException: C:\Development\BillHubTestAutomation\src\main\java\com\billhub\qa\testdata\BillHubTestdata.xlsx (The process cannot access the file because it is being used by another process)
15:43:45.392 [main] ERROR com.billhub.qa.base.TestBase - FileNotFoundException: C:\Development\BillHubTestAutomation\src\main\java\com\billhub\qa\testdata\BillHubTestdata.xlsx (The process cannot access the file because it is being used by another process)
15:43:45.683 [main] ERROR com.billhub.qa.base.TestBase - FileNotFoundException: C:\Development\BillHubTestAutomation\src\main\java\com\billhub\qa\testdata\BillHubTestdata.xlsx (The process cannot access the file because it is being used by another process)
15:43:45.883 [main] ERROR com.billhub.qa.base.TestBase - FileNotFoundException: C:\Development\BillHubTestAutomation\src\main\java\com\billhub\qa\testdata\BillHubTestdata.xlsx (The process cannot access the file because it is being used by another process)
15:43:45.989 [main] ERROR com.billhub.qa.base.TestBase - FileNotFoundException: C:\Development\BillHubTestAutomation\src\main\java\com\billhub\qa\testdata\BillHubTestdata.xlsx (The process cannot access the file because it is being used by another process)
15:43:46.085 [main] ERROR com.billhub.qa.base.TestBase - FileNotFoundException: C:\Development\BillHubTestAutomation\src\main\java\com\billhub\qa\testdata\BillHubTestdata.xlsx (The process cannot access the file because it is being used by another process)
15:43:46.182 [main] ERROR com.billhub.qa.base.TestBase - FileNotFoundException: C:\Development\BillHubTestAutomation\src\main\java\com\billhub\qa\testdata\BillHubTestdata.xlsx (The process cannot access the file because it is being used by another process)
15:43:46.281 [main] ERROR com.billhub.qa.base.TestBase - FileNotFoundException: C:\Development\BillHubTestAutomation\src\main\java\com\billhub\qa\testdata\BillHubTestdata.xlsx (The process cannot access the file because it is being used by another process)
15:43:46.367 [main] ERROR com.billhub.qa.base.TestBase - FileNotFoundException: C:\Development\BillHubTestAutomation\src\main\java\com\billhub\qa\testdata\BillHubTestdata.xlsx (The process cannot access the file because it is being used by another process)
15:43:46.439 [main] ERROR com.billhub.qa.base.TestBase - FileNotFoundException: C:\Development\BillHubTestAutomation\src\main\java\com\billhub\qa\testdata\BillHubTestdata.xlsx (The process cannot access the file because it is being used by another process)
15:43:46.514 [main] ERROR com.billhub.qa.base.TestBase - FileNotFoundException: C:\Development\BillHubTestAutomation\src\main\java\com\billhub\qa\testdata\BillHubTestdata.xlsx (The process cannot access the file because it is being used by another process)
15:43:46.598 [main] ERROR com.billhub.qa.base.TestBase - FileNotFoundException: C:\Development\BillHubTestAutomation\src\main\java\com\billhub\qa\testdata\BillHubTestdata.xlsx (The process cannot access the file because it is being used by another process)
15:43:46.677 [main] ERROR com.billhub.qa.base.TestBase - FileNotFoundException: C:\Development\BillHubTestAutomation\src\main\java\com\billhub\qa\testdata\BillHubTestdata.xlsx (The process cannot access the file because it is being used by another process)
15:43:46.782 [main] ERROR com.billhub.qa.base.TestBase - FileNotFoundException: C:\Development\BillHubTestAutomation\src\main\java\com\billhub\qa\testdata\BillHubTestdata.xlsx (The process cannot access the file because it is being used by another process)
15:43:46.860 [main] ERROR com.billhub.qa.base.TestBase - FileNotFoundException: C:\Development\BillHubTestAutomation\src\main\java\com\billhub\qa\testdata\BillHubTestdata.xlsx (The process cannot access the file because it is being used by another process)
15:43:46.933 [main] ERROR com.billhub.qa.base.TestBase - FileNotFoundException: C:\Development\BillHubTestAutomation\src\main\java\com\billhub\qa\testdata\BillHubTestdata.xlsx (The process cannot access the file because it is being used by another process)
15:43:47.004 [main] ERROR com.billhub.qa.base.TestBase - FileNotFoundException: C:\Development\BillHubTestAutomation\src\main\java\com\billhub\qa\testdata\BillHubTestdata.xlsx (The process cannot access the file because it is being used by another process)
15:43:47.104 [main] ERROR com.billhub.qa.base.TestBase - FileNotFoundException: C:\Development\BillHubTestAutomation\src\main\java\com\billhub\qa\testdata\BillHubTestdata.xlsx (The process cannot access the file because it is being used by another process)
15:43:47.196 [main] ERROR com.billhub.qa.base.TestBase - FileNotFoundException: C:\Development\BillHubTestAutomation\src\main\java\com\billhub\qa\testdata\BillHubTestdata.xlsx (The process cannot access the file because it is being used by another process)
15:43:47.264 [main] ERROR com.billhub.qa.base.TestBase - FileNotFoundException: C:\Development\BillHubTestAutomation\src\main\java\com\billhub\qa\testdata\BillHubTestdata.xlsx (The process cannot access the file because it is being used by another process)
15:43:47.324 [main] ERROR com.billhub.qa.base.TestBase - FileNotFoundException: C:\Development\BillHubTestAutomation\src\main\java\com\billhub\qa\testdata\BillHubTestdata.xlsx (The process cannot access the file because it is being used by another process)
15:43:47.386 [main] ERROR com.billhub.qa.base.TestBase - FileNotFoundException: C:\Development\BillHubTestAutomation\src\main\java\com\billhub\qa\testdata\BillHubTestdata.xlsx (The process cannot access the file because it is being used by another process)
15:43:47.445 [main] ERROR com.billhub.qa.base.TestBase - FileNotFoundException: C:\Development\BillHubTestAutomation\src\main\java\com\billhub\qa\testdata\BillHubTestdata.xlsx (The process cannot access the file because it is being used by another process)
15:43:47.506 [main] ERROR com.billhub.qa.base.TestBase - FileNotFoundException: C:\Development\BillHubTestAutomation\src\main\java\com\billhub\qa\testdata\BillHubTestdata.xlsx (The process cannot access the file because it is being used by another process)
15:43:47.565 [main] ERROR com.billhub.qa.base.TestBase - FileNotFoundException: C:\Development\BillHubTestAutomation\src\main\java\com\billhub\qa\testdata\BillHubTestdata.xlsx (The process cannot access the file because it is being used by another process)
15:43:47.629 [main] ERROR com.billhub.qa.base.TestBase - FileNotFoundException: C:\Development\BillHubTestAutomation\src\main\java\com\billhub\qa\testdata\BillHubTestdata.xlsx (The process cannot access the file because it is being used by another process)
15:43:47.701 [main] ERROR com.billhub.qa.base.TestBase - FileNotFoundException: C:\Development\BillHubTestAutomation\src\main\java\com\billhub\qa\testdata\BillHubTestdata.xlsx (The process cannot access the file because it is being used by another process)
15:43:47.774 [main] ERROR com.billhub.qa.base.TestBase - FileNotFoundException: C:\Development\BillHubTestAutomation\src\main\java\com\billhub\qa\testdata\BillHubTestdata.xlsx (The process cannot access the file because it is being used by another process)
15:43:47.828 [main] ERROR com.billhub.qa.base.TestBase - FileNotFoundException: C:\Development\BillHubTestAutomation\src\main\java\com\billhub\qa\testdata\BillHubTestdata.xlsx (The process cannot access the file because it is being used by another process)
15:43:47.883 [main] ERROR com.billhub.qa.base.TestBase - FileNotFoundException: C:\Development\BillHubTestAutomation\src\main\java\com\billhub\qa\testdata\BillHubTestdata.xlsx (The process cannot access the file because it is being used by another process)
15:43:47.936 [main] ERROR com.billhub.qa.base.TestBase - FileNotFoundException: C:\Development\BillHubTestAutomation\src\main\java\com\billhub\qa\testdata\BillHubTestdata.xlsx (The process cannot access the file because it is being used by another process)
15:43:48.045 [main] INFO  com.billhub.qa.base.TestBase - Waiting for element invisibility: By.className: loader
15:43:48.275 [main] INFO  com.billhub.qa.base.TestBase - Waiting for element invisibility: By.className: loader
15:43:50.694 [main] INFO  com.billhub.qa.base.TestBase - Waiting for element invisibility: By.className: loader
15:43:51.277 [main] INFO  com.billhub.qa.base.TestBase - Waiting for web element to be clickable: [[ChromeDriver: chrome on windows (584f60d2b1d95a4da3ed78305e13b7e8)] -> xpath: //button[normalize-space()='Done']]
15:43:52.210 [main] INFO  com.billhub.qa.base.TestBase - Waiting for element invisibility: By.className: loader
15:43:52.954 [main] INFO  com.billhub.qa.base.TestBase - Waiting for element invisibility: By.className: loader
15:43:53.615 [main] INFO  com.billhub.qa.base.TestBase - Waiting for element invisibility: By.className: loader
15:43:54.349 [main] INFO  com.billhub.qa.base.TestBase - Waiting for element invisibility: By.className: loader
15:43:54.960 [main] INFO  com.billhub.qa.base.TestBase - Waiting for web element to be clickable: [[ChromeDriver: chrome on windows (584f60d2b1d95a4da3ed78305e13b7e8)] -> xpath: //tbody/tr[1]/td[1]]
15:43:55.372 [main] INFO  com.billhub.qa.base.TestBase - Waiting for web element to be clickable: [[ChromeDriver: chrome on windows (584f60d2b1d95a4da3ed78305e13b7e8)] -> xpath: //button[normalize-space()='SAVE']]
15:43:56.175 [main] INFO  com.billhub.qa.base.TestBase - Waiting for element invisibility: By.className: loader
15:43:56.365 [main] INFO  com.billhub.qa.base.TestBase - Waiting for element invisibility: By.className: loader
15:43:56.579 [main] INFO  com.billhub.qa.base.TestBase - Waiting for element invisibility: By.className: loader
15:43:56.675 [main] INFO  com.billhub.qa.base.TestBase - Waiting for element visibility: By.xpath: //*[@id="main"]/main/div/div/app-memo-list/div/div/div[2]/div/form/div/div[6]/button
