19:44:38.649 [main] INFO  com.billhub.qa.base.TestBase - Waiting for web element to be clickable: [[ChromeDriver: chrome on windows (9d7c9a468c398eeacba78b8aab36760d)] -> xpath: //span[normalize-space()='Create Memo']]
19:44:45.066 [main] INFO  com.billhub.qa.base.TestBase - Waiting for element invisibility: By.className: modal-container
19:46:10.714 [main] INFO  com.billhub.qa.base.TestBase - Waiting for element invisibility: By.className: modal-container
19:46:25.822 [main] INFO  com.billhub.qa.base.TestBase - Waiting for web element to be clickable: [[ChromeDriver: chrome on windows (c0b27f9a3503d1f230ca8a5ff96582fe)] -> xpath: //button[@class='btn btn-primary ng-star-inserted']]
19:46:26.383 [main] INFO  com.billhub.qa.base.TestBase - Waiting for web element to be clickable: [[ChromeDriver: chrome on windows (c0b27f9a3503d1f230ca8a5ff96582fe)] -> xpath: //span[normalize-space()='Create Memo']]
19:46:32.385 [main] INFO  com.billhub.qa.base.TestBase - Waiting for element invisibility: By.className: modal-container
19:46:48.444 [main] INFO  com.billhub.qa.base.TestBase - Checking if success toast is displayed for message: Invoice Number Exist try another!
19:47:03.492 [main] ERROR com.billhub.qa.base.TestBase - TimeoutException: Success toast not displayed for message - Invoice Number Exist try another!
19:47:36.649 [main] INFO  com.billhub.qa.base.TestBase - Waiting for element invisibility: By.className: modal-container
19:47:51.798 [main] INFO  com.billhub.qa.base.TestBase - Waiting for web element to be clickable: [[ChromeDriver: chrome on windows (7ebeed22d02c86b3f63aa79e7499aeab)] -> xpath: //button[@class='btn btn-primary ng-star-inserted']]
19:47:52.407 [main] INFO  com.billhub.qa.base.TestBase - Waiting for web element to be clickable: [[ChromeDriver: chrome on windows (7ebeed22d02c86b3f63aa79e7499aeab)] -> xpath: //span[normalize-space()='Create Memo']]
19:47:58.688 [main] INFO  com.billhub.qa.base.TestBase - Waiting for element invisibility: By.className: modal-container
19:48:15.187 [main] INFO  com.billhub.qa.base.TestBase - Checking if success toast is displayed for message: Invoice Number Exist try another!
19:48:30.208 [main] ERROR com.billhub.qa.base.TestBase - TimeoutException: Success toast not displayed for message - Invoice Number Exist try another!
19:52:13.916 [main] INFO  com.billhub.qa.base.TestBase - Waiting for element invisibility: By.className: modal-container
19:52:29.016 [main] INFO  com.billhub.qa.base.TestBase - Waiting for web element to be clickable: [[ChromeDriver: chrome on windows (569cc20e9f45232f268616c0e8ce5d63)] -> xpath: //button[@class='btn btn-primary ng-star-inserted']]
19:52:29.515 [main] INFO  com.billhub.qa.base.TestBase - Waiting for web element to be clickable: [[ChromeDriver: chrome on windows (569cc20e9f45232f268616c0e8ce5d63)] -> xpath: //span[normalize-space()='Create Memo']]
19:52:35.760 [main] INFO  com.billhub.qa.base.TestBase - Waiting for element invisibility: By.className: modal-container
19:53:05.864 [main] INFO  com.billhub.qa.base.TestBase - Waiting for web element to be clickable: Proxy element for: DefaultElementLocator 'By.xpath: //button[@class='btn btn-primary ng-star-inserted']'
19:54:16.784 [main] INFO  com.billhub.qa.base.TestBase - Waiting for element invisibility: By.className: modal-container
19:54:31.939 [main] INFO  com.billhub.qa.base.TestBase - Waiting for web element to be clickable: [[ChromeDriver: chrome on windows (b1fc9237123ece3d9477d2cec480275b)] -> xpath: //button[@class='btn btn-primary ng-star-inserted']]
19:54:32.475 [main] INFO  com.billhub.qa.base.TestBase - Waiting for web element to be clickable: [[ChromeDriver: chrome on windows (b1fc9237123ece3d9477d2cec480275b)] -> xpath: //span[normalize-space()='Create Memo']]
19:54:38.187 [main] INFO  com.billhub.qa.base.TestBase - Waiting for element invisibility: By.className: modal-container
19:55:08.361 [main] INFO  com.billhub.qa.base.TestBase - Waiting for web element to be clickable: Proxy element for: DefaultElementLocator 'By.xpath: //button[@class='btn btn-primary ng-star-inserted']'
20:13:31.341 [main] INFO  com.billhub.qa.base.TestBase - Waiting for element invisibility: By.className: modal-container
20:13:46.488 [main] INFO  com.billhub.qa.base.TestBase - Waiting for web element to be clickable: [[ChromeDriver: chrome on windows (3f70306d524cfd69df685b4eeadac0cd)] -> xpath: //button[@class='btn btn-primary ng-star-inserted']]
20:13:46.989 [main] INFO  com.billhub.qa.base.TestBase - Waiting for web element to be clickable: [[ChromeDriver: chrome on windows (3f70306d524cfd69df685b4eeadac0cd)] -> xpath: //span[normalize-space()='Create Memo']]
20:13:52.935 [main] INFO  com.billhub.qa.base.TestBase - Waiting for element invisibility: By.className: modal-container
20:14:22.985 [main] INFO  com.billhub.qa.base.TestBase - Waiting for web element to be clickable: Proxy element for: DefaultElementLocator 'By.xpath: //button[@class='btn btn-primary ng-star-inserted']'
20:19:30.731 [main] INFO  com.billhub.qa.base.TestBase - Waiting for element invisibility: By.className: modal-container
20:19:45.848 [main] INFO  com.billhub.qa.base.TestBase - Waiting for web element to be clickable: [[ChromeDriver: chrome on windows (9bdbd2db4bb7d99170011771764e6589)] -> xpath: //button[@class='btn btn-primary ng-star-inserted']]
20:19:46.495 [main] INFO  com.billhub.qa.base.TestBase - Waiting for web element to be clickable: [[ChromeDriver: chrome on windows (9bdbd2db4bb7d99170011771764e6589)] -> xpath: //span[normalize-space()='Create Memo']]
20:19:52.498 [main] INFO  com.billhub.qa.base.TestBase - Waiting for element invisibility: By.className: modal-container
20:20:22.669 [main] INFO  com.billhub.qa.base.TestBase - Waiting for web element to be clickable: Proxy element for: DefaultElementLocator 'By.xpath: //button[@class='btn btn-primary ng-star-inserted']'
20:23:08.802 [main] INFO  com.billhub.qa.base.TestBase - Waiting for element invisibility: By.className: modal-container
20:23:23.935 [main] INFO  com.billhub.qa.base.TestBase - Waiting for web element to be clickable: [[ChromeDriver: chrome on windows (6528f5d37dc7aa0e1b18c5520a0a51b8)] -> xpath: //button[@class='btn btn-primary ng-star-inserted']]
20:23:30.018 [main] INFO  com.billhub.qa.base.TestBase - Waiting for element invisibility: By.className: modal-container
20:23:45.127 [main] INFO  com.billhub.qa.base.TestBase - Waiting for web element to be clickable: [[ChromeDriver: chrome on windows (6528f5d37dc7aa0e1b18c5520a0a51b8)] -> xpath: //button[@class='btn btn-primary ng-star-inserted']]
20:25:02.555 [main] INFO  com.billhub.qa.base.TestBase - Waiting for element invisibility: By.className: modal-container
20:25:17.648 [main] INFO  com.billhub.qa.base.TestBase - Waiting for web element to be clickable: [[ChromeDriver: chrome on windows (4dbb7a2f48bbf9e13457ebf26267ae07)] -> xpath: //button[@class='btn btn-primary ng-star-inserted']]
20:25:23.353 [main] INFO  com.billhub.qa.base.TestBase - Waiting for element invisibility: By.className: modal-container
20:25:53.441 [main] INFO  com.billhub.qa.base.TestBase - Waiting for web element to be clickable: Proxy element for: DefaultElementLocator 'By.xpath: //button[@class='btn btn-primary ng-star-inserted']'
20:29:32.655 [main] INFO  com.billhub.qa.base.TestBase - Waiting for element invisibility: By.className: modal-container
20:29:47.791 [main] INFO  com.billhub.qa.base.TestBase - Waiting for web element to be clickable: [[ChromeDriver: chrome on windows (5ad5c05011232f82216b9970ccd9c9d1)] -> xpath: //button[@class='btn btn-primary ng-star-inserted']]
20:29:48.290 [main] INFO  com.billhub.qa.base.TestBase - Waiting for web element to be clickable: [[ChromeDriver: chrome on windows (5ad5c05011232f82216b9970ccd9c9d1)] -> xpath: //span[normalize-space()='Create Memo']]
20:29:54.235 [main] INFO  com.billhub.qa.base.TestBase - Waiting for element invisibility: By.className: modal-container
20:30:24.371 [main] INFO  com.billhub.qa.base.TestBase - Waiting for web element to be clickable: Proxy element for: DefaultElementLocator 'By.xpath: //button[@class='btn btn-primary ng-star-inserted']'
20:33:40.500 [main] INFO  com.billhub.qa.base.TestBase - Waiting for element invisibility: By.className: modal-container
20:33:55.622 [main] INFO  com.billhub.qa.base.TestBase - Waiting for web element to be clickable: [[ChromeDriver: chrome on windows (60e05c8434b8eb6189c8162fd7f91c7e)] -> xpath: //button[@class='btn btn-primary ng-star-inserted']]
20:33:56.096 [main] INFO  com.billhub.qa.base.TestBase - Waiting for web element to be clickable: [[ChromeDriver: chrome on windows (60e05c8434b8eb6189c8162fd7f91c7e)] -> xpath: //span[normalize-space()='Create Memo']]
20:34:01.943 [main] INFO  com.billhub.qa.base.TestBase - Waiting for element invisibility: By.className: modal-container
20:34:31.998 [main] INFO  com.billhub.qa.base.TestBase - Waiting for web element to be clickable: Proxy element for: DefaultElementLocator 'By.xpath: //button[@class='btn btn-primary ng-star-inserted']'
20:38:29.757 [main] INFO  com.billhub.qa.base.TestBase - Waiting for element invisibility: By.className: modal-container
20:38:44.855 [main] INFO  com.billhub.qa.base.TestBase - Waiting for web element to be clickable: [[ChromeDriver: chrome on windows (0f5468a94e65ff4c60886f21d16ac5c4)] -> xpath: //button[@class='btn btn-primary ng-star-inserted']]
20:38:45.356 [main] INFO  com.billhub.qa.base.TestBase - Waiting for web element to be clickable: [[ChromeDriver: chrome on windows (0f5468a94e65ff4c60886f21d16ac5c4)] -> xpath: //span[normalize-space()='Create Memo']]
20:38:51.095 [main] INFO  com.billhub.qa.base.TestBase - Waiting for element invisibility: By.className: modal-container
20:39:21.235 [main] INFO  com.billhub.qa.base.TestBase - Waiting for web element to be clickable: Proxy element for: DefaultElementLocator 'By.xpath: //button[@class='btn btn-primary ng-star-inserted']'
20:50:01.770 [main] INFO  com.billhub.qa.base.TestBase - Waiting for element invisibility: By.className: modal-container
20:50:16.916 [main] INFO  com.billhub.qa.base.TestBase - Waiting for web element to be clickable: [[ChromeDriver: chrome on windows (82d81a861bbfb8fdc028274c2701cf48)] -> xpath: //button[@class='btn btn-primary ng-star-inserted']]
