09:59:11.952 [main] INFO  com.billhub.qa.base.TestBase - Waiting for element invisibility: By.className: modal-container
09:59:27.039 [main] INFO  com.billhub.qa.base.TestBase - Waiting for element visibility: By.cssSelector: .btn.btn-warning.btn-acknowledge
09:59:31.361 [main] INFO  com.billhub.qa.base.TestBase - Waiting for web element to be clickable: [[ChromeDriver: chrome on windows (3ca733cee376695c19f38c304c0c12b8)] -> css selector: .btn.btn-warning.btn-acknowledge]
09:59:31.469 [main] INFO  com.billhub.qa.base.TestBase - Waiting for element invisibility: By.className: modal-container
09:59:46.524 [main] INFO  com.billhub.qa.base.TestBase - Waiting for element invisibility: By.className: modal-container
10:00:01.656 [main] INFO  com.billhub.qa.base.TestBase - Waiting for element invisibility: By.className: modal-container
10:00:16.728 [main] INFO  com.billhub.qa.base.TestBase - Waiting for web element to be clickable: [[ChromeDriver: chrome on windows (3ca733cee376695c19f38c304c0c12b8)] -> xpath: //button[@class='btn btn-primary ng-star-inserted']]
10:00:17.821 [main] INFO  com.billhub.qa.base.TestBase - Waiting for web element to be clickable: [[ChromeDriver: chrome on windows (3ca733cee376695c19f38c304c0c12b8)] -> xpath: //span[normalize-space()='Create Memo']]
10:00:18.800 [main] INFO  com.billhub.qa.base.TestBase - Waiting for element invisibility: By.className: modal-container
10:00:34.056 [main] INFO  com.billhub.qa.base.TestBase - Waiting for element invisibility: By.className: modal-container
10:00:49.128 [main] INFO  com.billhub.qa.base.TestBase - Waiting for web element to be clickable: [[ChromeDriver: chrome on windows (3ca733cee376695c19f38c304c0c12b8)] -> xpath: /html/body/modal-container/div/div/app-add-po-popup/div[2]/div[2]/div[1]/table/tbody/tr[1]/td[1]/div/input]
10:00:49.323 [main] INFO  com.billhub.qa.base.TestBase - Waiting for element invisibility: By.className: modal-container
10:01:34.475 [main] INFO  com.billhub.qa.base.TestBase - Waiting for element invisibility: By.className: modal-container
10:01:49.546 [main] INFO  com.billhub.qa.base.TestBase - Waiting for web element to be clickable: [[ChromeDriver: chrome on windows (3ca733cee376695c19f38c304c0c12b8)] -> xpath: //button[@class='btn btn-primary ng-star-inserted']]
10:01:50.012 [main] INFO  com.billhub.qa.base.TestBase - Waiting for web element to be clickable: [[ChromeDriver: chrome on windows (3ca733cee376695c19f38c304c0c12b8)] -> xpath: //span[normalize-space()='Create Memo']]
10:01:50.916 [main] INFO  com.billhub.qa.base.TestBase - Waiting for element invisibility: By.className: modal-container
10:02:06.125 [main] INFO  com.billhub.qa.base.TestBase - Waiting for element invisibility: By.className: modal-container
10:02:21.151 [main] INFO  com.billhub.qa.base.TestBase - Waiting for web element to be clickable: [[ChromeDriver: chrome on windows (3ca733cee376695c19f38c304c0c12b8)] -> xpath: /html/body/modal-container/div/div/app-add-po-popup/div[2]/div[2]/div[1]/table/tbody/tr[1]/td[1]/div/input]
10:02:21.345 [main] INFO  com.billhub.qa.base.TestBase - Waiting for element invisibility: By.className: modal-container
10:02:36.408 [main] INFO  com.billhub.qa.base.TestBase - Waiting for element visibility: By.cssSelector: .btn.btn-warning.btn-acknowledge
10:02:40.658 [main] INFO  com.billhub.qa.base.TestBase - Waiting for web element to be clickable: [[ChromeDriver: chrome on windows (3ca733cee376695c19f38c304c0c12b8)] -> css selector: .btn.btn-warning.btn-acknowledge]
10:02:40.756 [main] INFO  com.billhub.qa.base.TestBase - Waiting for element invisibility: By.className: modal-container
10:02:55.763 [main] INFO  com.billhub.qa.base.TestBase - Waiting for element invisibility: By.className: modal-container
10:03:10.871 [main] INFO  com.billhub.qa.base.TestBase - Waiting for element invisibility: By.className: modal-container
10:03:26.168 [main] INFO  com.billhub.qa.base.TestBase - Waiting for element invisibility: By.className: modal-container
10:03:41.221 [main] INFO  com.billhub.qa.base.TestBase - Waiting for web element to be clickable: [[ChromeDriver: chrome on windows (3ca733cee376695c19f38c304c0c12b8)] -> xpath: //button[normalize-space()='Done']]
10:03:41.359 [main] INFO  com.billhub.qa.base.TestBase - Waiting for web element to be clickable: [[ChromeDriver: chrome on windows (3ca733cee376695c19f38c304c0c12b8)] -> xpath: //button[normalize-space()='SAVE']]
10:03:42.175 [main] INFO  com.billhub.qa.base.TestBase - Waiting for element invisibility: By.className: modal-container
10:03:57.282 [main] INFO  com.billhub.qa.base.TestBase - Waiting for element invisibility: By.className: modal-container
10:04:12.654 [main] INFO  com.billhub.qa.base.TestBase - Waiting for element invisibility: By.className: modal-container
10:04:27.717 [main] INFO  com.billhub.qa.base.TestBase - Waiting for web element to be clickable: [[ChromeDriver: chrome on windows (3ca733cee376695c19f38c304c0c12b8)] -> xpath: //button[normalize-space()='Done']]
10:04:27.865 [main] INFO  com.billhub.qa.base.TestBase - Waiting for web element to be clickable: [[ChromeDriver: chrome on windows (3ca733cee376695c19f38c304c0c12b8)] -> xpath: //button[normalize-space()='SAVE']]
10:04:28.669 [main] INFO  com.billhub.qa.base.TestBase - Waiting for element invisibility: By.className: modal-container
10:04:43.687 [main] INFO  com.billhub.qa.base.TestBase - Waiting for element invisibility: By.className: modal-container
10:04:58.844 [main] INFO  com.billhub.qa.base.TestBase - Waiting for element invisibility: By.className: modal-container
10:05:14.056 [main] INFO  com.billhub.qa.base.TestBase - Waiting for element visibility: By.xpath: //button[@type='submit']
10:05:14.089 [main] INFO  com.billhub.qa.base.TestBase - Waiting for web element to be clickable: [[ChromeDriver: chrome on windows (3ca733cee376695c19f38c304c0c12b8)] -> xpath: //button[@type='submit']]
10:05:14.539 [main] INFO  com.billhub.qa.base.TestBase - Waiting for element visibility: By.xpath: /html/body/modal-container/div/div/app-memo-submit-confirm/div[3]/div/div[2]/button
10:05:15.109 [main] INFO  com.billhub.qa.base.TestBase - Waiting for web element to be clickable: [[ChromeDriver: chrome on windows (3ca733cee376695c19f38c304c0c12b8)] -> xpath: /html/body/modal-container/div/div/app-memo-submit-confirm/div[3]/div/div[2]/button]
10:05:15.169 [main] INFO  com.billhub.qa.base.TestBase - Waiting for element invisibility: By.className: modal-container
15:39:08.090 [main] INFO  com.billhub.qa.base.TestBase - Waiting for element invisibility: By.className: modal-container
15:39:23.535 [main] INFO  com.billhub.qa.base.TestBase - Waiting for element visibility: By.className: dashboard-table
15:39:24.449 [main] INFO  com.billhub.qa.base.TestBase - Waiting for element visibility: By.className: dashboard-table
15:39:24.963 [main] INFO  com.billhub.qa.base.TestBase - Waiting for element invisibility: By.className: modal-container
15:39:40.380 [main] INFO  com.billhub.qa.base.TestBase - Waiting for element visibility: By.className: dashboard-table
15:39:41.029 [main] INFO  com.billhub.qa.base.TestBase - Waiting for element invisibility: By.className: modal-container
15:39:56.124 [main] INFO  com.billhub.qa.base.TestBase - Waiting for element invisibility: By.className: modal-container
15:40:11.515 [main] INFO  com.billhub.qa.base.TestBase - Waiting for element visibility: By.className: dashboard-table
15:40:12.061 [main] INFO  com.billhub.qa.base.TestBase - Waiting for element invisibility: By.className: modal-container
15:40:27.231 [main] INFO  com.billhub.qa.base.TestBase - Waiting for element visibility: By.className: dashboard-table
15:40:27.674 [main] INFO  com.billhub.qa.base.TestBase - Waiting for element invisibility: By.className: selected-items
15:40:42.752 [main] INFO  com.billhub.qa.base.TestBase - Waiting for element visibility: By.className: dashboard-table
15:40:42.810 [main] INFO  com.billhub.qa.base.TestBase - Waiting for element invisibility: By.className: modal-container
15:40:58.727 [main] INFO  com.billhub.qa.base.TestBase - Waiting for element visibility: By.className: dashboard-table
15:41:04.164 [main] INFO  com.billhub.qa.base.TestBase - Waiting for element invisibility: By.className: modal-container
15:41:19.255 [main] INFO  com.billhub.qa.base.TestBase - Waiting for element invisibility: By.className: modal-container
15:41:34.330 [main] INFO  com.billhub.qa.base.TestBase - Waiting for element invisibility: By.className: modal-container
15:41:50.167 [main] INFO  com.billhub.qa.base.TestBase - Waiting for element visibility: By.className: dashboard-table
15:56:33.325 [main] INFO  com.billhub.qa.base.TestBase - Waiting for element invisibility: By.className: modal-container
15:56:49.791 [main] INFO  com.billhub.qa.base.TestBase - Waiting for element visibility: By.className: dashboard-table
15:56:55.997 [main] INFO  com.billhub.qa.base.TestBase - Waiting for element visibility: By.className: dashboard-table
15:57:11.365 [main] INFO  com.billhub.qa.base.TestBase - Waiting for element invisibility: By.className: modal-container
15:57:57.109 [main] INFO  com.billhub.qa.base.TestBase - Waiting for element invisibility: By.className: selected-items
15:58:12.209 [main] INFO  com.billhub.qa.base.TestBase - Waiting for element visibility: By.className: dashboard-table
15:58:12.285 [main] INFO  com.billhub.qa.base.TestBase - Waiting for element invisibility: By.className: modal-container
15:58:28.261 [main] INFO  com.billhub.qa.base.TestBase - Waiting for element visibility: By.className: dashboard-table
15:58:33.866 [main] INFO  com.billhub.qa.base.TestBase - Waiting for element invisibility: By.className: modal-container
16:00:39.018 [main] INFO  com.billhub.qa.base.TestBase - Waiting for element invisibility: By.className: modal-container
16:00:54.462 [main] INFO  com.billhub.qa.base.TestBase - Waiting for element visibility: By.className: dashboard-table
16:01:55.231 [main] INFO  com.billhub.qa.base.TestBase - Waiting for element invisibility: By.className: modal-container
16:02:10.701 [main] INFO  com.billhub.qa.base.TestBase - Waiting for element visibility: By.className: dashboard-table
