18:54:13.829 [main] INFO  com.billhub.qa.base.TestBase - Waiting for element invisibility: By.className: loader
18:54:13.979 [main] INFO  com.billhub.qa.base.TestBase - Waiting for web element to be clickable: [[ChromeDriver: chrome on windows (69cdb121093ba819b91a19722f381a4b)] -> xpath: //*[@id="main"]/main/div/div/create-payment-request/div/div/div[5]/div/table/tbody/tr/td[1]/div/input]
18:54:14.136 [main] INFO  com.billhub.qa.base.TestBase - Waiting for element invisibility: By.className: loader
18:54:14.208 [main] INFO  com.billhub.qa.base.TestBase - Checking if success toast is displayed for message: Create Payment Request
18:54:17.489 [main] INFO  com.billhub.qa.base.TestBase - Waiting for element invisibility: By.className: loader
18:54:17.522 [main] INFO  com.billhub.qa.base.TestBase - Waiting for web element to be clickable: [[ChromeDriver: chrome on windows (69cdb121093ba819b91a19722f381a4b)] -> xpath: //span[normalize-space()='Dashboard']]
18:54:17.696 [main] INFO  com.billhub.qa.base.TestBase - Waiting for element invisibility: By.className: loader
18:54:18.475 [main] INFO  com.billhub.qa.base.TestBase - Waiting for element invisibility: By.className: loader
18:54:19.106 [main] INFO  com.billhub.qa.base.TestBase - Waiting for element visibility: By.xpath: /html/body/modal-container/div/div/app-invoice-info-popup/div[2]/div[2]/div[1]/div/div[3]/div[2]/table/tbody/tr/td[2]
18:54:19.572 [main] INFO  com.billhub.qa.base.TestBase - Waiting for element invisibility: By.className: loader
18:54:19.609 [main] INFO  com.billhub.qa.base.TestBase - Waiting for web element to be clickable: [[ChromeDriver: chrome on windows (69cdb121093ba819b91a19722f381a4b)] -> xpath: //button[@class='btn btn-link']]
18:54:19.704 [main] INFO  com.billhub.qa.base.TestBase - Waiting for web element to be clickable: [[ChromeDriver: chrome on windows (69cdb121093ba819b91a19722f381a4b)] -> xpath: //*[@id="sidebar"]/div[1]/perfect-scrollbar/div/div[1]/div[2]/ul/li[3]/a]
18:54:19.833 [main] INFO  com.billhub.qa.base.TestBase - Waiting for web element to be clickable: [[ChromeDriver: chrome on windows (69cdb121093ba819b91a19722f381a4b)] -> xpath: //*[@id="sidebar"]/div[1]/perfect-scrollbar/div/div[1]/div[2]/ul/li[3]/div/ul/li[5]/a]
18:58:06.985 [main] INFO  com.billhub.qa.base.TestBase - Waiting for element invisibility: By.className: modal-container
18:58:27.025 [main] INFO  com.billhub.qa.base.TestBase - Waiting for element invisibility: By.className: loader-overlay
18:58:27.085 [main] INFO  com.billhub.qa.base.TestBase - Waiting for web element to be clickable: [[ChromeDriver: chrome on windows (00b6636e295fd0f9bcfe18d5f73bba3a)] -> xpath: //*[@id="main"]/main/div/div/app-dashboard/div/div[1]/div[2]/button[2]]
18:58:27.343 [main] INFO  com.billhub.qa.base.TestBase - Waiting for web element to be clickable: [[ChromeDriver: chrome on windows (00b6636e295fd0f9bcfe18d5f73bba3a)] -> xpath: //span[normalize-space()='Create Memo']]
18:58:29.991 [main] INFO  com.billhub.qa.base.TestBase - Waiting for element invisibility: By.className: loader
18:58:30.230 [main] INFO  com.billhub.qa.base.TestBase - Waiting for element invisibility: By.className: loader
18:58:30.936 [main] INFO  com.billhub.qa.base.TestBase - Waiting for element invisibility: By.className: loader
18:58:31.258 [main] INFO  com.billhub.qa.base.TestBase - Waiting for element invisibility: By.className: loader
18:58:31.839 [main] INFO  com.billhub.qa.base.TestBase - Waiting for web element to be clickable: [[ChromeDriver: chrome on windows (00b6636e295fd0f9bcfe18d5f73bba3a)] -> xpath: //button[normalize-space()='Done']]
18:58:31.932 [main] INFO  com.billhub.qa.base.TestBase - Waiting for element invisibility: By.className: loader
18:58:32.739 [main] INFO  com.billhub.qa.base.TestBase - Waiting for element invisibility: By.className: loader
18:58:33.460 [main] INFO  com.billhub.qa.base.TestBase - Waiting for element invisibility: By.className: loader
18:58:34.044 [main] INFO  com.billhub.qa.base.TestBase - Waiting for web element to be clickable: [[ChromeDriver: chrome on windows (00b6636e295fd0f9bcfe18d5f73bba3a)] -> xpath: /html/body/modal-container/div/div/app-add-po-popup/div[2]/div[2]/div[1]/table/tbody/tr[1]/td[1]/div/input]
18:58:34.523 [main] INFO  com.billhub.qa.base.TestBase - Waiting for web element to be clickable: [[ChromeDriver: chrome on windows (00b6636e295fd0f9bcfe18d5f73bba3a)] -> xpath: //button[normalize-space()='SAVE']]
18:58:35.327 [main] INFO  com.billhub.qa.base.TestBase - Waiting for element invisibility: By.className: loader
18:58:35.958 [main] INFO  com.billhub.qa.base.TestBase - Waiting for element invisibility: By.className: loader
18:58:36.593 [main] INFO  com.billhub.qa.base.TestBase - Waiting for element invisibility: By.className: loader
18:58:36.616 [main] INFO  com.billhub.qa.base.TestBase - Waiting for toast to disappear
18:58:40.925 [main] INFO  com.billhub.qa.base.TestBase - Waiting for web element to be clickable: [[ChromeDriver: chrome on windows (00b6636e295fd0f9bcfe18d5f73bba3a)] -> xpath: //*[@id="main"]/main/div/div/app-create-memo/div/div/div[2]/div/form/div/div[6]/button]
18:58:41.040 [main] INFO  com.billhub.qa.base.TestBase - Waiting for element invisibility: By.className: loader
18:58:41.597 [main] INFO  com.billhub.qa.base.TestBase - Waiting for element visibility: By.xpath: //button[@type='submit']
18:58:41.622 [main] INFO  com.billhub.qa.base.TestBase - Waiting for web element to be clickable: [[ChromeDriver: chrome on windows (00b6636e295fd0f9bcfe18d5f73bba3a)] -> xpath: //button[@type='submit']]
18:58:41.691 [main] INFO  com.billhub.qa.base.TestBase - Waiting for element visibility: By.xpath: /html/body/modal-container/div/div/app-memo-submit-confirm/div[3]/div/div[2]/button
18:58:42.264 [main] INFO  com.billhub.qa.base.TestBase - Waiting for web element to be clickable: [[ChromeDriver: chrome on windows (00b6636e295fd0f9bcfe18d5f73bba3a)] -> xpath: /html/body/modal-container/div/div/app-memo-submit-confirm/div[3]/div/div[2]/button]
18:58:42.327 [main] INFO  com.billhub.qa.base.TestBase - Waiting for element invisibility: By.className: loader
18:58:48.614 [main] INFO  com.billhub.qa.base.TestBase - Waiting for element invisibility: By.className: modal-container
18:59:08.659 [main] INFO  com.billhub.qa.base.TestBase - Waiting for element invisibility: By.className: loader
18:59:08.966 [main] INFO  com.billhub.qa.base.TestBase - Waiting for element invisibility: By.className: loader
18:59:09.709 [main] INFO  com.billhub.qa.base.TestBase - Waiting for element visibility: By.xpath: /html/body/app-root/app-layout/div[1]/main/div/div/app-dashboard/div/div[1]/div[2]/div/typeahead-container/button
18:59:10.285 [main] INFO  com.billhub.qa.base.TestBase - Waiting for element invisibility: By.className: loader
18:59:11.829 [main] INFO  com.billhub.qa.base.TestBase - Waiting for element invisibility: By.className: loader
18:59:11.871 [main] INFO  com.billhub.qa.base.TestBase - Waiting for web element to be clickable: [[ChromeDriver: chrome on windows (38972be0a7438a66963be1b409033a4a)] -> xpath: //button[@class='btn btn-link']]
18:59:12.624 [main] INFO  com.billhub.qa.base.TestBase - Waiting for web element to be clickable: [[ChromeDriver: chrome on windows (38972be0a7438a66963be1b409033a4a)] -> xpath: //span[normalize-space()='Dashboard']]
18:59:13.288 [main] INFO  com.billhub.qa.base.TestBase - Waiting for element invisibility: By.className: loader
18:59:14.248 [main] INFO  com.billhub.qa.base.TestBase - Waiting for element invisibility: By.className: loader
18:59:14.392 [main] INFO  com.billhub.qa.base.TestBase - Waiting for element visibility: By.xpath: /html/body/app-root/app-layout/div[1]/main/div/div/app-dashboard/div/div[1]/div[2]/div/typeahead-container/button
18:59:14.853 [main] INFO  com.billhub.qa.base.TestBase - Waiting for element invisibility: By.className: loader
18:59:15.493 [main] INFO  com.billhub.qa.base.TestBase - Waiting for element invisibility: By.className: loader
18:59:17.681 [main] INFO  com.billhub.qa.base.TestBase - Waiting for element invisibility: By.className: loader
18:59:18.007 [main] INFO  com.billhub.qa.base.TestBase - Waiting for element invisibility: By.className: loader
18:59:18.149 [main] INFO  com.billhub.qa.base.TestBase - Checking if success toast is displayed for message: Invoice verified and simulate successfully
18:59:19.866 [main] INFO  com.billhub.qa.base.TestBase - Waiting for element invisibility: By.className: loader
18:59:20.434 [main] INFO  com.billhub.qa.base.TestBase - Waiting for web element to be clickable: [[ChromeDriver: chrome on windows (38972be0a7438a66963be1b409033a4a)] -> xpath: //span[normalize-space()='Dashboard']]
18:59:20.562 [main] INFO  com.billhub.qa.base.TestBase - Waiting for element invisibility: By.className: loader
18:59:21.576 [main] INFO  com.billhub.qa.base.TestBase - Waiting for element invisibility: By.className: loader
18:59:21.615 [main] INFO  com.billhub.qa.base.TestBase - Waiting for web element to be clickable: [[ChromeDriver: chrome on windows (38972be0a7438a66963be1b409033a4a)] -> xpath: //*[@id="sidebar"]/div[1]/perfect-scrollbar/div/div[1]/div[2]/ul/li[3]/a]
18:59:21.732 [main] INFO  com.billhub.qa.base.TestBase - Waiting for web element to be clickable: [[ChromeDriver: chrome on windows (38972be0a7438a66963be1b409033a4a)] -> xpath: //a[normalize-space()='Approve invoice for Booking']]
18:59:22.149 [main] INFO  com.billhub.qa.base.TestBase - Waiting for element invisibility: By.className: loader
18:59:23.164 [main] INFO  com.billhub.qa.base.TestBase - Waiting for web element to be clickable: [[ChromeDriver: chrome on windows (38972be0a7438a66963be1b409033a4a)] -> xpath: /html/body/modal-container/div/div/app-book-invoice-confirm/div[3]/div/div[2]/button]
18:59:24.588 [main] INFO  com.billhub.qa.base.TestBase - Waiting for element to be clickable: By.xpath: /html/body/modal-container/div/div/app-notify-dialog/div[1]/button
18:59:24.665 [main] INFO  com.billhub.qa.base.TestBase - Waiting for element invisibility: By.className: loader
18:59:24.699 [main] INFO  com.billhub.qa.base.TestBase - Waiting for web element to be clickable: [[ChromeDriver: chrome on windows (38972be0a7438a66963be1b409033a4a)] -> xpath: //*[@id="sidebar"]/div[1]/perfect-scrollbar/div/div[1]/div[2]/ul/li[3]/a]
