11:32:37.083 [main] INFO  com.billhub.qa.base.TestBase - Waiting for element invisibility: By.className: modal-container
11:32:52.626 [main] INFO  com.billhub.qa.base.TestBase - Waiting for element invisibility: By.className: modal-container
11:33:07.664 [main] INFO  com.billhub.qa.base.TestBase - Waiting for web element to be clickable: [[ChromeDriver: chrome on windows (295b7dd52260737decd6662007024453)] -> xpath: //*[@id="sidebar"]/div[1]/perfect-scrollbar/div/div[1]/div[2]/ul/li[3]/a]
11:33:07.803 [main] INFO  com.billhub.qa.base.TestBase - Waiting for web element to be clickable: [[ChromeDriver: chrome on windows (295b7dd52260737decd6662007024453)] -> xpath: //a[normalize-space()='Approve invoice for Booking']]
11:33:08.314 [main] INFO  com.billhub.qa.base.TestBase - Waiting for element invisibility: By.className: modal-container
11:33:23.500 [main] INFO  com.billhub.qa.base.TestBase - Waiting for web element to be clickable: [[ChromeDriver: chrome on windows (295b7dd52260737decd6662007024453)] -> xpath: /html/body/modal-container/div/div/app-book-invoice-confirm/div[3]/div/div[2]/button]
11:33:24.968 [main] INFO  com.billhub.qa.base.TestBase - Waiting for element to be clickable: By.xpath: /html/body/modal-container/div/div/app-notify-dialog/div[1]/button
11:33:25.064 [main] INFO  com.billhub.qa.base.TestBase - Waiting for element invisibility: By.className: modal-container
11:33:40.107 [main] INFO  com.billhub.qa.base.TestBase - Waiting for web element to be clickable: [[ChromeDriver: chrome on windows (295b7dd52260737decd6662007024453)] -> xpath: //*[@id="sidebar"]/div[1]/perfect-scrollbar/div/div[1]/div[2]/ul/li[3]/a]
11:33:40.217 [main] INFO  com.billhub.qa.base.TestBase - Waiting for web element to be clickable: [[ChromeDriver: chrome on windows (295b7dd52260737decd6662007024453)] -> xpath: //a[normalize-space()='Review Invoice Posting']]
11:33:41.005 [main] INFO  com.billhub.qa.base.TestBase - Waiting for element visibility: By.xpath: /html/body/app-root/app-layout/div[1]/main/div/div/app-search-batch/div/div/div[1]/div[2]/div/div/typeahead-container/button/span/strong
12:32:38.763 [main] INFO  com.billhub.qa.base.TestBase - Waiting for element invisibility: By.className: modal-container
12:33:28.042 [main] INFO  com.billhub.qa.base.TestBase - Waiting for element invisibility: By.className: modal-container
13:02:47.527 [main] INFO  com.billhub.qa.base.TestBase - Waiting for element invisibility: By.className: modal-container
13:03:02.612 [main] INFO  com.billhub.qa.base.TestBase - Waiting for web element to be clickable: [[ChromeDriver: chrome on windows (a43260a9180e3da63c856a17368c764d)] -> xpath: //button[@class='btn btn-primary ng-star-inserted']]
13:03:02.867 [main] INFO  com.billhub.qa.base.TestBase - Waiting for web element to be clickable: [[ChromeDriver: chrome on windows (a43260a9180e3da63c856a17368c764d)] -> xpath: //span[normalize-space()='Create Memo']]
13:03:07.117 [main] INFO  com.billhub.qa.base.TestBase - Waiting for element invisibility: By.className: modal-container
13:03:22.371 [main] INFO  com.billhub.qa.base.TestBase - Waiting for element invisibility: By.className: modal-container
13:03:38.127 [main] INFO  com.billhub.qa.base.TestBase - Waiting for element invisibility: By.className: modal-container
13:03:53.453 [main] INFO  com.billhub.qa.base.TestBase - Waiting for element invisibility: By.className: modal-container
13:04:08.496 [main] INFO  com.billhub.qa.base.TestBase - Waiting for web element to be clickable: [[ChromeDriver: chrome on windows (a43260a9180e3da63c856a17368c764d)] -> xpath: //button[normalize-space()='Done']]
13:04:08.642 [main] INFO  com.billhub.qa.base.TestBase - Waiting for element invisibility: By.className: modal-container
13:04:23.798 [main] INFO  com.billhub.qa.base.TestBase - Waiting for element invisibility: By.className: modal-container
13:04:39.010 [main] INFO  com.billhub.qa.base.TestBase - Waiting for element invisibility: By.className: modal-container
13:04:54.032 [main] INFO  com.billhub.qa.base.TestBase - Waiting for web element to be clickable: [[ChromeDriver: chrome on windows (a43260a9180e3da63c856a17368c764d)] -> xpath: /html/body/modal-container/div/div/app-add-po-popup/div[2]/div[2]/div[1]/table/tbody/tr[1]/td[1]/div/input]
13:04:54.528 [main] INFO  com.billhub.qa.base.TestBase - Waiting for web element to be clickable: [[ChromeDriver: chrome on windows (a43260a9180e3da63c856a17368c764d)] -> xpath: //button[normalize-space()='SAVE']]
13:04:55.333 [main] INFO  com.billhub.qa.base.TestBase - Waiting for element invisibility: By.className: modal-container
13:05:10.463 [main] INFO  com.billhub.qa.base.TestBase - Waiting for element invisibility: By.className: modal-container
13:05:25.666 [main] INFO  com.billhub.qa.base.TestBase - Waiting for element visibility: By.xpath: //button[@type='submit']
13:05:25.696 [main] INFO  com.billhub.qa.base.TestBase - Waiting for web element to be clickable: [[ChromeDriver: chrome on windows (a43260a9180e3da63c856a17368c764d)] -> xpath: //button[@type='submit']]
13:05:26.112 [main] INFO  com.billhub.qa.base.TestBase - Waiting for element visibility: By.xpath: /html/body/modal-container/div/div/app-memo-submit-confirm/div[3]/div/div[2]/button
13:05:26.674 [main] INFO  com.billhub.qa.base.TestBase - Waiting for web element to be clickable: [[ChromeDriver: chrome on windows (a43260a9180e3da63c856a17368c764d)] -> xpath: /html/body/modal-container/div/div/app-memo-submit-confirm/div[3]/div/div[2]/button]
13:05:26.735 [main] INFO  com.billhub.qa.base.TestBase - Waiting for element invisibility: By.className: modal-container
13:05:46.970 [main] INFO  com.billhub.qa.base.TestBase - Waiting for element invisibility: By.className: modal-container
13:06:02.229 [main] INFO  com.billhub.qa.base.TestBase - Waiting for element invisibility: By.className: modal-container
13:06:17.489 [main] INFO  com.billhub.qa.base.TestBase - Waiting for element invisibility: By.className: modal-container
13:06:32.724 [main] INFO  com.billhub.qa.base.TestBase - Waiting for element visibility: By.xpath: /html/body/app-root/app-layout/div[1]/main/div/div/app-dashboard/div/div[1]/div[2]/div/typeahead-container/button
13:06:33.307 [main] INFO  com.billhub.qa.base.TestBase - Waiting for element invisibility: By.className: modal-container
13:06:49.229 [main] INFO  com.billhub.qa.base.TestBase - Waiting for element invisibility: By.className: modal-container
13:07:04.269 [main] INFO  com.billhub.qa.base.TestBase - Waiting for web element to be clickable: [[ChromeDriver: chrome on windows (e09ec95b18d3991ec5166966250f0b75)] -> xpath: //button[@class='btn btn-link']]
13:07:04.404 [main] INFO  com.billhub.qa.base.TestBase - Waiting for web element to be clickable: [[ChromeDriver: chrome on windows (e09ec95b18d3991ec5166966250f0b75)] -> xpath: //span[normalize-space()='Dashboard']]
13:07:05.087 [main] INFO  com.billhub.qa.base.TestBase - Waiting for element invisibility: By.className: modal-container
13:07:20.607 [main] INFO  com.billhub.qa.base.TestBase - Waiting for element invisibility: By.className: modal-container
13:07:35.764 [main] INFO  com.billhub.qa.base.TestBase - Waiting for element visibility: By.xpath: /html/body/app-root/app-layout/div[1]/main/div/div/app-dashboard/div/div[1]/div[2]/div/typeahead-container/button
13:07:36.747 [main] INFO  com.billhub.qa.base.TestBase - Waiting for element invisibility: By.className: modal-container
13:07:51.873 [main] INFO  com.billhub.qa.base.TestBase - Waiting for element invisibility: By.className: modal-container
13:08:06.922 [main] INFO  com.billhub.qa.base.TestBase - Waiting for element invisibility: By.className: modal-container
13:08:22.303 [main] INFO  com.billhub.qa.base.TestBase - Waiting for element invisibility: By.className: modal-container
13:08:37.457 [main] INFO  com.billhub.qa.base.TestBase - Checking if success toast is displayed for message: Invoice verified and simulate successfully
13:08:52.477 [main] ERROR com.billhub.qa.base.TestBase - TimeoutException: Success toast not displayed for message - Invoice verified and simulate successfully
13:08:52.677 [main] INFO  com.billhub.qa.base.TestBase - Waiting for element invisibility: By.className: modal-container
13:39:51.862 [main] INFO  com.billhub.qa.base.TestBase - Waiting for element invisibility: By.className: modal-container
13:40:07.381 [main] INFO  com.billhub.qa.base.TestBase - Waiting for element invisibility: By.className: modal-container
13:41:25.429 [main] INFO  com.billhub.qa.base.TestBase - Waiting for element invisibility: By.className: modal-container
13:41:40.546 [main] INFO  com.billhub.qa.base.TestBase - Waiting for element invisibility: By.className: modal-container
13:41:55.931 [main] INFO  com.billhub.qa.base.TestBase - Waiting for element invisibility: By.className: modal-container
14:19:50.268 [main] INFO  com.billhub.qa.base.TestBase - Waiting for element invisibility: By.className: modal-container
14:20:05.309 [main] INFO  com.billhub.qa.base.TestBase - Waiting for web element to be clickable: [[ChromeDriver: chrome on windows (da20fc4dc5d7270a63b5631cbad3912e)] -> xpath: //button[@class='btn btn-primary ng-star-inserted']]
14:20:05.573 [main] INFO  com.billhub.qa.base.TestBase - Waiting for web element to be clickable: [[ChromeDriver: chrome on windows (da20fc4dc5d7270a63b5631cbad3912e)] -> xpath: //span[normalize-space()='Create Memo']]
14:20:09.827 [main] INFO  com.billhub.qa.base.TestBase - Waiting for element invisibility: By.className: modal-container
14:20:25.096 [main] INFO  com.billhub.qa.base.TestBase - Waiting for element invisibility: By.className: modal-container
14:20:40.829 [main] INFO  com.billhub.qa.base.TestBase - Waiting for element invisibility: By.className: modal-container
14:20:56.141 [main] INFO  com.billhub.qa.base.TestBase - Waiting for element invisibility: By.className: modal-container
14:21:11.190 [main] INFO  com.billhub.qa.base.TestBase - Waiting for web element to be clickable: [[ChromeDriver: chrome on windows (da20fc4dc5d7270a63b5631cbad3912e)] -> xpath: //button[normalize-space()='Done']]
14:21:11.314 [main] INFO  com.billhub.qa.base.TestBase - Waiting for element invisibility: By.className: modal-container
