17:47:38.743 [main] INFO  com.billhub.qa.base.TestBase - Waiting for element invisibility: By.className: modal-container
17:47:53.801 [main] INFO  com.billhub.qa.base.TestBase - Waiting for web element to be clickable: [[ChromeDriver: chrome on windows (9718aed9439590a68dc6bc4931c0ebf7)] -> xpath: /html/body/modal-container/div/div/app-add-po-popup/div[2]/div[2]/div[1]/table/tbody/tr[3]/td[1]/div/input]
17:47:53.962 [main] INFO  com.billhub.qa.base.TestBase - Waiting for element invisibility: By.className: modal-container
17:48:09.026 [main] INFO  com.billhub.qa.base.TestBase - Waiting for element visibility: By.cssSelector: .btn.btn-warning.btn-acknowledge
17:48:13.424 [main] INFO  com.billhub.qa.base.TestBase - Waiting for web element to be clickable: [[ChromeDriver: chrome on windows (9718aed9439590a68dc6bc4931c0ebf7)] -> css selector: .btn.btn-warning.btn-acknowledge]
17:48:13.526 [main] INFO  com.billhub.qa.base.TestBase - Waiting for element invisibility: By.className: modal-container
17:50:42.786 [main] ERROR com.billhub.qa.base.TestBase - FileNotFoundException: C:\Users\nisha\eclipse-workspace\BillHubTest\src\main\java\com\billhub\qa\testdata\10005176_template_for_po_based_with_single_invoice.xlsx (The process cannot access the file because it is being used by another process)
17:50:43.326 [main] ERROR com.billhub.qa.base.TestBase - FileNotFoundException: C:\Users\nisha\eclipse-workspace\BillHubTest\src\main\java\com\billhub\qa\testdata\10005176_template_for_po_based_with_single_invoice.xlsx (The process cannot access the file because it is being used by another process)
17:50:43.776 [main] ERROR com.billhub.qa.base.TestBase - FileNotFoundException: C:\Users\nisha\eclipse-workspace\BillHubTest\src\main\java\com\billhub\qa\testdata\10005176_template_for_po_based_with_single_invoice.xlsx (The process cannot access the file because it is being used by another process)
17:50:44.176 [main] ERROR com.billhub.qa.base.TestBase - FileNotFoundException: C:\Users\nisha\eclipse-workspace\BillHubTest\src\main\java\com\billhub\qa\testdata\10005176_template_for_po_based_with_single_invoice.xlsx (The process cannot access the file because it is being used by another process)
17:50:44.581 [main] ERROR com.billhub.qa.base.TestBase - FileNotFoundException: C:\Users\nisha\eclipse-workspace\BillHubTest\src\main\java\com\billhub\qa\testdata\10005176_template_for_po_based_with_single_invoice.xlsx (The process cannot access the file because it is being used by another process)
17:50:44.886 [main] INFO  com.billhub.qa.base.TestBase - Waiting for element invisibility: By.className: modal-container
17:51:18.649 [main] INFO  com.billhub.qa.base.TestBase - Waiting for element invisibility: By.className: modal-container
17:51:33.738 [main] INFO  com.billhub.qa.base.TestBase - Waiting for web element to be clickable: [[ChromeDriver: chrome on windows (1783c75b3ebae3e4448b5c335fcff481)] -> xpath: //button[@class='btn btn-primary ng-star-inserted']]
17:51:34.066 [main] INFO  com.billhub.qa.base.TestBase - Waiting for web element to be clickable: [[ChromeDriver: chrome on windows (1783c75b3ebae3e4448b5c335fcff481)] -> xpath: //span[normalize-space()='Create Memo']]
17:51:34.971 [main] INFO  com.billhub.qa.base.TestBase - Waiting for element invisibility: By.className: modal-container
17:51:50.051 [main] INFO  com.billhub.qa.base.TestBase - Waiting for web element to be clickable: [[ChromeDriver: chrome on windows (1783c75b3ebae3e4448b5c335fcff481)] -> xpath: /html/body/modal-container/div/div/app-add-po-popup/div[2]/div[2]/div[1]/table/tbody/tr[3]/td[1]/div/input]
17:51:50.229 [main] INFO  com.billhub.qa.base.TestBase - Waiting for element invisibility: By.className: modal-container
17:52:05.311 [main] INFO  com.billhub.qa.base.TestBase - Waiting for element visibility: By.cssSelector: .btn.btn-warning.btn-acknowledge
17:52:09.603 [main] INFO  com.billhub.qa.base.TestBase - Waiting for web element to be clickable: [[ChromeDriver: chrome on windows (1783c75b3ebae3e4448b5c335fcff481)] -> css selector: .btn.btn-warning.btn-acknowledge]
17:52:09.695 [main] INFO  com.billhub.qa.base.TestBase - Waiting for element invisibility: By.className: modal-container
17:54:55.544 [main] ERROR com.billhub.qa.base.TestBase - FileNotFoundException: C:\Users\nisha\eclipse-workspace\BillHubTest\src\main\java\com\billhub\qa\testdata\10005176_template_for_po_based_with_single_invoice.xlsx (The process cannot access the file because it is being used by another process)
17:54:56.141 [main] ERROR com.billhub.qa.base.TestBase - FileNotFoundException: C:\Users\nisha\eclipse-workspace\BillHubTest\src\main\java\com\billhub\qa\testdata\10005176_template_for_po_based_with_single_invoice.xlsx (The process cannot access the file because it is being used by another process)
17:54:56.599 [main] ERROR com.billhub.qa.base.TestBase - FileNotFoundException: C:\Users\nisha\eclipse-workspace\BillHubTest\src\main\java\com\billhub\qa\testdata\10005176_template_for_po_based_with_single_invoice.xlsx (The process cannot access the file because it is being used by another process)
17:54:56.987 [main] ERROR com.billhub.qa.base.TestBase - FileNotFoundException: C:\Users\nisha\eclipse-workspace\BillHubTest\src\main\java\com\billhub\qa\testdata\10005176_template_for_po_based_with_single_invoice.xlsx (The process cannot access the file because it is being used by another process)
17:54:57.406 [main] ERROR com.billhub.qa.base.TestBase - FileNotFoundException: C:\Users\nisha\eclipse-workspace\BillHubTest\src\main\java\com\billhub\qa\testdata\10005176_template_for_po_based_with_single_invoice.xlsx (The process cannot access the file because it is being used by another process)
17:54:57.722 [main] INFO  com.billhub.qa.base.TestBase - Waiting for element invisibility: By.className: modal-container
17:55:12.780 [main] INFO  com.billhub.qa.base.TestBase - Waiting for web element to be clickable: [[ChromeDriver: chrome on windows (13c3b5637942251dead13bafcd0717cb)] -> xpath: //button[@class='btn btn-primary ng-star-inserted']]
17:55:13.130 [main] INFO  com.billhub.qa.base.TestBase - Waiting for web element to be clickable: [[ChromeDriver: chrome on windows (13c3b5637942251dead13bafcd0717cb)] -> xpath: //span[normalize-space()='Create Memo']]
17:55:14.022 [main] INFO  com.billhub.qa.base.TestBase - Waiting for element invisibility: By.className: modal-container
17:55:29.071 [main] INFO  com.billhub.qa.base.TestBase - Waiting for web element to be clickable: [[ChromeDriver: chrome on windows (13c3b5637942251dead13bafcd0717cb)] -> xpath: /html/body/modal-container/div/div/app-add-po-popup/div[2]/div[2]/div[1]/table/tbody/tr[3]/td[1]/div/input]
17:55:29.242 [main] INFO  com.billhub.qa.base.TestBase - Waiting for element invisibility: By.className: modal-container
17:55:44.328 [main] INFO  com.billhub.qa.base.TestBase - Waiting for element visibility: By.cssSelector: .btn.btn-warning.btn-acknowledge
17:55:48.647 [main] INFO  com.billhub.qa.base.TestBase - Waiting for web element to be clickable: [[ChromeDriver: chrome on windows (13c3b5637942251dead13bafcd0717cb)] -> css selector: .btn.btn-warning.btn-acknowledge]
17:55:48.744 [main] INFO  com.billhub.qa.base.TestBase - Waiting for element invisibility: By.className: modal-container
17:57:22.223 [main] INFO  com.billhub.qa.base.TestBase - Waiting for element invisibility: By.className: modal-container
17:57:37.291 [main] INFO  com.billhub.qa.base.TestBase - Waiting for web element to be clickable: [[ChromeDriver: chrome on windows (b554b6f6dfac84699e302439b82b6e5a)] -> xpath: //button[@class='btn btn-primary ng-star-inserted']]
17:57:37.598 [main] INFO  com.billhub.qa.base.TestBase - Waiting for web element to be clickable: [[ChromeDriver: chrome on windows (b554b6f6dfac84699e302439b82b6e5a)] -> xpath: //span[normalize-space()='Create Memo']]
17:57:38.485 [main] INFO  com.billhub.qa.base.TestBase - Waiting for element invisibility: By.className: modal-container
17:57:53.551 [main] INFO  com.billhub.qa.base.TestBase - Waiting for web element to be clickable: [[ChromeDriver: chrome on windows (b554b6f6dfac84699e302439b82b6e5a)] -> xpath: /html/body/modal-container/div/div/app-add-po-popup/div[2]/div[2]/div[1]/table/tbody/tr[3]/td[1]/div/input]
17:57:53.715 [main] INFO  com.billhub.qa.base.TestBase - Waiting for element invisibility: By.className: modal-container
17:58:08.780 [main] INFO  com.billhub.qa.base.TestBase - Waiting for element visibility: By.cssSelector: .btn.btn-warning.btn-acknowledge
17:58:13.146 [main] INFO  com.billhub.qa.base.TestBase - Waiting for web element to be clickable: [[ChromeDriver: chrome on windows (b554b6f6dfac84699e302439b82b6e5a)] -> css selector: .btn.btn-warning.btn-acknowledge]
17:58:13.236 [main] INFO  com.billhub.qa.base.TestBase - Waiting for element invisibility: By.className: modal-container
17:59:52.662 [main] INFO  com.billhub.qa.base.TestBase - Waiting for element invisibility: By.className: modal-container
18:00:07.712 [main] INFO  com.billhub.qa.base.TestBase - Waiting for web element to be clickable: [[ChromeDriver: chrome on windows (7fe2391d8ef59d64fd1385e1fc0651bc)] -> xpath: //button[@class='btn btn-primary ng-star-inserted']]
18:00:08.032 [main] INFO  com.billhub.qa.base.TestBase - Waiting for web element to be clickable: [[ChromeDriver: chrome on windows (7fe2391d8ef59d64fd1385e1fc0651bc)] -> xpath: //span[normalize-space()='Create Memo']]
18:00:08.913 [main] INFO  com.billhub.qa.base.TestBase - Waiting for element invisibility: By.className: modal-container
18:00:23.950 [main] INFO  com.billhub.qa.base.TestBase - Waiting for web element to be clickable: [[ChromeDriver: chrome on windows (7fe2391d8ef59d64fd1385e1fc0651bc)] -> xpath: /html/body/modal-container/div/div/app-add-po-popup/div[2]/div[2]/div[1]/table/tbody/tr[3]/td[1]/div/input]
18:00:24.113 [main] INFO  com.billhub.qa.base.TestBase - Waiting for element invisibility: By.className: modal-container
18:00:39.171 [main] INFO  com.billhub.qa.base.TestBase - Waiting for element visibility: By.cssSelector: .btn.btn-warning.btn-acknowledge
18:00:43.484 [main] INFO  com.billhub.qa.base.TestBase - Waiting for web element to be clickable: [[ChromeDriver: chrome on windows (7fe2391d8ef59d64fd1385e1fc0651bc)] -> css selector: .btn.btn-warning.btn-acknowledge]
