19:25:00.028 [main] INFO  com.billhub.qa.base.TestBase - Waiting for element invisibility: By.className: modal-container
19:25:20.157 [main] INFO  com.billhub.qa.base.TestBase - Waiting for element invisibility: By.className: loader
19:25:20.211 [main] INFO  com.billhub.qa.base.TestBase - Waiting for web element to be clickable: [[ChromeDriver: chrome on windows (76d4e7876ea7dcc01bd079155f0394ee)] -> xpath: //button[@class='btn btn-link']]
19:25:20.339 [main] INFO  com.billhub.qa.base.TestBase - Waiting for web element to be clickable: [[ChromeDriver: chrome on windows (76d4e7876ea7dcc01bd079155f0394ee)] -> xpath: //*[@id="sidebar"]/div[1]/perfect-scrollbar/div/div[1]/div[2]/ul/li[3]/a]
19:25:20.478 [main] INFO  com.billhub.qa.base.TestBase - Waiting for web element to be clickable: [[ChromeDriver: chrome on windows (76d4e7876ea7dcc01bd079155f0394ee)] -> xpath: //*[@id="sidebar"]/div[1]/perfect-scrollbar/div/div[1]/div[2]/ul/li[3]/div/ul/li[4]/a]
19:25:21.122 [main] INFO  com.billhub.qa.base.TestBase - Waiting for element invisibility: By.className: loader
19:25:22.245 [main] INFO  com.billhub.qa.base.TestBase - Waiting for web element to be clickable: [[ChromeDriver: chrome on windows (76d4e7876ea7dcc01bd079155f0394ee)] -> xpath: //*[@id="ngb-typeahead-0-0"]]
19:25:22.342 [main] INFO  com.billhub.qa.base.TestBase - Waiting for element invisibility: By.className: loader
19:25:22.988 [main] INFO  com.billhub.qa.base.TestBase - Waiting for element invisibility: By.className: loader
19:25:23.151 [main] INFO  com.billhub.qa.base.TestBase - Waiting for web element to be clickable: [[ChromeDriver: chrome on windows (76d4e7876ea7dcc01bd079155f0394ee)] -> xpath: //*[@id="main"]/main/div/div/create-payment-request/div/div/div[5]/div/table/tbody/tr/td[1]/div/input]
19:25:23.315 [main] INFO  com.billhub.qa.base.TestBase - Waiting for element invisibility: By.className: loader
19:25:23.394 [main] INFO  com.billhub.qa.base.TestBase - Checking if success toast is displayed for message: Create Payment Request
19:25:24.485 [main] INFO  com.billhub.qa.base.TestBase - Waiting for element invisibility: By.className: loader
19:25:24.521 [main] INFO  com.billhub.qa.base.TestBase - Waiting for web element to be clickable: [[ChromeDriver: chrome on windows (76d4e7876ea7dcc01bd079155f0394ee)] -> xpath: //span[normalize-space()='Dashboard']]
19:25:24.696 [main] INFO  com.billhub.qa.base.TestBase - Waiting for element invisibility: By.className: loader
19:25:26.017 [main] INFO  com.billhub.qa.base.TestBase - Waiting for element invisibility: By.className: loader
19:25:26.643 [main] INFO  com.billhub.qa.base.TestBase - Waiting for element visibility: By.xpath: /html/body/modal-container/div/div/app-invoice-info-popup/div[2]/div[2]/div[1]/div/div[3]/div[2]/table/tbody/tr/td[2]
19:25:27.159 [main] INFO  com.billhub.qa.base.TestBase - Waiting for element invisibility: By.className: loader
19:25:27.197 [main] INFO  com.billhub.qa.base.TestBase - Waiting for web element to be clickable: [[ChromeDriver: chrome on windows (76d4e7876ea7dcc01bd079155f0394ee)] -> xpath: //*[@id="sidebar"]/div[1]/perfect-scrollbar/div/div[1]/div[2]/ul/li[3]/a]
19:25:27.313 [main] INFO  com.billhub.qa.base.TestBase - Waiting for web element to be clickable: [[ChromeDriver: chrome on windows (76d4e7876ea7dcc01bd079155f0394ee)] -> xpath: //*[@id="sidebar"]/div[1]/perfect-scrollbar/div/div[1]/div[2]/ul/li[3]/div/ul/li[5]/a]
19:25:27.971 [main] INFO  com.billhub.qa.base.TestBase - Waiting for element invisibility: By.className: loader
19:25:28.626 [main] INFO  com.billhub.qa.base.TestBase - Waiting for element invisibility: By.className: loader
19:25:49.797 [main] INFO  com.billhub.qa.base.TestBase - Waiting for web element to be clickable: Proxy element for: DefaultElementLocator 'By.xpath: //*[@id="ngb-typeahead-0-0"]'
19:28:47.419 [main] INFO  com.billhub.qa.base.TestBase - Waiting for element invisibility: By.className: modal-container
19:29:07.464 [main] INFO  com.billhub.qa.base.TestBase - Waiting for element invisibility: By.className: loader-overlay
19:29:07.522 [main] INFO  com.billhub.qa.base.TestBase - Waiting for web element to be clickable: [[ChromeDriver: chrome on windows (4e5b74c87baf995acd99c741370e1e6c)] -> xpath: //*[@id="main"]/main/div/div/app-dashboard/div/div[1]/div[2]/button[2]]
19:29:08.137 [main] INFO  com.billhub.qa.base.TestBase - Waiting for web element to be clickable: [[ChromeDriver: chrome on windows (4e5b74c87baf995acd99c741370e1e6c)] -> xpath: //span[normalize-space()='Create Memo']]
19:29:10.851 [main] INFO  com.billhub.qa.base.TestBase - Waiting for element invisibility: By.className: loader
19:29:11.613 [main] INFO  com.billhub.qa.base.TestBase - Waiting for element invisibility: By.className: loader
19:29:12.307 [main] INFO  com.billhub.qa.base.TestBase - Waiting for element invisibility: By.className: loader
19:29:12.574 [main] INFO  com.billhub.qa.base.TestBase - Waiting for element invisibility: By.className: loader
19:29:13.676 [main] INFO  com.billhub.qa.base.TestBase - Waiting for web element to be clickable: [[ChromeDriver: chrome on windows (4e5b74c87baf995acd99c741370e1e6c)] -> xpath: //button[normalize-space()='Done']]
19:29:13.773 [main] INFO  com.billhub.qa.base.TestBase - Waiting for element invisibility: By.className: loader
19:29:14.574 [main] INFO  com.billhub.qa.base.TestBase - Waiting for element invisibility: By.className: loader
19:29:15.298 [main] INFO  com.billhub.qa.base.TestBase - Waiting for element invisibility: By.className: loader
19:29:15.871 [main] INFO  com.billhub.qa.base.TestBase - Waiting for web element to be clickable: [[ChromeDriver: chrome on windows (4e5b74c87baf995acd99c741370e1e6c)] -> xpath: /html/body/modal-container/div/div/app-add-po-popup/div[2]/div[2]/div[1]/table/tbody/tr[1]/td[1]/div/input]
19:29:16.324 [main] INFO  com.billhub.qa.base.TestBase - Waiting for web element to be clickable: [[ChromeDriver: chrome on windows (4e5b74c87baf995acd99c741370e1e6c)] -> xpath: //button[normalize-space()='SAVE']]
19:29:17.123 [main] INFO  com.billhub.qa.base.TestBase - Waiting for element invisibility: By.className: loader
19:29:18.287 [main] INFO  com.billhub.qa.base.TestBase - Waiting for element invisibility: By.className: loader
19:29:18.914 [main] INFO  com.billhub.qa.base.TestBase - Waiting for element invisibility: By.className: loader
19:29:18.934 [main] INFO  com.billhub.qa.base.TestBase - Waiting for toast to disappear
19:29:22.182 [main] INFO  com.billhub.qa.base.TestBase - Waiting for web element to be clickable: [[ChromeDriver: chrome on windows (4e5b74c87baf995acd99c741370e1e6c)] -> xpath: //*[@id="main"]/main/div/div/app-create-memo/div/div/div[2]/div/form/div/div[6]/button]
19:29:22.284 [main] INFO  com.billhub.qa.base.TestBase - Waiting for element invisibility: By.className: loader
19:29:23.381 [main] INFO  com.billhub.qa.base.TestBase - Waiting for element visibility: By.xpath: //button[@type='submit']
19:29:23.410 [main] INFO  com.billhub.qa.base.TestBase - Waiting for web element to be clickable: [[ChromeDriver: chrome on windows (4e5b74c87baf995acd99c741370e1e6c)] -> xpath: //button[@type='submit']]
19:29:23.479 [main] INFO  com.billhub.qa.base.TestBase - Waiting for element visibility: By.xpath: /html/body/modal-container/div/div/app-memo-submit-confirm/div[3]/div/div[2]/button
19:29:24.045 [main] INFO  com.billhub.qa.base.TestBase - Waiting for web element to be clickable: [[ChromeDriver: chrome on windows (4e5b74c87baf995acd99c741370e1e6c)] -> xpath: /html/body/modal-container/div/div/app-memo-submit-confirm/div[3]/div/div[2]/button]
19:29:24.104 [main] INFO  com.billhub.qa.base.TestBase - Waiting for element invisibility: By.className: loader
19:29:30.933 [main] INFO  com.billhub.qa.base.TestBase - Waiting for element invisibility: By.className: modal-container
19:29:50.966 [main] INFO  com.billhub.qa.base.TestBase - Waiting for element invisibility: By.className: loader
19:29:51.278 [main] INFO  com.billhub.qa.base.TestBase - Waiting for element invisibility: By.className: loader
19:29:52.553 [main] INFO  com.billhub.qa.base.TestBase - Waiting for element visibility: By.xpath: /html/body/app-root/app-layout/div[1]/main/div/div/app-dashboard/div/div[1]/div[2]/div/typeahead-container/button
19:29:53.126 [main] INFO  com.billhub.qa.base.TestBase - Waiting for element invisibility: By.className: loader
19:29:54.986 [main] INFO  com.billhub.qa.base.TestBase - Waiting for element invisibility: By.className: loader
19:29:55.026 [main] INFO  com.billhub.qa.base.TestBase - Waiting for web element to be clickable: [[ChromeDriver: chrome on windows (c5b8a017a74ba2f0a271b32ce4271110)] -> xpath: //button[@class='btn btn-link']]
19:29:55.773 [main] INFO  com.billhub.qa.base.TestBase - Waiting for web element to be clickable: [[ChromeDriver: chrome on windows (c5b8a017a74ba2f0a271b32ce4271110)] -> xpath: //span[normalize-space()='Dashboard']]
19:29:56.434 [main] INFO  com.billhub.qa.base.TestBase - Waiting for element invisibility: By.className: loader
19:29:58.380 [main] INFO  com.billhub.qa.base.TestBase - Waiting for element invisibility: By.className: loader
19:29:58.515 [main] INFO  com.billhub.qa.base.TestBase - Waiting for element visibility: By.xpath: /html/body/app-root/app-layout/div[1]/main/div/div/app-dashboard/div/div[1]/div[2]/div/typeahead-container/button
19:29:59.098 [main] INFO  com.billhub.qa.base.TestBase - Waiting for element invisibility: By.className: loader
19:29:59.730 [main] INFO  com.billhub.qa.base.TestBase - Waiting for element invisibility: By.className: loader
19:30:01.369 [main] INFO  com.billhub.qa.base.TestBase - Waiting for element invisibility: By.className: loader
19:30:01.698 [main] INFO  com.billhub.qa.base.TestBase - Waiting for element invisibility: By.className: loader
19:30:01.835 [main] INFO  com.billhub.qa.base.TestBase - Checking if success toast is displayed for message: Invoice verified and simulate successfully
19:30:03.294 [main] INFO  com.billhub.qa.base.TestBase - Waiting for element invisibility: By.className: loader
19:30:03.867 [main] INFO  com.billhub.qa.base.TestBase - Waiting for web element to be clickable: [[ChromeDriver: chrome on windows (c5b8a017a74ba2f0a271b32ce4271110)] -> xpath: //span[normalize-space()='Dashboard']]
