15:07:32.194 [main] ERROR com.billhub.qa.base.TestBase - FileNotFoundException: C:\Development\BillHubTestAutomation\src\main\java\com\billhub\qa\testdata\BillHubTestdata.xlsx (The process cannot access the file because it is being used by another process)
15:07:32.330 [main] ERROR com.billhub.qa.base.TestBase - FileNotFoundException: C:\Development\BillHubTestAutomation\src\main\java\com\billhub\qa\testdata\BillHubTestdata.xlsx (The process cannot access the file because it is being used by another process)
15:07:32.446 [main] ERROR com.billhub.qa.base.TestBase - FileNotFoundException: C:\Development\BillHubTestAutomation\src\main\java\com\billhub\qa\testdata\BillHubTestdata.xlsx (The process cannot access the file because it is being used by another process)
15:07:32.552 [main] ERROR com.billhub.qa.base.TestBase - FileNotFoundException: C:\Development\BillHubTestAutomation\src\main\java\com\billhub\qa\testdata\BillHubTestdata.xlsx (The process cannot access the file because it is being used by another process)
15:07:32.667 [main] ERROR com.billhub.qa.base.TestBase - FileNotFoundException: C:\Development\BillHubTestAutomation\src\main\java\com\billhub\qa\testdata\BillHubTestdata.xlsx (The process cannot access the file because it is being used by another process)
15:07:32.776 [main] ERROR com.billhub.qa.base.TestBase - FileNotFoundException: C:\Development\BillHubTestAutomation\src\main\java\com\billhub\qa\testdata\BillHubTestdata.xlsx (The process cannot access the file because it is being used by another process)
15:07:32.883 [main] ERROR com.billhub.qa.base.TestBase - FileNotFoundException: C:\Development\BillHubTestAutomation\src\main\java\com\billhub\qa\testdata\BillHubTestdata.xlsx (The process cannot access the file because it is being used by another process)
15:07:32.984 [main] ERROR com.billhub.qa.base.TestBase - FileNotFoundException: C:\Development\BillHubTestAutomation\src\main\java\com\billhub\qa\testdata\BillHubTestdata.xlsx (The process cannot access the file because it is being used by another process)
15:07:33.087 [main] ERROR com.billhub.qa.base.TestBase - FileNotFoundException: C:\Development\BillHubTestAutomation\src\main\java\com\billhub\qa\testdata\BillHubTestdata.xlsx (The process cannot access the file because it is being used by another process)
15:07:33.179 [main] ERROR com.billhub.qa.base.TestBase - FileNotFoundException: C:\Development\BillHubTestAutomation\src\main\java\com\billhub\qa\testdata\BillHubTestdata.xlsx (The process cannot access the file because it is being used by another process)
15:07:33.274 [main] ERROR com.billhub.qa.base.TestBase - FileNotFoundException: C:\Development\BillHubTestAutomation\src\main\java\com\billhub\qa\testdata\BillHubTestdata.xlsx (The process cannot access the file because it is being used by another process)
15:07:33.374 [main] ERROR com.billhub.qa.base.TestBase - FileNotFoundException: C:\Development\BillHubTestAutomation\src\main\java\com\billhub\qa\testdata\BillHubTestdata.xlsx (The process cannot access the file because it is being used by another process)
15:07:33.468 [main] ERROR com.billhub.qa.base.TestBase - FileNotFoundException: C:\Development\BillHubTestAutomation\src\main\java\com\billhub\qa\testdata\BillHubTestdata.xlsx (The process cannot access the file because it is being used by another process)
15:07:33.570 [main] ERROR com.billhub.qa.base.TestBase - FileNotFoundException: C:\Development\BillHubTestAutomation\src\main\java\com\billhub\qa\testdata\BillHubTestdata.xlsx (The process cannot access the file because it is being used by another process)
15:07:33.661 [main] ERROR com.billhub.qa.base.TestBase - FileNotFoundException: C:\Development\BillHubTestAutomation\src\main\java\com\billhub\qa\testdata\BillHubTestdata.xlsx (The process cannot access the file because it is being used by another process)
15:07:33.761 [main] ERROR com.billhub.qa.base.TestBase - FileNotFoundException: C:\Development\BillHubTestAutomation\src\main\java\com\billhub\qa\testdata\BillHubTestdata.xlsx (The process cannot access the file because it is being used by another process)
15:07:33.865 [main] ERROR com.billhub.qa.base.TestBase - FileNotFoundException: C:\Development\BillHubTestAutomation\src\main\java\com\billhub\qa\testdata\BillHubTestdata.xlsx (The process cannot access the file because it is being used by another process)
15:07:33.959 [main] ERROR com.billhub.qa.base.TestBase - FileNotFoundException: C:\Development\BillHubTestAutomation\src\main\java\com\billhub\qa\testdata\BillHubTestdata.xlsx (The process cannot access the file because it is being used by another process)
15:07:34.047 [main] ERROR com.billhub.qa.base.TestBase - FileNotFoundException: C:\Development\BillHubTestAutomation\src\main\java\com\billhub\qa\testdata\BillHubTestdata.xlsx (The process cannot access the file because it is being used by another process)
15:07:34.147 [main] ERROR com.billhub.qa.base.TestBase - FileNotFoundException: C:\Development\BillHubTestAutomation\src\main\java\com\billhub\qa\testdata\BillHubTestdata.xlsx (The process cannot access the file because it is being used by another process)
15:07:34.231 [main] ERROR com.billhub.qa.base.TestBase - FileNotFoundException: C:\Development\BillHubTestAutomation\src\main\java\com\billhub\qa\testdata\BillHubTestdata.xlsx (The process cannot access the file because it is being used by another process)
15:07:34.364 [main] INFO  com.billhub.qa.base.TestBase - Waiting for element invisibility: By.className: modal-container
15:07:49.895 [main] INFO  com.billhub.qa.base.TestBase - Waiting for element invisibility: By.className: modal-container
15:08:06.830 [main] INFO  com.billhub.qa.base.TestBase - Waiting for element invisibility: By.className: modal-container
15:08:21.924 [main] INFO  com.billhub.qa.base.TestBase - Waiting for web element to be clickable: [[ChromeDriver: chrome on windows (f3d06eda6bb24806d6dbf2a6077ee4b9)] -> xpath: //button[normalize-space()='Done']]
15:08:23.202 [main] INFO  com.billhub.qa.base.TestBase - Waiting for element invisibility: By.className: modal-container
15:08:38.561 [main] INFO  com.billhub.qa.base.TestBase - Waiting for element invisibility: By.className: modal-container
15:08:53.868 [main] INFO  com.billhub.qa.base.TestBase - Waiting for element invisibility: By.className: modal-container
15:09:09.317 [main] INFO  com.billhub.qa.base.TestBase - Waiting for element invisibility: By.className: modal-container
15:09:39.420 [main] INFO  com.billhub.qa.base.TestBase - Waiting for web element to be clickable: Proxy element for: DefaultElementLocator 'By.xpath: //tbody/tr[1]/td[1]'
15:13:30.905 [main] INFO  com.billhub.qa.base.TestBase - Waiting for element invisibility: By.className: modal-container
15:13:46.088 [main] INFO  com.billhub.qa.base.TestBase - Waiting for web element to be clickable: [[ChromeDriver: chrome on windows (1ba6f5aecd7ebe01086fcd006e3d2caa)] -> xpath: //button[@class='btn btn-primary ng-star-inserted']]
15:13:46.680 [main] INFO  com.billhub.qa.base.TestBase - Waiting for web element to be clickable: [[ChromeDriver: chrome on windows (1ba6f5aecd7ebe01086fcd006e3d2caa)] -> xpath: //span[normalize-space()='Create Memo']]
15:13:48.690 [main] ERROR com.billhub.qa.base.TestBase - FileNotFoundException: C:\Development\BillHubTestAutomation\src\main\java\com\billhub\qa\testdata\BillHubTestdata.xlsx (The process cannot access the file because it is being used by another process)
15:13:48.940 [main] ERROR com.billhub.qa.base.TestBase - FileNotFoundException: C:\Development\BillHubTestAutomation\src\main\java\com\billhub\qa\testdata\BillHubTestdata.xlsx (The process cannot access the file because it is being used by another process)
15:13:49.143 [main] ERROR com.billhub.qa.base.TestBase - FileNotFoundException: C:\Development\BillHubTestAutomation\src\main\java\com\billhub\qa\testdata\BillHubTestdata.xlsx (The process cannot access the file because it is being used by another process)
15:13:49.343 [main] ERROR com.billhub.qa.base.TestBase - FileNotFoundException: C:\Development\BillHubTestAutomation\src\main\java\com\billhub\qa\testdata\BillHubTestdata.xlsx (The process cannot access the file because it is being used by another process)
15:13:49.513 [main] ERROR com.billhub.qa.base.TestBase - FileNotFoundException: C:\Development\BillHubTestAutomation\src\main\java\com\billhub\qa\testdata\BillHubTestdata.xlsx (The process cannot access the file because it is being used by another process)
15:13:49.684 [main] ERROR com.billhub.qa.base.TestBase - FileNotFoundException: C:\Development\BillHubTestAutomation\src\main\java\com\billhub\qa\testdata\BillHubTestdata.xlsx (The process cannot access the file because it is being used by another process)
15:13:49.820 [main] ERROR com.billhub.qa.base.TestBase - FileNotFoundException: C:\Development\BillHubTestAutomation\src\main\java\com\billhub\qa\testdata\BillHubTestdata.xlsx (The process cannot access the file because it is being used by another process)
15:13:49.962 [main] ERROR com.billhub.qa.base.TestBase - FileNotFoundException: C:\Development\BillHubTestAutomation\src\main\java\com\billhub\qa\testdata\BillHubTestdata.xlsx (The process cannot access the file because it is being used by another process)
15:13:50.116 [main] ERROR com.billhub.qa.base.TestBase - FileNotFoundException: C:\Development\BillHubTestAutomation\src\main\java\com\billhub\qa\testdata\BillHubTestdata.xlsx (The process cannot access the file because it is being used by another process)
15:13:50.261 [main] ERROR com.billhub.qa.base.TestBase - FileNotFoundException: C:\Development\BillHubTestAutomation\src\main\java\com\billhub\qa\testdata\BillHubTestdata.xlsx (The process cannot access the file because it is being used by another process)
15:13:50.400 [main] ERROR com.billhub.qa.base.TestBase - FileNotFoundException: C:\Development\BillHubTestAutomation\src\main\java\com\billhub\qa\testdata\BillHubTestdata.xlsx (The process cannot access the file because it is being used by another process)
15:13:50.534 [main] ERROR com.billhub.qa.base.TestBase - FileNotFoundException: C:\Development\BillHubTestAutomation\src\main\java\com\billhub\qa\testdata\BillHubTestdata.xlsx (The process cannot access the file because it is being used by another process)
