10:48:44.353 [main] INFO  com.billhub.qa.base.TestBase - Waiting for element invisibility: By.className: modal-container
10:48:59.477 [main] INFO  com.billhub.qa.base.TestBase - Waiting for web element to be clickable: [[ChromeDriver: chrome on windows (871ef501d136e657e338030f50e9ca07)] -> xpath: //button[@class='btn btn-primary ng-star-inserted']]
10:48:59.904 [main] INFO  com.billhub.qa.base.TestBase - Waiting for web element to be clickable: [[ChromeDriver: chrome on windows (871ef501d136e657e338030f50e9ca07)] -> xpath: //span[normalize-space()='Create Memo']]
10:49:01.584 [main] INFO  com.billhub.qa.base.TestBase - Waiting for element invisibility: By.className: modal-container
10:49:16.845 [main] INFO  com.billhub.qa.base.TestBase - Waiting for element invisibility: By.className: modal-container
10:50:51.439 [main] INFO  com.billhub.qa.base.TestBase - Waiting for element invisibility: By.className: modal-container
10:51:06.557 [main] INFO  com.billhub.qa.base.TestBase - Waiting for web element to be clickable: [[ChromeDriver: chrome on windows (a4bf42d9b03796001f87c9f9a62431a7)] -> xpath: //button[@class='btn btn-primary ng-star-inserted']]
10:51:07.257 [main] INFO  com.billhub.qa.base.TestBase - Waiting for web element to be clickable: [[ChromeDriver: chrome on windows (a4bf42d9b03796001f87c9f9a62431a7)] -> xpath: //span[normalize-space()='Create Memo']]
10:51:09.125 [main] INFO  com.billhub.qa.base.TestBase - Waiting for element invisibility: By.className: modal-container
10:51:24.258 [main] INFO  com.billhub.qa.base.TestBase - Waiting for element invisibility: By.className: modal-container
10:51:39.536 [main] INFO  com.billhub.qa.base.TestBase - Waiting for element invisibility: By.className: modal-container
10:52:31.336 [main] INFO  com.billhub.qa.base.TestBase - Waiting for element invisibility: By.className: modal-container
10:52:46.436 [main] INFO  com.billhub.qa.base.TestBase - Waiting for web element to be clickable: [[ChromeDriver: chrome on windows (cf732d781e247d831485b8cd1cbc00b6)] -> xpath: //button[@class='btn btn-primary ng-star-inserted']]
10:52:46.989 [main] INFO  com.billhub.qa.base.TestBase - Waiting for web element to be clickable: [[ChromeDriver: chrome on windows (cf732d781e247d831485b8cd1cbc00b6)] -> xpath: //span[normalize-space()='Create Memo']]
10:52:48.431 [main] INFO  com.billhub.qa.base.TestBase - Waiting for element invisibility: By.className: modal-container
10:53:03.762 [main] INFO  com.billhub.qa.base.TestBase - Waiting for element invisibility: By.className: modal-container
10:53:19.036 [main] INFO  com.billhub.qa.base.TestBase - Waiting for element invisibility: By.className: modal-container
10:53:34.704 [main] INFO  com.billhub.qa.base.TestBase - Waiting for element invisibility: By.className: modal-container
10:53:57.705 [main] INFO  com.billhub.qa.base.TestBase - Waiting for element invisibility: By.className: modal-container
10:54:14.390 [main] INFO  com.billhub.qa.base.TestBase - Waiting for web element to be clickable: [[ChromeDriver: chrome on windows (cda54b476131f16805cd08c7ff2896c6)] -> xpath: //button[@class='btn btn-primary ng-star-inserted']]
10:54:45.506 [main] INFO  com.billhub.qa.base.TestBase - Waiting for element invisibility: By.className: modal-container
10:55:00.647 [main] INFO  com.billhub.qa.base.TestBase - Waiting for web element to be clickable: [[ChromeDriver: chrome on windows (95a9ae488a45e34f4b0c7583334d066c)] -> xpath: //button[@class='btn btn-primary ng-star-inserted']]
10:55:01.272 [main] INFO  com.billhub.qa.base.TestBase - Waiting for web element to be clickable: [[ChromeDriver: chrome on windows (95a9ae488a45e34f4b0c7583334d066c)] -> xpath: //span[normalize-space()='Create Memo']]
10:55:02.528 [main] INFO  com.billhub.qa.base.TestBase - Waiting for element invisibility: By.className: modal-container
10:55:17.831 [main] INFO  com.billhub.qa.base.TestBase - Waiting for element invisibility: By.className: modal-container
10:55:33.182 [main] INFO  com.billhub.qa.base.TestBase - Waiting for element invisibility: By.className: modal-container
10:55:48.797 [main] INFO  com.billhub.qa.base.TestBase - Waiting for element invisibility: By.className: modal-container
10:56:03.879 [main] INFO  com.billhub.qa.base.TestBase - Waiting for web element to be clickable: [[ChromeDriver: chrome on windows (95a9ae488a45e34f4b0c7583334d066c)] -> xpath: //body[1]/modal-container[1]/div[1]/div[1]/app-add-lr-popup[1]/div[2]/div[2]/div[1]/table[1]/tbody[1]/tr[1]/td[1]]
10:56:04.373 [main] INFO  com.billhub.qa.base.TestBase - Waiting for element invisibility: By.className: modal-container
10:56:19.574 [main] INFO  com.billhub.qa.base.TestBase - Waiting for element visibility: By.cssSelector: .btn.btn-warning.btn-acknowledge
10:56:19.788 [main] INFO  com.billhub.qa.base.TestBase - Waiting for web element to be clickable: [[ChromeDriver: chrome on windows (95a9ae488a45e34f4b0c7583334d066c)] -> css selector: .btn.btn-warning.btn-acknowledge]
10:56:20.068 [main] INFO  com.billhub.qa.base.TestBase - Waiting for element invisibility: By.className: modal-container
10:57:20.647 [main] INFO  com.billhub.qa.base.TestBase - Waiting for element invisibility: By.className: modal-container
10:57:41.397 [main] INFO  com.billhub.qa.base.TestBase - Waiting for element invisibility: By.className: modal-container
10:57:56.536 [main] INFO  com.billhub.qa.base.TestBase - Waiting for web element to be clickable: [[ChromeDriver: chrome on windows (95a9ae488a45e34f4b0c7583334d066c)] -> xpath: //button[normalize-space()='Done']]
10:57:56.935 [main] INFO  com.billhub.qa.base.TestBase - Waiting for web element to be clickable: [[ChromeDriver: chrome on windows (95a9ae488a45e34f4b0c7583334d066c)] -> xpath: //button[normalize-space()='SAVE']]
10:57:57.723 [main] INFO  com.billhub.qa.base.TestBase - Waiting for element invisibility: By.className: modal-container
10:58:13.086 [main] INFO  com.billhub.qa.base.TestBase - Waiting for element invisibility: By.className: modal-container
10:58:30.803 [main] INFO  com.billhub.qa.base.TestBase - Waiting for element invisibility: By.className: modal-container
10:58:45.919 [main] INFO  com.billhub.qa.base.TestBase - Waiting for web element to be clickable: [[ChromeDriver: chrome on windows (95a9ae488a45e34f4b0c7583334d066c)] -> xpath: //button[@class='btn btn-primary ng-star-inserted']]
10:58:47.498 [main] INFO  com.billhub.qa.base.TestBase - Waiting for element invisibility: By.className: modal-container
10:59:02.590 [main] INFO  com.billhub.qa.base.TestBase - Waiting for web element to be clickable: [[ChromeDriver: chrome on windows (95a9ae488a45e34f4b0c7583334d066c)] -> xpath: //button[@class='btn btn-primary ng-star-inserted']]
11:04:07.863 [main] INFO  com.billhub.qa.base.TestBase - Waiting for element invisibility: By.className: modal-container
11:04:22.942 [main] INFO  com.billhub.qa.base.TestBase - Waiting for web element to be clickable: [[ChromeDriver: chrome on windows (50c68e31bce69b2bfce94f19ccb61163)] -> xpath: //button[@class='btn btn-primary ng-star-inserted']]
11:04:23.507 [main] INFO  com.billhub.qa.base.TestBase - Waiting for web element to be clickable: [[ChromeDriver: chrome on windows (50c68e31bce69b2bfce94f19ccb61163)] -> xpath: //span[normalize-space()='Create Memo']]
11:04:24.951 [main] INFO  com.billhub.qa.base.TestBase - Waiting for element invisibility: By.className: modal-container
11:05:11.321 [main] INFO  com.billhub.qa.base.TestBase - Waiting for element invisibility: By.className: modal-container
11:05:26.490 [main] INFO  com.billhub.qa.base.TestBase - Waiting for web element to be clickable: [[ChromeDriver: chrome on windows (d1201d960a71fcfd0591b2d64f003ba8)] -> xpath: //button[@class='btn btn-primary ng-star-inserted']]
11:05:27.141 [main] INFO  com.billhub.qa.base.TestBase - Waiting for web element to be clickable: [[ChromeDriver: chrome on windows (d1201d960a71fcfd0591b2d64f003ba8)] -> xpath: //span[normalize-space()='Create Memo']]
11:05:28.767 [main] INFO  com.billhub.qa.base.TestBase - Waiting for element invisibility: By.className: modal-container
11:05:44.130 [main] INFO  com.billhub.qa.base.TestBase - Waiting for element invisibility: By.className: modal-container
11:05:59.512 [main] INFO  com.billhub.qa.base.TestBase - Waiting for element invisibility: By.className: modal-container
11:06:15.225 [main] INFO  com.billhub.qa.base.TestBase - Waiting for element invisibility: By.className: modal-container
11:06:30.354 [main] INFO  com.billhub.qa.base.TestBase - Waiting for web element to be clickable: [[ChromeDriver: chrome on windows (d1201d960a71fcfd0591b2d64f003ba8)] -> xpath: //body[1]/modal-container[1]/div[1]/div[1]/app-add-lr-popup[1]/div[2]/div[2]/div[1]/table[1]/tbody[1]/tr[1]/td[1]]
11:06:30.922 [main] INFO  com.billhub.qa.base.TestBase - Waiting for element invisibility: By.className: modal-container
11:06:46.164 [main] INFO  com.billhub.qa.base.TestBase - Waiting for element visibility: By.cssSelector: .btn.btn-warning.btn-acknowledge
11:06:46.382 [main] INFO  com.billhub.qa.base.TestBase - Waiting for web element to be clickable: [[ChromeDriver: chrome on windows (d1201d960a71fcfd0591b2d64f003ba8)] -> css selector: .btn.btn-warning.btn-acknowledge]
11:06:46.608 [main] INFO  com.billhub.qa.base.TestBase - Waiting for element invisibility: By.className: modal-container
11:07:05.145 [main] INFO  com.billhub.qa.base.TestBase - Waiting for element invisibility: By.className: modal-container
11:07:20.999 [main] INFO  com.billhub.qa.base.TestBase - Waiting for element invisibility: By.className: modal-container
11:07:36.113 [main] INFO  com.billhub.qa.base.TestBase - Waiting for web element to be clickable: [[ChromeDriver: chrome on windows (d1201d960a71fcfd0591b2d64f003ba8)] -> xpath: //button[normalize-space()='Done']]
11:07:36.606 [main] INFO  com.billhub.qa.base.TestBase - Waiting for web element to be clickable: [[ChromeDriver: chrome on windows (d1201d960a71fcfd0591b2d64f003ba8)] -> xpath: //button[normalize-space()='SAVE']]
11:07:37.400 [main] INFO  com.billhub.qa.base.TestBase - Waiting for element invisibility: By.className: modal-container
11:07:52.764 [main] INFO  com.billhub.qa.base.TestBase - Waiting for element invisibility: By.className: modal-container
