14:23:27.384 [main] ERROR com.billhub.qa.base.TestBase - FileNotFoundException: C:\Users\SURAJ PATEL\OneDrive\Desktop\BillHubTestAutomation\src\main\java\com\billhub\qa\testdata\BillHubTestdata.xlsx (The process cannot access the file because it is being used by another process)
14:23:27.578 [main] ERROR com.billhub.qa.base.TestBase - FileNotFoundException: C:\Users\SURAJ PATEL\OneDrive\Desktop\BillHubTestAutomation\src\main\java\com\billhub\qa\testdata\BillHubTestdata.xlsx (The process cannot access the file because it is being used by another process)
14:23:27.737 [main] ERROR com.billhub.qa.base.TestBase - FileNotFoundException: C:\Users\SURAJ PATEL\OneDrive\Desktop\BillHubTestAutomation\src\main\java\com\billhub\qa\testdata\BillHubTestdata.xlsx (The process cannot access the file because it is being used by another process)
14:23:27.926 [main] ERROR com.billhub.qa.base.TestBase - FileNotFoundException: C:\Users\SURAJ PATEL\OneDrive\Desktop\BillHubTestAutomation\src\main\java\com\billhub\qa\testdata\BillHubTestdata.xlsx (The process cannot access the file because it is being used by another process)
14:23:28.065 [main] ERROR com.billhub.qa.base.TestBase - FileNotFoundException: C:\Users\SURAJ PATEL\OneDrive\Desktop\BillHubTestAutomation\src\main\java\com\billhub\qa\testdata\BillHubTestdata.xlsx (The process cannot access the file because it is being used by another process)
14:23:28.202 [main] ERROR com.billhub.qa.base.TestBase - FileNotFoundException: C:\Users\SURAJ PATEL\OneDrive\Desktop\BillHubTestAutomation\src\main\java\com\billhub\qa\testdata\BillHubTestdata.xlsx (The process cannot access the file because it is being used by another process)
14:23:28.319 [main] ERROR com.billhub.qa.base.TestBase - FileNotFoundException: C:\Users\SURAJ PATEL\OneDrive\Desktop\BillHubTestAutomation\src\main\java\com\billhub\qa\testdata\BillHubTestdata.xlsx (The process cannot access the file because it is being used by another process)
14:23:28.431 [main] ERROR com.billhub.qa.base.TestBase - FileNotFoundException: C:\Users\SURAJ PATEL\OneDrive\Desktop\BillHubTestAutomation\src\main\java\com\billhub\qa\testdata\BillHubTestdata.xlsx (The process cannot access the file because it is being used by another process)
14:23:28.552 [main] ERROR com.billhub.qa.base.TestBase - FileNotFoundException: C:\Users\SURAJ PATEL\OneDrive\Desktop\BillHubTestAutomation\src\main\java\com\billhub\qa\testdata\BillHubTestdata.xlsx (The process cannot access the file because it is being used by another process)
14:23:28.655 [main] ERROR com.billhub.qa.base.TestBase - FileNotFoundException: C:\Users\SURAJ PATEL\OneDrive\Desktop\BillHubTestAutomation\src\main\java\com\billhub\qa\testdata\BillHubTestdata.xlsx (The process cannot access the file because it is being used by another process)
14:23:28.771 [main] ERROR com.billhub.qa.base.TestBase - FileNotFoundException: C:\Users\SURAJ PATEL\OneDrive\Desktop\BillHubTestAutomation\src\main\java\com\billhub\qa\testdata\BillHubTestdata.xlsx (The process cannot access the file because it is being used by another process)
14:23:28.884 [main] ERROR com.billhub.qa.base.TestBase - FileNotFoundException: C:\Users\SURAJ PATEL\OneDrive\Desktop\BillHubTestAutomation\src\main\java\com\billhub\qa\testdata\BillHubTestdata.xlsx (The process cannot access the file because it is being used by another process)
14:23:28.990 [main] ERROR com.billhub.qa.base.TestBase - FileNotFoundException: C:\Users\SURAJ PATEL\OneDrive\Desktop\BillHubTestAutomation\src\main\java\com\billhub\qa\testdata\BillHubTestdata.xlsx (The process cannot access the file because it is being used by another process)
14:23:29.092 [main] ERROR com.billhub.qa.base.TestBase - FileNotFoundException: C:\Users\SURAJ PATEL\OneDrive\Desktop\BillHubTestAutomation\src\main\java\com\billhub\qa\testdata\BillHubTestdata.xlsx (The process cannot access the file because it is being used by another process)
14:23:29.194 [main] ERROR com.billhub.qa.base.TestBase - FileNotFoundException: C:\Users\SURAJ PATEL\OneDrive\Desktop\BillHubTestAutomation\src\main\java\com\billhub\qa\testdata\BillHubTestdata.xlsx (The process cannot access the file because it is being used by another process)
14:23:29.286 [main] ERROR com.billhub.qa.base.TestBase - FileNotFoundException: C:\Users\SURAJ PATEL\OneDrive\Desktop\BillHubTestAutomation\src\main\java\com\billhub\qa\testdata\BillHubTestdata.xlsx (The process cannot access the file because it is being used by another process)
14:23:29.374 [main] ERROR com.billhub.qa.base.TestBase - FileNotFoundException: C:\Users\SURAJ PATEL\OneDrive\Desktop\BillHubTestAutomation\src\main\java\com\billhub\qa\testdata\BillHubTestdata.xlsx (The process cannot access the file because it is being used by another process)
14:23:29.470 [main] ERROR com.billhub.qa.base.TestBase - FileNotFoundException: C:\Users\SURAJ PATEL\OneDrive\Desktop\BillHubTestAutomation\src\main\java\com\billhub\qa\testdata\BillHubTestdata.xlsx (The process cannot access the file because it is being used by another process)
14:23:29.555 [main] ERROR com.billhub.qa.base.TestBase - FileNotFoundException: C:\Users\SURAJ PATEL\OneDrive\Desktop\BillHubTestAutomation\src\main\java\com\billhub\qa\testdata\BillHubTestdata.xlsx (The process cannot access the file because it is being used by another process)
14:23:29.646 [main] ERROR com.billhub.qa.base.TestBase - FileNotFoundException: C:\Users\SURAJ PATEL\OneDrive\Desktop\BillHubTestAutomation\src\main\java\com\billhub\qa\testdata\BillHubTestdata.xlsx (The process cannot access the file because it is being used by another process)
14:23:29.735 [main] ERROR com.billhub.qa.base.TestBase - FileNotFoundException: C:\Users\SURAJ PATEL\OneDrive\Desktop\BillHubTestAutomation\src\main\java\com\billhub\qa\testdata\BillHubTestdata.xlsx (The process cannot access the file because it is being used by another process)
14:23:29.820 [main] ERROR com.billhub.qa.base.TestBase - FileNotFoundException: C:\Users\SURAJ PATEL\OneDrive\Desktop\BillHubTestAutomation\src\main\java\com\billhub\qa\testdata\BillHubTestdata.xlsx (The process cannot access the file because it is being used by another process)
14:23:29.906 [main] ERROR com.billhub.qa.base.TestBase - FileNotFoundException: C:\Users\SURAJ PATEL\OneDrive\Desktop\BillHubTestAutomation\src\main\java\com\billhub\qa\testdata\BillHubTestdata.xlsx (The process cannot access the file because it is being used by another process)
14:23:30.061 [main] INFO  com.billhub.qa.base.TestBase - Waiting for element invisibility: By.className: modal-container
14:23:45.097 [main] INFO  com.billhub.qa.base.TestBase - Waiting for element invisibility: By.className: modal-container
14:24:00.793 [main] INFO  com.billhub.qa.base.TestBase - Waiting for element invisibility: By.className: modal-container
14:24:16.952 [main] INFO  com.billhub.qa.base.TestBase - Waiting for element invisibility: By.className: modal-container
14:24:32.568 [main] INFO  com.billhub.qa.base.TestBase - Waiting for element invisibility: By.className: modal-container
14:24:47.678 [main] INFO  com.billhub.qa.base.TestBase - Waiting for web element to be clickable: [[ChromeDriver: chrome on windows (7ab3d6535776df4e8958b94f3f602b3a)] -> xpath: //button[normalize-space()='Done']]
14:24:48.026 [main] INFO  com.billhub.qa.base.TestBase - Waiting for element invisibility: By.className: modal-container
14:25:03.168 [main] INFO  com.billhub.qa.base.TestBase - Waiting for element invisibility: By.className: modal-container
14:27:46.786 [main] INFO  com.billhub.qa.base.TestBase - Waiting for element invisibility: By.className: modal-container
14:28:01.900 [main] INFO  com.billhub.qa.base.TestBase - Waiting for web element to be clickable: [[ChromeDriver: chrome on windows (d3c3d3f7f478844a1ac0efbb041247da)] -> xpath: //button[@class='btn btn-primary ng-star-inserted']]
14:28:02.391 [main] INFO  com.billhub.qa.base.TestBase - Waiting for web element to be clickable: [[ChromeDriver: chrome on windows (d3c3d3f7f478844a1ac0efbb041247da)] -> xpath: //span[normalize-space()='Create Memo']]
14:28:08.832 [main] INFO  com.billhub.qa.base.TestBase - Waiting for element invisibility: By.className: modal-container
14:28:23.894 [main] INFO  com.billhub.qa.base.TestBase - Waiting for element invisibility: By.className: modal-container
14:28:39.569 [main] INFO  com.billhub.qa.base.TestBase - Waiting for element invisibility: By.className: modal-container
14:28:55.616 [main] INFO  com.billhub.qa.base.TestBase - Waiting for element invisibility: By.className: modal-container
14:29:11.178 [main] INFO  com.billhub.qa.base.TestBase - Waiting for element invisibility: By.className: modal-container
14:29:26.264 [main] INFO  com.billhub.qa.base.TestBase - Waiting for web element to be clickable: [[ChromeDriver: chrome on windows (d3c3d3f7f478844a1ac0efbb041247da)] -> xpath: //button[normalize-space()='Done']]
14:29:26.651 [main] INFO  com.billhub.qa.base.TestBase - Waiting for element invisibility: By.className: modal-container
14:29:41.954 [main] INFO  com.billhub.qa.base.TestBase - Waiting for element invisibility: By.className: modal-container
14:33:26.809 [main] INFO  com.billhub.qa.base.TestBase - Waiting for element invisibility: By.className: modal-container
14:33:41.937 [main] INFO  com.billhub.qa.base.TestBase - Waiting for web element to be clickable: [[ChromeDriver: chrome on windows (529bf7fbf488a191222a6a429c5e1e08)] -> xpath: //button[@class='btn btn-primary ng-star-inserted']]
14:33:42.638 [main] INFO  com.billhub.qa.base.TestBase - Waiting for web element to be clickable: [[ChromeDriver: chrome on windows (529bf7fbf488a191222a6a429c5e1e08)] -> xpath: //span[normalize-space()='Create Memo']]
14:33:48.931 [main] INFO  com.billhub.qa.base.TestBase - Waiting for element invisibility: By.className: modal-container
14:34:04.005 [main] INFO  com.billhub.qa.base.TestBase - Waiting for element invisibility: By.className: modal-container
14:34:19.553 [main] INFO  com.billhub.qa.base.TestBase - Waiting for element invisibility: By.className: modal-container
14:34:36.266 [main] INFO  com.billhub.qa.base.TestBase - Waiting for element invisibility: By.className: modal-container
14:34:52.017 [main] INFO  com.billhub.qa.base.TestBase - Waiting for element invisibility: By.className: modal-container
