19:34:29.050 [main] INFO  com.billhub.qa.base.TestBase - Waiting for element invisibility: By.className: loader
19:34:29.830 [main] INFO  com.billhub.qa.base.TestBase - Waiting for element invisibility: By.className: loader
19:34:30.522 [main] INFO  com.billhub.qa.base.TestBase - Waiting for element invisibility: By.className: loader
19:34:30.784 [main] INFO  com.billhub.qa.base.TestBase - Waiting for element invisibility: By.className: loader
19:34:31.900 [main] INFO  com.billhub.qa.base.TestBase - Waiting for web element to be clickable: [[ChromeDriver: chrome on windows (625789b07f030c2489c3c21b83d30f04)] -> xpath: //button[normalize-space()='Done']]
19:34:32.000 [main] INFO  com.billhub.qa.base.TestBase - Waiting for element invisibility: By.className: loader
19:34:32.819 [main] INFO  com.billhub.qa.base.TestBase - Waiting for element invisibility: By.className: loader
19:34:33.538 [main] INFO  com.billhub.qa.base.TestBase - Waiting for element invisibility: By.className: loader
19:34:34.102 [main] INFO  com.billhub.qa.base.TestBase - Waiting for web element to be clickable: [[ChromeDriver: chrome on windows (625789b07f030c2489c3c21b83d30f04)] -> xpath: /html/body/modal-container/div/div/app-add-po-popup/div[2]/div[2]/div[1]/table/tbody/tr[1]/td[1]/div/input]
19:34:34.575 [main] INFO  com.billhub.qa.base.TestBase - Waiting for web element to be clickable: [[ChromeDriver: chrome on windows (625789b07f030c2489c3c21b83d30f04)] -> xpath: //button[normalize-space()='SAVE']]
19:34:35.391 [main] INFO  com.billhub.qa.base.TestBase - Waiting for element invisibility: By.className: loader
19:34:36.538 [main] INFO  com.billhub.qa.base.TestBase - Waiting for element invisibility: By.className: loader
19:34:37.172 [main] INFO  com.billhub.qa.base.TestBase - Waiting for element invisibility: By.className: loader
19:34:37.192 [main] INFO  com.billhub.qa.base.TestBase - Waiting for toast to disappear
19:34:40.429 [main] INFO  com.billhub.qa.base.TestBase - Waiting for web element to be clickable: [[ChromeDriver: chrome on windows (625789b07f030c2489c3c21b83d30f04)] -> xpath: //*[@id="main"]/main/div/div/app-create-memo/div/div/div[2]/div/form/div/div[6]/button]
19:34:40.537 [main] INFO  com.billhub.qa.base.TestBase - Waiting for element invisibility: By.className: loader
19:34:41.643 [main] INFO  com.billhub.qa.base.TestBase - Waiting for element visibility: By.xpath: //button[@type='submit']
19:34:41.670 [main] INFO  com.billhub.qa.base.TestBase - Waiting for web element to be clickable: [[ChromeDriver: chrome on windows (625789b07f030c2489c3c21b83d30f04)] -> xpath: //button[@type='submit']]
19:34:41.735 [main] INFO  com.billhub.qa.base.TestBase - Waiting for element visibility: By.xpath: /html/body/modal-container/div/div/app-memo-submit-confirm/div[3]/div/div[2]/button
19:34:42.300 [main] INFO  com.billhub.qa.base.TestBase - Waiting for web element to be clickable: [[ChromeDriver: chrome on windows (625789b07f030c2489c3c21b83d30f04)] -> xpath: /html/body/modal-container/div/div/app-memo-submit-confirm/div[3]/div/div[2]/button]
19:34:42.360 [main] INFO  com.billhub.qa.base.TestBase - Waiting for element invisibility: By.className: loader
19:34:48.662 [main] INFO  com.billhub.qa.base.TestBase - Waiting for element invisibility: By.className: modal-container
19:35:08.681 [main] INFO  com.billhub.qa.base.TestBase - Waiting for element invisibility: By.className: loader
19:35:08.989 [main] INFO  com.billhub.qa.base.TestBase - Waiting for element invisibility: By.className: loader
19:35:09.737 [main] INFO  com.billhub.qa.base.TestBase - Waiting for element visibility: By.xpath: /html/body/app-root/app-layout/div[1]/main/div/div/app-dashboard/div/div[1]/div[2]/div/typeahead-container/button
19:35:10.314 [main] INFO  com.billhub.qa.base.TestBase - Waiting for element invisibility: By.className: loader
19:35:12.350 [main] INFO  com.billhub.qa.base.TestBase - Waiting for element invisibility: By.className: loader
19:35:12.385 [main] INFO  com.billhub.qa.base.TestBase - Waiting for web element to be clickable: [[ChromeDriver: chrome on windows (4d62529e5e3a321675903837958f8669)] -> xpath: //button[@class='btn btn-link']]
19:35:13.184 [main] INFO  com.billhub.qa.base.TestBase - Waiting for web element to be clickable: [[ChromeDriver: chrome on windows (4d62529e5e3a321675903837958f8669)] -> xpath: //span[normalize-space()='Dashboard']]
19:35:13.841 [main] INFO  com.billhub.qa.base.TestBase - Waiting for element invisibility: By.className: loader
19:35:14.870 [main] INFO  com.billhub.qa.base.TestBase - Waiting for element invisibility: By.className: loader
19:35:15.022 [main] INFO  com.billhub.qa.base.TestBase - Waiting for element visibility: By.xpath: /html/body/app-root/app-layout/div[1]/main/div/div/app-dashboard/div/div[1]/div[2]/div/typeahead-container/button
19:35:15.597 [main] INFO  com.billhub.qa.base.TestBase - Waiting for element invisibility: By.className: loader
19:35:16.228 [main] INFO  com.billhub.qa.base.TestBase - Waiting for element invisibility: By.className: loader
19:35:17.878 [main] INFO  com.billhub.qa.base.TestBase - Waiting for element invisibility: By.className: loader
19:35:18.198 [main] INFO  com.billhub.qa.base.TestBase - Waiting for element invisibility: By.className: loader
19:35:18.350 [main] INFO  com.billhub.qa.base.TestBase - Checking if success toast is displayed for message: Invoice verified and simulate successfully
19:35:19.443 [main] INFO  com.billhub.qa.base.TestBase - Waiting for element invisibility: By.className: loader
19:35:20.012 [main] INFO  com.billhub.qa.base.TestBase - Waiting for web element to be clickable: [[ChromeDriver: chrome on windows (4d62529e5e3a321675903837958f8669)] -> xpath: //span[normalize-space()='Dashboard']]
19:35:20.129 [main] INFO  com.billhub.qa.base.TestBase - Waiting for element invisibility: By.className: loader
19:35:21.108 [main] INFO  com.billhub.qa.base.TestBase - Waiting for element invisibility: By.className: loader
19:35:21.142 [main] INFO  com.billhub.qa.base.TestBase - Waiting for web element to be clickable: [[ChromeDriver: chrome on windows (4d62529e5e3a321675903837958f8669)] -> xpath: //*[@id="sidebar"]/div[1]/perfect-scrollbar/div/div[1]/div[2]/ul/li[3]/a]
19:35:21.251 [main] INFO  com.billhub.qa.base.TestBase - Waiting for web element to be clickable: [[ChromeDriver: chrome on windows (4d62529e5e3a321675903837958f8669)] -> xpath: //a[normalize-space()='Approve invoice for Booking']]
19:35:21.666 [main] INFO  com.billhub.qa.base.TestBase - Waiting for element invisibility: By.className: loader
19:35:22.736 [main] INFO  com.billhub.qa.base.TestBase - Waiting for web element to be clickable: [[ChromeDriver: chrome on windows (4d62529e5e3a321675903837958f8669)] -> xpath: /html/body/modal-container/div/div/app-book-invoice-confirm/div[3]/div/div[2]/button]
19:35:24.198 [main] INFO  com.billhub.qa.base.TestBase - Waiting for element to be clickable: By.xpath: /html/body/modal-container/div/div/app-notify-dialog/div[1]/button
19:35:24.274 [main] INFO  com.billhub.qa.base.TestBase - Waiting for element invisibility: By.className: loader
19:35:24.311 [main] INFO  com.billhub.qa.base.TestBase - Waiting for web element to be clickable: [[ChromeDriver: chrome on windows (4d62529e5e3a321675903837958f8669)] -> xpath: //*[@id="sidebar"]/div[1]/perfect-scrollbar/div/div[1]/div[2]/ul/li[3]/a]
19:35:25.085 [main] INFO  com.billhub.qa.base.TestBase - Waiting for web element to be clickable: [[ChromeDriver: chrome on windows (4d62529e5e3a321675903837958f8669)] -> xpath: //a[normalize-space()='Review Invoice Posting']]
19:35:25.838 [main] INFO  com.billhub.qa.base.TestBase - Waiting for element visibility: By.xpath: /html/body/app-root/app-layout/div[1]/main/div/div/app-search-batch/div/div/div[1]/div[2]/div/div/typeahead-container/button/span/strong
19:35:26.406 [main] INFO  com.billhub.qa.base.TestBase - Waiting for element invisibility: By.className: loader
19:35:26.441 [main] INFO  com.billhub.qa.base.TestBase - Waiting for web element to be clickable: [[ChromeDriver: chrome on windows (4d62529e5e3a321675903837958f8669)] -> xpath: //span[normalize-space()='Dashboard']]
19:35:26.555 [main] INFO  com.billhub.qa.base.TestBase - Waiting for element invisibility: By.className: loader
19:35:27.298 [main] INFO  com.billhub.qa.base.TestBase - Waiting for element invisibility: By.className: loader
19:35:27.926 [main] INFO  com.billhub.qa.base.TestBase - Waiting for element visibility: By.xpath: /html/body/modal-container/div/div/app-invoice-info-popup/div[2]/div[1]/div/div/div[2]/div[3]/div[4]/div[2]
19:35:33.832 [main] INFO  com.billhub.qa.base.TestBase - Waiting for element invisibility: By.className: modal-container
19:35:53.937 [main] INFO  com.billhub.qa.base.TestBase - Waiting for element invisibility: By.className: loader
19:35:53.972 [main] INFO  com.billhub.qa.base.TestBase - Waiting for element invisibility: By.className: loader
19:35:54.084 [main] INFO  com.billhub.qa.base.TestBase - Waiting for element invisibility: By.className: loader
19:35:54.356 [main] INFO  com.billhub.qa.base.TestBase - Waiting for web element to be clickable: [[ChromeDriver: chrome on windows (a67503fa5600bc7dee5a452d0a49267e)] -> xpath: //*[@id="main"]/main/div/div/app-account/div/div/div[2]/div/div/div[1]/div/ul/li/form/div[1]/ngx-select-dropdown/div/div/ul[2]/li]
19:35:54.695 [main] INFO  com.billhub.qa.base.TestBase - Waiting for web element to be clickable: [[ChromeDriver: chrome on windows (a67503fa5600bc7dee5a452d0a49267e)] -> xpath: //*[@id="main"]/main/div/div/app-account/div/div/div[2]/div/div/div[1]/div/ul/li/form/div[3]/ngx-select-dropdown/div/div/ul[2]/li[1]]
19:35:54.985 [main] INFO  com.billhub.qa.base.TestBase - Waiting for element invisibility: By.className: loader
19:35:55.771 [main] INFO  com.billhub.qa.base.TestBase - Waiting for element invisibility: By.className: loader
19:35:55.853 [main] INFO  com.billhub.qa.base.TestBase - Checking if success toast is displayed for message: Invoice updated successfully
19:36:01.995 [main] INFO  com.billhub.qa.base.TestBase - Waiting for element invisibility: By.className: modal-container
19:36:22.115 [main] INFO  com.billhub.qa.base.TestBase - Waiting for element invisibility: By.className: loader
