15:24:59.189 [main] INFO  com.billhub.qa.base.TestBase - Waiting for element invisibility: By.className: loader-overlay
15:24:59.297 [main] INFO  com.billhub.qa.base.TestBase - Waiting for element invisibility: By.className: loader-overlay
15:24:59.886 [main] INFO  com.billhub.qa.base.TestBase - Waiting for element visibility: By.xpath: //*[@id="main"]/main/div/div/app-list-ba/div/div/div[3]/div/table/tbody/tr[1]/td[9]
15:24:59.931 [main] INFO  com.billhub.qa.base.TestBase - Waiting for element invisibility: By.className: loader-overlay
15:24:59.956 [main] INFO  com.billhub.qa.base.TestBase - Waiting for element invisibility: By.className: loader-overlay
15:25:00.154 [main] INFO  com.billhub.qa.base.TestBase - Waiting for element invisibility: By.className: loader-overlay
15:25:00.226 [main] INFO  com.billhub.qa.base.TestBase - Waiting for element invisibility: By.className: loader-overlay
15:25:00.814 [main] INFO  com.billhub.qa.base.TestBase - Waiting for element invisibility: By.className: loader-overlay
15:25:00.837 [main] INFO  com.billhub.qa.base.TestBase - Waiting for toast to disappear
15:25:00.933 [main] INFO  com.billhub.qa.base.TestBase - Waiting for element invisibility: By.className: loader-overlay
15:25:02.279 [main] INFO  com.billhub.qa.base.TestBase - Waiting for element invisibility: By.className: loader-overlay
15:25:02.355 [main] INFO  com.billhub.qa.base.TestBase - Checking if success toast is displayed for message: BA Data Added successfully
15:25:22.416 [main] ERROR com.billhub.qa.base.TestBase - TimeoutException: Success toast not displayed for message - BA Data Added successfully
15:25:22.495 [main] INFO  com.billhub.qa.base.TestBase - Waiting for element invisibility: By.className: loader-overlay
15:25:23.052 [main] INFO  com.billhub.qa.base.TestBase - Waiting for toast to disappear
15:25:23.281 [main] INFO  com.billhub.qa.base.TestBase - Waiting for element invisibility: By.className: loader-overlay
15:25:24.716 [main] INFO  com.billhub.qa.base.TestBase - Waiting for element invisibility: By.className: loader-overlay
15:25:24.791 [main] INFO  com.billhub.qa.base.TestBase - Checking if success toast is displayed for message: BA Data Added successfully
15:25:44.810 [main] ERROR com.billhub.qa.base.TestBase - TimeoutException: Success toast not displayed for message - BA Data Added successfully
15:25:44.912 [main] INFO  com.billhub.qa.base.TestBase - Waiting for element invisibility: By.className: loader-overlay
15:25:48.169 [main] INFO  com.billhub.qa.base.TestBase - Waiting for toast to disappear
15:25:48.259 [main] INFO  com.billhub.qa.base.TestBase - Waiting for element invisibility: By.className: loader-overlay
15:25:49.478 [main] INFO  com.billhub.qa.base.TestBase - Waiting for element invisibility: By.className: loader-overlay
15:25:49.549 [main] INFO  com.billhub.qa.base.TestBase - Checking if success toast is displayed for message: BA Data Added successfully
15:26:09.618 [main] ERROR com.billhub.qa.base.TestBase - TimeoutException: Success toast not displayed for message - BA Data Added successfully
15:26:09.691 [main] INFO  com.billhub.qa.base.TestBase - Waiting for element invisibility: By.className: loader-overlay
15:26:13.097 [main] INFO  com.billhub.qa.base.TestBase - Waiting for element invisibility: By.className: loader-overlay
15:26:13.179 [main] INFO  com.billhub.qa.base.TestBase - Waiting for element invisibility: By.className: loader-overlay
15:26:13.770 [main] INFO  com.billhub.qa.base.TestBase - Waiting for element invisibility: By.className: loader-overlay
15:26:13.971 [main] INFO  com.billhub.qa.base.TestBase - Waiting for element invisibility: By.className: loader-overlay
15:26:14.040 [main] INFO  com.billhub.qa.base.TestBase - Waiting for element invisibility: By.className: loader-overlay
15:26:14.627 [main] INFO  com.billhub.qa.base.TestBase - Waiting for element invisibility: By.className: loader-overlay
15:26:14.651 [main] INFO  com.billhub.qa.base.TestBase - Waiting for toast to disappear
15:26:14.678 [main] INFO  com.billhub.qa.base.TestBase - Waiting for element invisibility: By.className: loader-overlay
15:26:14.874 [main] INFO  com.billhub.qa.base.TestBase - Waiting for element invisibility: By.className: loader-overlay
15:26:14.942 [main] INFO  com.billhub.qa.base.TestBase - Waiting for element invisibility: By.className: loader-overlay
15:26:15.606 [main] INFO  com.billhub.qa.base.TestBase - Waiting for element visibility: By.cssSelector: div[class='card-body p-2'] div:nth-child(1) div:nth-child(2) input:nth-child(1)
15:26:16.175 [main] INFO  com.billhub.qa.base.TestBase - Waiting for element visibility: By.cssSelector: input[formcontrolname='contact_number']
15:26:16.413 [main] INFO  com.billhub.qa.base.TestBase - Waiting for element invisibility: By.className: loader-overlay
15:26:16.493 [main] INFO  com.billhub.qa.base.TestBase - Checking if success toast is displayed for message: BA Data Updated successfully
15:28:40.899 [main] INFO  com.billhub.qa.base.TestBase - Waiting for element invisibility: By.className: modal-container
15:29:00.958 [main] INFO  com.billhub.qa.base.TestBase - Waiting for web element to be clickable: [[ChromeDriver: chrome on windows (2029bd90ff58d417f0c1215dc01d2854)] -> xpath: //button[@class='btn btn-link']]
15:29:01.089 [main] INFO  com.billhub.qa.base.TestBase - Waiting for web element to be clickable: [[ChromeDriver: chrome on windows (2029bd90ff58d417f0c1215dc01d2854)] -> xpath: //span[normalize-space()='Master']]
15:29:01.905 [main] INFO  com.billhub.qa.base.TestBase - Waiting for web element to be clickable: [[ChromeDriver: chrome on windows (2029bd90ff58d417f0c1215dc01d2854)] -> link text: User]
15:29:04.281 [main] INFO  com.billhub.qa.base.TestBase - Waiting for element invisibility: By.className: loader-overlay
15:29:04.857 [main] INFO  com.billhub.qa.base.TestBase - Waiting for toast to disappear
15:29:04.966 [main] INFO  com.billhub.qa.base.TestBase - Waiting for element invisibility: By.className: loader-overlay
15:29:07.763 [main] INFO  com.billhub.qa.base.TestBase - Waiting for element visibility: By.cssSelector: button[class='btn btn-success']
15:29:07.833 [main] INFO  com.billhub.qa.base.TestBase - Waiting for element visibility: By.cssSelector: #Company_ID
15:29:07.862 [main] INFO  com.billhub.qa.base.TestBase - Waiting for element visibility: By.cssSelector: .dropdown-btn
15:29:07.932 [main] INFO  com.billhub.qa.base.TestBase - Waiting for element invisibility: By.className: loader-overlay
15:29:08.012 [main] INFO  com.billhub.qa.base.TestBase - Waiting for element to be clickable: By.cssSelector: li.multiselect-item-checkbox
15:29:08.184 [main] INFO  com.billhub.qa.base.TestBase - Waiting for element to be clickable: By.cssSelector: input[aria-label='Bangalore']
15:29:08.915 [main] INFO  com.billhub.qa.base.TestBase - Waiting for element invisibility: By.className: loader-overlay
15:29:09.012 [main] INFO  com.billhub.qa.base.TestBase - Checking if success toast is displayed for message: User Data Added successfully
15:29:09.253 [main] INFO  com.billhub.qa.base.TestBase - Waiting for element invisibility: By.className: loader-overlay
15:29:09.817 [main] INFO  com.billhub.qa.base.TestBase - Waiting for toast to disappear
15:29:12.579 [main] INFO  com.billhub.qa.base.TestBase - Waiting for element invisibility: By.className: loader-overlay
15:29:15.329 [main] INFO  com.billhub.qa.base.TestBase - Waiting for element invisibility: By.className: loader-overlay
15:29:15.426 [main] INFO  com.billhub.qa.base.TestBase - Waiting for element invisibility: By.className: loader-overlay
15:29:15.502 [main] INFO  com.billhub.qa.base.TestBase - Checking if success toast is displayed for message: User Data Added successfully
15:29:15.851 [main] INFO  com.billhub.qa.base.TestBase - Waiting for element invisibility: By.className: loader-overlay
15:29:16.410 [main] INFO  com.billhub.qa.base.TestBase - Waiting for element invisibility: By.className: loader-overlay
15:29:16.610 [main] INFO  com.billhub.qa.base.TestBase - Waiting for element invisibility: By.className: loader-overlay
15:29:16.691 [main] INFO  com.billhub.qa.base.TestBase - Waiting for element invisibility: By.className: loader-overlay
15:29:17.277 [main] INFO  com.billhub.qa.base.TestBase - Waiting for element visibility: By.xpath: //*[@id="main"]/main/div/div/app-list-user/div/div/div[3]/div/table/tbody/tr[1]/td[8]
15:29:17.319 [main] INFO  com.billhub.qa.base.TestBase - Waiting for element invisibility: By.className: loader-overlay
15:29:17.345 [main] INFO  com.billhub.qa.base.TestBase - Waiting for element invisibility: By.className: loader-overlay
15:29:17.530 [main] INFO  com.billhub.qa.base.TestBase - Waiting for element invisibility: By.className: loader-overlay
15:29:17.604 [main] INFO  com.billhub.qa.base.TestBase - Waiting for element invisibility: By.className: loader-overlay
15:29:18.188 [main] INFO  com.billhub.qa.base.TestBase - Waiting for element invisibility: By.className: loader-overlay
15:29:18.213 [main] INFO  com.billhub.qa.base.TestBase - Waiting for toast to disappear
15:29:19.377 [main] INFO  com.billhub.qa.base.TestBase - Waiting for element invisibility: By.className: loader-overlay
15:29:20.491 [main] INFO  com.billhub.qa.base.TestBase - Waiting for element invisibility: By.className: loader-overlay
15:29:21.634 [main] INFO  com.billhub.qa.base.TestBase - Checking if success toast is displayed for message: User Data Added successfully
15:29:41.653 [main] ERROR com.billhub.qa.base.TestBase - TimeoutException: Success toast not displayed for message - User Data Added successfully
15:29:41.767 [main] INFO  com.billhub.qa.base.TestBase - Waiting for toast to disappear
15:29:43.146 [main] INFO  com.billhub.qa.base.TestBase - Waiting for element invisibility: By.className: loader-overlay
15:29:43.698 [main] INFO  com.billhub.qa.base.TestBase - Waiting for toast to disappear
15:29:43.788 [main] INFO  com.billhub.qa.base.TestBase - Waiting for element invisibility: By.className: loader-overlay
15:29:45.829 [main] INFO  com.billhub.qa.base.TestBase - Waiting for element invisibility: By.className: loader-overlay
